[0.407s] Invoking command in '/media/ostifede02/F48A91EB8A91AB1E/Users/ostif/Documents/2dr_ws/build/deltarobot_interfaces': CMAKE_PREFIX_PATH=${CMAKE_PREFIX_PATH}:/home/ostifede02/Documents/deltarobot_ws/install/deltarobot:/opt/ros/humble /usr/bin/cmake --build /media/ostifede02/F48A91EB8A91AB1E/Users/ostif/Documents/2dr_ws/build/deltarobot_interfaces -- -j8 -l8
[0.475s] [  2%] Built target deltarobot_interfaces__cpp
[0.487s] [ 16%] Built target deltarobot_interfaces__rosidl_generator_c
[0.585s] [ 30%] Built target deltarobot_interfaces__rosidl_typesupport_c
[0.594s] [ 44%] Built target deltarobot_interfaces__rosidl_typesupport_introspection_c
[0.598s] [ 58%] Built target deltarobot_interfaces__rosidl_typesupport_cpp
[0.601s] [ 72%] Built target deltarobot_interfaces__rosidl_typesupport_introspection_cpp
[0.604s] [ 86%] Built target deltarobot_interfaces__rosidl_typesupport_fastrtps_cpp
[0.611s] [100%] Built target deltarobot_interfaces__rosidl_typesupport_fastrtps_c
[0.641s] [100%] Built target deltarobot_interfaces
[0.654s] Invoked command in '/media/ostifede02/F48A91EB8A91AB1E/Users/ostif/Documents/2dr_ws/build/deltarobot_interfaces' returned '0': CMAKE_PREFIX_PATH=${CMAKE_PREFIX_PATH}:/home/ostifede02/Documents/deltarobot_ws/install/deltarobot:/opt/ros/humble /usr/bin/cmake --build /media/ostifede02/F48A91EB8A91AB1E/Users/ostif/Documents/2dr_ws/build/deltarobot_interfaces -- -j8 -l8
[0.912s] Invoking command in '/media/ostifede02/F48A91EB8A91AB1E/Users/ostif/Documents/2dr_ws/build/deltarobot_interfaces': CMAKE_PREFIX_PATH=${CMAKE_PREFIX_PATH}:/home/ostifede02/Documents/deltarobot_ws/install/deltarobot:/opt/ros/humble /usr/bin/cmake --install /media/ostifede02/F48A91EB8A91AB1E/Users/ostif/Documents/2dr_ws/build/deltarobot_interfaces
[0.921s] -- Install configuration: ""
[0.922s] -- Up-to-date: /media/ostifede02/F48A91EB8A91AB1E/Users/ostif/Documents/2dr_ws/install/deltarobot_interfaces/share/ament_index/resource_index/rosidl_interfaces/deltarobot_interfaces
[0.923s] -- Up-to-date: /media/ostifede02/F48A91EB8A91AB1E/Users/ostif/Documents/2dr_ws/install/deltarobot_interfaces/include/deltarobot_interfaces/deltarobot_interfaces
[0.924s] -- Up-to-date: /media/ostifede02/F48A91EB8A91AB1E/Users/ostif/Documents/2dr_ws/install/deltarobot_interfaces/include/deltarobot_interfaces/deltarobot_interfaces/msg
[0.925s] -- Up-to-date: /media/ostifede02/F48A91EB8A91AB1E/Users/ostif/Documents/2dr_ws/install/deltarobot_interfaces/include/deltarobot_interfaces/deltarobot_interfaces/msg/detail
[0.926s] -- Up-to-date: /media/ostifede02/F48A91EB8A91AB1E/Users/ostif/Documents/2dr_ws/install/deltarobot_interfaces/include/deltarobot_interfaces/deltarobot_interfaces/msg/detail/set_points_vector__functions.c
[0.927s] -- Up-to-date: /media/ostifede02/F48A91EB8A91AB1E/Users/ostif/Documents/2dr_ws/install/deltarobot_interfaces/include/deltarobot_interfaces/deltarobot_interfaces/msg/detail/set_points_vector__functions.h
[0.928s] -- Up-to-date: /media/ostifede02/F48A91EB8A91AB1E/Users/ostif/Documents/2dr_ws/install/deltarobot_interfaces/include/deltarobot_interfaces/deltarobot_interfaces/msg/detail/set_points_vector__struct.h
[0.928s] -- Up-to-date: /media/ostifede02/F48A91EB8A91AB1E/Users/ostif/Documents/2dr_ws/install/deltarobot_interfaces/include/deltarobot_interfaces/deltarobot_interfaces/msg/detail/set_points_vector__type_support.h
[0.929s] -- Up-to-date: /media/ostifede02/F48A91EB8A91AB1E/Users/ostif/Documents/2dr_ws/install/deltarobot_interfaces/include/deltarobot_interfaces/deltarobot_interfaces/msg/detail/set_point__functions.c
[0.930s] -- Up-to-date: /media/ostifede02/F48A91EB8A91AB1E/Users/ostif/Documents/2dr_ws/install/deltarobot_interfaces/include/deltarobot_interfaces/deltarobot_interfaces/msg/detail/set_point__functions.h
[0.931s] -- Up-to-date: /media/ostifede02/F48A91EB8A91AB1E/Users/ostif/Documents/2dr_ws/install/deltarobot_interfaces/include/deltarobot_interfaces/deltarobot_interfaces/msg/detail/set_point__struct.h
[0.932s] -- Up-to-date: /media/ostifede02/F48A91EB8A91AB1E/Users/ostif/Documents/2dr_ws/install/deltarobot_interfaces/include/deltarobot_interfaces/deltarobot_interfaces/msg/detail/set_point__type_support.h
[0.933s] -- Up-to-date: /media/ostifede02/F48A91EB8A91AB1E/Users/ostif/Documents/2dr_ws/install/deltarobot_interfaces/include/deltarobot_interfaces/deltarobot_interfaces/msg/detail/trajectory_task__functions.c
[0.934s] -- Up-to-date: /media/ostifede02/F48A91EB8A91AB1E/Users/ostif/Documents/2dr_ws/install/deltarobot_interfaces/include/deltarobot_interfaces/deltarobot_interfaces/msg/detail/trajectory_task__functions.h
[0.935s] -- Up-to-date: /media/ostifede02/F48A91EB8A91AB1E/Users/ostif/Documents/2dr_ws/install/deltarobot_interfaces/include/deltarobot_interfaces/deltarobot_interfaces/msg/detail/trajectory_task__struct.h
[0.935s] -- Up-to-date: /media/ostifede02/F48A91EB8A91AB1E/Users/ostif/Documents/2dr_ws/install/deltarobot_interfaces/include/deltarobot_interfaces/deltarobot_interfaces/msg/detail/trajectory_task__type_support.h
[0.936s] -- Up-to-date: /media/ostifede02/F48A91EB8A91AB1E/Users/ostif/Documents/2dr_ws/install/deltarobot_interfaces/include/deltarobot_interfaces/deltarobot_interfaces/msg/rosidl_generator_c__visibility_control.h
[0.937s] -- Up-to-date: /media/ostifede02/F48A91EB8A91AB1E/Users/ostif/Documents/2dr_ws/install/deltarobot_interfaces/include/deltarobot_interfaces/deltarobot_interfaces/msg/set_point.h
[0.938s] -- Up-to-date: /media/ostifede02/F48A91EB8A91AB1E/Users/ostif/Documents/2dr_ws/install/deltarobot_interfaces/include/deltarobot_interfaces/deltarobot_interfaces/msg/set_points_vector.h
[0.939s] -- Up-to-date: /media/ostifede02/F48A91EB8A91AB1E/Users/ostif/Documents/2dr_ws/install/deltarobot_interfaces/include/deltarobot_interfaces/deltarobot_interfaces/msg/trajectory_task.h
[0.939s] -- Up-to-date: /media/ostifede02/F48A91EB8A91AB1E/Users/ostif/Documents/2dr_ws/install/deltarobot_interfaces/share/deltarobot_interfaces/environment/library_path.sh
[0.940s] -- Up-to-date: /media/ostifede02/F48A91EB8A91AB1E/Users/ostif/Documents/2dr_ws/install/deltarobot_interfaces/share/deltarobot_interfaces/environment/library_path.dsv
[0.942s] -- Up-to-date: /media/ostifede02/F48A91EB8A91AB1E/Users/ostif/Documents/2dr_ws/install/deltarobot_interfaces/lib/libdeltarobot_interfaces__rosidl_generator_c.so
[0.944s] -- Up-to-date: /media/ostifede02/F48A91EB8A91AB1E/Users/ostif/Documents/2dr_ws/install/deltarobot_interfaces/include/deltarobot_interfaces/deltarobot_interfaces
[0.945s] -- Up-to-date: /media/ostifede02/F48A91EB8A91AB1E/Users/ostif/Documents/2dr_ws/install/deltarobot_interfaces/include/deltarobot_interfaces/deltarobot_interfaces/msg
[0.946s] -- Up-to-date: /media/ostifede02/F48A91EB8A91AB1E/Users/ostif/Documents/2dr_ws/install/deltarobot_interfaces/include/deltarobot_interfaces/deltarobot_interfaces/msg/detail
[0.947s] -- Up-to-date: /media/ostifede02/F48A91EB8A91AB1E/Users/ostif/Documents/2dr_ws/install/deltarobot_interfaces/include/deltarobot_interfaces/deltarobot_interfaces/msg/detail/set_points_vector__rosidl_typesupport_fastrtps_c.h
[0.947s] -- Up-to-date: /media/ostifede02/F48A91EB8A91AB1E/Users/ostif/Documents/2dr_ws/install/deltarobot_interfaces/include/deltarobot_interfaces/deltarobot_interfaces/msg/detail/set_point__rosidl_typesupport_fastrtps_c.h
[0.948s] -- Up-to-date: /media/ostifede02/F48A91EB8A91AB1E/Users/ostif/Documents/2dr_ws/install/deltarobot_interfaces/include/deltarobot_interfaces/deltarobot_interfaces/msg/detail/trajectory_task__rosidl_typesupport_fastrtps_c.h
[0.949s] -- Up-to-date: /media/ostifede02/F48A91EB8A91AB1E/Users/ostif/Documents/2dr_ws/install/deltarobot_interfaces/include/deltarobot_interfaces/deltarobot_interfaces/msg/rosidl_typesupport_fastrtps_c__visibility_control.h
[0.950s] -- Up-to-date: /media/ostifede02/F48A91EB8A91AB1E/Users/ostif/Documents/2dr_ws/install/deltarobot_interfaces/lib/libdeltarobot_interfaces__rosidl_typesupport_fastrtps_c.so
[0.951s] -- Up-to-date: /media/ostifede02/F48A91EB8A91AB1E/Users/ostif/Documents/2dr_ws/install/deltarobot_interfaces/include/deltarobot_interfaces/deltarobot_interfaces
[0.952s] -- Up-to-date: /media/ostifede02/F48A91EB8A91AB1E/Users/ostif/Documents/2dr_ws/install/deltarobot_interfaces/include/deltarobot_interfaces/deltarobot_interfaces/msg
[0.953s] -- Up-to-date: /media/ostifede02/F48A91EB8A91AB1E/Users/ostif/Documents/2dr_ws/install/deltarobot_interfaces/include/deltarobot_interfaces/deltarobot_interfaces/msg/detail
[0.954s] -- Up-to-date: /media/ostifede02/F48A91EB8A91AB1E/Users/ostif/Documents/2dr_ws/install/deltarobot_interfaces/include/deltarobot_interfaces/deltarobot_interfaces/msg/detail/set_points_vector__builder.hpp
[0.954s] -- Up-to-date: /media/ostifede02/F48A91EB8A91AB1E/Users/ostif/Documents/2dr_ws/install/deltarobot_interfaces/include/deltarobot_interfaces/deltarobot_interfaces/msg/detail/set_points_vector__struct.hpp
[0.955s] -- Up-to-date: /media/ostifede02/F48A91EB8A91AB1E/Users/ostif/Documents/2dr_ws/install/deltarobot_interfaces/include/deltarobot_interfaces/deltarobot_interfaces/msg/detail/set_points_vector__traits.hpp
[0.956s] -- Up-to-date: /media/ostifede02/F48A91EB8A91AB1E/Users/ostif/Documents/2dr_ws/install/deltarobot_interfaces/include/deltarobot_interfaces/deltarobot_interfaces/msg/detail/set_point__builder.hpp
[0.956s] -- Up-to-date: /media/ostifede02/F48A91EB8A91AB1E/Users/ostif/Documents/2dr_ws/install/deltarobot_interfaces/include/deltarobot_interfaces/deltarobot_interfaces/msg/detail/set_point__struct.hpp
[0.957s] -- Up-to-date: /media/ostifede02/F48A91EB8A91AB1E/Users/ostif/Documents/2dr_ws/install/deltarobot_interfaces/include/deltarobot_interfaces/deltarobot_interfaces/msg/detail/set_point__traits.hpp
[0.958s] -- Up-to-date: /media/ostifede02/F48A91EB8A91AB1E/Users/ostif/Documents/2dr_ws/install/deltarobot_interfaces/include/deltarobot_interfaces/deltarobot_interfaces/msg/detail/trajectory_task__builder.hpp
[0.959s] -- Up-to-date: /media/ostifede02/F48A91EB8A91AB1E/Users/ostif/Documents/2dr_ws/install/deltarobot_interfaces/include/deltarobot_interfaces/deltarobot_interfaces/msg/detail/trajectory_task__struct.hpp
[0.959s] -- Up-to-date: /media/ostifede02/F48A91EB8A91AB1E/Users/ostif/Documents/2dr_ws/install/deltarobot_interfaces/include/deltarobot_interfaces/deltarobot_interfaces/msg/detail/trajectory_task__traits.hpp
[0.960s] -- Up-to-date: /media/ostifede02/F48A91EB8A91AB1E/Users/ostif/Documents/2dr_ws/install/deltarobot_interfaces/include/deltarobot_interfaces/deltarobot_interfaces/msg/set_point.hpp
[0.961s] -- Up-to-date: /media/ostifede02/F48A91EB8A91AB1E/Users/ostif/Documents/2dr_ws/install/deltarobot_interfaces/include/deltarobot_interfaces/deltarobot_interfaces/msg/set_points_vector.hpp
[0.961s] -- Up-to-date: /media/ostifede02/F48A91EB8A91AB1E/Users/ostif/Documents/2dr_ws/install/deltarobot_interfaces/include/deltarobot_interfaces/deltarobot_interfaces/msg/trajectory_task.hpp
[0.962s] -- Up-to-date: /media/ostifede02/F48A91EB8A91AB1E/Users/ostif/Documents/2dr_ws/install/deltarobot_interfaces/include/deltarobot_interfaces/deltarobot_interfaces
[0.963s] -- Up-to-date: /media/ostifede02/F48A91EB8A91AB1E/Users/ostif/Documents/2dr_ws/install/deltarobot_interfaces/include/deltarobot_interfaces/deltarobot_interfaces/msg
[0.963s] -- Up-to-date: /media/ostifede02/F48A91EB8A91AB1E/Users/ostif/Documents/2dr_ws/install/deltarobot_interfaces/include/deltarobot_interfaces/deltarobot_interfaces/msg/detail
[0.964s] -- Up-to-date: /media/ostifede02/F48A91EB8A91AB1E/Users/ostif/Documents/2dr_ws/install/deltarobot_interfaces/include/deltarobot_interfaces/deltarobot_interfaces/msg/detail/dds_fastrtps
[0.965s] -- Up-to-date: /media/ostifede02/F48A91EB8A91AB1E/Users/ostif/Documents/2dr_ws/install/deltarobot_interfaces/include/deltarobot_interfaces/deltarobot_interfaces/msg/detail/set_points_vector__rosidl_typesupport_fastrtps_cpp.hpp
[0.966s] -- Up-to-date: /media/ostifede02/F48A91EB8A91AB1E/Users/ostif/Documents/2dr_ws/install/deltarobot_interfaces/include/deltarobot_interfaces/deltarobot_interfaces/msg/detail/set_point__rosidl_typesupport_fastrtps_cpp.hpp
[0.967s] -- Up-to-date: /media/ostifede02/F48A91EB8A91AB1E/Users/ostif/Documents/2dr_ws/install/deltarobot_interfaces/include/deltarobot_interfaces/deltarobot_interfaces/msg/detail/trajectory_task__rosidl_typesupport_fastrtps_cpp.hpp
[0.967s] -- Up-to-date: /media/ostifede02/F48A91EB8A91AB1E/Users/ostif/Documents/2dr_ws/install/deltarobot_interfaces/include/deltarobot_interfaces/deltarobot_interfaces/msg/rosidl_typesupport_fastrtps_cpp__visibility_control.h
[0.969s] -- Up-to-date: /media/ostifede02/F48A91EB8A91AB1E/Users/ostif/Documents/2dr_ws/install/deltarobot_interfaces/lib/libdeltarobot_interfaces__rosidl_typesupport_fastrtps_cpp.so
[0.970s] -- Up-to-date: /media/ostifede02/F48A91EB8A91AB1E/Users/ostif/Documents/2dr_ws/install/deltarobot_interfaces/include/deltarobot_interfaces/deltarobot_interfaces
[0.970s] -- Up-to-date: /media/ostifede02/F48A91EB8A91AB1E/Users/ostif/Documents/2dr_ws/install/deltarobot_interfaces/include/deltarobot_interfaces/deltarobot_interfaces/msg
[0.971s] -- Up-to-date: /media/ostifede02/F48A91EB8A91AB1E/Users/ostif/Documents/2dr_ws/install/deltarobot_interfaces/include/deltarobot_interfaces/deltarobot_interfaces/msg/detail
[0.972s] -- Up-to-date: /media/ostifede02/F48A91EB8A91AB1E/Users/ostif/Documents/2dr_ws/install/deltarobot_interfaces/include/deltarobot_interfaces/deltarobot_interfaces/msg/detail/set_points_vector__rosidl_typesupport_introspection_c.h
[0.973s] -- Up-to-date: /media/ostifede02/F48A91EB8A91AB1E/Users/ostif/Documents/2dr_ws/install/deltarobot_interfaces/include/deltarobot_interfaces/deltarobot_interfaces/msg/detail/set_points_vector__type_support.c
[0.974s] -- Up-to-date: /media/ostifede02/F48A91EB8A91AB1E/Users/ostif/Documents/2dr_ws/install/deltarobot_interfaces/include/deltarobot_interfaces/deltarobot_interfaces/msg/detail/set_point__rosidl_typesupport_introspection_c.h
[0.974s] -- Up-to-date: /media/ostifede02/F48A91EB8A91AB1E/Users/ostif/Documents/2dr_ws/install/deltarobot_interfaces/include/deltarobot_interfaces/deltarobot_interfaces/msg/detail/set_point__type_support.c
[0.975s] -- Up-to-date: /media/ostifede02/F48A91EB8A91AB1E/Users/ostif/Documents/2dr_ws/install/deltarobot_interfaces/include/deltarobot_interfaces/deltarobot_interfaces/msg/detail/trajectory_task__rosidl_typesupport_introspection_c.h
[0.976s] -- Up-to-date: /media/ostifede02/F48A91EB8A91AB1E/Users/ostif/Documents/2dr_ws/install/deltarobot_interfaces/include/deltarobot_interfaces/deltarobot_interfaces/msg/detail/trajectory_task__type_support.c
[0.976s] -- Up-to-date: /media/ostifede02/F48A91EB8A91AB1E/Users/ostif/Documents/2dr_ws/install/deltarobot_interfaces/include/deltarobot_interfaces/deltarobot_interfaces/msg/rosidl_typesupport_introspection_c__visibility_control.h
[0.977s] -- Up-to-date: /media/ostifede02/F48A91EB8A91AB1E/Users/ostif/Documents/2dr_ws/install/deltarobot_interfaces/lib/libdeltarobot_interfaces__rosidl_typesupport_introspection_c.so
[0.979s] -- Up-to-date: /media/ostifede02/F48A91EB8A91AB1E/Users/ostif/Documents/2dr_ws/install/deltarobot_interfaces/lib/libdeltarobot_interfaces__rosidl_typesupport_c.so
[0.983s] -- Up-to-date: /media/ostifede02/F48A91EB8A91AB1E/Users/ostif/Documents/2dr_ws/install/deltarobot_interfaces/include/deltarobot_interfaces/deltarobot_interfaces
[0.983s] -- Up-to-date: /media/ostifede02/F48A91EB8A91AB1E/Users/ostif/Documents/2dr_ws/install/deltarobot_interfaces/include/deltarobot_interfaces/deltarobot_interfaces/msg
[0.983s] -- Up-to-date: /media/ostifede02/F48A91EB8A91AB1E/Users/ostif/Documents/2dr_ws/install/deltarobot_interfaces/include/deltarobot_interfaces/deltarobot_interfaces/msg/detail
[0.984s] -- Up-to-date: /media/ostifede02/F48A91EB8A91AB1E/Users/ostif/Documents/2dr_ws/install/deltarobot_interfaces/include/deltarobot_interfaces/deltarobot_interfaces/msg/detail/set_points_vector__rosidl_typesupport_introspection_cpp.hpp
[0.984s] -- Up-to-date: /media/ostifede02/F48A91EB8A91AB1E/Users/ostif/Documents/2dr_ws/install/deltarobot_interfaces/include/deltarobot_interfaces/deltarobot_interfaces/msg/detail/set_points_vector__type_support.cpp
[0.985s] -- Up-to-date: /media/ostifede02/F48A91EB8A91AB1E/Users/ostif/Documents/2dr_ws/install/deltarobot_interfaces/include/deltarobot_interfaces/deltarobot_interfaces/msg/detail/set_point__rosidl_typesupport_introspection_cpp.hpp
[0.986s] -- Up-to-date: /media/ostifede02/F48A91EB8A91AB1E/Users/ostif/Documents/2dr_ws/install/deltarobot_interfaces/include/deltarobot_interfaces/deltarobot_interfaces/msg/detail/set_point__type_support.cpp
[0.987s] -- Up-to-date: /media/ostifede02/F48A91EB8A91AB1E/Users/ostif/Documents/2dr_ws/install/deltarobot_interfaces/include/deltarobot_interfaces/deltarobot_interfaces/msg/detail/trajectory_task__rosidl_typesupport_introspection_cpp.hpp
[0.987s] -- Up-to-date: /media/ostifede02/F48A91EB8A91AB1E/Users/ostif/Documents/2dr_ws/install/deltarobot_interfaces/include/deltarobot_interfaces/deltarobot_interfaces/msg/detail/trajectory_task__type_support.cpp
[0.989s] -- Up-to-date: /media/ostifede02/F48A91EB8A91AB1E/Users/ostif/Documents/2dr_ws/install/deltarobot_interfaces/lib/libdeltarobot_interfaces__rosidl_typesupport_introspection_cpp.so
[0.991s] -- Up-to-date: /media/ostifede02/F48A91EB8A91AB1E/Users/ostif/Documents/2dr_ws/install/deltarobot_interfaces/lib/libdeltarobot_interfaces__rosidl_typesupport_cpp.so
[0.992s] -- Up-to-date: /media/ostifede02/F48A91EB8A91AB1E/Users/ostif/Documents/2dr_ws/install/deltarobot_interfaces/share/deltarobot_interfaces/msg/SetPoint.idl
[0.993s] -- Up-to-date: /media/ostifede02/F48A91EB8A91AB1E/Users/ostif/Documents/2dr_ws/install/deltarobot_interfaces/share/deltarobot_interfaces/msg/SetPointsVector.idl
[0.994s] -- Up-to-date: /media/ostifede02/F48A91EB8A91AB1E/Users/ostif/Documents/2dr_ws/install/deltarobot_interfaces/share/deltarobot_interfaces/msg/TrajectoryTask.idl
[0.995s] -- Up-to-date: /media/ostifede02/F48A91EB8A91AB1E/Users/ostif/Documents/2dr_ws/install/deltarobot_interfaces/share/deltarobot_interfaces/msg/SetPoint.msg
[0.995s] -- Up-to-date: /media/ostifede02/F48A91EB8A91AB1E/Users/ostif/Documents/2dr_ws/install/deltarobot_interfaces/share/deltarobot_interfaces/msg/SetPointsVector.msg
[0.996s] -- Up-to-date: /media/ostifede02/F48A91EB8A91AB1E/Users/ostif/Documents/2dr_ws/install/deltarobot_interfaces/share/deltarobot_interfaces/msg/TrajectoryTask.msg
[0.997s] -- Up-to-date: /media/ostifede02/F48A91EB8A91AB1E/Users/ostif/Documents/2dr_ws/install/deltarobot_interfaces/share/ament_index/resource_index/package_run_dependencies/deltarobot_interfaces
[0.998s] -- Up-to-date: /media/ostifede02/F48A91EB8A91AB1E/Users/ostif/Documents/2dr_ws/install/deltarobot_interfaces/share/ament_index/resource_index/parent_prefix_path/deltarobot_interfaces
[0.998s] -- Up-to-date: /media/ostifede02/F48A91EB8A91AB1E/Users/ostif/Documents/2dr_ws/install/deltarobot_interfaces/share/deltarobot_interfaces/environment/ament_prefix_path.sh
[0.999s] -- Up-to-date: /media/ostifede02/F48A91EB8A91AB1E/Users/ostif/Documents/2dr_ws/install/deltarobot_interfaces/share/deltarobot_interfaces/environment/ament_prefix_path.dsv
[1.000s] -- Up-to-date: /media/ostifede02/F48A91EB8A91AB1E/Users/ostif/Documents/2dr_ws/install/deltarobot_interfaces/share/deltarobot_interfaces/environment/path.sh
[1.000s] -- Up-to-date: /media/ostifede02/F48A91EB8A91AB1E/Users/ostif/Documents/2dr_ws/install/deltarobot_interfaces/share/deltarobot_interfaces/environment/path.dsv
[1.001s] -- Up-to-date: /media/ostifede02/F48A91EB8A91AB1E/Users/ostif/Documents/2dr_ws/install/deltarobot_interfaces/share/deltarobot_interfaces/local_setup.bash
[1.002s] -- Up-to-date: /media/ostifede02/F48A91EB8A91AB1E/Users/ostif/Documents/2dr_ws/install/deltarobot_interfaces/share/deltarobot_interfaces/local_setup.sh
[1.003s] -- Up-to-date: /media/ostifede02/F48A91EB8A91AB1E/Users/ostif/Documents/2dr_ws/install/deltarobot_interfaces/share/deltarobot_interfaces/local_setup.zsh
[1.003s] -- Up-to-date: /media/ostifede02/F48A91EB8A91AB1E/Users/ostif/Documents/2dr_ws/install/deltarobot_interfaces/share/deltarobot_interfaces/local_setup.dsv
[1.004s] -- Installing: /media/ostifede02/F48A91EB8A91AB1E/Users/ostif/Documents/2dr_ws/install/deltarobot_interfaces/share/deltarobot_interfaces/package.dsv
[1.006s] -- Up-to-date: /media/ostifede02/F48A91EB8A91AB1E/Users/ostif/Documents/2dr_ws/install/deltarobot_interfaces/share/ament_index/resource_index/packages/deltarobot_interfaces
[1.007s] -- Up-to-date: /media/ostifede02/F48A91EB8A91AB1E/Users/ostif/Documents/2dr_ws/install/deltarobot_interfaces/share/deltarobot_interfaces/cmake/export_deltarobot_interfaces__rosidl_generator_cExport.cmake
[1.008s] -- Up-to-date: /media/ostifede02/F48A91EB8A91AB1E/Users/ostif/Documents/2dr_ws/install/deltarobot_interfaces/share/deltarobot_interfaces/cmake/export_deltarobot_interfaces__rosidl_generator_cExport-noconfig.cmake
[1.010s] -- Up-to-date: /media/ostifede02/F48A91EB8A91AB1E/Users/ostif/Documents/2dr_ws/install/deltarobot_interfaces/share/deltarobot_interfaces/cmake/export_deltarobot_interfaces__rosidl_typesupport_fastrtps_cExport.cmake
[1.010s] -- Up-to-date: /media/ostifede02/F48A91EB8A91AB1E/Users/ostif/Documents/2dr_ws/install/deltarobot_interfaces/share/deltarobot_interfaces/cmake/export_deltarobot_interfaces__rosidl_typesupport_fastrtps_cExport-noconfig.cmake
[1.011s] -- Up-to-date: /media/ostifede02/F48A91EB8A91AB1E/Users/ostif/Documents/2dr_ws/install/deltarobot_interfaces/share/deltarobot_interfaces/cmake/export_deltarobot_interfaces__rosidl_generator_cppExport.cmake
[1.012s] -- Up-to-date: /media/ostifede02/F48A91EB8A91AB1E/Users/ostif/Documents/2dr_ws/install/deltarobot_interfaces/share/deltarobot_interfaces/cmake/export_deltarobot_interfaces__rosidl_typesupport_fastrtps_cppExport.cmake
[1.013s] -- Up-to-date: /media/ostifede02/F48A91EB8A91AB1E/Users/ostif/Documents/2dr_ws/install/deltarobot_interfaces/share/deltarobot_interfaces/cmake/export_deltarobot_interfaces__rosidl_typesupport_fastrtps_cppExport-noconfig.cmake
[1.014s] -- Up-to-date: /media/ostifede02/F48A91EB8A91AB1E/Users/ostif/Documents/2dr_ws/install/deltarobot_interfaces/share/deltarobot_interfaces/cmake/deltarobot_interfaces__rosidl_typesupport_introspection_cExport.cmake
[1.015s] -- Up-to-date: /media/ostifede02/F48A91EB8A91AB1E/Users/ostif/Documents/2dr_ws/install/deltarobot_interfaces/share/deltarobot_interfaces/cmake/deltarobot_interfaces__rosidl_typesupport_introspection_cExport-noconfig.cmake
[1.016s] -- Up-to-date: /media/ostifede02/F48A91EB8A91AB1E/Users/ostif/Documents/2dr_ws/install/deltarobot_interfaces/share/deltarobot_interfaces/cmake/deltarobot_interfaces__rosidl_typesupport_cExport.cmake
[1.016s] -- Up-to-date: /media/ostifede02/F48A91EB8A91AB1E/Users/ostif/Documents/2dr_ws/install/deltarobot_interfaces/share/deltarobot_interfaces/cmake/deltarobot_interfaces__rosidl_typesupport_cExport-noconfig.cmake
[1.017s] -- Up-to-date: /media/ostifede02/F48A91EB8A91AB1E/Users/ostif/Documents/2dr_ws/install/deltarobot_interfaces/share/deltarobot_interfaces/cmake/deltarobot_interfaces__rosidl_typesupport_introspection_cppExport.cmake
[1.018s] -- Up-to-date: /media/ostifede02/F48A91EB8A91AB1E/Users/ostif/Documents/2dr_ws/install/deltarobot_interfaces/share/deltarobot_interfaces/cmake/deltarobot_interfaces__rosidl_typesupport_introspection_cppExport-noconfig.cmake
[1.019s] -- Up-to-date: /media/ostifede02/F48A91EB8A91AB1E/Users/ostif/Documents/2dr_ws/install/deltarobot_interfaces/share/deltarobot_interfaces/cmake/deltarobot_interfaces__rosidl_typesupport_cppExport.cmake
[1.020s] -- Up-to-date: /media/ostifede02/F48A91EB8A91AB1E/Users/ostif/Documents/2dr_ws/install/deltarobot_interfaces/share/deltarobot_interfaces/cmake/deltarobot_interfaces__rosidl_typesupport_cppExport-noconfig.cmake
[1.020s] -- Up-to-date: /media/ostifede02/F48A91EB8A91AB1E/Users/ostif/Documents/2dr_ws/install/deltarobot_interfaces/share/deltarobot_interfaces/cmake/rosidl_cmake-extras.cmake
[1.021s] -- Up-to-date: /media/ostifede02/F48A91EB8A91AB1E/Users/ostif/Documents/2dr_ws/install/deltarobot_interfaces/share/deltarobot_interfaces/cmake/ament_cmake_export_dependencies-extras.cmake
[1.022s] -- Up-to-date: /media/ostifede02/F48A91EB8A91AB1E/Users/ostif/Documents/2dr_ws/install/deltarobot_interfaces/share/deltarobot_interfaces/cmake/ament_cmake_export_include_directories-extras.cmake
[1.022s] -- Up-to-date: /media/ostifede02/F48A91EB8A91AB1E/Users/ostif/Documents/2dr_ws/install/deltarobot_interfaces/share/deltarobot_interfaces/cmake/ament_cmake_export_libraries-extras.cmake
[1.023s] -- Up-to-date: /media/ostifede02/F48A91EB8A91AB1E/Users/ostif/Documents/2dr_ws/install/deltarobot_interfaces/share/deltarobot_interfaces/cmake/ament_cmake_export_targets-extras.cmake
[1.024s] -- Up-to-date: /media/ostifede02/F48A91EB8A91AB1E/Users/ostif/Documents/2dr_ws/install/deltarobot_interfaces/share/deltarobot_interfaces/cmake/rosidl_cmake_export_typesupport_targets-extras.cmake
[1.025s] -- Up-to-date: /media/ostifede02/F48A91EB8A91AB1E/Users/ostif/Documents/2dr_ws/install/deltarobot_interfaces/share/deltarobot_interfaces/cmake/rosidl_cmake_export_typesupport_libraries-extras.cmake
[1.025s] -- Up-to-date: /media/ostifede02/F48A91EB8A91AB1E/Users/ostif/Documents/2dr_ws/install/deltarobot_interfaces/share/deltarobot_interfaces/cmake/deltarobot_interfacesConfig.cmake
[1.026s] -- Up-to-date: /media/ostifede02/F48A91EB8A91AB1E/Users/ostif/Documents/2dr_ws/install/deltarobot_interfaces/share/deltarobot_interfaces/cmake/deltarobot_interfacesConfig-version.cmake
[1.027s] -- Up-to-date: /media/ostifede02/F48A91EB8A91AB1E/Users/ostif/Documents/2dr_ws/install/deltarobot_interfaces/share/deltarobot_interfaces/package.xml
[1.028s] Invoked command in '/media/ostifede02/F48A91EB8A91AB1E/Users/ostif/Documents/2dr_ws/build/deltarobot_interfaces' returned '0': CMAKE_PREFIX_PATH=${CMAKE_PREFIX_PATH}:/home/ostifede02/Documents/deltarobot_ws/install/deltarobot:/opt/ros/humble /usr/bin/cmake --install /media/ostifede02/F48A91EB8A91AB1E/Users/ostif/Documents/2dr_ws/build/deltarobot_interfaces
