running egg_info
creating ../../build/deltarobot/deltarobot.egg-info
writing ../../build/deltarobot/deltarobot.egg-info/PKG-INFO
writing dependency_links to ../../build/deltarobot/deltarobot.egg-info/dependency_links.txt
writing entry points to ../../build/deltarobot/deltarobot.egg-info/entry_points.txt
writing requirements to ../../build/deltarobot/deltarobot.egg-info/requires.txt
writing top-level names to ../../build/deltarobot/deltarobot.egg-info/top_level.txt
writing manifest file '../../build/deltarobot/deltarobot.egg-info/SOURCES.txt'
reading manifest file '../../build/deltarobot/deltarobot.egg-info/SOURCES.txt'
writing manifest file '../../build/deltarobot/deltarobot.egg-info/SOURCES.txt'
running build
running build_py
creating /media/ostifede02/F48A91EB8A91AB1E/Users/ostif/Documents/2dr_ws/build/deltarobot/build
creating /media/ostifede02/F48A91EB8A91AB1E/Users/ostif/Documents/2dr_ws/build/deltarobot/build/lib
creating /media/ostifede02/F48A91EB8A91AB1E/Users/ostif/Documents/2dr_ws/build/deltarobot/build/lib/deltarobot
copying deltarobot/gepetto_visualizer.py -> /media/ostifede02/F48A91EB8A91AB1E/Users/ostif/Documents/2dr_ws/build/deltarobot/build/lib/deltarobot
copying deltarobot/robot_controller.py -> /media/ostifede02/F48A91EB8A91AB1E/Users/ostif/Documents/2dr_ws/build/deltarobot/build/lib/deltarobot
copying deltarobot/task_handler.py -> /media/ostifede02/F48A91EB8A91AB1E/Users/ostif/Documents/2dr_ws/build/deltarobot/build/lib/deltarobot
copying deltarobot/trajectory_generator.py -> /media/ostifede02/F48A91EB8A91AB1E/Users/ostif/Documents/2dr_ws/build/deltarobot/build/lib/deltarobot
copying deltarobot/user_input_gui.py -> /media/ostifede02/F48A91EB8A91AB1E/Users/ostif/Documents/2dr_ws/build/deltarobot/build/lib/deltarobot
copying deltarobot/__init__.py -> /media/ostifede02/F48A91EB8A91AB1E/Users/ostif/Documents/2dr_ws/build/deltarobot/build/lib/deltarobot
running install
running install_lib
creating /media/ostifede02/F48A91EB8A91AB1E/Users/ostif/Documents/2dr_ws/install/deltarobot/lib/python3.10/site-packages/deltarobot
copying /media/ostifede02/F48A91EB8A91AB1E/Users/ostif/Documents/2dr_ws/build/deltarobot/build/lib/deltarobot/gepetto_visualizer.py -> /media/ostifede02/F48A91EB8A91AB1E/Users/ostif/Documents/2dr_ws/install/deltarobot/lib/python3.10/site-packages/deltarobot
copying /media/ostifede02/F48A91EB8A91AB1E/Users/ostif/Documents/2dr_ws/build/deltarobot/build/lib/deltarobot/robot_controller.py -> /media/ostifede02/F48A91EB8A91AB1E/Users/ostif/Documents/2dr_ws/install/deltarobot/lib/python3.10/site-packages/deltarobot
copying /media/ostifede02/F48A91EB8A91AB1E/Users/ostif/Documents/2dr_ws/build/deltarobot/build/lib/deltarobot/task_handler.py -> /media/ostifede02/F48A91EB8A91AB1E/Users/ostif/Documents/2dr_ws/install/deltarobot/lib/python3.10/site-packages/deltarobot
copying /media/ostifede02/F48A91EB8A91AB1E/Users/ostif/Documents/2dr_ws/build/deltarobot/build/lib/deltarobot/trajectory_generator.py -> /media/ostifede02/F48A91EB8A91AB1E/Users/ostif/Documents/2dr_ws/install/deltarobot/lib/python3.10/site-packages/deltarobot
copying /media/ostifede02/F48A91EB8A91AB1E/Users/ostif/Documents/2dr_ws/build/deltarobot/build/lib/deltarobot/user_input_gui.py -> /media/ostifede02/F48A91EB8A91AB1E/Users/ostif/Documents/2dr_ws/install/deltarobot/lib/python3.10/site-packages/deltarobot
copying /media/ostifede02/F48A91EB8A91AB1E/Users/ostif/Documents/2dr_ws/build/deltarobot/build/lib/deltarobot/__init__.py -> /media/ostifede02/F48A91EB8A91AB1E/Users/ostif/Documents/2dr_ws/install/deltarobot/lib/python3.10/site-packages/deltarobot
byte-compiling /media/ostifede02/F48A91EB8A91AB1E/Users/ostif/Documents/2dr_ws/install/deltarobot/lib/python3.10/site-packages/deltarobot/gepetto_visualizer.py to gepetto_visualizer.cpython-310.pyc
byte-compiling /media/ostifede02/F48A91EB8A91AB1E/Users/ostif/Documents/2dr_ws/install/deltarobot/lib/python3.10/site-packages/deltarobot/robot_controller.py to robot_controller.cpython-310.pyc
byte-compiling /media/ostifede02/F48A91EB8A91AB1E/Users/ostif/Documents/2dr_ws/install/deltarobot/lib/python3.10/site-packages/deltarobot/task_handler.py to task_handler.cpython-310.pyc
byte-compiling /media/ostifede02/F48A91EB8A91AB1E/Users/ostif/Documents/2dr_ws/install/deltarobot/lib/python3.10/site-packages/deltarobot/trajectory_generator.py to trajectory_generator.cpython-310.pyc
byte-compiling /media/ostifede02/F48A91EB8A91AB1E/Users/ostif/Documents/2dr_ws/install/deltarobot/lib/python3.10/site-packages/deltarobot/user_input_gui.py to user_input_gui.cpython-310.pyc
byte-compiling /media/ostifede02/F48A91EB8A91AB1E/Users/ostif/Documents/2dr_ws/install/deltarobot/lib/python3.10/site-packages/deltarobot/__init__.py to __init__.cpython-310.pyc
running install_data
creating /media/ostifede02/F48A91EB8A91AB1E/Users/ostif/Documents/2dr_ws/install/deltarobot/share/ament_index
creating /media/ostifede02/F48A91EB8A91AB1E/Users/ostif/Documents/2dr_ws/install/deltarobot/share/ament_index/resource_index
creating /media/ostifede02/F48A91EB8A91AB1E/Users/ostif/Documents/2dr_ws/install/deltarobot/share/ament_index/resource_index/packages
copying resource/deltarobot -> /media/ostifede02/F48A91EB8A91AB1E/Users/ostif/Documents/2dr_ws/install/deltarobot/share/ament_index/resource_index/packages
copying package.xml -> /media/ostifede02/F48A91EB8A91AB1E/Users/ostif/Documents/2dr_ws/install/deltarobot/share/deltarobot
running install_egg_info
Copying ../../build/deltarobot/deltarobot.egg-info to /media/ostifede02/F48A91EB8A91AB1E/Users/ostif/Documents/2dr_ws/install/deltarobot/lib/python3.10/site-packages/deltarobot-0.0.0-py3.10.egg-info
running install_scripts
writing list of installed files to '/media/ostifede02/F48A91EB8A91AB1E/Users/ostif/Documents/2dr_ws/build/deltarobot/install.log'
