[0.830s] Invoking command in '/media/ostifede02/F48A91EB8A91AB1E/Users/ostif/Documents/2dr_ws/src/deltarobot': AMENT_PREFIX_PATH=/media/ostifede02/F48A91EB8A91AB1E/Users/ostif/Documents/2dr_ws/install/deltarobot_interfaces:${AMENT_PREFIX_PATH} CMAKE_PREFIX_PATH=/media/ostifede02/F48A91EB8A91AB1E/Users/ostif/Documents/2dr_ws/install/deltarobot_interfaces:/home/ostifede02/Documents/2dr_ws/install/deltarobot_interfaces:/opt/openrobots LD_LIBRARY_PATH=/media/ostifede02/F48A91EB8A91AB1E/Users/ostif/Documents/2dr_ws/install/deltarobot_interfaces/lib:/home/ostifede02/Documents/2dr_ws/install/deltarobot_interfaces/lib:/opt/ros/humble/opt/rviz_ogre_vendor/lib:/opt/ros/humble/lib/x86_64-linux-gnu:/opt/ros/humble/lib:/opt/openrobots/lib PYTHONPATH=/media/ostifede02/F48A91EB8A91AB1E/Users/ostif/Documents/2dr_ws/build/deltarobot/prefix_override:/media/ostifede02/F48A91EB8A91AB1E/Users/ostif/Documents/2dr_ws/install/deltarobot/lib/python3.10/site-packages:/media/ostifede02/F48A91EB8A91AB1E/Users/ostif/Documents/2dr_ws/install/deltarobot_interfaces/local/lib/python3.10/dist-packages:${PYTHONPATH} /usr/bin/python3 setup.py egg_info --egg-base ../../build/deltarobot build --build-base /media/ostifede02/F48A91EB8A91AB1E/Users/ostif/Documents/2dr_ws/build/deltarobot/build install --record /media/ostifede02/F48A91EB8A91AB1E/Users/ostif/Documents/2dr_ws/build/deltarobot/install.log --single-version-externally-managed
[1.081s] running egg_info
[1.081s] creating ../../build/deltarobot/deltarobot.egg-info
[1.081s] writing ../../build/deltarobot/deltarobot.egg-info/PKG-INFO
[1.082s] writing dependency_links to ../../build/deltarobot/deltarobot.egg-info/dependency_links.txt
[1.082s] writing entry points to ../../build/deltarobot/deltarobot.egg-info/entry_points.txt
[1.082s] writing requirements to ../../build/deltarobot/deltarobot.egg-info/requires.txt
[1.082s] writing top-level names to ../../build/deltarobot/deltarobot.egg-info/top_level.txt
[1.083s] writing manifest file '../../build/deltarobot/deltarobot.egg-info/SOURCES.txt'
[1.085s] reading manifest file '../../build/deltarobot/deltarobot.egg-info/SOURCES.txt'
[1.087s] writing manifest file '../../build/deltarobot/deltarobot.egg-info/SOURCES.txt'
[1.087s] running build
[1.087s] running build_py
[1.087s] creating /media/ostifede02/F48A91EB8A91AB1E/Users/ostif/Documents/2dr_ws/build/deltarobot/build
[1.087s] creating /media/ostifede02/F48A91EB8A91AB1E/Users/ostif/Documents/2dr_ws/build/deltarobot/build/lib
[1.087s] creating /media/ostifede02/F48A91EB8A91AB1E/Users/ostif/Documents/2dr_ws/build/deltarobot/build/lib/deltarobot
[1.088s] copying deltarobot/configuration.py -> /media/ostifede02/F48A91EB8A91AB1E/Users/ostif/Documents/2dr_ws/build/deltarobot/build/lib/deltarobot
[1.088s] copying deltarobot/gepetto_visualizer.py -> /media/ostifede02/F48A91EB8A91AB1E/Users/ostif/Documents/2dr_ws/build/deltarobot/build/lib/deltarobot
[1.089s] copying deltarobot/robot_controller.py -> /media/ostifede02/F48A91EB8A91AB1E/Users/ostif/Documents/2dr_ws/build/deltarobot/build/lib/deltarobot
[1.089s] copying deltarobot/task_handler.py -> /media/ostifede02/F48A91EB8A91AB1E/Users/ostif/Documents/2dr_ws/build/deltarobot/build/lib/deltarobot
[1.090s] copying deltarobot/trajectory_generator.py -> /media/ostifede02/F48A91EB8A91AB1E/Users/ostif/Documents/2dr_ws/build/deltarobot/build/lib/deltarobot
[1.091s] copying deltarobot/user_input_gui.py -> /media/ostifede02/F48A91EB8A91AB1E/Users/ostif/Documents/2dr_ws/build/deltarobot/build/lib/deltarobot
[1.091s] copying deltarobot/__init__.py -> /media/ostifede02/F48A91EB8A91AB1E/Users/ostif/Documents/2dr_ws/build/deltarobot/build/lib/deltarobot
[1.092s] running install
[1.092s] running install_lib
[1.093s] creating /media/ostifede02/F48A91EB8A91AB1E/Users/ostif/Documents/2dr_ws/install/deltarobot/lib/python3.10/site-packages/deltarobot
[1.093s] copying /media/ostifede02/F48A91EB8A91AB1E/Users/ostif/Documents/2dr_ws/build/deltarobot/build/lib/deltarobot/configuration.py -> /media/ostifede02/F48A91EB8A91AB1E/Users/ostif/Documents/2dr_ws/install/deltarobot/lib/python3.10/site-packages/deltarobot
[1.094s] copying /media/ostifede02/F48A91EB8A91AB1E/Users/ostif/Documents/2dr_ws/build/deltarobot/build/lib/deltarobot/gepetto_visualizer.py -> /media/ostifede02/F48A91EB8A91AB1E/Users/ostif/Documents/2dr_ws/install/deltarobot/lib/python3.10/site-packages/deltarobot
[1.095s] copying /media/ostifede02/F48A91EB8A91AB1E/Users/ostif/Documents/2dr_ws/build/deltarobot/build/lib/deltarobot/robot_controller.py -> /media/ostifede02/F48A91EB8A91AB1E/Users/ostif/Documents/2dr_ws/install/deltarobot/lib/python3.10/site-packages/deltarobot
[1.095s] copying /media/ostifede02/F48A91EB8A91AB1E/Users/ostif/Documents/2dr_ws/build/deltarobot/build/lib/deltarobot/task_handler.py -> /media/ostifede02/F48A91EB8A91AB1E/Users/ostif/Documents/2dr_ws/install/deltarobot/lib/python3.10/site-packages/deltarobot
[1.096s] copying /media/ostifede02/F48A91EB8A91AB1E/Users/ostif/Documents/2dr_ws/build/deltarobot/build/lib/deltarobot/trajectory_generator.py -> /media/ostifede02/F48A91EB8A91AB1E/Users/ostif/Documents/2dr_ws/install/deltarobot/lib/python3.10/site-packages/deltarobot
[1.097s] copying /media/ostifede02/F48A91EB8A91AB1E/Users/ostif/Documents/2dr_ws/build/deltarobot/build/lib/deltarobot/user_input_gui.py -> /media/ostifede02/F48A91EB8A91AB1E/Users/ostif/Documents/2dr_ws/install/deltarobot/lib/python3.10/site-packages/deltarobot
[1.098s] copying /media/ostifede02/F48A91EB8A91AB1E/Users/ostif/Documents/2dr_ws/build/deltarobot/build/lib/deltarobot/__init__.py -> /media/ostifede02/F48A91EB8A91AB1E/Users/ostif/Documents/2dr_ws/install/deltarobot/lib/python3.10/site-packages/deltarobot
[1.099s] byte-compiling /media/ostifede02/F48A91EB8A91AB1E/Users/ostif/Documents/2dr_ws/install/deltarobot/lib/python3.10/site-packages/deltarobot/configuration.py to configuration.cpython-310.pyc
[1.100s] byte-compiling /media/ostifede02/F48A91EB8A91AB1E/Users/ostif/Documents/2dr_ws/install/deltarobot/lib/python3.10/site-packages/deltarobot/gepetto_visualizer.py to gepetto_visualizer.cpython-310.pyc
[1.101s] byte-compiling /media/ostifede02/F48A91EB8A91AB1E/Users/ostif/Documents/2dr_ws/install/deltarobot/lib/python3.10/site-packages/deltarobot/robot_controller.py to robot_controller.cpython-310.pyc
[1.103s] byte-compiling /media/ostifede02/F48A91EB8A91AB1E/Users/ostif/Documents/2dr_ws/install/deltarobot/lib/python3.10/site-packages/deltarobot/task_handler.py to task_handler.cpython-310.pyc
[1.104s] byte-compiling /media/ostifede02/F48A91EB8A91AB1E/Users/ostif/Documents/2dr_ws/install/deltarobot/lib/python3.10/site-packages/deltarobot/trajectory_generator.py to trajectory_generator.cpython-310.pyc
[1.106s] byte-compiling /media/ostifede02/F48A91EB8A91AB1E/Users/ostif/Documents/2dr_ws/install/deltarobot/lib/python3.10/site-packages/deltarobot/user_input_gui.py to user_input_gui.cpython-310.pyc
[1.106s] byte-compiling /media/ostifede02/F48A91EB8A91AB1E/Users/ostif/Documents/2dr_ws/install/deltarobot/lib/python3.10/site-packages/deltarobot/__init__.py to __init__.cpython-310.pyc
[1.108s] running install_data
[1.109s] creating /media/ostifede02/F48A91EB8A91AB1E/Users/ostif/Documents/2dr_ws/install/deltarobot/share/ament_index
[1.109s] creating /media/ostifede02/F48A91EB8A91AB1E/Users/ostif/Documents/2dr_ws/install/deltarobot/share/ament_index/resource_index
[1.109s] creating /media/ostifede02/F48A91EB8A91AB1E/Users/ostif/Documents/2dr_ws/install/deltarobot/share/ament_index/resource_index/packages
[1.109s] copying resource/deltarobot -> /media/ostifede02/F48A91EB8A91AB1E/Users/ostif/Documents/2dr_ws/install/deltarobot/share/ament_index/resource_index/packages
[1.110s] copying package.xml -> /media/ostifede02/F48A91EB8A91AB1E/Users/ostif/Documents/2dr_ws/install/deltarobot/share/deltarobot
[1.110s] running install_egg_info
[1.112s] Copying ../../build/deltarobot/deltarobot.egg-info to /media/ostifede02/F48A91EB8A91AB1E/Users/ostif/Documents/2dr_ws/install/deltarobot/lib/python3.10/site-packages/deltarobot-0.0.0-py3.10.egg-info
[1.117s] running install_scripts
[1.136s] writing list of installed files to '/media/ostifede02/F48A91EB8A91AB1E/Users/ostif/Documents/2dr_ws/build/deltarobot/install.log'
[1.158s] Invoked command in '/media/ostifede02/F48A91EB8A91AB1E/Users/ostif/Documents/2dr_ws/src/deltarobot' returned '0': AMENT_PREFIX_PATH=/media/ostifede02/F48A91EB8A91AB1E/Users/ostif/Documents/2dr_ws/install/deltarobot_interfaces:${AMENT_PREFIX_PATH} CMAKE_PREFIX_PATH=/media/ostifede02/F48A91EB8A91AB1E/Users/ostif/Documents/2dr_ws/install/deltarobot_interfaces:/home/ostifede02/Documents/2dr_ws/install/deltarobot_interfaces:/opt/openrobots LD_LIBRARY_PATH=/media/ostifede02/F48A91EB8A91AB1E/Users/ostif/Documents/2dr_ws/install/deltarobot_interfaces/lib:/home/ostifede02/Documents/2dr_ws/install/deltarobot_interfaces/lib:/opt/ros/humble/opt/rviz_ogre_vendor/lib:/opt/ros/humble/lib/x86_64-linux-gnu:/opt/ros/humble/lib:/opt/openrobots/lib PYTHONPATH=/media/ostifede02/F48A91EB8A91AB1E/Users/ostif/Documents/2dr_ws/build/deltarobot/prefix_override:/media/ostifede02/F48A91EB8A91AB1E/Users/ostif/Documents/2dr_ws/install/deltarobot/lib/python3.10/site-packages:/media/ostifede02/F48A91EB8A91AB1E/Users/ostif/Documents/2dr_ws/install/deltarobot_interfaces/local/lib/python3.10/dist-packages:${PYTHONPATH} /usr/bin/python3 setup.py egg_info --egg-base ../../build/deltarobot build --build-base /media/ostifede02/F48A91EB8A91AB1E/Users/ostif/Documents/2dr_ws/build/deltarobot/build install --record /media/ostifede02/F48A91EB8A91AB1E/Users/ostif/Documents/2dr_ws/build/deltarobot/install.log --single-version-externally-managed
