-- The C compiler identification is GNU 11.4.0
-- The CXX compiler identification is GNU 11.4.0
-- Detecting C compiler ABI info
-- Detecting C compiler ABI info - done
-- Check for working C compiler: /usr/bin/cc - skipped
-- Detecting C compile features
-- Detecting C compile features - done
-- Detecting CXX compiler ABI info
-- Detecting CXX compiler ABI info - done
-- Check for working CXX compiler: /usr/bin/c++ - skipped
-- Detecting CXX compile features
-- Detecting CXX compile features - done
-- Found ament_cmake: 1.3.6 (/opt/ros/humble/share/ament_cmake/cmake)
-- Found Python3: /usr/bin/python3.10 (found version "3.10.12") found components: Interpreter 
-- Found geometry_msgs: 4.2.3 (/opt/ros/humble/share/geometry_msgs/cmake)
-- Found rosidl_generator_c: 3.1.5 (/opt/ros/humble/share/rosidl_generator_c/cmake)
-- Found rosidl_adapter: 3.1.5 (/opt/ros/humble/share/rosidl_adapter/cmake)
-- Found rosidl_generator_cpp: 3.1.5 (/opt/ros/humble/share/rosidl_generator_cpp/cmake)
-- Using all available rosidl_typesupport_c: rosidl_typesupport_fastrtps_c;rosidl_typesupport_introspection_c
-- Using all available rosidl_typesupport_cpp: rosidl_typesupport_fastrtps_cpp;rosidl_typesupport_introspection_cpp
-- Found rosidl_default_generators: 1.2.0 (/opt/ros/humble/share/rosidl_default_generators/cmake)
-- Found ament_cmake_ros: 0.10.0 (/opt/ros/humble/share/ament_cmake_ros/cmake)
-- Using all available rosidl_typesupport_c: rosidl_typesupport_fastrtps_c;rosidl_typesupport_introspection_c
-- Using all available rosidl_typesupport_cpp: rosidl_typesupport_fastrtps_cpp;rosidl_typesupport_introspection_cpp
-- Found PythonInterp: /usr/bin/python3 (found suitable version "3.10.12", minimum required is "3.6") 
-- Found python_cmake_module: 0.10.0 (/opt/ros/humble/share/python_cmake_module/cmake)
-- Found PythonLibs: /usr/lib/x86_64-linux-gnu/libpython3.10.so (found suitable version "3.10.12", minimum required is "3.5") 
-- Using PYTHON_EXECUTABLE: /usr/bin/python3
-- Using PYTHON_INCLUDE_DIRS: /usr/include/python3.10
-- Using PYTHON_LIBRARIES: /usr/lib/x86_64-linux-gnu/libpython3.10.so
-- Found PythonExtra: .so  
-- Found ament_lint_auto: 0.12.9 (/opt/ros/humble/share/ament_lint_auto/cmake)
-- Added test 'lint_cmake' to check CMake code style
-- Added test 'xmllint' to check XML markup files
-- Configuring done
-- Generating done
-- Build files have been written to: /media/ostifede02/F48A91EB8A91AB1E/Users/ostif/Documents/2dr_ws/build/deltarobot_interfaces
[  2%] [34m[1mGenerating C code for ROS interfaces[0m
[  4%] [34m[1mGenerating C++ code for ROS interfaces[0m
[  4%] Built target ament_cmake_python_copy_deltarobot_interfaces
running egg_info
creating deltarobot_interfaces.egg-info
writing deltarobot_interfaces.egg-info/PKG-INFO
writing dependency_links to deltarobot_interfaces.egg-info/dependency_links.txt
writing top-level names to deltarobot_interfaces.egg-info/top_level.txt
writing manifest file 'deltarobot_interfaces.egg-info/SOURCES.txt'
[ 10%] [32mBuilding C object CMakeFiles/deltarobot_interfaces__rosidl_generator_c.dir/rosidl_generator_c/deltarobot_interfaces/msg/detail/set_point__functions.c.o[0m
[ 10%] [32mBuilding C object CMakeFiles/deltarobot_interfaces__rosidl_generator_c.dir/rosidl_generator_c/deltarobot_interfaces/msg/detail/set_points_vector__functions.c.o[0m
[ 10%] [32mBuilding C object CMakeFiles/deltarobot_interfaces__rosidl_generator_c.dir/rosidl_generator_c/deltarobot_interfaces/msg/detail/trajectory_task__functions.c.o[0m
reading manifest file 'deltarobot_interfaces.egg-info/SOURCES.txt'
writing manifest file 'deltarobot_interfaces.egg-info/SOURCES.txt'
[ 10%] Built target ament_cmake_python_build_deltarobot_interfaces_egg
[ 10%] Built target deltarobot_interfaces__cpp
[ 14%] [34m[1mGenerating C++ introspection for ROS interfaces[0m
[ 14%] [34m[1mGenerating C++ type support dispatch for ROS interfaces[0m
[ 17%] [34m[1mGenerating C++ type support for eProsima Fast-RTPS[0m
[ 19%] [32m[1mLinking C shared library libdeltarobot_interfaces__rosidl_generator_c.so[0m
[ 19%] Built target deltarobot_interfaces__rosidl_generator_c
[ 21%] [34m[1mGenerating C introspection for ROS interfaces[0m
[ 25%] [34m[1mGenerating C type support dispatch for ROS interfaces[0m
[ 25%] [34m[1mGenerating C type support for eProsima Fast-RTPS[0m
[ 27%] [32mBuilding CXX object CMakeFiles/deltarobot_interfaces__rosidl_typesupport_cpp.dir/rosidl_typesupport_cpp/deltarobot_interfaces/msg/set_point__type_support.cpp.o[0m
[ 29%] [32mBuilding CXX object CMakeFiles/deltarobot_interfaces__rosidl_typesupport_cpp.dir/rosidl_typesupport_cpp/deltarobot_interfaces/msg/trajectory_task__type_support.cpp.o[0m
[ 31%] [32mBuilding CXX object CMakeFiles/deltarobot_interfaces__rosidl_typesupport_cpp.dir/rosidl_typesupport_cpp/deltarobot_interfaces/msg/set_points_vector__type_support.cpp.o[0m
[ 34%] [32mBuilding CXX object CMakeFiles/deltarobot_interfaces__rosidl_typesupport_c.dir/rosidl_typesupport_c/deltarobot_interfaces/msg/set_point__type_support.cpp.o[0m
[ 36%] [32mBuilding CXX object CMakeFiles/deltarobot_interfaces__rosidl_typesupport_c.dir/rosidl_typesupport_c/deltarobot_interfaces/msg/set_points_vector__type_support.cpp.o[0m
[ 38%] [32mBuilding CXX object CMakeFiles/deltarobot_interfaces__rosidl_typesupport_c.dir/rosidl_typesupport_c/deltarobot_interfaces/msg/trajectory_task__type_support.cpp.o[0m
[ 40%] [32mBuilding CXX object CMakeFiles/deltarobot_interfaces__rosidl_typesupport_introspection_cpp.dir/rosidl_typesupport_introspection_cpp/deltarobot_interfaces/msg/detail/set_point__type_support.cpp.o[0m
[ 42%] [32mBuilding CXX object CMakeFiles/deltarobot_interfaces__rosidl_typesupport_fastrtps_cpp.dir/rosidl_typesupport_fastrtps_cpp/deltarobot_interfaces/msg/detail/dds_fastrtps/set_point__type_support.cpp.o[0m
[ 44%] [32m[1mLinking CXX shared library libdeltarobot_interfaces__rosidl_typesupport_c.so[0m
[ 46%] [32mBuilding C object CMakeFiles/deltarobot_interfaces__rosidl_typesupport_introspection_c.dir/rosidl_typesupport_introspection_c/deltarobot_interfaces/msg/detail/set_point__type_support.c.o[0m
[ 48%] [32mBuilding CXX object CMakeFiles/deltarobot_interfaces__rosidl_typesupport_introspection_cpp.dir/rosidl_typesupport_introspection_cpp/deltarobot_interfaces/msg/detail/set_points_vector__type_support.cpp.o[0m
[ 51%] [32mBuilding CXX object CMakeFiles/deltarobot_interfaces__rosidl_typesupport_fastrtps_c.dir/rosidl_typesupport_fastrtps_c/deltarobot_interfaces/msg/detail/set_point__type_support_c.cpp.o[0m
[ 53%] [32mBuilding CXX object CMakeFiles/deltarobot_interfaces__rosidl_typesupport_fastrtps_c.dir/rosidl_typesupport_fastrtps_c/deltarobot_interfaces/msg/detail/set_points_vector__type_support_c.cpp.o[0m
[ 55%] [32m[1mLinking CXX shared library libdeltarobot_interfaces__rosidl_typesupport_cpp.so[0m
[ 55%] Built target deltarobot_interfaces__rosidl_typesupport_c
[ 57%] [32mBuilding C object CMakeFiles/deltarobot_interfaces__rosidl_typesupport_introspection_c.dir/rosidl_typesupport_introspection_c/deltarobot_interfaces/msg/detail/set_points_vector__type_support.c.o[0m
[ 59%] [32mBuilding C object CMakeFiles/deltarobot_interfaces__rosidl_typesupport_introspection_c.dir/rosidl_typesupport_introspection_c/deltarobot_interfaces/msg/detail/trajectory_task__type_support.c.o[0m
[ 59%] Built target deltarobot_interfaces__rosidl_typesupport_cpp
[ 61%] [32mBuilding CXX object CMakeFiles/deltarobot_interfaces__rosidl_typesupport_fastrtps_c.dir/rosidl_typesupport_fastrtps_c/deltarobot_interfaces/msg/detail/trajectory_task__type_support_c.cpp.o[0m
[ 63%] [32mBuilding CXX object CMakeFiles/deltarobot_interfaces__rosidl_typesupport_fastrtps_cpp.dir/rosidl_typesupport_fastrtps_cpp/deltarobot_interfaces/msg/detail/dds_fastrtps/set_points_vector__type_support.cpp.o[0m
[ 65%] [32m[1mLinking C shared library libdeltarobot_interfaces__rosidl_typesupport_introspection_c.so[0m
[ 65%] Built target deltarobot_interfaces__rosidl_typesupport_introspection_c
[ 68%] [32mBuilding CXX object CMakeFiles/deltarobot_interfaces__rosidl_typesupport_fastrtps_cpp.dir/rosidl_typesupport_fastrtps_cpp/deltarobot_interfaces/msg/detail/dds_fastrtps/trajectory_task__type_support.cpp.o[0m
[ 70%] [32mBuilding CXX object CMakeFiles/deltarobot_interfaces__rosidl_typesupport_introspection_cpp.dir/rosidl_typesupport_introspection_cpp/deltarobot_interfaces/msg/detail/trajectory_task__type_support.cpp.o[0m
[ 72%] [32m[1mLinking CXX shared library libdeltarobot_interfaces__rosidl_typesupport_fastrtps_c.so[0m
[ 72%] Built target deltarobot_interfaces__rosidl_typesupport_fastrtps_c
[ 74%] [32m[1mLinking CXX shared library libdeltarobot_interfaces__rosidl_typesupport_fastrtps_cpp.so[0m
[ 76%] [32m[1mLinking CXX shared library libdeltarobot_interfaces__rosidl_typesupport_introspection_cpp.so[0m
[ 76%] Built target deltarobot_interfaces__rosidl_typesupport_fastrtps_cpp
[ 76%] Built target deltarobot_interfaces__rosidl_typesupport_introspection_cpp
[ 76%] Built target deltarobot_interfaces
[ 78%] [34m[1mGenerating Python code for ROS interfaces[0m
[ 78%] Built target deltarobot_interfaces__py
[ 80%] [32mBuilding C object CMakeFiles/deltarobot_interfaces__rosidl_generator_py.dir/rosidl_generator_py/deltarobot_interfaces/msg/_set_point_s.c.o[0m
[ 82%] [32mBuilding C object CMakeFiles/deltarobot_interfaces__rosidl_generator_py.dir/rosidl_generator_py/deltarobot_interfaces/msg/_trajectory_task_s.c.o[0m
[ 85%] [32mBuilding C object CMakeFiles/deltarobot_interfaces__rosidl_generator_py.dir/rosidl_generator_py/deltarobot_interfaces/msg/_set_points_vector_s.c.o[0m
[ 87%] [32m[1mLinking C shared library rosidl_generator_py/deltarobot_interfaces/libdeltarobot_interfaces__rosidl_generator_py.so[0m
[ 87%] Built target deltarobot_interfaces__rosidl_generator_py
[ 89%] [32mBuilding C object CMakeFiles/deltarobot_interfaces__rosidl_typesupport_introspection_c__pyext.dir/rosidl_generator_py/deltarobot_interfaces/_deltarobot_interfaces_s.ep.rosidl_typesupport_introspection_c.c.o[0m
[ 91%] [32mBuilding C object CMakeFiles/deltarobot_interfaces__rosidl_typesupport_fastrtps_c__pyext.dir/rosidl_generator_py/deltarobot_interfaces/_deltarobot_interfaces_s.ep.rosidl_typesupport_fastrtps_c.c.o[0m
[ 93%] [32mBuilding C object CMakeFiles/deltarobot_interfaces__rosidl_typesupport_c__pyext.dir/rosidl_generator_py/deltarobot_interfaces/_deltarobot_interfaces_s.ep.rosidl_typesupport_c.c.o[0m
[ 95%] [32m[1mLinking C shared library rosidl_generator_py/deltarobot_interfaces/deltarobot_interfaces_s__rosidl_typesupport_c.cpython-310-x86_64-linux-gnu.so[0m
[ 97%] [32m[1mLinking C shared library rosidl_generator_py/deltarobot_interfaces/deltarobot_interfaces_s__rosidl_typesupport_fastrtps_c.cpython-310-x86_64-linux-gnu.so[0m
[100%] [32m[1mLinking C shared library rosidl_generator_py/deltarobot_interfaces/deltarobot_interfaces_s__rosidl_typesupport_introspection_c.cpython-310-x86_64-linux-gnu.so[0m
[100%] Built target deltarobot_interfaces__rosidl_typesupport_c__pyext
[100%] Built target deltarobot_interfaces__rosidl_typesupport_introspection_c__pyext
[100%] Built target deltarobot_interfaces__rosidl_typesupport_fastrtps_c__pyext
-- Install configuration: ""
-- Installing: /media/ostifede02/F48A91EB8A91AB1E/Users/ostif/Documents/2dr_ws/install/deltarobot_interfaces/share/ament_index/resource_index/rosidl_interfaces/deltarobot_interfaces
-- Installing: /media/ostifede02/F48A91EB8A91AB1E/Users/ostif/Documents/2dr_ws/install/deltarobot_interfaces/include/deltarobot_interfaces/deltarobot_interfaces
-- Installing: /media/ostifede02/F48A91EB8A91AB1E/Users/ostif/Documents/2dr_ws/install/deltarobot_interfaces/include/deltarobot_interfaces/deltarobot_interfaces/msg
-- Installing: /media/ostifede02/F48A91EB8A91AB1E/Users/ostif/Documents/2dr_ws/install/deltarobot_interfaces/include/deltarobot_interfaces/deltarobot_interfaces/msg/detail
-- Installing: /media/ostifede02/F48A91EB8A91AB1E/Users/ostif/Documents/2dr_ws/install/deltarobot_interfaces/include/deltarobot_interfaces/deltarobot_interfaces/msg/detail/set_points_vector__functions.c
-- Installing: /media/ostifede02/F48A91EB8A91AB1E/Users/ostif/Documents/2dr_ws/install/deltarobot_interfaces/include/deltarobot_interfaces/deltarobot_interfaces/msg/detail/set_points_vector__functions.h
-- Installing: /media/ostifede02/F48A91EB8A91AB1E/Users/ostif/Documents/2dr_ws/install/deltarobot_interfaces/include/deltarobot_interfaces/deltarobot_interfaces/msg/detail/set_points_vector__struct.h
-- Installing: /media/ostifede02/F48A91EB8A91AB1E/Users/ostif/Documents/2dr_ws/install/deltarobot_interfaces/include/deltarobot_interfaces/deltarobot_interfaces/msg/detail/set_points_vector__type_support.h
-- Installing: /media/ostifede02/F48A91EB8A91AB1E/Users/ostif/Documents/2dr_ws/install/deltarobot_interfaces/include/deltarobot_interfaces/deltarobot_interfaces/msg/detail/set_point__functions.c
-- Installing: /media/ostifede02/F48A91EB8A91AB1E/Users/ostif/Documents/2dr_ws/install/deltarobot_interfaces/include/deltarobot_interfaces/deltarobot_interfaces/msg/detail/set_point__functions.h
-- Installing: /media/ostifede02/F48A91EB8A91AB1E/Users/ostif/Documents/2dr_ws/install/deltarobot_interfaces/include/deltarobot_interfaces/deltarobot_interfaces/msg/detail/set_point__struct.h
-- Installing: /media/ostifede02/F48A91EB8A91AB1E/Users/ostif/Documents/2dr_ws/install/deltarobot_interfaces/include/deltarobot_interfaces/deltarobot_interfaces/msg/detail/set_point__type_support.h
-- Installing: /media/ostifede02/F48A91EB8A91AB1E/Users/ostif/Documents/2dr_ws/install/deltarobot_interfaces/include/deltarobot_interfaces/deltarobot_interfaces/msg/detail/trajectory_task__functions.c
-- Installing: /media/ostifede02/F48A91EB8A91AB1E/Users/ostif/Documents/2dr_ws/install/deltarobot_interfaces/include/deltarobot_interfaces/deltarobot_interfaces/msg/detail/trajectory_task__functions.h
-- Installing: /media/ostifede02/F48A91EB8A91AB1E/Users/ostif/Documents/2dr_ws/install/deltarobot_interfaces/include/deltarobot_interfaces/deltarobot_interfaces/msg/detail/trajectory_task__struct.h
-- Installing: /media/ostifede02/F48A91EB8A91AB1E/Users/ostif/Documents/2dr_ws/install/deltarobot_interfaces/include/deltarobot_interfaces/deltarobot_interfaces/msg/detail/trajectory_task__type_support.h
-- Installing: /media/ostifede02/F48A91EB8A91AB1E/Users/ostif/Documents/2dr_ws/install/deltarobot_interfaces/include/deltarobot_interfaces/deltarobot_interfaces/msg/rosidl_generator_c__visibility_control.h
-- Installing: /media/ostifede02/F48A91EB8A91AB1E/Users/ostif/Documents/2dr_ws/install/deltarobot_interfaces/include/deltarobot_interfaces/deltarobot_interfaces/msg/set_point.h
-- Installing: /media/ostifede02/F48A91EB8A91AB1E/Users/ostif/Documents/2dr_ws/install/deltarobot_interfaces/include/deltarobot_interfaces/deltarobot_interfaces/msg/set_points_vector.h
-- Installing: /media/ostifede02/F48A91EB8A91AB1E/Users/ostif/Documents/2dr_ws/install/deltarobot_interfaces/include/deltarobot_interfaces/deltarobot_interfaces/msg/trajectory_task.h
-- Installing: /media/ostifede02/F48A91EB8A91AB1E/Users/ostif/Documents/2dr_ws/install/deltarobot_interfaces/share/deltarobot_interfaces/environment/library_path.sh
-- Installing: /media/ostifede02/F48A91EB8A91AB1E/Users/ostif/Documents/2dr_ws/install/deltarobot_interfaces/share/deltarobot_interfaces/environment/library_path.dsv
-- Installing: /media/ostifede02/F48A91EB8A91AB1E/Users/ostif/Documents/2dr_ws/install/deltarobot_interfaces/lib/libdeltarobot_interfaces__rosidl_generator_c.so
-- Set runtime path of "/media/ostifede02/F48A91EB8A91AB1E/Users/ostif/Documents/2dr_ws/install/deltarobot_interfaces/lib/libdeltarobot_interfaces__rosidl_generator_c.so" to ""
-- Up-to-date: /media/ostifede02/F48A91EB8A91AB1E/Users/ostif/Documents/2dr_ws/install/deltarobot_interfaces/include/deltarobot_interfaces/deltarobot_interfaces
-- Up-to-date: /media/ostifede02/F48A91EB8A91AB1E/Users/ostif/Documents/2dr_ws/install/deltarobot_interfaces/include/deltarobot_interfaces/deltarobot_interfaces/msg
-- Up-to-date: /media/ostifede02/F48A91EB8A91AB1E/Users/ostif/Documents/2dr_ws/install/deltarobot_interfaces/include/deltarobot_interfaces/deltarobot_interfaces/msg/detail
-- Installing: /media/ostifede02/F48A91EB8A91AB1E/Users/ostif/Documents/2dr_ws/install/deltarobot_interfaces/include/deltarobot_interfaces/deltarobot_interfaces/msg/detail/set_points_vector__rosidl_typesupport_fastrtps_c.h
-- Installing: /media/ostifede02/F48A91EB8A91AB1E/Users/ostif/Documents/2dr_ws/install/deltarobot_interfaces/include/deltarobot_interfaces/deltarobot_interfaces/msg/detail/set_point__rosidl_typesupport_fastrtps_c.h
-- Installing: /media/ostifede02/F48A91EB8A91AB1E/Users/ostif/Documents/2dr_ws/install/deltarobot_interfaces/include/deltarobot_interfaces/deltarobot_interfaces/msg/detail/trajectory_task__rosidl_typesupport_fastrtps_c.h
-- Installing: /media/ostifede02/F48A91EB8A91AB1E/Users/ostif/Documents/2dr_ws/install/deltarobot_interfaces/include/deltarobot_interfaces/deltarobot_interfaces/msg/rosidl_typesupport_fastrtps_c__visibility_control.h
-- Installing: /media/ostifede02/F48A91EB8A91AB1E/Users/ostif/Documents/2dr_ws/install/deltarobot_interfaces/lib/libdeltarobot_interfaces__rosidl_typesupport_fastrtps_c.so
-- Set runtime path of "/media/ostifede02/F48A91EB8A91AB1E/Users/ostif/Documents/2dr_ws/install/deltarobot_interfaces/lib/libdeltarobot_interfaces__rosidl_typesupport_fastrtps_c.so" to ""
-- Up-to-date: /media/ostifede02/F48A91EB8A91AB1E/Users/ostif/Documents/2dr_ws/install/deltarobot_interfaces/include/deltarobot_interfaces/deltarobot_interfaces
-- Up-to-date: /media/ostifede02/F48A91EB8A91AB1E/Users/ostif/Documents/2dr_ws/install/deltarobot_interfaces/include/deltarobot_interfaces/deltarobot_interfaces/msg
-- Up-to-date: /media/ostifede02/F48A91EB8A91AB1E/Users/ostif/Documents/2dr_ws/install/deltarobot_interfaces/include/deltarobot_interfaces/deltarobot_interfaces/msg/detail
-- Installing: /media/ostifede02/F48A91EB8A91AB1E/Users/ostif/Documents/2dr_ws/install/deltarobot_interfaces/include/deltarobot_interfaces/deltarobot_interfaces/msg/detail/set_points_vector__builder.hpp
-- Installing: /media/ostifede02/F48A91EB8A91AB1E/Users/ostif/Documents/2dr_ws/install/deltarobot_interfaces/include/deltarobot_interfaces/deltarobot_interfaces/msg/detail/set_points_vector__struct.hpp
-- Installing: /media/ostifede02/F48A91EB8A91AB1E/Users/ostif/Documents/2dr_ws/install/deltarobot_interfaces/include/deltarobot_interfaces/deltarobot_interfaces/msg/detail/set_points_vector__traits.hpp
-- Installing: /media/ostifede02/F48A91EB8A91AB1E/Users/ostif/Documents/2dr_ws/install/deltarobot_interfaces/include/deltarobot_interfaces/deltarobot_interfaces/msg/detail/set_point__builder.hpp
-- Installing: /media/ostifede02/F48A91EB8A91AB1E/Users/ostif/Documents/2dr_ws/install/deltarobot_interfaces/include/deltarobot_interfaces/deltarobot_interfaces/msg/detail/set_point__struct.hpp
-- Installing: /media/ostifede02/F48A91EB8A91AB1E/Users/ostif/Documents/2dr_ws/install/deltarobot_interfaces/include/deltarobot_interfaces/deltarobot_interfaces/msg/detail/set_point__traits.hpp
-- Installing: /media/ostifede02/F48A91EB8A91AB1E/Users/ostif/Documents/2dr_ws/install/deltarobot_interfaces/include/deltarobot_interfaces/deltarobot_interfaces/msg/detail/trajectory_task__builder.hpp
-- Installing: /media/ostifede02/F48A91EB8A91AB1E/Users/ostif/Documents/2dr_ws/install/deltarobot_interfaces/include/deltarobot_interfaces/deltarobot_interfaces/msg/detail/trajectory_task__struct.hpp
-- Installing: /media/ostifede02/F48A91EB8A91AB1E/Users/ostif/Documents/2dr_ws/install/deltarobot_interfaces/include/deltarobot_interfaces/deltarobot_interfaces/msg/detail/trajectory_task__traits.hpp
-- Installing: /media/ostifede02/F48A91EB8A91AB1E/Users/ostif/Documents/2dr_ws/install/deltarobot_interfaces/include/deltarobot_interfaces/deltarobot_interfaces/msg/set_point.hpp
-- Installing: /media/ostifede02/F48A91EB8A91AB1E/Users/ostif/Documents/2dr_ws/install/deltarobot_interfaces/include/deltarobot_interfaces/deltarobot_interfaces/msg/set_points_vector.hpp
-- Installing: /media/ostifede02/F48A91EB8A91AB1E/Users/ostif/Documents/2dr_ws/install/deltarobot_interfaces/include/deltarobot_interfaces/deltarobot_interfaces/msg/trajectory_task.hpp
-- Up-to-date: /media/ostifede02/F48A91EB8A91AB1E/Users/ostif/Documents/2dr_ws/install/deltarobot_interfaces/include/deltarobot_interfaces/deltarobot_interfaces
-- Up-to-date: /media/ostifede02/F48A91EB8A91AB1E/Users/ostif/Documents/2dr_ws/install/deltarobot_interfaces/include/deltarobot_interfaces/deltarobot_interfaces/msg
-- Up-to-date: /media/ostifede02/F48A91EB8A91AB1E/Users/ostif/Documents/2dr_ws/install/deltarobot_interfaces/include/deltarobot_interfaces/deltarobot_interfaces/msg/detail
-- Installing: /media/ostifede02/F48A91EB8A91AB1E/Users/ostif/Documents/2dr_ws/install/deltarobot_interfaces/include/deltarobot_interfaces/deltarobot_interfaces/msg/detail/dds_fastrtps
-- Installing: /media/ostifede02/F48A91EB8A91AB1E/Users/ostif/Documents/2dr_ws/install/deltarobot_interfaces/include/deltarobot_interfaces/deltarobot_interfaces/msg/detail/set_points_vector__rosidl_typesupport_fastrtps_cpp.hpp
-- Installing: /media/ostifede02/F48A91EB8A91AB1E/Users/ostif/Documents/2dr_ws/install/deltarobot_interfaces/include/deltarobot_interfaces/deltarobot_interfaces/msg/detail/set_point__rosidl_typesupport_fastrtps_cpp.hpp
-- Installing: /media/ostifede02/F48A91EB8A91AB1E/Users/ostif/Documents/2dr_ws/install/deltarobot_interfaces/include/deltarobot_interfaces/deltarobot_interfaces/msg/detail/trajectory_task__rosidl_typesupport_fastrtps_cpp.hpp
-- Installing: /media/ostifede02/F48A91EB8A91AB1E/Users/ostif/Documents/2dr_ws/install/deltarobot_interfaces/include/deltarobot_interfaces/deltarobot_interfaces/msg/rosidl_typesupport_fastrtps_cpp__visibility_control.h
-- Installing: /media/ostifede02/F48A91EB8A91AB1E/Users/ostif/Documents/2dr_ws/install/deltarobot_interfaces/lib/libdeltarobot_interfaces__rosidl_typesupport_fastrtps_cpp.so
-- Set runtime path of "/media/ostifede02/F48A91EB8A91AB1E/Users/ostif/Documents/2dr_ws/install/deltarobot_interfaces/lib/libdeltarobot_interfaces__rosidl_typesupport_fastrtps_cpp.so" to ""
-- Up-to-date: /media/ostifede02/F48A91EB8A91AB1E/Users/ostif/Documents/2dr_ws/install/deltarobot_interfaces/include/deltarobot_interfaces/deltarobot_interfaces
-- Up-to-date: /media/ostifede02/F48A91EB8A91AB1E/Users/ostif/Documents/2dr_ws/install/deltarobot_interfaces/include/deltarobot_interfaces/deltarobot_interfaces/msg
-- Up-to-date: /media/ostifede02/F48A91EB8A91AB1E/Users/ostif/Documents/2dr_ws/install/deltarobot_interfaces/include/deltarobot_interfaces/deltarobot_interfaces/msg/detail
-- Installing: /media/ostifede02/F48A91EB8A91AB1E/Users/ostif/Documents/2dr_ws/install/deltarobot_interfaces/include/deltarobot_interfaces/deltarobot_interfaces/msg/detail/set_points_vector__rosidl_typesupport_introspection_c.h
-- Installing: /media/ostifede02/F48A91EB8A91AB1E/Users/ostif/Documents/2dr_ws/install/deltarobot_interfaces/include/deltarobot_interfaces/deltarobot_interfaces/msg/detail/set_points_vector__type_support.c
-- Installing: /media/ostifede02/F48A91EB8A91AB1E/Users/ostif/Documents/2dr_ws/install/deltarobot_interfaces/include/deltarobot_interfaces/deltarobot_interfaces/msg/detail/set_point__rosidl_typesupport_introspection_c.h
-- Installing: /media/ostifede02/F48A91EB8A91AB1E/Users/ostif/Documents/2dr_ws/install/deltarobot_interfaces/include/deltarobot_interfaces/deltarobot_interfaces/msg/detail/set_point__type_support.c
-- Installing: /media/ostifede02/F48A91EB8A91AB1E/Users/ostif/Documents/2dr_ws/install/deltarobot_interfaces/include/deltarobot_interfaces/deltarobot_interfaces/msg/detail/trajectory_task__rosidl_typesupport_introspection_c.h
-- Installing: /media/ostifede02/F48A91EB8A91AB1E/Users/ostif/Documents/2dr_ws/install/deltarobot_interfaces/include/deltarobot_interfaces/deltarobot_interfaces/msg/detail/trajectory_task__type_support.c
-- Installing: /media/ostifede02/F48A91EB8A91AB1E/Users/ostif/Documents/2dr_ws/install/deltarobot_interfaces/include/deltarobot_interfaces/deltarobot_interfaces/msg/rosidl_typesupport_introspection_c__visibility_control.h
-- Installing: /media/ostifede02/F48A91EB8A91AB1E/Users/ostif/Documents/2dr_ws/install/deltarobot_interfaces/lib/libdeltarobot_interfaces__rosidl_typesupport_introspection_c.so
-- Set runtime path of "/media/ostifede02/F48A91EB8A91AB1E/Users/ostif/Documents/2dr_ws/install/deltarobot_interfaces/lib/libdeltarobot_interfaces__rosidl_typesupport_introspection_c.so" to ""
-- Installing: /media/ostifede02/F48A91EB8A91AB1E/Users/ostif/Documents/2dr_ws/install/deltarobot_interfaces/lib/libdeltarobot_interfaces__rosidl_typesupport_c.so
-- Set runtime path of "/media/ostifede02/F48A91EB8A91AB1E/Users/ostif/Documents/2dr_ws/install/deltarobot_interfaces/lib/libdeltarobot_interfaces__rosidl_typesupport_c.so" to ""
-- Up-to-date: /media/ostifede02/F48A91EB8A91AB1E/Users/ostif/Documents/2dr_ws/install/deltarobot_interfaces/include/deltarobot_interfaces/deltarobot_interfaces
-- Up-to-date: /media/ostifede02/F48A91EB8A91AB1E/Users/ostif/Documents/2dr_ws/install/deltarobot_interfaces/include/deltarobot_interfaces/deltarobot_interfaces/msg
-- Up-to-date: /media/ostifede02/F48A91EB8A91AB1E/Users/ostif/Documents/2dr_ws/install/deltarobot_interfaces/include/deltarobot_interfaces/deltarobot_interfaces/msg/detail
-- Installing: /media/ostifede02/F48A91EB8A91AB1E/Users/ostif/Documents/2dr_ws/install/deltarobot_interfaces/include/deltarobot_interfaces/deltarobot_interfaces/msg/detail/set_points_vector__rosidl_typesupport_introspection_cpp.hpp
-- Installing: /media/ostifede02/F48A91EB8A91AB1E/Users/ostif/Documents/2dr_ws/install/deltarobot_interfaces/include/deltarobot_interfaces/deltarobot_interfaces/msg/detail/set_points_vector__type_support.cpp
-- Installing: /media/ostifede02/F48A91EB8A91AB1E/Users/ostif/Documents/2dr_ws/install/deltarobot_interfaces/include/deltarobot_interfaces/deltarobot_interfaces/msg/detail/set_point__rosidl_typesupport_introspection_cpp.hpp
-- Installing: /media/ostifede02/F48A91EB8A91AB1E/Users/ostif/Documents/2dr_ws/install/deltarobot_interfaces/include/deltarobot_interfaces/deltarobot_interfaces/msg/detail/set_point__type_support.cpp
-- Installing: /media/ostifede02/F48A91EB8A91AB1E/Users/ostif/Documents/2dr_ws/install/deltarobot_interfaces/include/deltarobot_interfaces/deltarobot_interfaces/msg/detail/trajectory_task__rosidl_typesupport_introspection_cpp.hpp
-- Installing: /media/ostifede02/F48A91EB8A91AB1E/Users/ostif/Documents/2dr_ws/install/deltarobot_interfaces/include/deltarobot_interfaces/deltarobot_interfaces/msg/detail/trajectory_task__type_support.cpp
-- Installing: /media/ostifede02/F48A91EB8A91AB1E/Users/ostif/Documents/2dr_ws/install/deltarobot_interfaces/lib/libdeltarobot_interfaces__rosidl_typesupport_introspection_cpp.so
-- Set runtime path of "/media/ostifede02/F48A91EB8A91AB1E/Users/ostif/Documents/2dr_ws/install/deltarobot_interfaces/lib/libdeltarobot_interfaces__rosidl_typesupport_introspection_cpp.so" to ""
-- Installing: /media/ostifede02/F48A91EB8A91AB1E/Users/ostif/Documents/2dr_ws/install/deltarobot_interfaces/lib/libdeltarobot_interfaces__rosidl_typesupport_cpp.so
-- Set runtime path of "/media/ostifede02/F48A91EB8A91AB1E/Users/ostif/Documents/2dr_ws/install/deltarobot_interfaces/lib/libdeltarobot_interfaces__rosidl_typesupport_cpp.so" to ""
-- Installing: /media/ostifede02/F48A91EB8A91AB1E/Users/ostif/Documents/2dr_ws/install/deltarobot_interfaces/share/deltarobot_interfaces/environment/pythonpath.sh
-- Installing: /media/ostifede02/F48A91EB8A91AB1E/Users/ostif/Documents/2dr_ws/install/deltarobot_interfaces/share/deltarobot_interfaces/environment/pythonpath.dsv
-- Installing: /media/ostifede02/F48A91EB8A91AB1E/Users/ostif/Documents/2dr_ws/install/deltarobot_interfaces/local/lib/python3.10/dist-packages/deltarobot_interfaces-0.0.0-py3.10.egg-info
-- Installing: /media/ostifede02/F48A91EB8A91AB1E/Users/ostif/Documents/2dr_ws/install/deltarobot_interfaces/local/lib/python3.10/dist-packages/deltarobot_interfaces-0.0.0-py3.10.egg-info/dependency_links.txt
-- Installing: /media/ostifede02/F48A91EB8A91AB1E/Users/ostif/Documents/2dr_ws/install/deltarobot_interfaces/local/lib/python3.10/dist-packages/deltarobot_interfaces-0.0.0-py3.10.egg-info/PKG-INFO
-- Installing: /media/ostifede02/F48A91EB8A91AB1E/Users/ostif/Documents/2dr_ws/install/deltarobot_interfaces/local/lib/python3.10/dist-packages/deltarobot_interfaces-0.0.0-py3.10.egg-info/SOURCES.txt
-- Installing: /media/ostifede02/F48A91EB8A91AB1E/Users/ostif/Documents/2dr_ws/install/deltarobot_interfaces/local/lib/python3.10/dist-packages/deltarobot_interfaces-0.0.0-py3.10.egg-info/top_level.txt
-- Installing: /media/ostifede02/F48A91EB8A91AB1E/Users/ostif/Documents/2dr_ws/install/deltarobot_interfaces/local/lib/python3.10/dist-packages/deltarobot_interfaces
-- Installing: /media/ostifede02/F48A91EB8A91AB1E/Users/ostif/Documents/2dr_ws/install/deltarobot_interfaces/local/lib/python3.10/dist-packages/deltarobot_interfaces/deltarobot_interfaces_s__rosidl_typesupport_c.cpython-310-x86_64-linux-gnu.so
-- Installing: /media/ostifede02/F48A91EB8A91AB1E/Users/ostif/Documents/2dr_ws/install/deltarobot_interfaces/local/lib/python3.10/dist-packages/deltarobot_interfaces/deltarobot_interfaces_s__rosidl_typesupport_fastrtps_c.cpython-310-x86_64-linux-gnu.so
-- Installing: /media/ostifede02/F48A91EB8A91AB1E/Users/ostif/Documents/2dr_ws/install/deltarobot_interfaces/local/lib/python3.10/dist-packages/deltarobot_interfaces/deltarobot_interfaces_s__rosidl_typesupport_introspection_c.cpython-310-x86_64-linux-gnu.so
-- Installing: /media/ostifede02/F48A91EB8A91AB1E/Users/ostif/Documents/2dr_ws/install/deltarobot_interfaces/local/lib/python3.10/dist-packages/deltarobot_interfaces/libdeltarobot_interfaces__rosidl_generator_py.so
-- Installing: /media/ostifede02/F48A91EB8A91AB1E/Users/ostif/Documents/2dr_ws/install/deltarobot_interfaces/local/lib/python3.10/dist-packages/deltarobot_interfaces/msg
-- Installing: /media/ostifede02/F48A91EB8A91AB1E/Users/ostif/Documents/2dr_ws/install/deltarobot_interfaces/local/lib/python3.10/dist-packages/deltarobot_interfaces/msg/_set_point.py
-- Installing: /media/ostifede02/F48A91EB8A91AB1E/Users/ostif/Documents/2dr_ws/install/deltarobot_interfaces/local/lib/python3.10/dist-packages/deltarobot_interfaces/msg/_set_points_vector.py
-- Installing: /media/ostifede02/F48A91EB8A91AB1E/Users/ostif/Documents/2dr_ws/install/deltarobot_interfaces/local/lib/python3.10/dist-packages/deltarobot_interfaces/msg/_set_points_vector_s.c
-- Installing: /media/ostifede02/F48A91EB8A91AB1E/Users/ostif/Documents/2dr_ws/install/deltarobot_interfaces/local/lib/python3.10/dist-packages/deltarobot_interfaces/msg/_set_point_s.c
-- Installing: /media/ostifede02/F48A91EB8A91AB1E/Users/ostif/Documents/2dr_ws/install/deltarobot_interfaces/local/lib/python3.10/dist-packages/deltarobot_interfaces/msg/_trajectory_task.py
-- Installing: /media/ostifede02/F48A91EB8A91AB1E/Users/ostif/Documents/2dr_ws/install/deltarobot_interfaces/local/lib/python3.10/dist-packages/deltarobot_interfaces/msg/_trajectory_task_s.c
-- Installing: /media/ostifede02/F48A91EB8A91AB1E/Users/ostif/Documents/2dr_ws/install/deltarobot_interfaces/local/lib/python3.10/dist-packages/deltarobot_interfaces/msg/__init__.py
-- Installing: /media/ostifede02/F48A91EB8A91AB1E/Users/ostif/Documents/2dr_ws/install/deltarobot_interfaces/local/lib/python3.10/dist-packages/deltarobot_interfaces/_deltarobot_interfaces_s.ep.rosidl_typesupport_c.c
-- Installing: /media/ostifede02/F48A91EB8A91AB1E/Users/ostif/Documents/2dr_ws/install/deltarobot_interfaces/local/lib/python3.10/dist-packages/deltarobot_interfaces/_deltarobot_interfaces_s.ep.rosidl_typesupport_fastrtps_c.c
-- Installing: /media/ostifede02/F48A91EB8A91AB1E/Users/ostif/Documents/2dr_ws/install/deltarobot_interfaces/local/lib/python3.10/dist-packages/deltarobot_interfaces/_deltarobot_interfaces_s.ep.rosidl_typesupport_introspection_c.c
-- Installing: /media/ostifede02/F48A91EB8A91AB1E/Users/ostif/Documents/2dr_ws/install/deltarobot_interfaces/local/lib/python3.10/dist-packages/deltarobot_interfaces/__init__.py
Listing '/media/ostifede02/F48A91EB8A91AB1E/Users/ostif/Documents/2dr_ws/install/deltarobot_interfaces/local/lib/python3.10/dist-packages/deltarobot_interfaces'...
Compiling '/media/ostifede02/F48A91EB8A91AB1E/Users/ostif/Documents/2dr_ws/install/deltarobot_interfaces/local/lib/python3.10/dist-packages/deltarobot_interfaces/__init__.py'...
Listing '/media/ostifede02/F48A91EB8A91AB1E/Users/ostif/Documents/2dr_ws/install/deltarobot_interfaces/local/lib/python3.10/dist-packages/deltarobot_interfaces/msg'...
Compiling '/media/ostifede02/F48A91EB8A91AB1E/Users/ostif/Documents/2dr_ws/install/deltarobot_interfaces/local/lib/python3.10/dist-packages/deltarobot_interfaces/msg/__init__.py'...
Compiling '/media/ostifede02/F48A91EB8A91AB1E/Users/ostif/Documents/2dr_ws/install/deltarobot_interfaces/local/lib/python3.10/dist-packages/deltarobot_interfaces/msg/_set_point.py'...
Compiling '/media/ostifede02/F48A91EB8A91AB1E/Users/ostif/Documents/2dr_ws/install/deltarobot_interfaces/local/lib/python3.10/dist-packages/deltarobot_interfaces/msg/_set_points_vector.py'...
Compiling '/media/ostifede02/F48A91EB8A91AB1E/Users/ostif/Documents/2dr_ws/install/deltarobot_interfaces/local/lib/python3.10/dist-packages/deltarobot_interfaces/msg/_trajectory_task.py'...
-- Installing: /media/ostifede02/F48A91EB8A91AB1E/Users/ostif/Documents/2dr_ws/install/deltarobot_interfaces/local/lib/python3.10/dist-packages/deltarobot_interfaces/deltarobot_interfaces_s__rosidl_typesupport_fastrtps_c.cpython-310-x86_64-linux-gnu.so
-- Set runtime path of "/media/ostifede02/F48A91EB8A91AB1E/Users/ostif/Documents/2dr_ws/install/deltarobot_interfaces/local/lib/python3.10/dist-packages/deltarobot_interfaces/deltarobot_interfaces_s__rosidl_typesupport_fastrtps_c.cpython-310-x86_64-linux-gnu.so" to ""
-- Installing: /media/ostifede02/F48A91EB8A91AB1E/Users/ostif/Documents/2dr_ws/install/deltarobot_interfaces/local/lib/python3.10/dist-packages/deltarobot_interfaces/deltarobot_interfaces_s__rosidl_typesupport_introspection_c.cpython-310-x86_64-linux-gnu.so
-- Set runtime path of "/media/ostifede02/F48A91EB8A91AB1E/Users/ostif/Documents/2dr_ws/install/deltarobot_interfaces/local/lib/python3.10/dist-packages/deltarobot_interfaces/deltarobot_interfaces_s__rosidl_typesupport_introspection_c.cpython-310-x86_64-linux-gnu.so" to ""
-- Installing: /media/ostifede02/F48A91EB8A91AB1E/Users/ostif/Documents/2dr_ws/install/deltarobot_interfaces/local/lib/python3.10/dist-packages/deltarobot_interfaces/deltarobot_interfaces_s__rosidl_typesupport_c.cpython-310-x86_64-linux-gnu.so
-- Set runtime path of "/media/ostifede02/F48A91EB8A91AB1E/Users/ostif/Documents/2dr_ws/install/deltarobot_interfaces/local/lib/python3.10/dist-packages/deltarobot_interfaces/deltarobot_interfaces_s__rosidl_typesupport_c.cpython-310-x86_64-linux-gnu.so" to ""
-- Installing: /media/ostifede02/F48A91EB8A91AB1E/Users/ostif/Documents/2dr_ws/install/deltarobot_interfaces/lib/libdeltarobot_interfaces__rosidl_generator_py.so
-- Set runtime path of "/media/ostifede02/F48A91EB8A91AB1E/Users/ostif/Documents/2dr_ws/install/deltarobot_interfaces/lib/libdeltarobot_interfaces__rosidl_generator_py.so" to ""
-- Installing: /media/ostifede02/F48A91EB8A91AB1E/Users/ostif/Documents/2dr_ws/install/deltarobot_interfaces/share/deltarobot_interfaces/msg/SetPoint.idl
-- Installing: /media/ostifede02/F48A91EB8A91AB1E/Users/ostif/Documents/2dr_ws/install/deltarobot_interfaces/share/deltarobot_interfaces/msg/SetPointsVector.idl
-- Installing: /media/ostifede02/F48A91EB8A91AB1E/Users/ostif/Documents/2dr_ws/install/deltarobot_interfaces/share/deltarobot_interfaces/msg/TrajectoryTask.idl
-- Installing: /media/ostifede02/F48A91EB8A91AB1E/Users/ostif/Documents/2dr_ws/install/deltarobot_interfaces/share/deltarobot_interfaces/msg/SetPoint.msg
-- Installing: /media/ostifede02/F48A91EB8A91AB1E/Users/ostif/Documents/2dr_ws/install/deltarobot_interfaces/share/deltarobot_interfaces/msg/SetPointsVector.msg
-- Installing: /media/ostifede02/F48A91EB8A91AB1E/Users/ostif/Documents/2dr_ws/install/deltarobot_interfaces/share/deltarobot_interfaces/msg/TrajectoryTask.msg
-- Installing: /media/ostifede02/F48A91EB8A91AB1E/Users/ostif/Documents/2dr_ws/install/deltarobot_interfaces/share/ament_index/resource_index/package_run_dependencies/deltarobot_interfaces
-- Installing: /media/ostifede02/F48A91EB8A91AB1E/Users/ostif/Documents/2dr_ws/install/deltarobot_interfaces/share/ament_index/resource_index/parent_prefix_path/deltarobot_interfaces
-- Installing: /media/ostifede02/F48A91EB8A91AB1E/Users/ostif/Documents/2dr_ws/install/deltarobot_interfaces/share/deltarobot_interfaces/environment/ament_prefix_path.sh
-- Installing: /media/ostifede02/F48A91EB8A91AB1E/Users/ostif/Documents/2dr_ws/install/deltarobot_interfaces/share/deltarobot_interfaces/environment/ament_prefix_path.dsv
-- Installing: /media/ostifede02/F48A91EB8A91AB1E/Users/ostif/Documents/2dr_ws/install/deltarobot_interfaces/share/deltarobot_interfaces/environment/path.sh
-- Installing: /media/ostifede02/F48A91EB8A91AB1E/Users/ostif/Documents/2dr_ws/install/deltarobot_interfaces/share/deltarobot_interfaces/environment/path.dsv
-- Installing: /media/ostifede02/F48A91EB8A91AB1E/Users/ostif/Documents/2dr_ws/install/deltarobot_interfaces/share/deltarobot_interfaces/local_setup.bash
-- Installing: /media/ostifede02/F48A91EB8A91AB1E/Users/ostif/Documents/2dr_ws/install/deltarobot_interfaces/share/deltarobot_interfaces/local_setup.sh
-- Installing: /media/ostifede02/F48A91EB8A91AB1E/Users/ostif/Documents/2dr_ws/install/deltarobot_interfaces/share/deltarobot_interfaces/local_setup.zsh
-- Installing: /media/ostifede02/F48A91EB8A91AB1E/Users/ostif/Documents/2dr_ws/install/deltarobot_interfaces/share/deltarobot_interfaces/local_setup.dsv
-- Installing: /media/ostifede02/F48A91EB8A91AB1E/Users/ostif/Documents/2dr_ws/install/deltarobot_interfaces/share/deltarobot_interfaces/package.dsv
-- Installing: /media/ostifede02/F48A91EB8A91AB1E/Users/ostif/Documents/2dr_ws/install/deltarobot_interfaces/share/ament_index/resource_index/packages/deltarobot_interfaces
-- Installing: /media/ostifede02/F48A91EB8A91AB1E/Users/ostif/Documents/2dr_ws/install/deltarobot_interfaces/share/deltarobot_interfaces/cmake/export_deltarobot_interfaces__rosidl_generator_cExport.cmake
-- Installing: /media/ostifede02/F48A91EB8A91AB1E/Users/ostif/Documents/2dr_ws/install/deltarobot_interfaces/share/deltarobot_interfaces/cmake/export_deltarobot_interfaces__rosidl_generator_cExport-noconfig.cmake
-- Installing: /media/ostifede02/F48A91EB8A91AB1E/Users/ostif/Documents/2dr_ws/install/deltarobot_interfaces/share/deltarobot_interfaces/cmake/export_deltarobot_interfaces__rosidl_typesupport_fastrtps_cExport.cmake
-- Installing: /media/ostifede02/F48A91EB8A91AB1E/Users/ostif/Documents/2dr_ws/install/deltarobot_interfaces/share/deltarobot_interfaces/cmake/export_deltarobot_interfaces__rosidl_typesupport_fastrtps_cExport-noconfig.cmake
-- Installing: /media/ostifede02/F48A91EB8A91AB1E/Users/ostif/Documents/2dr_ws/install/deltarobot_interfaces/share/deltarobot_interfaces/cmake/export_deltarobot_interfaces__rosidl_generator_cppExport.cmake
-- Installing: /media/ostifede02/F48A91EB8A91AB1E/Users/ostif/Documents/2dr_ws/install/deltarobot_interfaces/share/deltarobot_interfaces/cmake/export_deltarobot_interfaces__rosidl_typesupport_fastrtps_cppExport.cmake
-- Installing: /media/ostifede02/F48A91EB8A91AB1E/Users/ostif/Documents/2dr_ws/install/deltarobot_interfaces/share/deltarobot_interfaces/cmake/export_deltarobot_interfaces__rosidl_typesupport_fastrtps_cppExport-noconfig.cmake
-- Installing: /media/ostifede02/F48A91EB8A91AB1E/Users/ostif/Documents/2dr_ws/install/deltarobot_interfaces/share/deltarobot_interfaces/cmake/deltarobot_interfaces__rosidl_typesupport_introspection_cExport.cmake
-- Installing: /media/ostifede02/F48A91EB8A91AB1E/Users/ostif/Documents/2dr_ws/install/deltarobot_interfaces/share/deltarobot_interfaces/cmake/deltarobot_interfaces__rosidl_typesupport_introspection_cExport-noconfig.cmake
-- Installing: /media/ostifede02/F48A91EB8A91AB1E/Users/ostif/Documents/2dr_ws/install/deltarobot_interfaces/share/deltarobot_interfaces/cmake/deltarobot_interfaces__rosidl_typesupport_cExport.cmake
-- Installing: /media/ostifede02/F48A91EB8A91AB1E/Users/ostif/Documents/2dr_ws/install/deltarobot_interfaces/share/deltarobot_interfaces/cmake/deltarobot_interfaces__rosidl_typesupport_cExport-noconfig.cmake
-- Installing: /media/ostifede02/F48A91EB8A91AB1E/Users/ostif/Documents/2dr_ws/install/deltarobot_interfaces/share/deltarobot_interfaces/cmake/deltarobot_interfaces__rosidl_typesupport_introspection_cppExport.cmake
-- Installing: /media/ostifede02/F48A91EB8A91AB1E/Users/ostif/Documents/2dr_ws/install/deltarobot_interfaces/share/deltarobot_interfaces/cmake/deltarobot_interfaces__rosidl_typesupport_introspection_cppExport-noconfig.cmake
-- Installing: /media/ostifede02/F48A91EB8A91AB1E/Users/ostif/Documents/2dr_ws/install/deltarobot_interfaces/share/deltarobot_interfaces/cmake/deltarobot_interfaces__rosidl_typesupport_cppExport.cmake
-- Installing: /media/ostifede02/F48A91EB8A91AB1E/Users/ostif/Documents/2dr_ws/install/deltarobot_interfaces/share/deltarobot_interfaces/cmake/deltarobot_interfaces__rosidl_typesupport_cppExport-noconfig.cmake
-- Installing: /media/ostifede02/F48A91EB8A91AB1E/Users/ostif/Documents/2dr_ws/install/deltarobot_interfaces/share/deltarobot_interfaces/cmake/export_deltarobot_interfaces__rosidl_generator_pyExport.cmake
-- Installing: /media/ostifede02/F48A91EB8A91AB1E/Users/ostif/Documents/2dr_ws/install/deltarobot_interfaces/share/deltarobot_interfaces/cmake/export_deltarobot_interfaces__rosidl_generator_pyExport-noconfig.cmake
-- Installing: /media/ostifede02/F48A91EB8A91AB1E/Users/ostif/Documents/2dr_ws/install/deltarobot_interfaces/share/deltarobot_interfaces/cmake/rosidl_cmake-extras.cmake
-- Installing: /media/ostifede02/F48A91EB8A91AB1E/Users/ostif/Documents/2dr_ws/install/deltarobot_interfaces/share/deltarobot_interfaces/cmake/ament_cmake_export_dependencies-extras.cmake
-- Installing: /media/ostifede02/F48A91EB8A91AB1E/Users/ostif/Documents/2dr_ws/install/deltarobot_interfaces/share/deltarobot_interfaces/cmake/ament_cmake_export_include_directories-extras.cmake
-- Installing: /media/ostifede02/F48A91EB8A91AB1E/Users/ostif/Documents/2dr_ws/install/deltarobot_interfaces/share/deltarobot_interfaces/cmake/ament_cmake_export_libraries-extras.cmake
-- Installing: /media/ostifede02/F48A91EB8A91AB1E/Users/ostif/Documents/2dr_ws/install/deltarobot_interfaces/share/deltarobot_interfaces/cmake/ament_cmake_export_targets-extras.cmake
-- Installing: /media/ostifede02/F48A91EB8A91AB1E/Users/ostif/Documents/2dr_ws/install/deltarobot_interfaces/share/deltarobot_interfaces/cmake/rosidl_cmake_export_typesupport_targets-extras.cmake
-- Installing: /media/ostifede02/F48A91EB8A91AB1E/Users/ostif/Documents/2dr_ws/install/deltarobot_interfaces/share/deltarobot_interfaces/cmake/rosidl_cmake_export_typesupport_libraries-extras.cmake
-- Installing: /media/ostifede02/F48A91EB8A91AB1E/Users/ostif/Documents/2dr_ws/install/deltarobot_interfaces/share/deltarobot_interfaces/cmake/deltarobot_interfacesConfig.cmake
-- Installing: /media/ostifede02/F48A91EB8A91AB1E/Users/ostif/Documents/2dr_ws/install/deltarobot_interfaces/share/deltarobot_interfaces/cmake/deltarobot_interfacesConfig-version.cmake
-- Installing: /media/ostifede02/F48A91EB8A91AB1E/Users/ostif/Documents/2dr_ws/install/deltarobot_interfaces/share/deltarobot_interfaces/package.xml
