[0.061s] Invoking command in '/media/ostifede02/F48A91EB8A91AB1E/Users/ostif/Documents/2dr_ws/build/deltarobot_interfaces': CMAKE_PREFIX_PATH=${CMAKE_PREFIX_PATH}:/home/ostifede02/Documents/2dr_ws/install/deltarobot:/opt/ros/humble /usr/bin/cmake /media/ostifede02/F48A91EB8A91AB1E/Users/ostif/Documents/2dr_ws/src/deltarobot_interfaces -DCMAKE_INSTALL_PREFIX=/media/ostifede02/F48A91EB8A91AB1E/Users/ostif/Documents/2dr_ws/install/deltarobot_interfaces
[0.123s] -- The C compiler identification is GNU 11.4.0
[0.180s] -- The CXX compiler identification is GNU 11.4.0
[0.192s] -- Detecting C compiler ABI info
[0.283s] -- Detecting C compiler ABI info - done
[0.290s] -- Check for working C compiler: /usr/bin/cc - skipped
[0.290s] -- Detecting C compile features
[0.290s] -- Detecting C compile features - done
[0.294s] -- Detecting CXX compiler ABI info
[0.394s] -- Detecting CXX compiler ABI info - done
[0.401s] -- Check for working CXX compiler: /usr/bin/c++ - skipped
[0.401s] -- Detecting CXX compile features
[0.401s] -- Detecting CXX compile features - done
[0.406s] -- Found ament_cmake: 1.3.6 (/opt/ros/humble/share/ament_cmake/cmake)
[0.782s] -- Found Python3: /usr/bin/python3.10 (found version "3.10.12") found components: Interpreter 
[0.892s] -- Found geometry_msgs: 4.2.3 (/opt/ros/humble/share/geometry_msgs/cmake)
[0.948s] -- Found rosidl_generator_c: 3.1.5 (/opt/ros/humble/share/rosidl_generator_c/cmake)
[0.957s] -- Found rosidl_adapter: 3.1.5 (/opt/ros/humble/share/rosidl_adapter/cmake)
[0.969s] -- Found rosidl_generator_cpp: 3.1.5 (/opt/ros/humble/share/rosidl_generator_cpp/cmake)
[0.986s] -- Using all available rosidl_typesupport_c: rosidl_typesupport_fastrtps_c;rosidl_typesupport_introspection_c
[1.011s] -- Using all available rosidl_typesupport_cpp: rosidl_typesupport_fastrtps_cpp;rosidl_typesupport_introspection_cpp
[1.104s] -- Found rosidl_default_generators: 1.2.0 (/opt/ros/humble/share/rosidl_default_generators/cmake)
[1.347s] -- Found ament_cmake_ros: 0.10.0 (/opt/ros/humble/share/ament_cmake_ros/cmake)
[1.704s] -- Using all available rosidl_typesupport_c: rosidl_typesupport_fastrtps_c;rosidl_typesupport_introspection_c
[1.841s] -- Using all available rosidl_typesupport_cpp: rosidl_typesupport_fastrtps_cpp;rosidl_typesupport_introspection_cpp
[1.864s] -- Found PythonInterp: /usr/bin/python3 (found suitable version "3.10.12", minimum required is "3.6") 
[1.867s] -- Found python_cmake_module: 0.10.0 (/opt/ros/humble/share/python_cmake_module/cmake)
[1.893s] -- Found PythonLibs: /usr/lib/x86_64-linux-gnu/libpython3.10.so (found suitable version "3.10.12", minimum required is "3.5") 
[1.893s] -- Using PYTHON_EXECUTABLE: /usr/bin/python3
[1.893s] -- Using PYTHON_INCLUDE_DIRS: /usr/include/python3.10
[1.893s] -- Using PYTHON_LIBRARIES: /usr/lib/x86_64-linux-gnu/libpython3.10.so
[1.912s] -- Found PythonExtra: .so  
[1.995s] -- Found ament_lint_auto: 0.12.9 (/opt/ros/humble/share/ament_lint_auto/cmake)
[2.053s] -- Added test 'lint_cmake' to check CMake code style
[2.066s] -- Added test 'xmllint' to check XML markup files
[2.084s] -- Configuring done
[2.221s] -- Generating done
[2.234s] -- Build files have been written to: /media/ostifede02/F48A91EB8A91AB1E/Users/ostif/Documents/2dr_ws/build/deltarobot_interfaces
[2.240s] Invoked command in '/media/ostifede02/F48A91EB8A91AB1E/Users/ostif/Documents/2dr_ws/build/deltarobot_interfaces' returned '0': CMAKE_PREFIX_PATH=${CMAKE_PREFIX_PATH}:/home/ostifede02/Documents/2dr_ws/install/deltarobot:/opt/ros/humble /usr/bin/cmake /media/ostifede02/F48A91EB8A91AB1E/Users/ostif/Documents/2dr_ws/src/deltarobot_interfaces -DCMAKE_INSTALL_PREFIX=/media/ostifede02/F48A91EB8A91AB1E/Users/ostif/Documents/2dr_ws/install/deltarobot_interfaces
[2.241s] Invoking command in '/media/ostifede02/F48A91EB8A91AB1E/Users/ostif/Documents/2dr_ws/build/deltarobot_interfaces': CMAKE_PREFIX_PATH=${CMAKE_PREFIX_PATH}:/home/ostifede02/Documents/2dr_ws/install/deltarobot:/opt/ros/humble /usr/bin/cmake --build /media/ostifede02/F48A91EB8A91AB1E/Users/ostif/Documents/2dr_ws/build/deltarobot_interfaces -- -j8 -l8
[2.281s] [  2%] [34m[1mGenerating C code for ROS interfaces[0m
[2.291s] [  4%] [34m[1mGenerating C++ code for ROS interfaces[0m
[2.298s] [  4%] Built target ament_cmake_python_copy_deltarobot_interfaces
[2.600s] running egg_info
[2.600s] creating deltarobot_interfaces.egg-info
[2.600s] writing deltarobot_interfaces.egg-info/PKG-INFO
[2.601s] writing dependency_links to deltarobot_interfaces.egg-info/dependency_links.txt
[2.601s] writing top-level names to deltarobot_interfaces.egg-info/top_level.txt
[2.603s] writing manifest file 'deltarobot_interfaces.egg-info/SOURCES.txt'
[2.603s] [ 10%] [32mBuilding C object CMakeFiles/deltarobot_interfaces__rosidl_generator_c.dir/rosidl_generator_c/deltarobot_interfaces/msg/detail/set_point__functions.c.o[0m
[2.604s] [ 10%] [32mBuilding C object CMakeFiles/deltarobot_interfaces__rosidl_generator_c.dir/rosidl_generator_c/deltarobot_interfaces/msg/detail/set_points_vector__functions.c.o[0m
[2.604s] [ 10%] [32mBuilding C object CMakeFiles/deltarobot_interfaces__rosidl_generator_c.dir/rosidl_generator_c/deltarobot_interfaces/msg/detail/trajectory_task__functions.c.o[0m
[2.606s] reading manifest file 'deltarobot_interfaces.egg-info/SOURCES.txt'
[2.608s] writing manifest file 'deltarobot_interfaces.egg-info/SOURCES.txt'
[2.643s] [ 10%] Built target ament_cmake_python_build_deltarobot_interfaces_egg
[2.651s] [ 10%] Built target deltarobot_interfaces__cpp
[2.669s] [ 14%] [34m[1mGenerating C++ introspection for ROS interfaces[0m
[2.669s] [ 14%] [34m[1mGenerating C++ type support dispatch for ROS interfaces[0m
[2.670s] [ 17%] [34m[1mGenerating C++ type support for eProsima Fast-RTPS[0m
[2.686s] [ 19%] [32m[1mLinking C shared library libdeltarobot_interfaces__rosidl_generator_c.so[0m
[2.727s] [ 19%] Built target deltarobot_interfaces__rosidl_generator_c
[2.745s] [ 21%] [34m[1mGenerating C introspection for ROS interfaces[0m
[2.746s] [ 25%] [34m[1mGenerating C type support dispatch for ROS interfaces[0m
[2.746s] [ 25%] [34m[1mGenerating C type support for eProsima Fast-RTPS[0m
[2.927s] [ 27%] [32mBuilding CXX object CMakeFiles/deltarobot_interfaces__rosidl_typesupport_cpp.dir/rosidl_typesupport_cpp/deltarobot_interfaces/msg/set_point__type_support.cpp.o[0m
[2.932s] [ 29%] [32mBuilding CXX object CMakeFiles/deltarobot_interfaces__rosidl_typesupport_cpp.dir/rosidl_typesupport_cpp/deltarobot_interfaces/msg/trajectory_task__type_support.cpp.o[0m
[2.933s] [ 31%] [32mBuilding CXX object CMakeFiles/deltarobot_interfaces__rosidl_typesupport_cpp.dir/rosidl_typesupport_cpp/deltarobot_interfaces/msg/set_points_vector__type_support.cpp.o[0m
[3.017s] [ 34%] [32mBuilding CXX object CMakeFiles/deltarobot_interfaces__rosidl_typesupport_c.dir/rosidl_typesupport_c/deltarobot_interfaces/msg/set_point__type_support.cpp.o[0m
[3.079s] [ 36%] [32mBuilding CXX object CMakeFiles/deltarobot_interfaces__rosidl_typesupport_c.dir/rosidl_typesupport_c/deltarobot_interfaces/msg/set_points_vector__type_support.cpp.o[0m
[3.152s] [ 38%] [32mBuilding CXX object CMakeFiles/deltarobot_interfaces__rosidl_typesupport_c.dir/rosidl_typesupport_c/deltarobot_interfaces/msg/trajectory_task__type_support.cpp.o[0m
[3.156s] [ 40%] [32mBuilding CXX object CMakeFiles/deltarobot_interfaces__rosidl_typesupport_introspection_cpp.dir/rosidl_typesupport_introspection_cpp/deltarobot_interfaces/msg/detail/set_point__type_support.cpp.o[0m
[3.169s] [ 42%] [32mBuilding CXX object CMakeFiles/deltarobot_interfaces__rosidl_typesupport_fastrtps_cpp.dir/rosidl_typesupport_fastrtps_cpp/deltarobot_interfaces/msg/detail/dds_fastrtps/set_point__type_support.cpp.o[0m
[3.222s] [ 44%] [32m[1mLinking CXX shared library libdeltarobot_interfaces__rosidl_typesupport_c.so[0m
[3.228s] [ 46%] [32mBuilding C object CMakeFiles/deltarobot_interfaces__rosidl_typesupport_introspection_c.dir/rosidl_typesupport_introspection_c/deltarobot_interfaces/msg/detail/set_point__type_support.c.o[0m
[3.253s] [ 48%] [32mBuilding CXX object CMakeFiles/deltarobot_interfaces__rosidl_typesupport_introspection_cpp.dir/rosidl_typesupport_introspection_cpp/deltarobot_interfaces/msg/detail/set_points_vector__type_support.cpp.o[0m
[3.266s] [ 51%] [32mBuilding CXX object CMakeFiles/deltarobot_interfaces__rosidl_typesupport_fastrtps_c.dir/rosidl_typesupport_fastrtps_c/deltarobot_interfaces/msg/detail/set_point__type_support_c.cpp.o[0m
[3.287s] [ 53%] [32mBuilding CXX object CMakeFiles/deltarobot_interfaces__rosidl_typesupport_fastrtps_c.dir/rosidl_typesupport_fastrtps_c/deltarobot_interfaces/msg/detail/set_points_vector__type_support_c.cpp.o[0m
[3.289s] [ 55%] [32m[1mLinking CXX shared library libdeltarobot_interfaces__rosidl_typesupport_cpp.so[0m
[3.306s] [ 55%] Built target deltarobot_interfaces__rosidl_typesupport_c
[3.315s] [ 57%] [32mBuilding C object CMakeFiles/deltarobot_interfaces__rosidl_typesupport_introspection_c.dir/rosidl_typesupport_introspection_c/deltarobot_interfaces/msg/detail/set_points_vector__type_support.c.o[0m
[3.323s] [ 59%] [32mBuilding C object CMakeFiles/deltarobot_interfaces__rosidl_typesupport_introspection_c.dir/rosidl_typesupport_introspection_c/deltarobot_interfaces/msg/detail/trajectory_task__type_support.c.o[0m
[3.373s] [ 59%] Built target deltarobot_interfaces__rosidl_typesupport_cpp
[3.394s] [ 61%] [32mBuilding CXX object CMakeFiles/deltarobot_interfaces__rosidl_typesupport_fastrtps_c.dir/rosidl_typesupport_fastrtps_c/deltarobot_interfaces/msg/detail/trajectory_task__type_support_c.cpp.o[0m
[3.401s] [ 63%] [32mBuilding CXX object CMakeFiles/deltarobot_interfaces__rosidl_typesupport_fastrtps_cpp.dir/rosidl_typesupport_fastrtps_cpp/deltarobot_interfaces/msg/detail/dds_fastrtps/set_points_vector__type_support.cpp.o[0m
[3.412s] [ 65%] [32m[1mLinking C shared library libdeltarobot_interfaces__rosidl_typesupport_introspection_c.so[0m
[3.517s] [ 65%] Built target deltarobot_interfaces__rosidl_typesupport_introspection_c
[3.528s] [ 68%] [32mBuilding CXX object CMakeFiles/deltarobot_interfaces__rosidl_typesupport_fastrtps_cpp.dir/rosidl_typesupport_fastrtps_cpp/deltarobot_interfaces/msg/detail/dds_fastrtps/trajectory_task__type_support.cpp.o[0m
[3.642s] [ 70%] [32mBuilding CXX object CMakeFiles/deltarobot_interfaces__rosidl_typesupport_introspection_cpp.dir/rosidl_typesupport_introspection_cpp/deltarobot_interfaces/msg/detail/trajectory_task__type_support.cpp.o[0m
[3.807s] [ 72%] [32m[1mLinking CXX shared library libdeltarobot_interfaces__rosidl_typesupport_fastrtps_c.so[0m
[3.885s] [ 72%] Built target deltarobot_interfaces__rosidl_typesupport_fastrtps_c
[3.973s] [ 74%] [32m[1mLinking CXX shared library libdeltarobot_interfaces__rosidl_typesupport_fastrtps_cpp.so[0m
[3.991s] [ 76%] [32m[1mLinking CXX shared library libdeltarobot_interfaces__rosidl_typesupport_introspection_cpp.so[0m
[4.053s] [ 76%] Built target deltarobot_interfaces__rosidl_typesupport_fastrtps_cpp
[4.069s] [ 76%] Built target deltarobot_interfaces__rosidl_typesupport_introspection_cpp
[4.088s] [ 76%] Built target deltarobot_interfaces
[4.109s] [ 78%] [34m[1mGenerating Python code for ROS interfaces[0m
[4.451s] [ 78%] Built target deltarobot_interfaces__py
[4.474s] [ 80%] [32mBuilding C object CMakeFiles/deltarobot_interfaces__rosidl_generator_py.dir/rosidl_generator_py/deltarobot_interfaces/msg/_set_point_s.c.o[0m
[4.474s] [ 82%] [32mBuilding C object CMakeFiles/deltarobot_interfaces__rosidl_generator_py.dir/rosidl_generator_py/deltarobot_interfaces/msg/_trajectory_task_s.c.o[0m
[4.475s] [ 85%] [32mBuilding C object CMakeFiles/deltarobot_interfaces__rosidl_generator_py.dir/rosidl_generator_py/deltarobot_interfaces/msg/_set_points_vector_s.c.o[0m
[4.603s] [ 87%] [32m[1mLinking C shared library rosidl_generator_py/deltarobot_interfaces/libdeltarobot_interfaces__rosidl_generator_py.so[0m
[4.645s] [ 87%] Built target deltarobot_interfaces__rosidl_generator_py
[4.672s] [ 89%] [32mBuilding C object CMakeFiles/deltarobot_interfaces__rosidl_typesupport_introspection_c__pyext.dir/rosidl_generator_py/deltarobot_interfaces/_deltarobot_interfaces_s.ep.rosidl_typesupport_introspection_c.c.o[0m
[4.672s] [ 91%] [32mBuilding C object CMakeFiles/deltarobot_interfaces__rosidl_typesupport_fastrtps_c__pyext.dir/rosidl_generator_py/deltarobot_interfaces/_deltarobot_interfaces_s.ep.rosidl_typesupport_fastrtps_c.c.o[0m
[4.673s] [ 93%] [32mBuilding C object CMakeFiles/deltarobot_interfaces__rosidl_typesupport_c__pyext.dir/rosidl_generator_py/deltarobot_interfaces/_deltarobot_interfaces_s.ep.rosidl_typesupport_c.c.o[0m
[4.774s] [ 95%] [32m[1mLinking C shared library rosidl_generator_py/deltarobot_interfaces/deltarobot_interfaces_s__rosidl_typesupport_c.cpython-310-x86_64-linux-gnu.so[0m
[4.781s] [ 97%] [32m[1mLinking C shared library rosidl_generator_py/deltarobot_interfaces/deltarobot_interfaces_s__rosidl_typesupport_fastrtps_c.cpython-310-x86_64-linux-gnu.so[0m
[4.781s] [100%] [32m[1mLinking C shared library rosidl_generator_py/deltarobot_interfaces/deltarobot_interfaces_s__rosidl_typesupport_introspection_c.cpython-310-x86_64-linux-gnu.so[0m
[4.821s] [100%] Built target deltarobot_interfaces__rosidl_typesupport_c__pyext
[4.829s] [100%] Built target deltarobot_interfaces__rosidl_typesupport_introspection_c__pyext
[4.829s] [100%] Built target deltarobot_interfaces__rosidl_typesupport_fastrtps_c__pyext
[4.842s] Invoked command in '/media/ostifede02/F48A91EB8A91AB1E/Users/ostif/Documents/2dr_ws/build/deltarobot_interfaces' returned '0': CMAKE_PREFIX_PATH=${CMAKE_PREFIX_PATH}:/home/ostifede02/Documents/2dr_ws/install/deltarobot:/opt/ros/humble /usr/bin/cmake --build /media/ostifede02/F48A91EB8A91AB1E/Users/ostif/Documents/2dr_ws/build/deltarobot_interfaces -- -j8 -l8
[5.078s] Invoking command in '/media/ostifede02/F48A91EB8A91AB1E/Users/ostif/Documents/2dr_ws/build/deltarobot_interfaces': CMAKE_PREFIX_PATH=${CMAKE_PREFIX_PATH}:/home/ostifede02/Documents/2dr_ws/install/deltarobot:/opt/ros/humble /usr/bin/cmake --install /media/ostifede02/F48A91EB8A91AB1E/Users/ostif/Documents/2dr_ws/build/deltarobot_interfaces
[5.085s] -- Install configuration: ""
[5.086s] -- Installing: /media/ostifede02/F48A91EB8A91AB1E/Users/ostif/Documents/2dr_ws/install/deltarobot_interfaces/share/ament_index/resource_index/rosidl_interfaces/deltarobot_interfaces
[5.088s] -- Installing: /media/ostifede02/F48A91EB8A91AB1E/Users/ostif/Documents/2dr_ws/install/deltarobot_interfaces/include/deltarobot_interfaces/deltarobot_interfaces
[5.089s] -- Installing: /media/ostifede02/F48A91EB8A91AB1E/Users/ostif/Documents/2dr_ws/install/deltarobot_interfaces/include/deltarobot_interfaces/deltarobot_interfaces/msg
[5.090s] -- Installing: /media/ostifede02/F48A91EB8A91AB1E/Users/ostif/Documents/2dr_ws/install/deltarobot_interfaces/include/deltarobot_interfaces/deltarobot_interfaces/msg/detail
[5.092s] -- Installing: /media/ostifede02/F48A91EB8A91AB1E/Users/ostif/Documents/2dr_ws/install/deltarobot_interfaces/include/deltarobot_interfaces/deltarobot_interfaces/msg/detail/set_points_vector__functions.c
[5.094s] -- Installing: /media/ostifede02/F48A91EB8A91AB1E/Users/ostif/Documents/2dr_ws/install/deltarobot_interfaces/include/deltarobot_interfaces/deltarobot_interfaces/msg/detail/set_points_vector__functions.h
[5.096s] -- Installing: /media/ostifede02/F48A91EB8A91AB1E/Users/ostif/Documents/2dr_ws/install/deltarobot_interfaces/include/deltarobot_interfaces/deltarobot_interfaces/msg/detail/set_points_vector__struct.h
[5.098s] -- Installing: /media/ostifede02/F48A91EB8A91AB1E/Users/ostif/Documents/2dr_ws/install/deltarobot_interfaces/include/deltarobot_interfaces/deltarobot_interfaces/msg/detail/set_points_vector__type_support.h
[5.100s] -- Installing: /media/ostifede02/F48A91EB8A91AB1E/Users/ostif/Documents/2dr_ws/install/deltarobot_interfaces/include/deltarobot_interfaces/deltarobot_interfaces/msg/detail/set_point__functions.c
[5.103s] -- Installing: /media/ostifede02/F48A91EB8A91AB1E/Users/ostif/Documents/2dr_ws/install/deltarobot_interfaces/include/deltarobot_interfaces/deltarobot_interfaces/msg/detail/set_point__functions.h
[5.105s] -- Installing: /media/ostifede02/F48A91EB8A91AB1E/Users/ostif/Documents/2dr_ws/install/deltarobot_interfaces/include/deltarobot_interfaces/deltarobot_interfaces/msg/detail/set_point__struct.h
[5.107s] -- Installing: /media/ostifede02/F48A91EB8A91AB1E/Users/ostif/Documents/2dr_ws/install/deltarobot_interfaces/include/deltarobot_interfaces/deltarobot_interfaces/msg/detail/set_point__type_support.h
[5.109s] -- Installing: /media/ostifede02/F48A91EB8A91AB1E/Users/ostif/Documents/2dr_ws/install/deltarobot_interfaces/include/deltarobot_interfaces/deltarobot_interfaces/msg/detail/trajectory_task__functions.c
[5.112s] -- Installing: /media/ostifede02/F48A91EB8A91AB1E/Users/ostif/Documents/2dr_ws/install/deltarobot_interfaces/include/deltarobot_interfaces/deltarobot_interfaces/msg/detail/trajectory_task__functions.h
[5.114s] -- Installing: /media/ostifede02/F48A91EB8A91AB1E/Users/ostif/Documents/2dr_ws/install/deltarobot_interfaces/include/deltarobot_interfaces/deltarobot_interfaces/msg/detail/trajectory_task__struct.h
[5.116s] -- Installing: /media/ostifede02/F48A91EB8A91AB1E/Users/ostif/Documents/2dr_ws/install/deltarobot_interfaces/include/deltarobot_interfaces/deltarobot_interfaces/msg/detail/trajectory_task__type_support.h
[5.118s] -- Installing: /media/ostifede02/F48A91EB8A91AB1E/Users/ostif/Documents/2dr_ws/install/deltarobot_interfaces/include/deltarobot_interfaces/deltarobot_interfaces/msg/rosidl_generator_c__visibility_control.h
[5.120s] -- Installing: /media/ostifede02/F48A91EB8A91AB1E/Users/ostif/Documents/2dr_ws/install/deltarobot_interfaces/include/deltarobot_interfaces/deltarobot_interfaces/msg/set_point.h
[5.122s] -- Installing: /media/ostifede02/F48A91EB8A91AB1E/Users/ostif/Documents/2dr_ws/install/deltarobot_interfaces/include/deltarobot_interfaces/deltarobot_interfaces/msg/set_points_vector.h
[5.124s] -- Installing: /media/ostifede02/F48A91EB8A91AB1E/Users/ostif/Documents/2dr_ws/install/deltarobot_interfaces/include/deltarobot_interfaces/deltarobot_interfaces/msg/trajectory_task.h
[5.126s] -- Installing: /media/ostifede02/F48A91EB8A91AB1E/Users/ostif/Documents/2dr_ws/install/deltarobot_interfaces/share/deltarobot_interfaces/environment/library_path.sh
[5.127s] -- Installing: /media/ostifede02/F48A91EB8A91AB1E/Users/ostif/Documents/2dr_ws/install/deltarobot_interfaces/share/deltarobot_interfaces/environment/library_path.dsv
[5.129s] -- Installing: /media/ostifede02/F48A91EB8A91AB1E/Users/ostif/Documents/2dr_ws/install/deltarobot_interfaces/lib/libdeltarobot_interfaces__rosidl_generator_c.so
[5.131s] -- Set runtime path of "/media/ostifede02/F48A91EB8A91AB1E/Users/ostif/Documents/2dr_ws/install/deltarobot_interfaces/lib/libdeltarobot_interfaces__rosidl_generator_c.so" to ""
[5.132s] -- Up-to-date: /media/ostifede02/F48A91EB8A91AB1E/Users/ostif/Documents/2dr_ws/install/deltarobot_interfaces/include/deltarobot_interfaces/deltarobot_interfaces
[5.132s] -- Up-to-date: /media/ostifede02/F48A91EB8A91AB1E/Users/ostif/Documents/2dr_ws/install/deltarobot_interfaces/include/deltarobot_interfaces/deltarobot_interfaces/msg
[5.133s] -- Up-to-date: /media/ostifede02/F48A91EB8A91AB1E/Users/ostif/Documents/2dr_ws/install/deltarobot_interfaces/include/deltarobot_interfaces/deltarobot_interfaces/msg/detail
[5.134s] -- Installing: /media/ostifede02/F48A91EB8A91AB1E/Users/ostif/Documents/2dr_ws/install/deltarobot_interfaces/include/deltarobot_interfaces/deltarobot_interfaces/msg/detail/set_points_vector__rosidl_typesupport_fastrtps_c.h
[5.136s] -- Installing: /media/ostifede02/F48A91EB8A91AB1E/Users/ostif/Documents/2dr_ws/install/deltarobot_interfaces/include/deltarobot_interfaces/deltarobot_interfaces/msg/detail/set_point__rosidl_typesupport_fastrtps_c.h
[5.138s] -- Installing: /media/ostifede02/F48A91EB8A91AB1E/Users/ostif/Documents/2dr_ws/install/deltarobot_interfaces/include/deltarobot_interfaces/deltarobot_interfaces/msg/detail/trajectory_task__rosidl_typesupport_fastrtps_c.h
[5.140s] -- Installing: /media/ostifede02/F48A91EB8A91AB1E/Users/ostif/Documents/2dr_ws/install/deltarobot_interfaces/include/deltarobot_interfaces/deltarobot_interfaces/msg/rosidl_typesupport_fastrtps_c__visibility_control.h
[5.142s] -- Installing: /media/ostifede02/F48A91EB8A91AB1E/Users/ostif/Documents/2dr_ws/install/deltarobot_interfaces/lib/libdeltarobot_interfaces__rosidl_typesupport_fastrtps_c.so
[5.144s] -- Set runtime path of "/media/ostifede02/F48A91EB8A91AB1E/Users/ostif/Documents/2dr_ws/install/deltarobot_interfaces/lib/libdeltarobot_interfaces__rosidl_typesupport_fastrtps_c.so" to ""
[5.144s] -- Up-to-date: /media/ostifede02/F48A91EB8A91AB1E/Users/ostif/Documents/2dr_ws/install/deltarobot_interfaces/include/deltarobot_interfaces/deltarobot_interfaces
[5.145s] -- Up-to-date: /media/ostifede02/F48A91EB8A91AB1E/Users/ostif/Documents/2dr_ws/install/deltarobot_interfaces/include/deltarobot_interfaces/deltarobot_interfaces/msg
[5.145s] -- Up-to-date: /media/ostifede02/F48A91EB8A91AB1E/Users/ostif/Documents/2dr_ws/install/deltarobot_interfaces/include/deltarobot_interfaces/deltarobot_interfaces/msg/detail
[5.146s] -- Installing: /media/ostifede02/F48A91EB8A91AB1E/Users/ostif/Documents/2dr_ws/install/deltarobot_interfaces/include/deltarobot_interfaces/deltarobot_interfaces/msg/detail/set_points_vector__builder.hpp
[5.148s] -- Installing: /media/ostifede02/F48A91EB8A91AB1E/Users/ostif/Documents/2dr_ws/install/deltarobot_interfaces/include/deltarobot_interfaces/deltarobot_interfaces/msg/detail/set_points_vector__struct.hpp
[5.150s] -- Installing: /media/ostifede02/F48A91EB8A91AB1E/Users/ostif/Documents/2dr_ws/install/deltarobot_interfaces/include/deltarobot_interfaces/deltarobot_interfaces/msg/detail/set_points_vector__traits.hpp
[5.152s] -- Installing: /media/ostifede02/F48A91EB8A91AB1E/Users/ostif/Documents/2dr_ws/install/deltarobot_interfaces/include/deltarobot_interfaces/deltarobot_interfaces/msg/detail/set_point__builder.hpp
[5.154s] -- Installing: /media/ostifede02/F48A91EB8A91AB1E/Users/ostif/Documents/2dr_ws/install/deltarobot_interfaces/include/deltarobot_interfaces/deltarobot_interfaces/msg/detail/set_point__struct.hpp
[5.156s] -- Installing: /media/ostifede02/F48A91EB8A91AB1E/Users/ostif/Documents/2dr_ws/install/deltarobot_interfaces/include/deltarobot_interfaces/deltarobot_interfaces/msg/detail/set_point__traits.hpp
[5.157s] -- Installing: /media/ostifede02/F48A91EB8A91AB1E/Users/ostif/Documents/2dr_ws/install/deltarobot_interfaces/include/deltarobot_interfaces/deltarobot_interfaces/msg/detail/trajectory_task__builder.hpp
[5.159s] -- Installing: /media/ostifede02/F48A91EB8A91AB1E/Users/ostif/Documents/2dr_ws/install/deltarobot_interfaces/include/deltarobot_interfaces/deltarobot_interfaces/msg/detail/trajectory_task__struct.hpp
[5.161s] -- Installing: /media/ostifede02/F48A91EB8A91AB1E/Users/ostif/Documents/2dr_ws/install/deltarobot_interfaces/include/deltarobot_interfaces/deltarobot_interfaces/msg/detail/trajectory_task__traits.hpp
[5.163s] -- Installing: /media/ostifede02/F48A91EB8A91AB1E/Users/ostif/Documents/2dr_ws/install/deltarobot_interfaces/include/deltarobot_interfaces/deltarobot_interfaces/msg/set_point.hpp
[5.165s] -- Installing: /media/ostifede02/F48A91EB8A91AB1E/Users/ostif/Documents/2dr_ws/install/deltarobot_interfaces/include/deltarobot_interfaces/deltarobot_interfaces/msg/set_points_vector.hpp
[5.167s] -- Installing: /media/ostifede02/F48A91EB8A91AB1E/Users/ostif/Documents/2dr_ws/install/deltarobot_interfaces/include/deltarobot_interfaces/deltarobot_interfaces/msg/trajectory_task.hpp
[5.168s] -- Up-to-date: /media/ostifede02/F48A91EB8A91AB1E/Users/ostif/Documents/2dr_ws/install/deltarobot_interfaces/include/deltarobot_interfaces/deltarobot_interfaces
[5.169s] -- Up-to-date: /media/ostifede02/F48A91EB8A91AB1E/Users/ostif/Documents/2dr_ws/install/deltarobot_interfaces/include/deltarobot_interfaces/deltarobot_interfaces/msg
[5.170s] -- Up-to-date: /media/ostifede02/F48A91EB8A91AB1E/Users/ostif/Documents/2dr_ws/install/deltarobot_interfaces/include/deltarobot_interfaces/deltarobot_interfaces/msg/detail
[5.170s] -- Installing: /media/ostifede02/F48A91EB8A91AB1E/Users/ostif/Documents/2dr_ws/install/deltarobot_interfaces/include/deltarobot_interfaces/deltarobot_interfaces/msg/detail/dds_fastrtps
[5.172s] -- Installing: /media/ostifede02/F48A91EB8A91AB1E/Users/ostif/Documents/2dr_ws/install/deltarobot_interfaces/include/deltarobot_interfaces/deltarobot_interfaces/msg/detail/set_points_vector__rosidl_typesupport_fastrtps_cpp.hpp
[5.174s] -- Installing: /media/ostifede02/F48A91EB8A91AB1E/Users/ostif/Documents/2dr_ws/install/deltarobot_interfaces/include/deltarobot_interfaces/deltarobot_interfaces/msg/detail/set_point__rosidl_typesupport_fastrtps_cpp.hpp
[5.175s] -- Installing: /media/ostifede02/F48A91EB8A91AB1E/Users/ostif/Documents/2dr_ws/install/deltarobot_interfaces/include/deltarobot_interfaces/deltarobot_interfaces/msg/detail/trajectory_task__rosidl_typesupport_fastrtps_cpp.hpp
[5.177s] -- Installing: /media/ostifede02/F48A91EB8A91AB1E/Users/ostif/Documents/2dr_ws/install/deltarobot_interfaces/include/deltarobot_interfaces/deltarobot_interfaces/msg/rosidl_typesupport_fastrtps_cpp__visibility_control.h
[5.179s] -- Installing: /media/ostifede02/F48A91EB8A91AB1E/Users/ostif/Documents/2dr_ws/install/deltarobot_interfaces/lib/libdeltarobot_interfaces__rosidl_typesupport_fastrtps_cpp.so
[5.181s] -- Set runtime path of "/media/ostifede02/F48A91EB8A91AB1E/Users/ostif/Documents/2dr_ws/install/deltarobot_interfaces/lib/libdeltarobot_interfaces__rosidl_typesupport_fastrtps_cpp.so" to ""
[5.182s] -- Up-to-date: /media/ostifede02/F48A91EB8A91AB1E/Users/ostif/Documents/2dr_ws/install/deltarobot_interfaces/include/deltarobot_interfaces/deltarobot_interfaces
[5.182s] -- Up-to-date: /media/ostifede02/F48A91EB8A91AB1E/Users/ostif/Documents/2dr_ws/install/deltarobot_interfaces/include/deltarobot_interfaces/deltarobot_interfaces/msg
[5.183s] -- Up-to-date: /media/ostifede02/F48A91EB8A91AB1E/Users/ostif/Documents/2dr_ws/install/deltarobot_interfaces/include/deltarobot_interfaces/deltarobot_interfaces/msg/detail
[5.184s] -- Installing: /media/ostifede02/F48A91EB8A91AB1E/Users/ostif/Documents/2dr_ws/install/deltarobot_interfaces/include/deltarobot_interfaces/deltarobot_interfaces/msg/detail/set_points_vector__rosidl_typesupport_introspection_c.h
[5.186s] -- Installing: /media/ostifede02/F48A91EB8A91AB1E/Users/ostif/Documents/2dr_ws/install/deltarobot_interfaces/include/deltarobot_interfaces/deltarobot_interfaces/msg/detail/set_points_vector__type_support.c
[5.188s] -- Installing: /media/ostifede02/F48A91EB8A91AB1E/Users/ostif/Documents/2dr_ws/install/deltarobot_interfaces/include/deltarobot_interfaces/deltarobot_interfaces/msg/detail/set_point__rosidl_typesupport_introspection_c.h
[5.190s] -- Installing: /media/ostifede02/F48A91EB8A91AB1E/Users/ostif/Documents/2dr_ws/install/deltarobot_interfaces/include/deltarobot_interfaces/deltarobot_interfaces/msg/detail/set_point__type_support.c
[5.192s] -- Installing: /media/ostifede02/F48A91EB8A91AB1E/Users/ostif/Documents/2dr_ws/install/deltarobot_interfaces/include/deltarobot_interfaces/deltarobot_interfaces/msg/detail/trajectory_task__rosidl_typesupport_introspection_c.h
[5.193s] -- Installing: /media/ostifede02/F48A91EB8A91AB1E/Users/ostif/Documents/2dr_ws/install/deltarobot_interfaces/include/deltarobot_interfaces/deltarobot_interfaces/msg/detail/trajectory_task__type_support.c
[5.195s] -- Installing: /media/ostifede02/F48A91EB8A91AB1E/Users/ostif/Documents/2dr_ws/install/deltarobot_interfaces/include/deltarobot_interfaces/deltarobot_interfaces/msg/rosidl_typesupport_introspection_c__visibility_control.h
[5.197s] -- Installing: /media/ostifede02/F48A91EB8A91AB1E/Users/ostif/Documents/2dr_ws/install/deltarobot_interfaces/lib/libdeltarobot_interfaces__rosidl_typesupport_introspection_c.so
[5.199s] -- Set runtime path of "/media/ostifede02/F48A91EB8A91AB1E/Users/ostif/Documents/2dr_ws/install/deltarobot_interfaces/lib/libdeltarobot_interfaces__rosidl_typesupport_introspection_c.so" to ""
[5.200s] -- Installing: /media/ostifede02/F48A91EB8A91AB1E/Users/ostif/Documents/2dr_ws/install/deltarobot_interfaces/lib/libdeltarobot_interfaces__rosidl_typesupport_c.so
[5.202s] -- Set runtime path of "/media/ostifede02/F48A91EB8A91AB1E/Users/ostif/Documents/2dr_ws/install/deltarobot_interfaces/lib/libdeltarobot_interfaces__rosidl_typesupport_c.so" to ""
[5.202s] -- Up-to-date: /media/ostifede02/F48A91EB8A91AB1E/Users/ostif/Documents/2dr_ws/install/deltarobot_interfaces/include/deltarobot_interfaces/deltarobot_interfaces
[5.203s] -- Up-to-date: /media/ostifede02/F48A91EB8A91AB1E/Users/ostif/Documents/2dr_ws/install/deltarobot_interfaces/include/deltarobot_interfaces/deltarobot_interfaces/msg
[5.204s] -- Up-to-date: /media/ostifede02/F48A91EB8A91AB1E/Users/ostif/Documents/2dr_ws/install/deltarobot_interfaces/include/deltarobot_interfaces/deltarobot_interfaces/msg/detail
[5.205s] -- Installing: /media/ostifede02/F48A91EB8A91AB1E/Users/ostif/Documents/2dr_ws/install/deltarobot_interfaces/include/deltarobot_interfaces/deltarobot_interfaces/msg/detail/set_points_vector__rosidl_typesupport_introspection_cpp.hpp
[5.207s] -- Installing: /media/ostifede02/F48A91EB8A91AB1E/Users/ostif/Documents/2dr_ws/install/deltarobot_interfaces/include/deltarobot_interfaces/deltarobot_interfaces/msg/detail/set_points_vector__type_support.cpp
[5.208s] -- Installing: /media/ostifede02/F48A91EB8A91AB1E/Users/ostif/Documents/2dr_ws/install/deltarobot_interfaces/include/deltarobot_interfaces/deltarobot_interfaces/msg/detail/set_point__rosidl_typesupport_introspection_cpp.hpp
[5.211s] -- Installing: /media/ostifede02/F48A91EB8A91AB1E/Users/ostif/Documents/2dr_ws/install/deltarobot_interfaces/include/deltarobot_interfaces/deltarobot_interfaces/msg/detail/set_point__type_support.cpp
[5.212s] -- Installing: /media/ostifede02/F48A91EB8A91AB1E/Users/ostif/Documents/2dr_ws/install/deltarobot_interfaces/include/deltarobot_interfaces/deltarobot_interfaces/msg/detail/trajectory_task__rosidl_typesupport_introspection_cpp.hpp
[5.214s] -- Installing: /media/ostifede02/F48A91EB8A91AB1E/Users/ostif/Documents/2dr_ws/install/deltarobot_interfaces/include/deltarobot_interfaces/deltarobot_interfaces/msg/detail/trajectory_task__type_support.cpp
[5.216s] -- Installing: /media/ostifede02/F48A91EB8A91AB1E/Users/ostif/Documents/2dr_ws/install/deltarobot_interfaces/lib/libdeltarobot_interfaces__rosidl_typesupport_introspection_cpp.so
[5.219s] -- Set runtime path of "/media/ostifede02/F48A91EB8A91AB1E/Users/ostif/Documents/2dr_ws/install/deltarobot_interfaces/lib/libdeltarobot_interfaces__rosidl_typesupport_introspection_cpp.so" to ""
[5.219s] -- Installing: /media/ostifede02/F48A91EB8A91AB1E/Users/ostif/Documents/2dr_ws/install/deltarobot_interfaces/lib/libdeltarobot_interfaces__rosidl_typesupport_cpp.so
[5.221s] -- Set runtime path of "/media/ostifede02/F48A91EB8A91AB1E/Users/ostif/Documents/2dr_ws/install/deltarobot_interfaces/lib/libdeltarobot_interfaces__rosidl_typesupport_cpp.so" to ""
[5.222s] -- Installing: /media/ostifede02/F48A91EB8A91AB1E/Users/ostif/Documents/2dr_ws/install/deltarobot_interfaces/share/deltarobot_interfaces/environment/pythonpath.sh
[5.224s] -- Installing: /media/ostifede02/F48A91EB8A91AB1E/Users/ostif/Documents/2dr_ws/install/deltarobot_interfaces/share/deltarobot_interfaces/environment/pythonpath.dsv
[5.225s] -- Installing: /media/ostifede02/F48A91EB8A91AB1E/Users/ostif/Documents/2dr_ws/install/deltarobot_interfaces/local/lib/python3.10/dist-packages/deltarobot_interfaces-0.0.0-py3.10.egg-info
[5.226s] -- Installing: /media/ostifede02/F48A91EB8A91AB1E/Users/ostif/Documents/2dr_ws/install/deltarobot_interfaces/local/lib/python3.10/dist-packages/deltarobot_interfaces-0.0.0-py3.10.egg-info/dependency_links.txt
[5.228s] -- Installing: /media/ostifede02/F48A91EB8A91AB1E/Users/ostif/Documents/2dr_ws/install/deltarobot_interfaces/local/lib/python3.10/dist-packages/deltarobot_interfaces-0.0.0-py3.10.egg-info/PKG-INFO
[5.230s] -- Installing: /media/ostifede02/F48A91EB8A91AB1E/Users/ostif/Documents/2dr_ws/install/deltarobot_interfaces/local/lib/python3.10/dist-packages/deltarobot_interfaces-0.0.0-py3.10.egg-info/SOURCES.txt
[5.232s] -- Installing: /media/ostifede02/F48A91EB8A91AB1E/Users/ostif/Documents/2dr_ws/install/deltarobot_interfaces/local/lib/python3.10/dist-packages/deltarobot_interfaces-0.0.0-py3.10.egg-info/top_level.txt
[5.234s] -- Installing: /media/ostifede02/F48A91EB8A91AB1E/Users/ostif/Documents/2dr_ws/install/deltarobot_interfaces/local/lib/python3.10/dist-packages/deltarobot_interfaces
[5.235s] -- Installing: /media/ostifede02/F48A91EB8A91AB1E/Users/ostif/Documents/2dr_ws/install/deltarobot_interfaces/local/lib/python3.10/dist-packages/deltarobot_interfaces/deltarobot_interfaces_s__rosidl_typesupport_c.cpython-310-x86_64-linux-gnu.so
[5.237s] -- Installing: /media/ostifede02/F48A91EB8A91AB1E/Users/ostif/Documents/2dr_ws/install/deltarobot_interfaces/local/lib/python3.10/dist-packages/deltarobot_interfaces/deltarobot_interfaces_s__rosidl_typesupport_fastrtps_c.cpython-310-x86_64-linux-gnu.so
[5.239s] -- Installing: /media/ostifede02/F48A91EB8A91AB1E/Users/ostif/Documents/2dr_ws/install/deltarobot_interfaces/local/lib/python3.10/dist-packages/deltarobot_interfaces/deltarobot_interfaces_s__rosidl_typesupport_introspection_c.cpython-310-x86_64-linux-gnu.so
[5.241s] -- Installing: /media/ostifede02/F48A91EB8A91AB1E/Users/ostif/Documents/2dr_ws/install/deltarobot_interfaces/local/lib/python3.10/dist-packages/deltarobot_interfaces/libdeltarobot_interfaces__rosidl_generator_py.so
[5.243s] -- Installing: /media/ostifede02/F48A91EB8A91AB1E/Users/ostif/Documents/2dr_ws/install/deltarobot_interfaces/local/lib/python3.10/dist-packages/deltarobot_interfaces/msg
[5.244s] -- Installing: /media/ostifede02/F48A91EB8A91AB1E/Users/ostif/Documents/2dr_ws/install/deltarobot_interfaces/local/lib/python3.10/dist-packages/deltarobot_interfaces/msg/_set_point.py
[5.246s] -- Installing: /media/ostifede02/F48A91EB8A91AB1E/Users/ostif/Documents/2dr_ws/install/deltarobot_interfaces/local/lib/python3.10/dist-packages/deltarobot_interfaces/msg/_set_points_vector.py
[5.248s] -- Installing: /media/ostifede02/F48A91EB8A91AB1E/Users/ostif/Documents/2dr_ws/install/deltarobot_interfaces/local/lib/python3.10/dist-packages/deltarobot_interfaces/msg/_set_points_vector_s.c
[5.250s] -- Installing: /media/ostifede02/F48A91EB8A91AB1E/Users/ostif/Documents/2dr_ws/install/deltarobot_interfaces/local/lib/python3.10/dist-packages/deltarobot_interfaces/msg/_set_point_s.c
[5.251s] -- Installing: /media/ostifede02/F48A91EB8A91AB1E/Users/ostif/Documents/2dr_ws/install/deltarobot_interfaces/local/lib/python3.10/dist-packages/deltarobot_interfaces/msg/_trajectory_task.py
[5.254s] -- Installing: /media/ostifede02/F48A91EB8A91AB1E/Users/ostif/Documents/2dr_ws/install/deltarobot_interfaces/local/lib/python3.10/dist-packages/deltarobot_interfaces/msg/_trajectory_task_s.c
[5.256s] -- Installing: /media/ostifede02/F48A91EB8A91AB1E/Users/ostif/Documents/2dr_ws/install/deltarobot_interfaces/local/lib/python3.10/dist-packages/deltarobot_interfaces/msg/__init__.py
[5.257s] -- Installing: /media/ostifede02/F48A91EB8A91AB1E/Users/ostif/Documents/2dr_ws/install/deltarobot_interfaces/local/lib/python3.10/dist-packages/deltarobot_interfaces/_deltarobot_interfaces_s.ep.rosidl_typesupport_c.c
[5.259s] -- Installing: /media/ostifede02/F48A91EB8A91AB1E/Users/ostif/Documents/2dr_ws/install/deltarobot_interfaces/local/lib/python3.10/dist-packages/deltarobot_interfaces/_deltarobot_interfaces_s.ep.rosidl_typesupport_fastrtps_c.c
[5.261s] -- Installing: /media/ostifede02/F48A91EB8A91AB1E/Users/ostif/Documents/2dr_ws/install/deltarobot_interfaces/local/lib/python3.10/dist-packages/deltarobot_interfaces/_deltarobot_interfaces_s.ep.rosidl_typesupport_introspection_c.c
[5.263s] -- Installing: /media/ostifede02/F48A91EB8A91AB1E/Users/ostif/Documents/2dr_ws/install/deltarobot_interfaces/local/lib/python3.10/dist-packages/deltarobot_interfaces/__init__.py
[5.305s] Listing '/media/ostifede02/F48A91EB8A91AB1E/Users/ostif/Documents/2dr_ws/install/deltarobot_interfaces/local/lib/python3.10/dist-packages/deltarobot_interfaces'...
[5.305s] Compiling '/media/ostifede02/F48A91EB8A91AB1E/Users/ostif/Documents/2dr_ws/install/deltarobot_interfaces/local/lib/python3.10/dist-packages/deltarobot_interfaces/__init__.py'...
[5.305s] Listing '/media/ostifede02/F48A91EB8A91AB1E/Users/ostif/Documents/2dr_ws/install/deltarobot_interfaces/local/lib/python3.10/dist-packages/deltarobot_interfaces/msg'...
[5.305s] Compiling '/media/ostifede02/F48A91EB8A91AB1E/Users/ostif/Documents/2dr_ws/install/deltarobot_interfaces/local/lib/python3.10/dist-packages/deltarobot_interfaces/msg/__init__.py'...
[5.305s] Compiling '/media/ostifede02/F48A91EB8A91AB1E/Users/ostif/Documents/2dr_ws/install/deltarobot_interfaces/local/lib/python3.10/dist-packages/deltarobot_interfaces/msg/_set_point.py'...
[5.305s] Compiling '/media/ostifede02/F48A91EB8A91AB1E/Users/ostif/Documents/2dr_ws/install/deltarobot_interfaces/local/lib/python3.10/dist-packages/deltarobot_interfaces/msg/_set_points_vector.py'...
[5.305s] Compiling '/media/ostifede02/F48A91EB8A91AB1E/Users/ostif/Documents/2dr_ws/install/deltarobot_interfaces/local/lib/python3.10/dist-packages/deltarobot_interfaces/msg/_trajectory_task.py'...
[5.309s] -- Installing: /media/ostifede02/F48A91EB8A91AB1E/Users/ostif/Documents/2dr_ws/install/deltarobot_interfaces/local/lib/python3.10/dist-packages/deltarobot_interfaces/deltarobot_interfaces_s__rosidl_typesupport_fastrtps_c.cpython-310-x86_64-linux-gnu.so
[5.312s] -- Set runtime path of "/media/ostifede02/F48A91EB8A91AB1E/Users/ostif/Documents/2dr_ws/install/deltarobot_interfaces/local/lib/python3.10/dist-packages/deltarobot_interfaces/deltarobot_interfaces_s__rosidl_typesupport_fastrtps_c.cpython-310-x86_64-linux-gnu.so" to ""
[5.313s] -- Installing: /media/ostifede02/F48A91EB8A91AB1E/Users/ostif/Documents/2dr_ws/install/deltarobot_interfaces/local/lib/python3.10/dist-packages/deltarobot_interfaces/deltarobot_interfaces_s__rosidl_typesupport_introspection_c.cpython-310-x86_64-linux-gnu.so
[5.316s] -- Set runtime path of "/media/ostifede02/F48A91EB8A91AB1E/Users/ostif/Documents/2dr_ws/install/deltarobot_interfaces/local/lib/python3.10/dist-packages/deltarobot_interfaces/deltarobot_interfaces_s__rosidl_typesupport_introspection_c.cpython-310-x86_64-linux-gnu.so" to ""
[5.317s] -- Installing: /media/ostifede02/F48A91EB8A91AB1E/Users/ostif/Documents/2dr_ws/install/deltarobot_interfaces/local/lib/python3.10/dist-packages/deltarobot_interfaces/deltarobot_interfaces_s__rosidl_typesupport_c.cpython-310-x86_64-linux-gnu.so
[5.320s] -- Set runtime path of "/media/ostifede02/F48A91EB8A91AB1E/Users/ostif/Documents/2dr_ws/install/deltarobot_interfaces/local/lib/python3.10/dist-packages/deltarobot_interfaces/deltarobot_interfaces_s__rosidl_typesupport_c.cpython-310-x86_64-linux-gnu.so" to ""
[5.321s] -- Installing: /media/ostifede02/F48A91EB8A91AB1E/Users/ostif/Documents/2dr_ws/install/deltarobot_interfaces/lib/libdeltarobot_interfaces__rosidl_generator_py.so
[5.323s] -- Set runtime path of "/media/ostifede02/F48A91EB8A91AB1E/Users/ostif/Documents/2dr_ws/install/deltarobot_interfaces/lib/libdeltarobot_interfaces__rosidl_generator_py.so" to ""
[5.324s] -- Installing: /media/ostifede02/F48A91EB8A91AB1E/Users/ostif/Documents/2dr_ws/install/deltarobot_interfaces/share/deltarobot_interfaces/msg/SetPoint.idl
[5.326s] -- Installing: /media/ostifede02/F48A91EB8A91AB1E/Users/ostif/Documents/2dr_ws/install/deltarobot_interfaces/share/deltarobot_interfaces/msg/SetPointsVector.idl
[5.328s] -- Installing: /media/ostifede02/F48A91EB8A91AB1E/Users/ostif/Documents/2dr_ws/install/deltarobot_interfaces/share/deltarobot_interfaces/msg/TrajectoryTask.idl
[5.329s] -- Installing: /media/ostifede02/F48A91EB8A91AB1E/Users/ostif/Documents/2dr_ws/install/deltarobot_interfaces/share/deltarobot_interfaces/msg/SetPoint.msg
[5.331s] -- Installing: /media/ostifede02/F48A91EB8A91AB1E/Users/ostif/Documents/2dr_ws/install/deltarobot_interfaces/share/deltarobot_interfaces/msg/SetPointsVector.msg
[5.333s] -- Installing: /media/ostifede02/F48A91EB8A91AB1E/Users/ostif/Documents/2dr_ws/install/deltarobot_interfaces/share/deltarobot_interfaces/msg/TrajectoryTask.msg
[5.335s] -- Installing: /media/ostifede02/F48A91EB8A91AB1E/Users/ostif/Documents/2dr_ws/install/deltarobot_interfaces/share/ament_index/resource_index/package_run_dependencies/deltarobot_interfaces
[5.337s] -- Installing: /media/ostifede02/F48A91EB8A91AB1E/Users/ostif/Documents/2dr_ws/install/deltarobot_interfaces/share/ament_index/resource_index/parent_prefix_path/deltarobot_interfaces
[5.339s] -- Installing: /media/ostifede02/F48A91EB8A91AB1E/Users/ostif/Documents/2dr_ws/install/deltarobot_interfaces/share/deltarobot_interfaces/environment/ament_prefix_path.sh
[5.341s] -- Installing: /media/ostifede02/F48A91EB8A91AB1E/Users/ostif/Documents/2dr_ws/install/deltarobot_interfaces/share/deltarobot_interfaces/environment/ament_prefix_path.dsv
[5.342s] -- Installing: /media/ostifede02/F48A91EB8A91AB1E/Users/ostif/Documents/2dr_ws/install/deltarobot_interfaces/share/deltarobot_interfaces/environment/path.sh
[5.343s] -- Installing: /media/ostifede02/F48A91EB8A91AB1E/Users/ostif/Documents/2dr_ws/install/deltarobot_interfaces/share/deltarobot_interfaces/environment/path.dsv
[5.345s] -- Installing: /media/ostifede02/F48A91EB8A91AB1E/Users/ostif/Documents/2dr_ws/install/deltarobot_interfaces/share/deltarobot_interfaces/local_setup.bash
[5.347s] -- Installing: /media/ostifede02/F48A91EB8A91AB1E/Users/ostif/Documents/2dr_ws/install/deltarobot_interfaces/share/deltarobot_interfaces/local_setup.sh
[5.348s] -- Installing: /media/ostifede02/F48A91EB8A91AB1E/Users/ostif/Documents/2dr_ws/install/deltarobot_interfaces/share/deltarobot_interfaces/local_setup.zsh
[5.350s] -- Installing: /media/ostifede02/F48A91EB8A91AB1E/Users/ostif/Documents/2dr_ws/install/deltarobot_interfaces/share/deltarobot_interfaces/local_setup.dsv
[5.351s] -- Installing: /media/ostifede02/F48A91EB8A91AB1E/Users/ostif/Documents/2dr_ws/install/deltarobot_interfaces/share/deltarobot_interfaces/package.dsv
[5.354s] -- Installing: /media/ostifede02/F48A91EB8A91AB1E/Users/ostif/Documents/2dr_ws/install/deltarobot_interfaces/share/ament_index/resource_index/packages/deltarobot_interfaces
[5.356s] -- Installing: /media/ostifede02/F48A91EB8A91AB1E/Users/ostif/Documents/2dr_ws/install/deltarobot_interfaces/share/deltarobot_interfaces/cmake/export_deltarobot_interfaces__rosidl_generator_cExport.cmake
[5.358s] -- Installing: /media/ostifede02/F48A91EB8A91AB1E/Users/ostif/Documents/2dr_ws/install/deltarobot_interfaces/share/deltarobot_interfaces/cmake/export_deltarobot_interfaces__rosidl_generator_cExport-noconfig.cmake
[5.359s] -- Installing: /media/ostifede02/F48A91EB8A91AB1E/Users/ostif/Documents/2dr_ws/install/deltarobot_interfaces/share/deltarobot_interfaces/cmake/export_deltarobot_interfaces__rosidl_typesupport_fastrtps_cExport.cmake
[5.361s] -- Installing: /media/ostifede02/F48A91EB8A91AB1E/Users/ostif/Documents/2dr_ws/install/deltarobot_interfaces/share/deltarobot_interfaces/cmake/export_deltarobot_interfaces__rosidl_typesupport_fastrtps_cExport-noconfig.cmake
[5.363s] -- Installing: /media/ostifede02/F48A91EB8A91AB1E/Users/ostif/Documents/2dr_ws/install/deltarobot_interfaces/share/deltarobot_interfaces/cmake/export_deltarobot_interfaces__rosidl_generator_cppExport.cmake
[5.365s] -- Installing: /media/ostifede02/F48A91EB8A91AB1E/Users/ostif/Documents/2dr_ws/install/deltarobot_interfaces/share/deltarobot_interfaces/cmake/export_deltarobot_interfaces__rosidl_typesupport_fastrtps_cppExport.cmake
[5.367s] -- Installing: /media/ostifede02/F48A91EB8A91AB1E/Users/ostif/Documents/2dr_ws/install/deltarobot_interfaces/share/deltarobot_interfaces/cmake/export_deltarobot_interfaces__rosidl_typesupport_fastrtps_cppExport-noconfig.cmake
[5.369s] -- Installing: /media/ostifede02/F48A91EB8A91AB1E/Users/ostif/Documents/2dr_ws/install/deltarobot_interfaces/share/deltarobot_interfaces/cmake/deltarobot_interfaces__rosidl_typesupport_introspection_cExport.cmake
[5.371s] -- Installing: /media/ostifede02/F48A91EB8A91AB1E/Users/ostif/Documents/2dr_ws/install/deltarobot_interfaces/share/deltarobot_interfaces/cmake/deltarobot_interfaces__rosidl_typesupport_introspection_cExport-noconfig.cmake
[5.373s] -- Installing: /media/ostifede02/F48A91EB8A91AB1E/Users/ostif/Documents/2dr_ws/install/deltarobot_interfaces/share/deltarobot_interfaces/cmake/deltarobot_interfaces__rosidl_typesupport_cExport.cmake
[5.374s] -- Installing: /media/ostifede02/F48A91EB8A91AB1E/Users/ostif/Documents/2dr_ws/install/deltarobot_interfaces/share/deltarobot_interfaces/cmake/deltarobot_interfaces__rosidl_typesupport_cExport-noconfig.cmake
[5.376s] -- Installing: /media/ostifede02/F48A91EB8A91AB1E/Users/ostif/Documents/2dr_ws/install/deltarobot_interfaces/share/deltarobot_interfaces/cmake/deltarobot_interfaces__rosidl_typesupport_introspection_cppExport.cmake
[5.378s] -- Installing: /media/ostifede02/F48A91EB8A91AB1E/Users/ostif/Documents/2dr_ws/install/deltarobot_interfaces/share/deltarobot_interfaces/cmake/deltarobot_interfaces__rosidl_typesupport_introspection_cppExport-noconfig.cmake
[5.380s] -- Installing: /media/ostifede02/F48A91EB8A91AB1E/Users/ostif/Documents/2dr_ws/install/deltarobot_interfaces/share/deltarobot_interfaces/cmake/deltarobot_interfaces__rosidl_typesupport_cppExport.cmake
[5.382s] -- Installing: /media/ostifede02/F48A91EB8A91AB1E/Users/ostif/Documents/2dr_ws/install/deltarobot_interfaces/share/deltarobot_interfaces/cmake/deltarobot_interfaces__rosidl_typesupport_cppExport-noconfig.cmake
[5.384s] -- Installing: /media/ostifede02/F48A91EB8A91AB1E/Users/ostif/Documents/2dr_ws/install/deltarobot_interfaces/share/deltarobot_interfaces/cmake/export_deltarobot_interfaces__rosidl_generator_pyExport.cmake
[5.386s] -- Installing: /media/ostifede02/F48A91EB8A91AB1E/Users/ostif/Documents/2dr_ws/install/deltarobot_interfaces/share/deltarobot_interfaces/cmake/export_deltarobot_interfaces__rosidl_generator_pyExport-noconfig.cmake
[5.387s] -- Installing: /media/ostifede02/F48A91EB8A91AB1E/Users/ostif/Documents/2dr_ws/install/deltarobot_interfaces/share/deltarobot_interfaces/cmake/rosidl_cmake-extras.cmake
[5.389s] -- Installing: /media/ostifede02/F48A91EB8A91AB1E/Users/ostif/Documents/2dr_ws/install/deltarobot_interfaces/share/deltarobot_interfaces/cmake/ament_cmake_export_dependencies-extras.cmake
[5.391s] -- Installing: /media/ostifede02/F48A91EB8A91AB1E/Users/ostif/Documents/2dr_ws/install/deltarobot_interfaces/share/deltarobot_interfaces/cmake/ament_cmake_export_include_directories-extras.cmake
[5.392s] -- Installing: /media/ostifede02/F48A91EB8A91AB1E/Users/ostif/Documents/2dr_ws/install/deltarobot_interfaces/share/deltarobot_interfaces/cmake/ament_cmake_export_libraries-extras.cmake
[5.394s] -- Installing: /media/ostifede02/F48A91EB8A91AB1E/Users/ostif/Documents/2dr_ws/install/deltarobot_interfaces/share/deltarobot_interfaces/cmake/ament_cmake_export_targets-extras.cmake
[5.396s] -- Installing: /media/ostifede02/F48A91EB8A91AB1E/Users/ostif/Documents/2dr_ws/install/deltarobot_interfaces/share/deltarobot_interfaces/cmake/rosidl_cmake_export_typesupport_targets-extras.cmake
[5.397s] -- Installing: /media/ostifede02/F48A91EB8A91AB1E/Users/ostif/Documents/2dr_ws/install/deltarobot_interfaces/share/deltarobot_interfaces/cmake/rosidl_cmake_export_typesupport_libraries-extras.cmake
[5.399s] -- Installing: /media/ostifede02/F48A91EB8A91AB1E/Users/ostif/Documents/2dr_ws/install/deltarobot_interfaces/share/deltarobot_interfaces/cmake/deltarobot_interfacesConfig.cmake
[5.401s] -- Installing: /media/ostifede02/F48A91EB8A91AB1E/Users/ostif/Documents/2dr_ws/install/deltarobot_interfaces/share/deltarobot_interfaces/cmake/deltarobot_interfacesConfig-version.cmake
[5.402s] -- Installing: /media/ostifede02/F48A91EB8A91AB1E/Users/ostif/Documents/2dr_ws/install/deltarobot_interfaces/share/deltarobot_interfaces/package.xml
[5.405s] Invoked command in '/media/ostifede02/F48A91EB8A91AB1E/Users/ostif/Documents/2dr_ws/build/deltarobot_interfaces' returned '0': CMAKE_PREFIX_PATH=${CMAKE_PREFIX_PATH}:/home/ostifede02/Documents/2dr_ws/install/deltarobot:/opt/ros/humble /usr/bin/cmake --install /media/ostifede02/F48A91EB8A91AB1E/Users/ostif/Documents/2dr_ws/build/deltarobot_interfaces
