[0.068s] Invoking command in '/media/ostifede02/F48A91EB8A91AB1E/Users/ostif/Documents/2dr_ws/build/deltarobot_interfaces': CMAKE_PREFIX_PATH=${CMAKE_PREFIX_PATH}:/home/ostifede02/Documents/2dr_ws/install/deltarobot:/opt/ros/humble /usr/bin/cmake /media/ostifede02/F48A91EB8A91AB1E/Users/ostif/Documents/2dr_ws/src/deltarobot_interfaces -DCMAKE_INSTALL_PREFIX=/media/ostifede02/F48A91EB8A91AB1E/Users/ostif/Documents/2dr_ws/install/deltarobot_interfaces
[0.136s] -- The C compiler identification is GNU 11.4.0
[0.196s] -- The CXX compiler identification is GNU 11.4.0
[0.208s] -- Detecting C compiler ABI info
[0.306s] -- Detecting C compiler ABI info - done
[0.313s] -- Check for working C compiler: /usr/bin/cc - skipped
[0.313s] -- Detecting C compile features
[0.313s] -- Detecting C compile features - done
[0.317s] -- Detecting CXX compiler ABI info
[0.429s] -- Detecting CXX compiler ABI info - done
[0.436s] -- Check for working CXX compiler: /usr/bin/c++ - skipped
[0.437s] -- Detecting CXX compile features
[0.437s] -- Detecting CXX compile features - done
[0.443s] -- Found ament_cmake: 1.3.6 (/opt/ros/humble/share/ament_cmake/cmake)
[0.878s] -- Found Python3: /usr/bin/python3.10 (found version "3.10.12") found components: Interpreter 
[0.999s] -- Found geometry_msgs: 4.2.3 (/opt/ros/humble/share/geometry_msgs/cmake)
[1.063s] -- Found rosidl_generator_c: 3.1.5 (/opt/ros/humble/share/rosidl_generator_c/cmake)
[1.075s] -- Found rosidl_adapter: 3.1.5 (/opt/ros/humble/share/rosidl_adapter/cmake)
[1.087s] -- Found rosidl_generator_cpp: 3.1.5 (/opt/ros/humble/share/rosidl_generator_cpp/cmake)
[1.104s] -- Using all available rosidl_typesupport_c: rosidl_typesupport_fastrtps_c;rosidl_typesupport_introspection_c
[1.128s] -- Using all available rosidl_typesupport_cpp: rosidl_typesupport_fastrtps_cpp;rosidl_typesupport_introspection_cpp
[1.234s] -- Found rosidl_default_generators: 1.2.0 (/opt/ros/humble/share/rosidl_default_generators/cmake)
[1.506s] -- Found ament_cmake_ros: 0.10.0 (/opt/ros/humble/share/ament_cmake_ros/cmake)
[1.925s] -- Using all available rosidl_typesupport_c: rosidl_typesupport_fastrtps_c;rosidl_typesupport_introspection_c
[2.076s] -- Using all available rosidl_typesupport_cpp: rosidl_typesupport_fastrtps_cpp;rosidl_typesupport_introspection_cpp
[2.102s] -- Found PythonInterp: /usr/bin/python3 (found suitable version "3.10.12", minimum required is "3.6") 
[2.106s] -- Found python_cmake_module: 0.10.0 (/opt/ros/humble/share/python_cmake_module/cmake)
[2.137s] -- Found PythonLibs: /usr/lib/x86_64-linux-gnu/libpython3.10.so (found suitable version "3.10.12", minimum required is "3.5") 
[2.137s] -- Using PYTHON_EXECUTABLE: /usr/bin/python3
[2.137s] -- Using PYTHON_INCLUDE_DIRS: /usr/include/python3.10
[2.137s] -- Using PYTHON_LIBRARIES: /usr/lib/x86_64-linux-gnu/libpython3.10.so
[2.158s] -- Found PythonExtra: .so  
[2.252s] -- Found ament_lint_auto: 0.12.9 (/opt/ros/humble/share/ament_lint_auto/cmake)
[2.316s] -- Added test 'lint_cmake' to check CMake code style
[2.329s] -- Added test 'xmllint' to check XML markup files
[2.349s] -- Configuring done
[2.503s] -- Generating done
[2.518s] -- Build files have been written to: /media/ostifede02/F48A91EB8A91AB1E/Users/ostif/Documents/2dr_ws/build/deltarobot_interfaces
[2.524s] Invoked command in '/media/ostifede02/F48A91EB8A91AB1E/Users/ostif/Documents/2dr_ws/build/deltarobot_interfaces' returned '0': CMAKE_PREFIX_PATH=${CMAKE_PREFIX_PATH}:/home/ostifede02/Documents/2dr_ws/install/deltarobot:/opt/ros/humble /usr/bin/cmake /media/ostifede02/F48A91EB8A91AB1E/Users/ostif/Documents/2dr_ws/src/deltarobot_interfaces -DCMAKE_INSTALL_PREFIX=/media/ostifede02/F48A91EB8A91AB1E/Users/ostif/Documents/2dr_ws/install/deltarobot_interfaces
[2.526s] Invoking command in '/media/ostifede02/F48A91EB8A91AB1E/Users/ostif/Documents/2dr_ws/build/deltarobot_interfaces': CMAKE_PREFIX_PATH=${CMAKE_PREFIX_PATH}:/home/ostifede02/Documents/2dr_ws/install/deltarobot:/opt/ros/humble /usr/bin/cmake --build /media/ostifede02/F48A91EB8A91AB1E/Users/ostif/Documents/2dr_ws/build/deltarobot_interfaces -- -j8 -l8
[2.568s] [  2%] [34m[1mGenerating C code for ROS interfaces[0m
[2.578s] [  4%] [34m[1mGenerating C++ code for ROS interfaces[0m
[2.587s] [  4%] Built target ament_cmake_python_copy_deltarobot_interfaces
[2.887s] running egg_info
[2.888s] creating deltarobot_interfaces.egg-info
[2.888s] writing deltarobot_interfaces.egg-info/PKG-INFO
[2.888s] writing dependency_links to deltarobot_interfaces.egg-info/dependency_links.txt
[2.889s] writing top-level names to deltarobot_interfaces.egg-info/top_level.txt
[2.890s] writing manifest file 'deltarobot_interfaces.egg-info/SOURCES.txt'
[2.894s] reading manifest file 'deltarobot_interfaces.egg-info/SOURCES.txt'
[2.895s] writing manifest file 'deltarobot_interfaces.egg-info/SOURCES.txt'
[2.916s] [  4%] Built target deltarobot_interfaces__cpp
[2.933s] [  4%] Built target ament_cmake_python_build_deltarobot_interfaces_egg
[2.939s] [  6%] [34m[1mGenerating C++ type support dispatch for ROS interfaces[0m
[2.942s] [  8%] [34m[1mGenerating C++ type support for eProsima Fast-RTPS[0m
[2.943s] [ 10%] [34m[1mGenerating C++ introspection for ROS interfaces[0m
[2.962s] [ 14%] [32mBuilding C object CMakeFiles/deltarobot_interfaces__rosidl_generator_c.dir/rosidl_generator_c/deltarobot_interfaces/msg/detail/trajectory_task__functions.c.o[0m
[2.962s] [ 14%] [32mBuilding C object CMakeFiles/deltarobot_interfaces__rosidl_generator_c.dir/rosidl_generator_c/deltarobot_interfaces/msg/detail/set_points_vector__functions.c.o[0m
[2.962s] [ 17%] [32mBuilding C object CMakeFiles/deltarobot_interfaces__rosidl_generator_c.dir/rosidl_generator_c/deltarobot_interfaces/msg/detail/set_point__functions.c.o[0m
[3.035s] [ 19%] [32m[1mLinking C shared library libdeltarobot_interfaces__rosidl_generator_c.so[0m
[3.080s] [ 19%] Built target deltarobot_interfaces__rosidl_generator_c
[3.100s] [ 23%] [34m[1mGenerating C introspection for ROS interfaces[0m
[3.101s] [ 23%] [34m[1mGenerating C type support dispatch for ROS interfaces[0m
[3.101s] [ 25%] [34m[1mGenerating C type support for eProsima Fast-RTPS[0m
[3.282s] [ 27%] [32mBuilding CXX object CMakeFiles/deltarobot_interfaces__rosidl_typesupport_cpp.dir/rosidl_typesupport_cpp/deltarobot_interfaces/msg/set_points_vector__type_support.cpp.o[0m
[3.284s] [ 29%] [32mBuilding CXX object CMakeFiles/deltarobot_interfaces__rosidl_typesupport_cpp.dir/rosidl_typesupport_cpp/deltarobot_interfaces/msg/trajectory_task__type_support.cpp.o[0m
[3.285s] [ 31%] [32mBuilding CXX object CMakeFiles/deltarobot_interfaces__rosidl_typesupport_cpp.dir/rosidl_typesupport_cpp/deltarobot_interfaces/msg/set_point__type_support.cpp.o[0m
[3.389s] [ 34%] [32mBuilding CXX object CMakeFiles/deltarobot_interfaces__rosidl_typesupport_introspection_cpp.dir/rosidl_typesupport_introspection_cpp/deltarobot_interfaces/msg/detail/set_point__type_support.cpp.o[0m
[3.429s] [ 36%] [32mBuilding CXX object CMakeFiles/deltarobot_interfaces__rosidl_typesupport_fastrtps_cpp.dir/rosidl_typesupport_fastrtps_cpp/deltarobot_interfaces/msg/detail/dds_fastrtps/set_point__type_support.cpp.o[0m
[3.498s] [ 38%] [32mBuilding CXX object CMakeFiles/deltarobot_interfaces__rosidl_typesupport_c.dir/rosidl_typesupport_c/deltarobot_interfaces/msg/set_point__type_support.cpp.o[0m
[3.574s] [ 40%] [32mBuilding C object CMakeFiles/deltarobot_interfaces__rosidl_typesupport_introspection_c.dir/rosidl_typesupport_introspection_c/deltarobot_interfaces/msg/detail/set_point__type_support.c.o[0m
[3.586s] [ 42%] [32mBuilding CXX object CMakeFiles/deltarobot_interfaces__rosidl_typesupport_c.dir/rosidl_typesupport_c/deltarobot_interfaces/msg/set_points_vector__type_support.cpp.o[0m
[3.611s] [ 44%] [32mBuilding CXX object CMakeFiles/deltarobot_interfaces__rosidl_typesupport_fastrtps_c.dir/rosidl_typesupport_fastrtps_c/deltarobot_interfaces/msg/detail/set_point__type_support_c.cpp.o[0m
[3.631s] [ 46%] [32mBuilding CXX object CMakeFiles/deltarobot_interfaces__rosidl_typesupport_fastrtps_c.dir/rosidl_typesupport_fastrtps_c/deltarobot_interfaces/msg/detail/set_points_vector__type_support_c.cpp.o[0m
[3.649s] [ 48%] [32mBuilding CXX object CMakeFiles/deltarobot_interfaces__rosidl_typesupport_fastrtps_c.dir/rosidl_typesupport_fastrtps_c/deltarobot_interfaces/msg/detail/trajectory_task__type_support_c.cpp.o[0m
[3.650s] [ 51%] [32m[1mLinking CXX shared library libdeltarobot_interfaces__rosidl_typesupport_cpp.so[0m
[3.654s] [ 53%] [32mBuilding C object CMakeFiles/deltarobot_interfaces__rosidl_typesupport_introspection_c.dir/rosidl_typesupport_introspection_c/deltarobot_interfaces/msg/detail/set_points_vector__type_support.c.o[0m
[3.661s] [ 55%] [32mBuilding CXX object CMakeFiles/deltarobot_interfaces__rosidl_typesupport_c.dir/rosidl_typesupport_c/deltarobot_interfaces/msg/trajectory_task__type_support.cpp.o[0m
[3.730s] [ 55%] Built target deltarobot_interfaces__rosidl_typesupport_cpp
[3.734s] [ 57%] [32m[1mLinking CXX shared library libdeltarobot_interfaces__rosidl_typesupport_c.so[0m
[3.743s] [ 59%] [32mBuilding C object CMakeFiles/deltarobot_interfaces__rosidl_typesupport_introspection_c.dir/rosidl_typesupport_introspection_c/deltarobot_interfaces/msg/detail/trajectory_task__type_support.c.o[0m
[3.750s] [ 61%] [32mBuilding CXX object CMakeFiles/deltarobot_interfaces__rosidl_typesupport_introspection_cpp.dir/rosidl_typesupport_introspection_cpp/deltarobot_interfaces/msg/detail/set_points_vector__type_support.cpp.o[0m
[3.831s] [ 61%] Built target deltarobot_interfaces__rosidl_typesupport_c
[3.845s] [ 63%] [32mBuilding CXX object CMakeFiles/deltarobot_interfaces__rosidl_typesupport_introspection_cpp.dir/rosidl_typesupport_introspection_cpp/deltarobot_interfaces/msg/detail/trajectory_task__type_support.cpp.o[0m
[3.881s] [ 65%] [32m[1mLinking C shared library libdeltarobot_interfaces__rosidl_typesupport_introspection_c.so[0m
[3.915s] [ 68%] [32mBuilding CXX object CMakeFiles/deltarobot_interfaces__rosidl_typesupport_fastrtps_cpp.dir/rosidl_typesupport_fastrtps_cpp/deltarobot_interfaces/msg/detail/dds_fastrtps/set_points_vector__type_support.cpp.o[0m
[3.967s] [ 70%] [32mBuilding CXX object CMakeFiles/deltarobot_interfaces__rosidl_typesupport_fastrtps_cpp.dir/rosidl_typesupport_fastrtps_cpp/deltarobot_interfaces/msg/detail/dds_fastrtps/trajectory_task__type_support.cpp.o[0m
[3.990s] [ 70%] Built target deltarobot_interfaces__rosidl_typesupport_introspection_c
[4.167s] [ 72%] [32m[1mLinking CXX shared library libdeltarobot_interfaces__rosidl_typesupport_fastrtps_c.so[0m
[4.267s] [ 72%] Built target deltarobot_interfaces__rosidl_typesupport_fastrtps_c
[4.352s] [ 74%] [32m[1mLinking CXX shared library libdeltarobot_interfaces__rosidl_typesupport_introspection_cpp.so[0m
[4.429s] [ 74%] Built target deltarobot_interfaces__rosidl_typesupport_introspection_cpp
[4.477s] [ 76%] [32m[1mLinking CXX shared library libdeltarobot_interfaces__rosidl_typesupport_fastrtps_cpp.so[0m
[4.545s] [ 76%] Built target deltarobot_interfaces__rosidl_typesupport_fastrtps_cpp
[4.566s] [ 76%] Built target deltarobot_interfaces
[4.588s] [ 78%] [34m[1mGenerating Python code for ROS interfaces[0m
[4.940s] [ 78%] Built target deltarobot_interfaces__py
[4.965s] [ 82%] [32mBuilding C object CMakeFiles/deltarobot_interfaces__rosidl_generator_py.dir/rosidl_generator_py/deltarobot_interfaces/msg/_set_point_s.c.o[0m
[4.965s] [ 82%] [32mBuilding C object CMakeFiles/deltarobot_interfaces__rosidl_generator_py.dir/rosidl_generator_py/deltarobot_interfaces/msg/_set_points_vector_s.c.o[0m
[4.966s] [ 85%] [32mBuilding C object CMakeFiles/deltarobot_interfaces__rosidl_generator_py.dir/rosidl_generator_py/deltarobot_interfaces/msg/_trajectory_task_s.c.o[0m
[5.075s] [ 87%] [32m[1mLinking C shared library rosidl_generator_py/deltarobot_interfaces/libdeltarobot_interfaces__rosidl_generator_py.so[0m
[5.118s] [ 87%] Built target deltarobot_interfaces__rosidl_generator_py
[5.147s] [ 93%] [32mBuilding C object CMakeFiles/deltarobot_interfaces__rosidl_typesupport_c__pyext.dir/rosidl_generator_py/deltarobot_interfaces/_deltarobot_interfaces_s.ep.rosidl_typesupport_c.c.o[0m
[5.147s] [ 93%] [32mBuilding C object CMakeFiles/deltarobot_interfaces__rosidl_typesupport_fastrtps_c__pyext.dir/rosidl_generator_py/deltarobot_interfaces/_deltarobot_interfaces_s.ep.rosidl_typesupport_fastrtps_c.c.o[0m
[5.148s] [ 93%] [32mBuilding C object CMakeFiles/deltarobot_interfaces__rosidl_typesupport_introspection_c__pyext.dir/rosidl_generator_py/deltarobot_interfaces/_deltarobot_interfaces_s.ep.rosidl_typesupport_introspection_c.c.o[0m
[5.268s] [ 97%] [32m[1mLinking C shared library rosidl_generator_py/deltarobot_interfaces/deltarobot_interfaces_s__rosidl_typesupport_introspection_c.cpython-310-x86_64-linux-gnu.so[0m
[5.268s] [ 97%] [32m[1mLinking C shared library rosidl_generator_py/deltarobot_interfaces/deltarobot_interfaces_s__rosidl_typesupport_fastrtps_c.cpython-310-x86_64-linux-gnu.so[0m
[5.279s] [100%] [32m[1mLinking C shared library rosidl_generator_py/deltarobot_interfaces/deltarobot_interfaces_s__rosidl_typesupport_c.cpython-310-x86_64-linux-gnu.so[0m
[5.326s] [100%] Built target deltarobot_interfaces__rosidl_typesupport_introspection_c__pyext
[5.329s] [100%] Built target deltarobot_interfaces__rosidl_typesupport_c__pyext
[5.329s] [100%] Built target deltarobot_interfaces__rosidl_typesupport_fastrtps_c__pyext
[5.344s] Invoked command in '/media/ostifede02/F48A91EB8A91AB1E/Users/ostif/Documents/2dr_ws/build/deltarobot_interfaces' returned '0': CMAKE_PREFIX_PATH=${CMAKE_PREFIX_PATH}:/home/ostifede02/Documents/2dr_ws/install/deltarobot:/opt/ros/humble /usr/bin/cmake --build /media/ostifede02/F48A91EB8A91AB1E/Users/ostif/Documents/2dr_ws/build/deltarobot_interfaces -- -j8 -l8
[5.609s] Invoking command in '/media/ostifede02/F48A91EB8A91AB1E/Users/ostif/Documents/2dr_ws/build/deltarobot_interfaces': CMAKE_PREFIX_PATH=${CMAKE_PREFIX_PATH}:/home/ostifede02/Documents/2dr_ws/install/deltarobot:/opt/ros/humble /usr/bin/cmake --install /media/ostifede02/F48A91EB8A91AB1E/Users/ostif/Documents/2dr_ws/build/deltarobot_interfaces
[5.615s] -- Install configuration: ""
[5.617s] -- Installing: /media/ostifede02/F48A91EB8A91AB1E/Users/ostif/Documents/2dr_ws/install/deltarobot_interfaces/share/ament_index/resource_index/rosidl_interfaces/deltarobot_interfaces
[5.618s] -- Installing: /media/ostifede02/F48A91EB8A91AB1E/Users/ostif/Documents/2dr_ws/install/deltarobot_interfaces/include/deltarobot_interfaces/deltarobot_interfaces
[5.619s] -- Installing: /media/ostifede02/F48A91EB8A91AB1E/Users/ostif/Documents/2dr_ws/install/deltarobot_interfaces/include/deltarobot_interfaces/deltarobot_interfaces/msg
[5.620s] -- Installing: /media/ostifede02/F48A91EB8A91AB1E/Users/ostif/Documents/2dr_ws/install/deltarobot_interfaces/include/deltarobot_interfaces/deltarobot_interfaces/msg/detail
[5.621s] -- Installing: /media/ostifede02/F48A91EB8A91AB1E/Users/ostif/Documents/2dr_ws/install/deltarobot_interfaces/include/deltarobot_interfaces/deltarobot_interfaces/msg/detail/set_points_vector__functions.c
[5.623s] -- Installing: /media/ostifede02/F48A91EB8A91AB1E/Users/ostif/Documents/2dr_ws/install/deltarobot_interfaces/include/deltarobot_interfaces/deltarobot_interfaces/msg/detail/set_points_vector__functions.h
[5.625s] -- Installing: /media/ostifede02/F48A91EB8A91AB1E/Users/ostif/Documents/2dr_ws/install/deltarobot_interfaces/include/deltarobot_interfaces/deltarobot_interfaces/msg/detail/set_points_vector__struct.h
[5.627s] -- Installing: /media/ostifede02/F48A91EB8A91AB1E/Users/ostif/Documents/2dr_ws/install/deltarobot_interfaces/include/deltarobot_interfaces/deltarobot_interfaces/msg/detail/set_points_vector__type_support.h
[5.629s] -- Installing: /media/ostifede02/F48A91EB8A91AB1E/Users/ostif/Documents/2dr_ws/install/deltarobot_interfaces/include/deltarobot_interfaces/deltarobot_interfaces/msg/detail/set_point__functions.c
[5.631s] -- Installing: /media/ostifede02/F48A91EB8A91AB1E/Users/ostif/Documents/2dr_ws/install/deltarobot_interfaces/include/deltarobot_interfaces/deltarobot_interfaces/msg/detail/set_point__functions.h
[5.633s] -- Installing: /media/ostifede02/F48A91EB8A91AB1E/Users/ostif/Documents/2dr_ws/install/deltarobot_interfaces/include/deltarobot_interfaces/deltarobot_interfaces/msg/detail/set_point__struct.h
[5.634s] -- Installing: /media/ostifede02/F48A91EB8A91AB1E/Users/ostif/Documents/2dr_ws/install/deltarobot_interfaces/include/deltarobot_interfaces/deltarobot_interfaces/msg/detail/set_point__type_support.h
[5.637s] -- Installing: /media/ostifede02/F48A91EB8A91AB1E/Users/ostif/Documents/2dr_ws/install/deltarobot_interfaces/include/deltarobot_interfaces/deltarobot_interfaces/msg/detail/trajectory_task__functions.c
[5.639s] -- Installing: /media/ostifede02/F48A91EB8A91AB1E/Users/ostif/Documents/2dr_ws/install/deltarobot_interfaces/include/deltarobot_interfaces/deltarobot_interfaces/msg/detail/trajectory_task__functions.h
[5.642s] -- Installing: /media/ostifede02/F48A91EB8A91AB1E/Users/ostif/Documents/2dr_ws/install/deltarobot_interfaces/include/deltarobot_interfaces/deltarobot_interfaces/msg/detail/trajectory_task__struct.h
[5.644s] -- Installing: /media/ostifede02/F48A91EB8A91AB1E/Users/ostif/Documents/2dr_ws/install/deltarobot_interfaces/include/deltarobot_interfaces/deltarobot_interfaces/msg/detail/trajectory_task__type_support.h
[5.646s] -- Installing: /media/ostifede02/F48A91EB8A91AB1E/Users/ostif/Documents/2dr_ws/install/deltarobot_interfaces/include/deltarobot_interfaces/deltarobot_interfaces/msg/rosidl_generator_c__visibility_control.h
[5.649s] -- Installing: /media/ostifede02/F48A91EB8A91AB1E/Users/ostif/Documents/2dr_ws/install/deltarobot_interfaces/include/deltarobot_interfaces/deltarobot_interfaces/msg/set_point.h
[5.651s] -- Installing: /media/ostifede02/F48A91EB8A91AB1E/Users/ostif/Documents/2dr_ws/install/deltarobot_interfaces/include/deltarobot_interfaces/deltarobot_interfaces/msg/set_points_vector.h
[5.653s] -- Installing: /media/ostifede02/F48A91EB8A91AB1E/Users/ostif/Documents/2dr_ws/install/deltarobot_interfaces/include/deltarobot_interfaces/deltarobot_interfaces/msg/trajectory_task.h
[5.656s] -- Installing: /media/ostifede02/F48A91EB8A91AB1E/Users/ostif/Documents/2dr_ws/install/deltarobot_interfaces/share/deltarobot_interfaces/environment/library_path.sh
[5.657s] -- Installing: /media/ostifede02/F48A91EB8A91AB1E/Users/ostif/Documents/2dr_ws/install/deltarobot_interfaces/share/deltarobot_interfaces/environment/library_path.dsv
[5.660s] -- Installing: /media/ostifede02/F48A91EB8A91AB1E/Users/ostif/Documents/2dr_ws/install/deltarobot_interfaces/lib/libdeltarobot_interfaces__rosidl_generator_c.so
[5.663s] -- Set runtime path of "/media/ostifede02/F48A91EB8A91AB1E/Users/ostif/Documents/2dr_ws/install/deltarobot_interfaces/lib/libdeltarobot_interfaces__rosidl_generator_c.so" to ""
[5.664s] -- Up-to-date: /media/ostifede02/F48A91EB8A91AB1E/Users/ostif/Documents/2dr_ws/install/deltarobot_interfaces/include/deltarobot_interfaces/deltarobot_interfaces
[5.664s] -- Up-to-date: /media/ostifede02/F48A91EB8A91AB1E/Users/ostif/Documents/2dr_ws/install/deltarobot_interfaces/include/deltarobot_interfaces/deltarobot_interfaces/msg
[5.665s] -- Up-to-date: /media/ostifede02/F48A91EB8A91AB1E/Users/ostif/Documents/2dr_ws/install/deltarobot_interfaces/include/deltarobot_interfaces/deltarobot_interfaces/msg/detail
[5.666s] -- Installing: /media/ostifede02/F48A91EB8A91AB1E/Users/ostif/Documents/2dr_ws/install/deltarobot_interfaces/include/deltarobot_interfaces/deltarobot_interfaces/msg/detail/set_points_vector__rosidl_typesupport_fastrtps_c.h
[5.668s] -- Installing: /media/ostifede02/F48A91EB8A91AB1E/Users/ostif/Documents/2dr_ws/install/deltarobot_interfaces/include/deltarobot_interfaces/deltarobot_interfaces/msg/detail/set_point__rosidl_typesupport_fastrtps_c.h
[5.670s] -- Installing: /media/ostifede02/F48A91EB8A91AB1E/Users/ostif/Documents/2dr_ws/install/deltarobot_interfaces/include/deltarobot_interfaces/deltarobot_interfaces/msg/detail/trajectory_task__rosidl_typesupport_fastrtps_c.h
[5.672s] -- Installing: /media/ostifede02/F48A91EB8A91AB1E/Users/ostif/Documents/2dr_ws/install/deltarobot_interfaces/include/deltarobot_interfaces/deltarobot_interfaces/msg/rosidl_typesupport_fastrtps_c__visibility_control.h
[5.673s] -- Installing: /media/ostifede02/F48A91EB8A91AB1E/Users/ostif/Documents/2dr_ws/install/deltarobot_interfaces/lib/libdeltarobot_interfaces__rosidl_typesupport_fastrtps_c.so
[5.675s] -- Set runtime path of "/media/ostifede02/F48A91EB8A91AB1E/Users/ostif/Documents/2dr_ws/install/deltarobot_interfaces/lib/libdeltarobot_interfaces__rosidl_typesupport_fastrtps_c.so" to ""
[5.676s] -- Up-to-date: /media/ostifede02/F48A91EB8A91AB1E/Users/ostif/Documents/2dr_ws/install/deltarobot_interfaces/include/deltarobot_interfaces/deltarobot_interfaces
[5.676s] -- Up-to-date: /media/ostifede02/F48A91EB8A91AB1E/Users/ostif/Documents/2dr_ws/install/deltarobot_interfaces/include/deltarobot_interfaces/deltarobot_interfaces/msg
[5.677s] -- Up-to-date: /media/ostifede02/F48A91EB8A91AB1E/Users/ostif/Documents/2dr_ws/install/deltarobot_interfaces/include/deltarobot_interfaces/deltarobot_interfaces/msg/detail
[5.678s] -- Installing: /media/ostifede02/F48A91EB8A91AB1E/Users/ostif/Documents/2dr_ws/install/deltarobot_interfaces/include/deltarobot_interfaces/deltarobot_interfaces/msg/detail/set_points_vector__builder.hpp
[5.680s] -- Installing: /media/ostifede02/F48A91EB8A91AB1E/Users/ostif/Documents/2dr_ws/install/deltarobot_interfaces/include/deltarobot_interfaces/deltarobot_interfaces/msg/detail/set_points_vector__struct.hpp
[5.681s] -- Installing: /media/ostifede02/F48A91EB8A91AB1E/Users/ostif/Documents/2dr_ws/install/deltarobot_interfaces/include/deltarobot_interfaces/deltarobot_interfaces/msg/detail/set_points_vector__traits.hpp
[5.683s] -- Installing: /media/ostifede02/F48A91EB8A91AB1E/Users/ostif/Documents/2dr_ws/install/deltarobot_interfaces/include/deltarobot_interfaces/deltarobot_interfaces/msg/detail/set_point__builder.hpp
[5.685s] -- Installing: /media/ostifede02/F48A91EB8A91AB1E/Users/ostif/Documents/2dr_ws/install/deltarobot_interfaces/include/deltarobot_interfaces/deltarobot_interfaces/msg/detail/set_point__struct.hpp
[5.687s] -- Installing: /media/ostifede02/F48A91EB8A91AB1E/Users/ostif/Documents/2dr_ws/install/deltarobot_interfaces/include/deltarobot_interfaces/deltarobot_interfaces/msg/detail/set_point__traits.hpp
[5.689s] -- Installing: /media/ostifede02/F48A91EB8A91AB1E/Users/ostif/Documents/2dr_ws/install/deltarobot_interfaces/include/deltarobot_interfaces/deltarobot_interfaces/msg/detail/trajectory_task__builder.hpp
[5.691s] -- Installing: /media/ostifede02/F48A91EB8A91AB1E/Users/ostif/Documents/2dr_ws/install/deltarobot_interfaces/include/deltarobot_interfaces/deltarobot_interfaces/msg/detail/trajectory_task__struct.hpp
[5.692s] -- Installing: /media/ostifede02/F48A91EB8A91AB1E/Users/ostif/Documents/2dr_ws/install/deltarobot_interfaces/include/deltarobot_interfaces/deltarobot_interfaces/msg/detail/trajectory_task__traits.hpp
[5.694s] -- Installing: /media/ostifede02/F48A91EB8A91AB1E/Users/ostif/Documents/2dr_ws/install/deltarobot_interfaces/include/deltarobot_interfaces/deltarobot_interfaces/msg/set_point.hpp
[5.696s] -- Installing: /media/ostifede02/F48A91EB8A91AB1E/Users/ostif/Documents/2dr_ws/install/deltarobot_interfaces/include/deltarobot_interfaces/deltarobot_interfaces/msg/set_points_vector.hpp
[5.698s] -- Installing: /media/ostifede02/F48A91EB8A91AB1E/Users/ostif/Documents/2dr_ws/install/deltarobot_interfaces/include/deltarobot_interfaces/deltarobot_interfaces/msg/trajectory_task.hpp
[5.699s] -- Up-to-date: /media/ostifede02/F48A91EB8A91AB1E/Users/ostif/Documents/2dr_ws/install/deltarobot_interfaces/include/deltarobot_interfaces/deltarobot_interfaces
[5.700s] -- Up-to-date: /media/ostifede02/F48A91EB8A91AB1E/Users/ostif/Documents/2dr_ws/install/deltarobot_interfaces/include/deltarobot_interfaces/deltarobot_interfaces/msg
[5.700s] -- Up-to-date: /media/ostifede02/F48A91EB8A91AB1E/Users/ostif/Documents/2dr_ws/install/deltarobot_interfaces/include/deltarobot_interfaces/deltarobot_interfaces/msg/detail
[5.701s] -- Installing: /media/ostifede02/F48A91EB8A91AB1E/Users/ostif/Documents/2dr_ws/install/deltarobot_interfaces/include/deltarobot_interfaces/deltarobot_interfaces/msg/detail/dds_fastrtps
[5.702s] -- Installing: /media/ostifede02/F48A91EB8A91AB1E/Users/ostif/Documents/2dr_ws/install/deltarobot_interfaces/include/deltarobot_interfaces/deltarobot_interfaces/msg/detail/set_points_vector__rosidl_typesupport_fastrtps_cpp.hpp
[5.704s] -- Installing: /media/ostifede02/F48A91EB8A91AB1E/Users/ostif/Documents/2dr_ws/install/deltarobot_interfaces/include/deltarobot_interfaces/deltarobot_interfaces/msg/detail/set_point__rosidl_typesupport_fastrtps_cpp.hpp
[5.706s] -- Installing: /media/ostifede02/F48A91EB8A91AB1E/Users/ostif/Documents/2dr_ws/install/deltarobot_interfaces/include/deltarobot_interfaces/deltarobot_interfaces/msg/detail/trajectory_task__rosidl_typesupport_fastrtps_cpp.hpp
[5.708s] -- Installing: /media/ostifede02/F48A91EB8A91AB1E/Users/ostif/Documents/2dr_ws/install/deltarobot_interfaces/include/deltarobot_interfaces/deltarobot_interfaces/msg/rosidl_typesupport_fastrtps_cpp__visibility_control.h
[5.709s] -- Installing: /media/ostifede02/F48A91EB8A91AB1E/Users/ostif/Documents/2dr_ws/install/deltarobot_interfaces/lib/libdeltarobot_interfaces__rosidl_typesupport_fastrtps_cpp.so
[5.712s] -- Set runtime path of "/media/ostifede02/F48A91EB8A91AB1E/Users/ostif/Documents/2dr_ws/install/deltarobot_interfaces/lib/libdeltarobot_interfaces__rosidl_typesupport_fastrtps_cpp.so" to ""
[5.712s] -- Up-to-date: /media/ostifede02/F48A91EB8A91AB1E/Users/ostif/Documents/2dr_ws/install/deltarobot_interfaces/include/deltarobot_interfaces/deltarobot_interfaces
[5.713s] -- Up-to-date: /media/ostifede02/F48A91EB8A91AB1E/Users/ostif/Documents/2dr_ws/install/deltarobot_interfaces/include/deltarobot_interfaces/deltarobot_interfaces/msg
[5.713s] -- Up-to-date: /media/ostifede02/F48A91EB8A91AB1E/Users/ostif/Documents/2dr_ws/install/deltarobot_interfaces/include/deltarobot_interfaces/deltarobot_interfaces/msg/detail
[5.714s] -- Installing: /media/ostifede02/F48A91EB8A91AB1E/Users/ostif/Documents/2dr_ws/install/deltarobot_interfaces/include/deltarobot_interfaces/deltarobot_interfaces/msg/detail/set_points_vector__rosidl_typesupport_introspection_c.h
[5.716s] -- Installing: /media/ostifede02/F48A91EB8A91AB1E/Users/ostif/Documents/2dr_ws/install/deltarobot_interfaces/include/deltarobot_interfaces/deltarobot_interfaces/msg/detail/set_points_vector__type_support.c
[5.718s] -- Installing: /media/ostifede02/F48A91EB8A91AB1E/Users/ostif/Documents/2dr_ws/install/deltarobot_interfaces/include/deltarobot_interfaces/deltarobot_interfaces/msg/detail/set_point__rosidl_typesupport_introspection_c.h
[5.720s] -- Installing: /media/ostifede02/F48A91EB8A91AB1E/Users/ostif/Documents/2dr_ws/install/deltarobot_interfaces/include/deltarobot_interfaces/deltarobot_interfaces/msg/detail/set_point__type_support.c
[5.722s] -- Installing: /media/ostifede02/F48A91EB8A91AB1E/Users/ostif/Documents/2dr_ws/install/deltarobot_interfaces/include/deltarobot_interfaces/deltarobot_interfaces/msg/detail/trajectory_task__rosidl_typesupport_introspection_c.h
[5.723s] -- Installing: /media/ostifede02/F48A91EB8A91AB1E/Users/ostif/Documents/2dr_ws/install/deltarobot_interfaces/include/deltarobot_interfaces/deltarobot_interfaces/msg/detail/trajectory_task__type_support.c
[5.725s] -- Installing: /media/ostifede02/F48A91EB8A91AB1E/Users/ostif/Documents/2dr_ws/install/deltarobot_interfaces/include/deltarobot_interfaces/deltarobot_interfaces/msg/rosidl_typesupport_introspection_c__visibility_control.h
[5.727s] -- Installing: /media/ostifede02/F48A91EB8A91AB1E/Users/ostif/Documents/2dr_ws/install/deltarobot_interfaces/lib/libdeltarobot_interfaces__rosidl_typesupport_introspection_c.so
[5.730s] -- Set runtime path of "/media/ostifede02/F48A91EB8A91AB1E/Users/ostif/Documents/2dr_ws/install/deltarobot_interfaces/lib/libdeltarobot_interfaces__rosidl_typesupport_introspection_c.so" to ""
[5.730s] -- Installing: /media/ostifede02/F48A91EB8A91AB1E/Users/ostif/Documents/2dr_ws/install/deltarobot_interfaces/lib/libdeltarobot_interfaces__rosidl_typesupport_c.so
[5.733s] -- Set runtime path of "/media/ostifede02/F48A91EB8A91AB1E/Users/ostif/Documents/2dr_ws/install/deltarobot_interfaces/lib/libdeltarobot_interfaces__rosidl_typesupport_c.so" to ""
[5.734s] -- Up-to-date: /media/ostifede02/F48A91EB8A91AB1E/Users/ostif/Documents/2dr_ws/install/deltarobot_interfaces/include/deltarobot_interfaces/deltarobot_interfaces
[5.734s] -- Up-to-date: /media/ostifede02/F48A91EB8A91AB1E/Users/ostif/Documents/2dr_ws/install/deltarobot_interfaces/include/deltarobot_interfaces/deltarobot_interfaces/msg
[5.735s] -- Up-to-date: /media/ostifede02/F48A91EB8A91AB1E/Users/ostif/Documents/2dr_ws/install/deltarobot_interfaces/include/deltarobot_interfaces/deltarobot_interfaces/msg/detail
[5.737s] -- Installing: /media/ostifede02/F48A91EB8A91AB1E/Users/ostif/Documents/2dr_ws/install/deltarobot_interfaces/include/deltarobot_interfaces/deltarobot_interfaces/msg/detail/set_points_vector__rosidl_typesupport_introspection_cpp.hpp
[5.738s] -- Installing: /media/ostifede02/F48A91EB8A91AB1E/Users/ostif/Documents/2dr_ws/install/deltarobot_interfaces/include/deltarobot_interfaces/deltarobot_interfaces/msg/detail/set_points_vector__type_support.cpp
[5.741s] -- Installing: /media/ostifede02/F48A91EB8A91AB1E/Users/ostif/Documents/2dr_ws/install/deltarobot_interfaces/include/deltarobot_interfaces/deltarobot_interfaces/msg/detail/set_point__rosidl_typesupport_introspection_cpp.hpp
[5.743s] -- Installing: /media/ostifede02/F48A91EB8A91AB1E/Users/ostif/Documents/2dr_ws/install/deltarobot_interfaces/include/deltarobot_interfaces/deltarobot_interfaces/msg/detail/set_point__type_support.cpp
[5.745s] -- Installing: /media/ostifede02/F48A91EB8A91AB1E/Users/ostif/Documents/2dr_ws/install/deltarobot_interfaces/include/deltarobot_interfaces/deltarobot_interfaces/msg/detail/trajectory_task__rosidl_typesupport_introspection_cpp.hpp
[5.747s] -- Installing: /media/ostifede02/F48A91EB8A91AB1E/Users/ostif/Documents/2dr_ws/install/deltarobot_interfaces/include/deltarobot_interfaces/deltarobot_interfaces/msg/detail/trajectory_task__type_support.cpp
[5.749s] -- Installing: /media/ostifede02/F48A91EB8A91AB1E/Users/ostif/Documents/2dr_ws/install/deltarobot_interfaces/lib/libdeltarobot_interfaces__rosidl_typesupport_introspection_cpp.so
[5.751s] -- Set runtime path of "/media/ostifede02/F48A91EB8A91AB1E/Users/ostif/Documents/2dr_ws/install/deltarobot_interfaces/lib/libdeltarobot_interfaces__rosidl_typesupport_introspection_cpp.so" to ""
[5.752s] -- Installing: /media/ostifede02/F48A91EB8A91AB1E/Users/ostif/Documents/2dr_ws/install/deltarobot_interfaces/lib/libdeltarobot_interfaces__rosidl_typesupport_cpp.so
[5.754s] -- Set runtime path of "/media/ostifede02/F48A91EB8A91AB1E/Users/ostif/Documents/2dr_ws/install/deltarobot_interfaces/lib/libdeltarobot_interfaces__rosidl_typesupport_cpp.so" to ""
[5.755s] -- Installing: /media/ostifede02/F48A91EB8A91AB1E/Users/ostif/Documents/2dr_ws/install/deltarobot_interfaces/share/deltarobot_interfaces/environment/pythonpath.sh
[5.756s] -- Installing: /media/ostifede02/F48A91EB8A91AB1E/Users/ostif/Documents/2dr_ws/install/deltarobot_interfaces/share/deltarobot_interfaces/environment/pythonpath.dsv
[5.758s] -- Installing: /media/ostifede02/F48A91EB8A91AB1E/Users/ostif/Documents/2dr_ws/install/deltarobot_interfaces/local/lib/python3.10/dist-packages/deltarobot_interfaces-0.0.0-py3.10.egg-info
[5.759s] -- Installing: /media/ostifede02/F48A91EB8A91AB1E/Users/ostif/Documents/2dr_ws/install/deltarobot_interfaces/local/lib/python3.10/dist-packages/deltarobot_interfaces-0.0.0-py3.10.egg-info/dependency_links.txt
[5.761s] -- Installing: /media/ostifede02/F48A91EB8A91AB1E/Users/ostif/Documents/2dr_ws/install/deltarobot_interfaces/local/lib/python3.10/dist-packages/deltarobot_interfaces-0.0.0-py3.10.egg-info/PKG-INFO
[5.763s] -- Installing: /media/ostifede02/F48A91EB8A91AB1E/Users/ostif/Documents/2dr_ws/install/deltarobot_interfaces/local/lib/python3.10/dist-packages/deltarobot_interfaces-0.0.0-py3.10.egg-info/SOURCES.txt
[5.765s] -- Installing: /media/ostifede02/F48A91EB8A91AB1E/Users/ostif/Documents/2dr_ws/install/deltarobot_interfaces/local/lib/python3.10/dist-packages/deltarobot_interfaces-0.0.0-py3.10.egg-info/top_level.txt
[5.767s] -- Installing: /media/ostifede02/F48A91EB8A91AB1E/Users/ostif/Documents/2dr_ws/install/deltarobot_interfaces/local/lib/python3.10/dist-packages/deltarobot_interfaces
[5.768s] -- Installing: /media/ostifede02/F48A91EB8A91AB1E/Users/ostif/Documents/2dr_ws/install/deltarobot_interfaces/local/lib/python3.10/dist-packages/deltarobot_interfaces/deltarobot_interfaces_s__rosidl_typesupport_c.cpython-310-x86_64-linux-gnu.so
[5.770s] -- Installing: /media/ostifede02/F48A91EB8A91AB1E/Users/ostif/Documents/2dr_ws/install/deltarobot_interfaces/local/lib/python3.10/dist-packages/deltarobot_interfaces/deltarobot_interfaces_s__rosidl_typesupport_fastrtps_c.cpython-310-x86_64-linux-gnu.so
[5.772s] -- Installing: /media/ostifede02/F48A91EB8A91AB1E/Users/ostif/Documents/2dr_ws/install/deltarobot_interfaces/local/lib/python3.10/dist-packages/deltarobot_interfaces/deltarobot_interfaces_s__rosidl_typesupport_introspection_c.cpython-310-x86_64-linux-gnu.so
[5.774s] -- Installing: /media/ostifede02/F48A91EB8A91AB1E/Users/ostif/Documents/2dr_ws/install/deltarobot_interfaces/local/lib/python3.10/dist-packages/deltarobot_interfaces/libdeltarobot_interfaces__rosidl_generator_py.so
[5.776s] -- Installing: /media/ostifede02/F48A91EB8A91AB1E/Users/ostif/Documents/2dr_ws/install/deltarobot_interfaces/local/lib/python3.10/dist-packages/deltarobot_interfaces/msg
[5.777s] -- Installing: /media/ostifede02/F48A91EB8A91AB1E/Users/ostif/Documents/2dr_ws/install/deltarobot_interfaces/local/lib/python3.10/dist-packages/deltarobot_interfaces/msg/_set_point.py
[5.779s] -- Installing: /media/ostifede02/F48A91EB8A91AB1E/Users/ostif/Documents/2dr_ws/install/deltarobot_interfaces/local/lib/python3.10/dist-packages/deltarobot_interfaces/msg/_set_points_vector.py
[5.780s] -- Installing: /media/ostifede02/F48A91EB8A91AB1E/Users/ostif/Documents/2dr_ws/install/deltarobot_interfaces/local/lib/python3.10/dist-packages/deltarobot_interfaces/msg/_set_points_vector_s.c
[5.782s] -- Installing: /media/ostifede02/F48A91EB8A91AB1E/Users/ostif/Documents/2dr_ws/install/deltarobot_interfaces/local/lib/python3.10/dist-packages/deltarobot_interfaces/msg/_set_point_s.c
[5.784s] -- Installing: /media/ostifede02/F48A91EB8A91AB1E/Users/ostif/Documents/2dr_ws/install/deltarobot_interfaces/local/lib/python3.10/dist-packages/deltarobot_interfaces/msg/_trajectory_task.py
[5.786s] -- Installing: /media/ostifede02/F48A91EB8A91AB1E/Users/ostif/Documents/2dr_ws/install/deltarobot_interfaces/local/lib/python3.10/dist-packages/deltarobot_interfaces/msg/_trajectory_task_s.c
[5.788s] -- Installing: /media/ostifede02/F48A91EB8A91AB1E/Users/ostif/Documents/2dr_ws/install/deltarobot_interfaces/local/lib/python3.10/dist-packages/deltarobot_interfaces/msg/__init__.py
[5.790s] -- Installing: /media/ostifede02/F48A91EB8A91AB1E/Users/ostif/Documents/2dr_ws/install/deltarobot_interfaces/local/lib/python3.10/dist-packages/deltarobot_interfaces/_deltarobot_interfaces_s.ep.rosidl_typesupport_c.c
[5.792s] -- Installing: /media/ostifede02/F48A91EB8A91AB1E/Users/ostif/Documents/2dr_ws/install/deltarobot_interfaces/local/lib/python3.10/dist-packages/deltarobot_interfaces/_deltarobot_interfaces_s.ep.rosidl_typesupport_fastrtps_c.c
[5.794s] -- Installing: /media/ostifede02/F48A91EB8A91AB1E/Users/ostif/Documents/2dr_ws/install/deltarobot_interfaces/local/lib/python3.10/dist-packages/deltarobot_interfaces/_deltarobot_interfaces_s.ep.rosidl_typesupport_introspection_c.c
[5.795s] -- Installing: /media/ostifede02/F48A91EB8A91AB1E/Users/ostif/Documents/2dr_ws/install/deltarobot_interfaces/local/lib/python3.10/dist-packages/deltarobot_interfaces/__init__.py
[5.847s] Listing '/media/ostifede02/F48A91EB8A91AB1E/Users/ostif/Documents/2dr_ws/install/deltarobot_interfaces/local/lib/python3.10/dist-packages/deltarobot_interfaces'...
[5.847s] Compiling '/media/ostifede02/F48A91EB8A91AB1E/Users/ostif/Documents/2dr_ws/install/deltarobot_interfaces/local/lib/python3.10/dist-packages/deltarobot_interfaces/__init__.py'...
[5.847s] Listing '/media/ostifede02/F48A91EB8A91AB1E/Users/ostif/Documents/2dr_ws/install/deltarobot_interfaces/local/lib/python3.10/dist-packages/deltarobot_interfaces/msg'...
[5.847s] Compiling '/media/ostifede02/F48A91EB8A91AB1E/Users/ostif/Documents/2dr_ws/install/deltarobot_interfaces/local/lib/python3.10/dist-packages/deltarobot_interfaces/msg/__init__.py'...
[5.847s] Compiling '/media/ostifede02/F48A91EB8A91AB1E/Users/ostif/Documents/2dr_ws/install/deltarobot_interfaces/local/lib/python3.10/dist-packages/deltarobot_interfaces/msg/_set_point.py'...
[5.847s] Compiling '/media/ostifede02/F48A91EB8A91AB1E/Users/ostif/Documents/2dr_ws/install/deltarobot_interfaces/local/lib/python3.10/dist-packages/deltarobot_interfaces/msg/_set_points_vector.py'...
[5.847s] Compiling '/media/ostifede02/F48A91EB8A91AB1E/Users/ostif/Documents/2dr_ws/install/deltarobot_interfaces/local/lib/python3.10/dist-packages/deltarobot_interfaces/msg/_trajectory_task.py'...
[5.851s] -- Installing: /media/ostifede02/F48A91EB8A91AB1E/Users/ostif/Documents/2dr_ws/install/deltarobot_interfaces/local/lib/python3.10/dist-packages/deltarobot_interfaces/deltarobot_interfaces_s__rosidl_typesupport_fastrtps_c.cpython-310-x86_64-linux-gnu.so
[5.854s] -- Set runtime path of "/media/ostifede02/F48A91EB8A91AB1E/Users/ostif/Documents/2dr_ws/install/deltarobot_interfaces/local/lib/python3.10/dist-packages/deltarobot_interfaces/deltarobot_interfaces_s__rosidl_typesupport_fastrtps_c.cpython-310-x86_64-linux-gnu.so" to ""
[5.856s] -- Installing: /media/ostifede02/F48A91EB8A91AB1E/Users/ostif/Documents/2dr_ws/install/deltarobot_interfaces/local/lib/python3.10/dist-packages/deltarobot_interfaces/deltarobot_interfaces_s__rosidl_typesupport_introspection_c.cpython-310-x86_64-linux-gnu.so
[5.858s] -- Set runtime path of "/media/ostifede02/F48A91EB8A91AB1E/Users/ostif/Documents/2dr_ws/install/deltarobot_interfaces/local/lib/python3.10/dist-packages/deltarobot_interfaces/deltarobot_interfaces_s__rosidl_typesupport_introspection_c.cpython-310-x86_64-linux-gnu.so" to ""
[5.860s] -- Installing: /media/ostifede02/F48A91EB8A91AB1E/Users/ostif/Documents/2dr_ws/install/deltarobot_interfaces/local/lib/python3.10/dist-packages/deltarobot_interfaces/deltarobot_interfaces_s__rosidl_typesupport_c.cpython-310-x86_64-linux-gnu.so
[5.862s] -- Set runtime path of "/media/ostifede02/F48A91EB8A91AB1E/Users/ostif/Documents/2dr_ws/install/deltarobot_interfaces/local/lib/python3.10/dist-packages/deltarobot_interfaces/deltarobot_interfaces_s__rosidl_typesupport_c.cpython-310-x86_64-linux-gnu.so" to ""
[5.863s] -- Installing: /media/ostifede02/F48A91EB8A91AB1E/Users/ostif/Documents/2dr_ws/install/deltarobot_interfaces/lib/libdeltarobot_interfaces__rosidl_generator_py.so
[5.866s] -- Set runtime path of "/media/ostifede02/F48A91EB8A91AB1E/Users/ostif/Documents/2dr_ws/install/deltarobot_interfaces/lib/libdeltarobot_interfaces__rosidl_generator_py.so" to ""
[5.867s] -- Installing: /media/ostifede02/F48A91EB8A91AB1E/Users/ostif/Documents/2dr_ws/install/deltarobot_interfaces/share/deltarobot_interfaces/msg/SetPoint.idl
[5.868s] -- Installing: /media/ostifede02/F48A91EB8A91AB1E/Users/ostif/Documents/2dr_ws/install/deltarobot_interfaces/share/deltarobot_interfaces/msg/SetPointsVector.idl
[5.870s] -- Installing: /media/ostifede02/F48A91EB8A91AB1E/Users/ostif/Documents/2dr_ws/install/deltarobot_interfaces/share/deltarobot_interfaces/msg/TrajectoryTask.idl
[5.872s] -- Installing: /media/ostifede02/F48A91EB8A91AB1E/Users/ostif/Documents/2dr_ws/install/deltarobot_interfaces/share/deltarobot_interfaces/msg/SetPoint.msg
[5.874s] -- Installing: /media/ostifede02/F48A91EB8A91AB1E/Users/ostif/Documents/2dr_ws/install/deltarobot_interfaces/share/deltarobot_interfaces/msg/SetPointsVector.msg
[5.875s] -- Installing: /media/ostifede02/F48A91EB8A91AB1E/Users/ostif/Documents/2dr_ws/install/deltarobot_interfaces/share/deltarobot_interfaces/msg/TrajectoryTask.msg
[5.878s] -- Installing: /media/ostifede02/F48A91EB8A91AB1E/Users/ostif/Documents/2dr_ws/install/deltarobot_interfaces/share/ament_index/resource_index/package_run_dependencies/deltarobot_interfaces
[5.880s] -- Installing: /media/ostifede02/F48A91EB8A91AB1E/Users/ostif/Documents/2dr_ws/install/deltarobot_interfaces/share/ament_index/resource_index/parent_prefix_path/deltarobot_interfaces
[5.882s] -- Installing: /media/ostifede02/F48A91EB8A91AB1E/Users/ostif/Documents/2dr_ws/install/deltarobot_interfaces/share/deltarobot_interfaces/environment/ament_prefix_path.sh
[5.883s] -- Installing: /media/ostifede02/F48A91EB8A91AB1E/Users/ostif/Documents/2dr_ws/install/deltarobot_interfaces/share/deltarobot_interfaces/environment/ament_prefix_path.dsv
[5.885s] -- Installing: /media/ostifede02/F48A91EB8A91AB1E/Users/ostif/Documents/2dr_ws/install/deltarobot_interfaces/share/deltarobot_interfaces/environment/path.sh
[5.886s] -- Installing: /media/ostifede02/F48A91EB8A91AB1E/Users/ostif/Documents/2dr_ws/install/deltarobot_interfaces/share/deltarobot_interfaces/environment/path.dsv
[5.888s] -- Installing: /media/ostifede02/F48A91EB8A91AB1E/Users/ostif/Documents/2dr_ws/install/deltarobot_interfaces/share/deltarobot_interfaces/local_setup.bash
[5.889s] -- Installing: /media/ostifede02/F48A91EB8A91AB1E/Users/ostif/Documents/2dr_ws/install/deltarobot_interfaces/share/deltarobot_interfaces/local_setup.sh
[5.891s] -- Installing: /media/ostifede02/F48A91EB8A91AB1E/Users/ostif/Documents/2dr_ws/install/deltarobot_interfaces/share/deltarobot_interfaces/local_setup.zsh
[5.893s] -- Installing: /media/ostifede02/F48A91EB8A91AB1E/Users/ostif/Documents/2dr_ws/install/deltarobot_interfaces/share/deltarobot_interfaces/local_setup.dsv
[5.895s] -- Installing: /media/ostifede02/F48A91EB8A91AB1E/Users/ostif/Documents/2dr_ws/install/deltarobot_interfaces/share/deltarobot_interfaces/package.dsv
[5.897s] -- Installing: /media/ostifede02/F48A91EB8A91AB1E/Users/ostif/Documents/2dr_ws/install/deltarobot_interfaces/share/ament_index/resource_index/packages/deltarobot_interfaces
[5.899s] -- Installing: /media/ostifede02/F48A91EB8A91AB1E/Users/ostif/Documents/2dr_ws/install/deltarobot_interfaces/share/deltarobot_interfaces/cmake/export_deltarobot_interfaces__rosidl_generator_cExport.cmake
[5.901s] -- Installing: /media/ostifede02/F48A91EB8A91AB1E/Users/ostif/Documents/2dr_ws/install/deltarobot_interfaces/share/deltarobot_interfaces/cmake/export_deltarobot_interfaces__rosidl_generator_cExport-noconfig.cmake
[5.903s] -- Installing: /media/ostifede02/F48A91EB8A91AB1E/Users/ostif/Documents/2dr_ws/install/deltarobot_interfaces/share/deltarobot_interfaces/cmake/export_deltarobot_interfaces__rosidl_typesupport_fastrtps_cExport.cmake
[5.905s] -- Installing: /media/ostifede02/F48A91EB8A91AB1E/Users/ostif/Documents/2dr_ws/install/deltarobot_interfaces/share/deltarobot_interfaces/cmake/export_deltarobot_interfaces__rosidl_typesupport_fastrtps_cExport-noconfig.cmake
[5.906s] -- Installing: /media/ostifede02/F48A91EB8A91AB1E/Users/ostif/Documents/2dr_ws/install/deltarobot_interfaces/share/deltarobot_interfaces/cmake/export_deltarobot_interfaces__rosidl_generator_cppExport.cmake
[5.908s] -- Installing: /media/ostifede02/F48A91EB8A91AB1E/Users/ostif/Documents/2dr_ws/install/deltarobot_interfaces/share/deltarobot_interfaces/cmake/export_deltarobot_interfaces__rosidl_typesupport_fastrtps_cppExport.cmake
[5.910s] -- Installing: /media/ostifede02/F48A91EB8A91AB1E/Users/ostif/Documents/2dr_ws/install/deltarobot_interfaces/share/deltarobot_interfaces/cmake/export_deltarobot_interfaces__rosidl_typesupport_fastrtps_cppExport-noconfig.cmake
[5.912s] -- Installing: /media/ostifede02/F48A91EB8A91AB1E/Users/ostif/Documents/2dr_ws/install/deltarobot_interfaces/share/deltarobot_interfaces/cmake/deltarobot_interfaces__rosidl_typesupport_introspection_cExport.cmake
[5.914s] -- Installing: /media/ostifede02/F48A91EB8A91AB1E/Users/ostif/Documents/2dr_ws/install/deltarobot_interfaces/share/deltarobot_interfaces/cmake/deltarobot_interfaces__rosidl_typesupport_introspection_cExport-noconfig.cmake
[5.916s] -- Installing: /media/ostifede02/F48A91EB8A91AB1E/Users/ostif/Documents/2dr_ws/install/deltarobot_interfaces/share/deltarobot_interfaces/cmake/deltarobot_interfaces__rosidl_typesupport_cExport.cmake
[5.918s] -- Installing: /media/ostifede02/F48A91EB8A91AB1E/Users/ostif/Documents/2dr_ws/install/deltarobot_interfaces/share/deltarobot_interfaces/cmake/deltarobot_interfaces__rosidl_typesupport_cExport-noconfig.cmake
[5.920s] -- Installing: /media/ostifede02/F48A91EB8A91AB1E/Users/ostif/Documents/2dr_ws/install/deltarobot_interfaces/share/deltarobot_interfaces/cmake/deltarobot_interfaces__rosidl_typesupport_introspection_cppExport.cmake
[5.922s] -- Installing: /media/ostifede02/F48A91EB8A91AB1E/Users/ostif/Documents/2dr_ws/install/deltarobot_interfaces/share/deltarobot_interfaces/cmake/deltarobot_interfaces__rosidl_typesupport_introspection_cppExport-noconfig.cmake
[5.924s] -- Installing: /media/ostifede02/F48A91EB8A91AB1E/Users/ostif/Documents/2dr_ws/install/deltarobot_interfaces/share/deltarobot_interfaces/cmake/deltarobot_interfaces__rosidl_typesupport_cppExport.cmake
[5.925s] -- Installing: /media/ostifede02/F48A91EB8A91AB1E/Users/ostif/Documents/2dr_ws/install/deltarobot_interfaces/share/deltarobot_interfaces/cmake/deltarobot_interfaces__rosidl_typesupport_cppExport-noconfig.cmake
[5.927s] -- Installing: /media/ostifede02/F48A91EB8A91AB1E/Users/ostif/Documents/2dr_ws/install/deltarobot_interfaces/share/deltarobot_interfaces/cmake/export_deltarobot_interfaces__rosidl_generator_pyExport.cmake
[5.929s] -- Installing: /media/ostifede02/F48A91EB8A91AB1E/Users/ostif/Documents/2dr_ws/install/deltarobot_interfaces/share/deltarobot_interfaces/cmake/export_deltarobot_interfaces__rosidl_generator_pyExport-noconfig.cmake
[5.931s] -- Installing: /media/ostifede02/F48A91EB8A91AB1E/Users/ostif/Documents/2dr_ws/install/deltarobot_interfaces/share/deltarobot_interfaces/cmake/rosidl_cmake-extras.cmake
[5.932s] -- Installing: /media/ostifede02/F48A91EB8A91AB1E/Users/ostif/Documents/2dr_ws/install/deltarobot_interfaces/share/deltarobot_interfaces/cmake/ament_cmake_export_dependencies-extras.cmake
[5.934s] -- Installing: /media/ostifede02/F48A91EB8A91AB1E/Users/ostif/Documents/2dr_ws/install/deltarobot_interfaces/share/deltarobot_interfaces/cmake/ament_cmake_export_include_directories-extras.cmake
[5.937s] -- Installing: /media/ostifede02/F48A91EB8A91AB1E/Users/ostif/Documents/2dr_ws/install/deltarobot_interfaces/share/deltarobot_interfaces/cmake/ament_cmake_export_libraries-extras.cmake
[5.938s] -- Installing: /media/ostifede02/F48A91EB8A91AB1E/Users/ostif/Documents/2dr_ws/install/deltarobot_interfaces/share/deltarobot_interfaces/cmake/ament_cmake_export_targets-extras.cmake
[5.940s] -- Installing: /media/ostifede02/F48A91EB8A91AB1E/Users/ostif/Documents/2dr_ws/install/deltarobot_interfaces/share/deltarobot_interfaces/cmake/rosidl_cmake_export_typesupport_targets-extras.cmake
[5.942s] -- Installing: /media/ostifede02/F48A91EB8A91AB1E/Users/ostif/Documents/2dr_ws/install/deltarobot_interfaces/share/deltarobot_interfaces/cmake/rosidl_cmake_export_typesupport_libraries-extras.cmake
[5.943s] -- Installing: /media/ostifede02/F48A91EB8A91AB1E/Users/ostif/Documents/2dr_ws/install/deltarobot_interfaces/share/deltarobot_interfaces/cmake/deltarobot_interfacesConfig.cmake
[5.945s] -- Installing: /media/ostifede02/F48A91EB8A91AB1E/Users/ostif/Documents/2dr_ws/install/deltarobot_interfaces/share/deltarobot_interfaces/cmake/deltarobot_interfacesConfig-version.cmake
[5.947s] -- Installing: /media/ostifede02/F48A91EB8A91AB1E/Users/ostif/Documents/2dr_ws/install/deltarobot_interfaces/share/deltarobot_interfaces/package.xml
[5.950s] Invoked command in '/media/ostifede02/F48A91EB8A91AB1E/Users/ostif/Documents/2dr_ws/build/deltarobot_interfaces' returned '0': CMAKE_PREFIX_PATH=${CMAKE_PREFIX_PATH}:/home/ostifede02/Documents/2dr_ws/install/deltarobot:/opt/ros/humble /usr/bin/cmake --install /media/ostifede02/F48A91EB8A91AB1E/Users/ostif/Documents/2dr_ws/build/deltarobot_interfaces
