/media/ostifede02/F48A91EB8A91AB1E/Users/ostif/Documents/2dr_ws/install/deltarobot/lib/python3.10/site-packages/deltarobot/configuration.py
/media/ostifede02/F48A91EB8A91AB1E/Users/ostif/Documents/2dr_ws/install/deltarobot/lib/python3.10/site-packages/deltarobot/gepetto_visualizer.py
/media/ostifede02/F48A91EB8A91AB1E/Users/ostif/Documents/2dr_ws/install/deltarobot/lib/python3.10/site-packages/deltarobot/robot_controller.py
/media/ostifede02/F48A91EB8A91AB1E/Users/ostif/Documents/2dr_ws/install/deltarobot/lib/python3.10/site-packages/deltarobot/task_handler.py
/media/ostifede02/F48A91EB8A91AB1E/Users/ostif/Documents/2dr_ws/install/deltarobot/lib/python3.10/site-packages/deltarobot/trajectory_generator.py
/media/ostifede02/F48A91EB8A91AB1E/Users/ostif/Documents/2dr_ws/install/deltarobot/lib/python3.10/site-packages/deltarobot/user_input_gui.py
/media/ostifede02/F48A91EB8A91AB1E/Users/ostif/Documents/2dr_ws/install/deltarobot/lib/python3.10/site-packages/deltarobot/__init__.py
/media/ostifede02/F48A91EB8A91AB1E/Users/ostif/Documents/2dr_ws/install/deltarobot/lib/python3.10/site-packages/deltarobot/__pycache__/configuration.cpython-310.pyc
/media/ostifede02/F48A91EB8A91AB1E/Users/ostif/Documents/2dr_ws/install/deltarobot/lib/python3.10/site-packages/deltarobot/__pycache__/gepetto_visualizer.cpython-310.pyc
/media/ostifede02/F48A91EB8A91AB1E/Users/ostif/Documents/2dr_ws/install/deltarobot/lib/python3.10/site-packages/deltarobot/__pycache__/robot_controller.cpython-310.pyc
/media/ostifede02/F48A91EB8A91AB1E/Users/ostif/Documents/2dr_ws/install/deltarobot/lib/python3.10/site-packages/deltarobot/__pycache__/task_handler.cpython-310.pyc
/media/ostifede02/F48A91EB8A91AB1E/Users/ostif/Documents/2dr_ws/install/deltarobot/lib/python3.10/site-packages/deltarobot/__pycache__/trajectory_generator.cpython-310.pyc
/media/ostifede02/F48A91EB8A91AB1E/Users/ostif/Documents/2dr_ws/install/deltarobot/lib/python3.10/site-packages/deltarobot/__pycache__/user_input_gui.cpython-310.pyc
/media/ostifede02/F48A91EB8A91AB1E/Users/ostif/Documents/2dr_ws/install/deltarobot/lib/python3.10/site-packages/deltarobot/__pycache__/__init__.cpython-310.pyc
/media/ostifede02/F48A91EB8A91AB1E/Users/ostif/Documents/2dr_ws/install/deltarobot/share/ament_index/resource_index/packages/deltarobot
/media/ostifede02/F48A91EB8A91AB1E/Users/ostif/Documents/2dr_ws/install/deltarobot/share/deltarobot/package.xml
/media/ostifede02/F48A91EB8A91AB1E/Users/ostif/Documents/2dr_ws/install/deltarobot/lib/python3.10/site-packages/deltarobot-0.0.0-py3.10.egg-info/dependency_links.txt
/media/ostifede02/F48A91EB8A91AB1E/Users/ostif/Documents/2dr_ws/install/deltarobot/lib/python3.10/site-packages/deltarobot-0.0.0-py3.10.egg-info/entry_points.txt
/media/ostifede02/F48A91EB8A91AB1E/Users/ostif/Documents/2dr_ws/install/deltarobot/lib/python3.10/site-packages/deltarobot-0.0.0-py3.10.egg-info/PKG-INFO
/media/ostifede02/F48A91EB8A91AB1E/Users/ostif/Documents/2dr_ws/install/deltarobot/lib/python3.10/site-packages/deltarobot-0.0.0-py3.10.egg-info/requires.txt
/media/ostifede02/F48A91EB8A91AB1E/Users/ostif/Documents/2dr_ws/install/deltarobot/lib/python3.10/site-packages/deltarobot-0.0.0-py3.10.egg-info/SOURCES.txt
/media/ostifede02/F48A91EB8A91AB1E/Users/ostif/Documents/2dr_ws/install/deltarobot/lib/python3.10/site-packages/deltarobot-0.0.0-py3.10.egg-info/top_level.txt
/media/ostifede02/F48A91EB8A91AB1E/Users/ostif/Documents/2dr_ws/install/deltarobot/lib/python3.10/site-packages/deltarobot-0.0.0-py3.10.egg-info/zip-safe
