[0.886s] DEBUG:colcon:Command line arguments: ['/usr/bin/colcon', 'build']
[0.886s] DEBUG:colcon:Parsed command line arguments: Namespace(log_base=None, log_level=None, verb_name='build', build_base='build', install_base='install', merge_install=False, symlink_install=False, test_result_base=None, continue_on_error=False, executor='parallel', parallel_workers=8, event_handlers=None, ignore_user_meta=False, metas=['./colcon.meta'], base_paths=['.'], packages_ignore=None, packages_ignore_regex=None, paths=None, packages_up_to=None, packages_up_to_regex=None, packages_above=None, packages_above_and_dependencies=None, packages_above_depth=None, packages_select_by_dep=None, packages_skip_by_dep=None, packages_skip_up_to=None, packages_select_build_failed=False, packages_skip_build_finished=False, packages_select_test_failures=False, packages_skip_test_passed=False, packages_select=None, packages_skip=None, packages_select_regex=None, packages_skip_regex=None, packages_start=None, packages_end=None, allow_overriding=[], cmake_args=None, cmake_target=None, cmake_target_skip_unavailable=False, cmake_clean_cache=False, cmake_clean_first=False, cmake_force_configure=False, ament_cmake_args=None, catkin_cmake_args=None, catkin_skip_building_tests=False, verb_parser=<colcon_defaults.argument_parser.defaults.DefaultArgumentsDecorator object at 0x7fb3e66cc700>, verb_extension=<colcon_core.verb.build.BuildVerb object at 0x7fb3e66cf970>, main=<bound method BuildVerb.main of <colcon_core.verb.build.BuildVerb object at 0x7fb3e66cf970>>)
[0.927s] Level 1:colcon.colcon_core.package_discovery:discover_packages(colcon_meta) check parameters
[0.928s] Level 1:colcon.colcon_core.package_discovery:discover_packages(recursive) check parameters
[0.928s] Level 1:colcon.colcon_core.package_discovery:discover_packages(ignore) check parameters
[0.928s] Level 1:colcon.colcon_core.package_discovery:discover_packages(path) check parameters
[0.928s] Level 1:colcon.colcon_core.package_discovery:discover_packages(colcon_meta) discover
[0.928s] Level 1:colcon.colcon_core.package_discovery:discover_packages(recursive) discover
[0.928s] INFO:colcon.colcon_core.package_discovery:Crawling recursively for packages in '/media/ostifede02/F48A91EB8A91AB1E/Users/ostif/Documents/2dr_ws'
[0.928s] Level 1:colcon.colcon_core.package_identification:_identify(.) by extensions ['ignore', 'ignore_ament_install']
[0.928s] Level 1:colcon.colcon_core.package_identification:_identify(.) by extension 'ignore'
[0.928s] Level 1:colcon.colcon_core.package_identification:_identify(.) by extension 'ignore_ament_install'
[0.928s] Level 1:colcon.colcon_core.package_identification:_identify(.) by extensions ['colcon_pkg']
[0.928s] Level 1:colcon.colcon_core.package_identification:_identify(.) by extension 'colcon_pkg'
[0.929s] Level 1:colcon.colcon_core.package_identification:_identify(.) by extensions ['colcon_meta']
[0.929s] Level 1:colcon.colcon_core.package_identification:_identify(.) by extension 'colcon_meta'
[0.929s] Level 1:colcon.colcon_core.package_identification:_identify(.) by extensions ['ros']
[0.929s] Level 1:colcon.colcon_core.package_identification:_identify(.) by extension 'ros'
[0.937s] Level 1:colcon.colcon_core.package_identification:_identify(.) by extensions ['cmake', 'python']
[0.937s] Level 1:colcon.colcon_core.package_identification:_identify(.) by extension 'cmake'
[0.937s] Level 1:colcon.colcon_core.package_identification:_identify(.) by extension 'python'
[0.937s] Level 1:colcon.colcon_core.package_identification:_identify(.) by extensions ['python_setup_py']
[0.937s] Level 1:colcon.colcon_core.package_identification:_identify(.) by extension 'python_setup_py'
[0.937s] Level 1:colcon.colcon_core.package_identification:_identify(build) by extensions ['ignore', 'ignore_ament_install']
[0.937s] Level 1:colcon.colcon_core.package_identification:_identify(build) by extension 'ignore'
[0.937s] Level 1:colcon.colcon_core.package_identification:_identify(build) ignored
[0.938s] Level 1:colcon.colcon_core.package_identification:_identify(install) by extensions ['ignore', 'ignore_ament_install']
[0.938s] Level 1:colcon.colcon_core.package_identification:_identify(install) by extension 'ignore'
[0.938s] Level 1:colcon.colcon_core.package_identification:_identify(install) ignored
[0.938s] Level 1:colcon.colcon_core.package_identification:_identify(log) by extensions ['ignore', 'ignore_ament_install']
[0.938s] Level 1:colcon.colcon_core.package_identification:_identify(log) by extension 'ignore'
[0.938s] Level 1:colcon.colcon_core.package_identification:_identify(log) ignored
[0.939s] Level 1:colcon.colcon_core.package_identification:_identify(src) by extensions ['ignore', 'ignore_ament_install']
[0.939s] Level 1:colcon.colcon_core.package_identification:_identify(src) by extension 'ignore'
[0.939s] Level 1:colcon.colcon_core.package_identification:_identify(src) by extension 'ignore_ament_install'
[0.939s] Level 1:colcon.colcon_core.package_identification:_identify(src) by extensions ['colcon_pkg']
[0.939s] Level 1:colcon.colcon_core.package_identification:_identify(src) by extension 'colcon_pkg'
[0.939s] Level 1:colcon.colcon_core.package_identification:_identify(src) by extensions ['colcon_meta']
[0.939s] Level 1:colcon.colcon_core.package_identification:_identify(src) by extension 'colcon_meta'
[0.939s] Level 1:colcon.colcon_core.package_identification:_identify(src) by extensions ['ros']
[0.939s] Level 1:colcon.colcon_core.package_identification:_identify(src) by extension 'ros'
[0.939s] Level 1:colcon.colcon_core.package_identification:_identify(src) by extensions ['cmake', 'python']
[0.939s] Level 1:colcon.colcon_core.package_identification:_identify(src) by extension 'cmake'
[0.939s] Level 1:colcon.colcon_core.package_identification:_identify(src) by extension 'python'
[0.939s] Level 1:colcon.colcon_core.package_identification:_identify(src) by extensions ['python_setup_py']
[0.940s] Level 1:colcon.colcon_core.package_identification:_identify(src) by extension 'python_setup_py'
[0.940s] Level 1:colcon.colcon_core.package_identification:_identify(src/deltarobot) by extensions ['ignore', 'ignore_ament_install']
[0.940s] Level 1:colcon.colcon_core.package_identification:_identify(src/deltarobot) by extension 'ignore'
[0.940s] Level 1:colcon.colcon_core.package_identification:_identify(src/deltarobot) by extension 'ignore_ament_install'
[0.940s] Level 1:colcon.colcon_core.package_identification:_identify(src/deltarobot) by extensions ['colcon_pkg']
[0.940s] Level 1:colcon.colcon_core.package_identification:_identify(src/deltarobot) by extension 'colcon_pkg'
[0.940s] Level 1:colcon.colcon_core.package_identification:_identify(src/deltarobot) by extensions ['colcon_meta']
[0.940s] Level 1:colcon.colcon_core.package_identification:_identify(src/deltarobot) by extension 'colcon_meta'
[0.940s] Level 1:colcon.colcon_core.package_identification:_identify(src/deltarobot) by extensions ['ros']
[0.940s] Level 1:colcon.colcon_core.package_identification:_identify(src/deltarobot) by extension 'ros'
[0.943s] DEBUG:colcon.colcon_core.package_identification:Package 'src/deltarobot' with type 'ros.ament_python' and name 'deltarobot'
[0.943s] Level 1:colcon.colcon_core.package_identification:_identify(src/deltarobot_interfaces) by extensions ['ignore', 'ignore_ament_install']
[0.943s] Level 1:colcon.colcon_core.package_identification:_identify(src/deltarobot_interfaces) by extension 'ignore'
[0.943s] Level 1:colcon.colcon_core.package_identification:_identify(src/deltarobot_interfaces) by extension 'ignore_ament_install'
[0.943s] Level 1:colcon.colcon_core.package_identification:_identify(src/deltarobot_interfaces) by extensions ['colcon_pkg']
[0.943s] Level 1:colcon.colcon_core.package_identification:_identify(src/deltarobot_interfaces) by extension 'colcon_pkg'
[0.943s] Level 1:colcon.colcon_core.package_identification:_identify(src/deltarobot_interfaces) by extensions ['colcon_meta']
[0.943s] Level 1:colcon.colcon_core.package_identification:_identify(src/deltarobot_interfaces) by extension 'colcon_meta'
[0.943s] Level 1:colcon.colcon_core.package_identification:_identify(src/deltarobot_interfaces) by extensions ['ros']
[0.943s] Level 1:colcon.colcon_core.package_identification:_identify(src/deltarobot_interfaces) by extension 'ros'
[0.944s] DEBUG:colcon.colcon_core.package_identification:Package 'src/deltarobot_interfaces' with type 'ros.ament_cmake' and name 'deltarobot_interfaces'
[0.944s] Level 1:colcon.colcon_core.package_discovery:discover_packages(recursive) using defaults
[0.944s] Level 1:colcon.colcon_core.package_discovery:discover_packages(ignore) discover
[0.944s] Level 1:colcon.colcon_core.package_discovery:discover_packages(ignore) using defaults
[0.944s] Level 1:colcon.colcon_core.package_discovery:discover_packages(path) discover
[0.944s] Level 1:colcon.colcon_core.package_discovery:discover_packages(path) using defaults
[1.035s] Level 1:colcon.colcon_core.package_discovery:discover_packages(prefix_path) check parameters
[1.035s] Level 1:colcon.colcon_core.package_discovery:discover_packages(prefix_path) discover
[1.066s] DEBUG:colcon.colcon_installed_package_information.package_discovery:Found 2 installed packages in /home/ostifede02/Documents/2dr_ws/install
[1.081s] DEBUG:colcon.colcon_installed_package_information.package_discovery:Found 2 installed packages in /home/ostifede02/Documents/deltarobot_ws/install
[1.097s] DEBUG:colcon.colcon_installed_package_information.package_discovery:Found 270 installed packages in /opt/ros/humble
[1.098s] Level 1:colcon.colcon_core.package_discovery:discover_packages(prefix_path) using defaults
[1.165s] Level 5:colcon.colcon_core.verb:set package 'deltarobot' build argument 'cmake_args' from command line to 'None'
[1.165s] Level 5:colcon.colcon_core.verb:set package 'deltarobot' build argument 'cmake_target' from command line to 'None'
[1.166s] Level 5:colcon.colcon_core.verb:set package 'deltarobot' build argument 'cmake_target_skip_unavailable' from command line to 'False'
[1.166s] Level 5:colcon.colcon_core.verb:set package 'deltarobot' build argument 'cmake_clean_cache' from command line to 'False'
[1.166s] Level 5:colcon.colcon_core.verb:set package 'deltarobot' build argument 'cmake_clean_first' from command line to 'False'
[1.166s] Level 5:colcon.colcon_core.verb:set package 'deltarobot' build argument 'cmake_force_configure' from command line to 'False'
[1.166s] Level 5:colcon.colcon_core.verb:set package 'deltarobot' build argument 'ament_cmake_args' from command line to 'None'
[1.166s] Level 5:colcon.colcon_core.verb:set package 'deltarobot' build argument 'catkin_cmake_args' from command line to 'None'
[1.166s] Level 5:colcon.colcon_core.verb:set package 'deltarobot' build argument 'catkin_skip_building_tests' from command line to 'False'
[1.166s] DEBUG:colcon.colcon_core.verb:Building package 'deltarobot' with the following arguments: {'ament_cmake_args': None, 'build_base': '/media/ostifede02/F48A91EB8A91AB1E/Users/ostif/Documents/2dr_ws/build/deltarobot', 'catkin_cmake_args': None, 'catkin_skip_building_tests': False, 'cmake_args': None, 'cmake_clean_cache': False, 'cmake_clean_first': False, 'cmake_force_configure': False, 'cmake_target': None, 'cmake_target_skip_unavailable': False, 'install_base': '/media/ostifede02/F48A91EB8A91AB1E/Users/ostif/Documents/2dr_ws/install/deltarobot', 'merge_install': False, 'path': '/media/ostifede02/F48A91EB8A91AB1E/Users/ostif/Documents/2dr_ws/src/deltarobot', 'symlink_install': False, 'test_result_base': None}
[1.179s] Level 5:colcon.colcon_core.verb:set package 'deltarobot_interfaces' build argument 'cmake_args' from command line to 'None'
[1.179s] Level 5:colcon.colcon_core.verb:set package 'deltarobot_interfaces' build argument 'cmake_target' from command line to 'None'
[1.179s] Level 5:colcon.colcon_core.verb:set package 'deltarobot_interfaces' build argument 'cmake_target_skip_unavailable' from command line to 'False'
[1.180s] Level 5:colcon.colcon_core.verb:set package 'deltarobot_interfaces' build argument 'cmake_clean_cache' from command line to 'False'
[1.180s] Level 5:colcon.colcon_core.verb:set package 'deltarobot_interfaces' build argument 'cmake_clean_first' from command line to 'False'
[1.180s] Level 5:colcon.colcon_core.verb:set package 'deltarobot_interfaces' build argument 'cmake_force_configure' from command line to 'False'
[1.180s] Level 5:colcon.colcon_core.verb:set package 'deltarobot_interfaces' build argument 'ament_cmake_args' from command line to 'None'
[1.180s] Level 5:colcon.colcon_core.verb:set package 'deltarobot_interfaces' build argument 'catkin_cmake_args' from command line to 'None'
[1.180s] Level 5:colcon.colcon_core.verb:set package 'deltarobot_interfaces' build argument 'catkin_skip_building_tests' from command line to 'False'
[1.180s] DEBUG:colcon.colcon_core.verb:Building package 'deltarobot_interfaces' with the following arguments: {'ament_cmake_args': None, 'build_base': '/media/ostifede02/F48A91EB8A91AB1E/Users/ostif/Documents/2dr_ws/build/deltarobot_interfaces', 'catkin_cmake_args': None, 'catkin_skip_building_tests': False, 'cmake_args': None, 'cmake_clean_cache': False, 'cmake_clean_first': False, 'cmake_force_configure': False, 'cmake_target': None, 'cmake_target_skip_unavailable': False, 'install_base': '/media/ostifede02/F48A91EB8A91AB1E/Users/ostif/Documents/2dr_ws/install/deltarobot_interfaces', 'merge_install': False, 'path': '/media/ostifede02/F48A91EB8A91AB1E/Users/ostif/Documents/2dr_ws/src/deltarobot_interfaces', 'symlink_install': False, 'test_result_base': None}
[1.193s] INFO:colcon.colcon_core.executor:Executing jobs using 'parallel' executor
[1.207s] DEBUG:colcon.colcon_parallel_executor.executor.parallel:run_until_complete
[1.207s] INFO:colcon.colcon_ros.task.ament_python.build:Building ROS package in '/media/ostifede02/F48A91EB8A91AB1E/Users/ostif/Documents/2dr_ws/src/deltarobot' with build type 'ament_python'
[1.207s] Level 1:colcon.colcon_core.shell:create_environment_hook('deltarobot', 'ament_prefix_path')
[1.222s] INFO:colcon.colcon_core.plugin_system:Skipping extension 'colcon_core.shell.bat': Not used on non-Windows systems
[1.223s] INFO:colcon.colcon_core.shell:Creating environment hook '/media/ostifede02/F48A91EB8A91AB1E/Users/ostif/Documents/2dr_ws/install/deltarobot/share/deltarobot/hook/ament_prefix_path.ps1'
[1.223s] INFO:colcon.colcon_core.shell:Creating environment descriptor '/media/ostifede02/F48A91EB8A91AB1E/Users/ostif/Documents/2dr_ws/install/deltarobot/share/deltarobot/hook/ament_prefix_path.dsv'
[1.224s] INFO:colcon.colcon_core.shell:Creating environment hook '/media/ostifede02/F48A91EB8A91AB1E/Users/ostif/Documents/2dr_ws/install/deltarobot/share/deltarobot/hook/ament_prefix_path.sh'
[1.239s] INFO:colcon.colcon_core.shell:Skip shell extension 'powershell' for command environment: Not usable outside of PowerShell
[1.240s] DEBUG:colcon.colcon_core.shell:Skip shell extension 'dsv' for command environment
[1.298s] INFO:colcon.colcon_ros.task.ament_cmake.build:Building ROS package in '/media/ostifede02/F48A91EB8A91AB1E/Users/ostif/Documents/2dr_ws/src/deltarobot_interfaces' with build type 'ament_cmake'
[1.298s] INFO:colcon.colcon_cmake.task.cmake.build:Building CMake package in '/media/ostifede02/F48A91EB8A91AB1E/Users/ostif/Documents/2dr_ws/src/deltarobot_interfaces'
[1.312s] INFO:colcon.colcon_core.shell:Skip shell extension 'powershell' for command environment: Not usable outside of PowerShell
[1.312s] DEBUG:colcon.colcon_core.shell:Skip shell extension 'dsv' for command environment
[1.630s] INFO:colcon.colcon_core.task.python.build:Building Python package in '/media/ostifede02/F48A91EB8A91AB1E/Users/ostif/Documents/2dr_ws/src/deltarobot'
[1.644s] INFO:colcon.colcon_core.shell:Skip shell extension 'powershell' for command environment: Not usable outside of PowerShell
[1.645s] DEBUG:colcon.colcon_core.shell:Skip shell extension 'dsv' for command environment
[1.705s] DEBUG:colcon.colcon_core.event_handler.log_command:Invoking command in '/media/ostifede02/F48A91EB8A91AB1E/Users/ostif/Documents/2dr_ws/build/deltarobot_interfaces': CMAKE_PREFIX_PATH=${CMAKE_PREFIX_PATH}:/home/ostifede02/Documents/deltarobot_ws/install/deltarobot:/opt/ros/humble /usr/bin/cmake --build /media/ostifede02/F48A91EB8A91AB1E/Users/ostif/Documents/2dr_ws/build/deltarobot_interfaces -- -j8 -l8
[1.951s] DEBUG:colcon.colcon_core.event_handler.log_command:Invoked command in '/media/ostifede02/F48A91EB8A91AB1E/Users/ostif/Documents/2dr_ws/build/deltarobot_interfaces' returned '0': CMAKE_PREFIX_PATH=${CMAKE_PREFIX_PATH}:/home/ostifede02/Documents/deltarobot_ws/install/deltarobot:/opt/ros/humble /usr/bin/cmake --build /media/ostifede02/F48A91EB8A91AB1E/Users/ostif/Documents/2dr_ws/build/deltarobot_interfaces -- -j8 -l8
[2.210s] DEBUG:colcon.colcon_core.event_handler.log_command:Invoking command in '/media/ostifede02/F48A91EB8A91AB1E/Users/ostif/Documents/2dr_ws/build/deltarobot_interfaces': CMAKE_PREFIX_PATH=${CMAKE_PREFIX_PATH}:/home/ostifede02/Documents/deltarobot_ws/install/deltarobot:/opt/ros/humble /usr/bin/cmake --install /media/ostifede02/F48A91EB8A91AB1E/Users/ostif/Documents/2dr_ws/build/deltarobot_interfaces
[2.280s] DEBUG:colcon.colcon_core.event_handler.log_command:Invoking command in '/media/ostifede02/F48A91EB8A91AB1E/Users/ostif/Documents/2dr_ws/src/deltarobot': PYTHONPATH=/media/ostifede02/F48A91EB8A91AB1E/Users/ostif/Documents/2dr_ws/build/deltarobot/prefix_override:/media/ostifede02/F48A91EB8A91AB1E/Users/ostif/Documents/2dr_ws/install/deltarobot/lib/python3.10/site-packages:${PYTHONPATH} /usr/bin/python3 setup.py egg_info --egg-base ../../build/deltarobot build --build-base /media/ostifede02/F48A91EB8A91AB1E/Users/ostif/Documents/2dr_ws/build/deltarobot/build install --record /media/ostifede02/F48A91EB8A91AB1E/Users/ostif/Documents/2dr_ws/build/deltarobot/install.log --single-version-externally-managed
[2.326s] Level 1:colcon.colcon_core.environment:create_environment_scripts_only(deltarobot_interfaces)
[2.326s] DEBUG:colcon.colcon_core.event_handler.log_command:Invoked command in '/media/ostifede02/F48A91EB8A91AB1E/Users/ostif/Documents/2dr_ws/build/deltarobot_interfaces' returned '0': CMAKE_PREFIX_PATH=${CMAKE_PREFIX_PATH}:/home/ostifede02/Documents/deltarobot_ws/install/deltarobot:/opt/ros/humble /usr/bin/cmake --install /media/ostifede02/F48A91EB8A91AB1E/Users/ostif/Documents/2dr_ws/build/deltarobot_interfaces
[2.342s] Level 1:colcon.colcon_core.environment:checking '/media/ostifede02/F48A91EB8A91AB1E/Users/ostif/Documents/2dr_ws/install/deltarobot_interfaces' for CMake module files
[2.346s] Level 1:colcon.colcon_core.environment:checking '/media/ostifede02/F48A91EB8A91AB1E/Users/ostif/Documents/2dr_ws/install/deltarobot_interfaces' for CMake config files
[2.350s] Level 1:colcon.colcon_core.shell:create_environment_hook('deltarobot_interfaces', 'cmake_prefix_path')
[2.371s] INFO:colcon.colcon_core.shell:Creating environment hook '/media/ostifede02/F48A91EB8A91AB1E/Users/ostif/Documents/2dr_ws/install/deltarobot_interfaces/share/deltarobot_interfaces/hook/cmake_prefix_path.ps1'
[2.372s] INFO:colcon.colcon_core.shell:Creating environment descriptor '/media/ostifede02/F48A91EB8A91AB1E/Users/ostif/Documents/2dr_ws/install/deltarobot_interfaces/share/deltarobot_interfaces/hook/cmake_prefix_path.dsv'
[2.373s] INFO:colcon.colcon_core.shell:Creating environment hook '/media/ostifede02/F48A91EB8A91AB1E/Users/ostif/Documents/2dr_ws/install/deltarobot_interfaces/share/deltarobot_interfaces/hook/cmake_prefix_path.sh'
[2.374s] Level 1:colcon.colcon_core.environment:checking '/media/ostifede02/F48A91EB8A91AB1E/Users/ostif/Documents/2dr_ws/install/deltarobot_interfaces/lib'
[2.375s] Level 1:colcon.colcon_core.shell:create_environment_hook('deltarobot_interfaces', 'ld_library_path_lib')
[2.388s] INFO:colcon.colcon_core.shell:Creating environment hook '/media/ostifede02/F48A91EB8A91AB1E/Users/ostif/Documents/2dr_ws/install/deltarobot_interfaces/share/deltarobot_interfaces/hook/ld_library_path_lib.ps1'
[2.389s] INFO:colcon.colcon_core.shell:Creating environment descriptor '/media/ostifede02/F48A91EB8A91AB1E/Users/ostif/Documents/2dr_ws/install/deltarobot_interfaces/share/deltarobot_interfaces/hook/ld_library_path_lib.dsv'
[2.390s] INFO:colcon.colcon_core.shell:Creating environment hook '/media/ostifede02/F48A91EB8A91AB1E/Users/ostif/Documents/2dr_ws/install/deltarobot_interfaces/share/deltarobot_interfaces/hook/ld_library_path_lib.sh'
[2.391s] Level 1:colcon.colcon_core.environment:checking '/media/ostifede02/F48A91EB8A91AB1E/Users/ostif/Documents/2dr_ws/install/deltarobot_interfaces/bin'
[2.391s] Level 1:colcon.colcon_core.environment:checking '/media/ostifede02/F48A91EB8A91AB1E/Users/ostif/Documents/2dr_ws/install/deltarobot_interfaces/lib/pkgconfig/deltarobot_interfaces.pc'
[2.391s] Level 1:colcon.colcon_core.environment:checking '/media/ostifede02/F48A91EB8A91AB1E/Users/ostif/Documents/2dr_ws/install/deltarobot_interfaces/lib/python3.10/site-packages'
[2.391s] Level 1:colcon.colcon_core.environment:checking '/media/ostifede02/F48A91EB8A91AB1E/Users/ostif/Documents/2dr_ws/install/deltarobot_interfaces/bin'
[2.413s] INFO:colcon.colcon_core.shell:Creating package script '/media/ostifede02/F48A91EB8A91AB1E/Users/ostif/Documents/2dr_ws/install/deltarobot_interfaces/share/deltarobot_interfaces/package.ps1'
[2.414s] INFO:colcon.colcon_core.shell:Creating package descriptor '/media/ostifede02/F48A91EB8A91AB1E/Users/ostif/Documents/2dr_ws/install/deltarobot_interfaces/share/deltarobot_interfaces/package.dsv'
[2.415s] INFO:colcon.colcon_core.shell:Creating package script '/media/ostifede02/F48A91EB8A91AB1E/Users/ostif/Documents/2dr_ws/install/deltarobot_interfaces/share/deltarobot_interfaces/package.sh'
[2.417s] INFO:colcon.colcon_core.shell:Creating package script '/media/ostifede02/F48A91EB8A91AB1E/Users/ostif/Documents/2dr_ws/install/deltarobot_interfaces/share/deltarobot_interfaces/package.bash'
[2.418s] INFO:colcon.colcon_core.shell:Creating package script '/media/ostifede02/F48A91EB8A91AB1E/Users/ostif/Documents/2dr_ws/install/deltarobot_interfaces/share/deltarobot_interfaces/package.zsh'
[2.419s] Level 1:colcon.colcon_core.environment:create_file_with_runtime_dependencies(/media/ostifede02/F48A91EB8A91AB1E/Users/ostif/Documents/2dr_ws/install/deltarobot_interfaces/share/colcon-core/packages/deltarobot_interfaces)
[2.699s] Level 1:colcon.colcon_core.environment:create_environment_scripts_only(deltarobot_interfaces)
[2.713s] Level 1:colcon.colcon_core.environment:checking '/media/ostifede02/F48A91EB8A91AB1E/Users/ostif/Documents/2dr_ws/install/deltarobot_interfaces' for CMake module files
[2.717s] Level 1:colcon.colcon_core.environment:checking '/media/ostifede02/F48A91EB8A91AB1E/Users/ostif/Documents/2dr_ws/install/deltarobot_interfaces' for CMake config files
[2.719s] Level 1:colcon.colcon_core.shell:create_environment_hook('deltarobot_interfaces', 'cmake_prefix_path')
[2.733s] INFO:colcon.colcon_core.shell:Creating environment hook '/media/ostifede02/F48A91EB8A91AB1E/Users/ostif/Documents/2dr_ws/install/deltarobot_interfaces/share/deltarobot_interfaces/hook/cmake_prefix_path.ps1'
[2.734s] INFO:colcon.colcon_core.shell:Creating environment descriptor '/media/ostifede02/F48A91EB8A91AB1E/Users/ostif/Documents/2dr_ws/install/deltarobot_interfaces/share/deltarobot_interfaces/hook/cmake_prefix_path.dsv'
[2.734s] INFO:colcon.colcon_core.shell:Creating environment hook '/media/ostifede02/F48A91EB8A91AB1E/Users/ostif/Documents/2dr_ws/install/deltarobot_interfaces/share/deltarobot_interfaces/hook/cmake_prefix_path.sh'
[2.735s] Level 1:colcon.colcon_core.environment:checking '/media/ostifede02/F48A91EB8A91AB1E/Users/ostif/Documents/2dr_ws/install/deltarobot_interfaces/lib'
[2.735s] Level 1:colcon.colcon_core.shell:create_environment_hook('deltarobot_interfaces', 'ld_library_path_lib')
[2.750s] INFO:colcon.colcon_core.shell:Creating environment hook '/media/ostifede02/F48A91EB8A91AB1E/Users/ostif/Documents/2dr_ws/install/deltarobot_interfaces/share/deltarobot_interfaces/hook/ld_library_path_lib.ps1'
[2.751s] INFO:colcon.colcon_core.shell:Creating environment descriptor '/media/ostifede02/F48A91EB8A91AB1E/Users/ostif/Documents/2dr_ws/install/deltarobot_interfaces/share/deltarobot_interfaces/hook/ld_library_path_lib.dsv'
[2.751s] INFO:colcon.colcon_core.shell:Creating environment hook '/media/ostifede02/F48A91EB8A91AB1E/Users/ostif/Documents/2dr_ws/install/deltarobot_interfaces/share/deltarobot_interfaces/hook/ld_library_path_lib.sh'
[2.752s] Level 1:colcon.colcon_core.environment:checking '/media/ostifede02/F48A91EB8A91AB1E/Users/ostif/Documents/2dr_ws/install/deltarobot_interfaces/bin'
[2.752s] Level 1:colcon.colcon_core.environment:checking '/media/ostifede02/F48A91EB8A91AB1E/Users/ostif/Documents/2dr_ws/install/deltarobot_interfaces/lib/pkgconfig/deltarobot_interfaces.pc'
[2.752s] Level 1:colcon.colcon_core.environment:checking '/media/ostifede02/F48A91EB8A91AB1E/Users/ostif/Documents/2dr_ws/install/deltarobot_interfaces/lib/python3.10/site-packages'
[2.752s] Level 1:colcon.colcon_core.environment:checking '/media/ostifede02/F48A91EB8A91AB1E/Users/ostif/Documents/2dr_ws/install/deltarobot_interfaces/bin'
[2.766s] INFO:colcon.colcon_core.shell:Creating package script '/media/ostifede02/F48A91EB8A91AB1E/Users/ostif/Documents/2dr_ws/install/deltarobot_interfaces/share/deltarobot_interfaces/package.ps1'
[2.767s] INFO:colcon.colcon_core.shell:Creating package descriptor '/media/ostifede02/F48A91EB8A91AB1E/Users/ostif/Documents/2dr_ws/install/deltarobot_interfaces/share/deltarobot_interfaces/package.dsv'
[2.768s] INFO:colcon.colcon_core.shell:Creating package script '/media/ostifede02/F48A91EB8A91AB1E/Users/ostif/Documents/2dr_ws/install/deltarobot_interfaces/share/deltarobot_interfaces/package.sh'
[2.768s] INFO:colcon.colcon_core.shell:Creating package script '/media/ostifede02/F48A91EB8A91AB1E/Users/ostif/Documents/2dr_ws/install/deltarobot_interfaces/share/deltarobot_interfaces/package.bash'
[2.769s] INFO:colcon.colcon_core.shell:Creating package script '/media/ostifede02/F48A91EB8A91AB1E/Users/ostif/Documents/2dr_ws/install/deltarobot_interfaces/share/deltarobot_interfaces/package.zsh'
[2.769s] Level 1:colcon.colcon_core.environment:create_file_with_runtime_dependencies(/media/ostifede02/F48A91EB8A91AB1E/Users/ostif/Documents/2dr_ws/install/deltarobot_interfaces/share/colcon-core/packages/deltarobot_interfaces)
[2.771s] DEBUG:colcon.colcon_core.event_handler.log_command:Invoked command in '/media/ostifede02/F48A91EB8A91AB1E/Users/ostif/Documents/2dr_ws/src/deltarobot' returned '0': PYTHONPATH=/media/ostifede02/F48A91EB8A91AB1E/Users/ostif/Documents/2dr_ws/build/deltarobot/prefix_override:/media/ostifede02/F48A91EB8A91AB1E/Users/ostif/Documents/2dr_ws/install/deltarobot/lib/python3.10/site-packages:${PYTHONPATH} /usr/bin/python3 setup.py egg_info --egg-base ../../build/deltarobot build --build-base /media/ostifede02/F48A91EB8A91AB1E/Users/ostif/Documents/2dr_ws/build/deltarobot/build install --record /media/ostifede02/F48A91EB8A91AB1E/Users/ostif/Documents/2dr_ws/build/deltarobot/install.log --single-version-externally-managed
[2.784s] Level 1:colcon.colcon_core.environment:checking '/media/ostifede02/F48A91EB8A91AB1E/Users/ostif/Documents/2dr_ws/install/deltarobot' for CMake module files
[2.786s] Level 1:colcon.colcon_core.environment:checking '/media/ostifede02/F48A91EB8A91AB1E/Users/ostif/Documents/2dr_ws/install/deltarobot' for CMake config files
[2.788s] Level 1:colcon.colcon_core.environment:checking '/media/ostifede02/F48A91EB8A91AB1E/Users/ostif/Documents/2dr_ws/install/deltarobot/lib'
[2.788s] Level 1:colcon.colcon_core.environment:checking '/media/ostifede02/F48A91EB8A91AB1E/Users/ostif/Documents/2dr_ws/install/deltarobot/bin'
[2.788s] Level 1:colcon.colcon_core.environment:checking '/media/ostifede02/F48A91EB8A91AB1E/Users/ostif/Documents/2dr_ws/install/deltarobot/lib/pkgconfig/deltarobot.pc'
[2.789s] Level 1:colcon.colcon_core.environment:checking '/media/ostifede02/F48A91EB8A91AB1E/Users/ostif/Documents/2dr_ws/install/deltarobot/lib/python3.10/site-packages'
[2.789s] Level 1:colcon.colcon_core.shell:create_environment_hook('deltarobot', 'pythonpath')
[2.803s] INFO:colcon.colcon_core.shell:Creating environment hook '/media/ostifede02/F48A91EB8A91AB1E/Users/ostif/Documents/2dr_ws/install/deltarobot/share/deltarobot/hook/pythonpath.ps1'
[2.803s] INFO:colcon.colcon_core.shell:Creating environment descriptor '/media/ostifede02/F48A91EB8A91AB1E/Users/ostif/Documents/2dr_ws/install/deltarobot/share/deltarobot/hook/pythonpath.dsv'
[2.804s] INFO:colcon.colcon_core.shell:Creating environment hook '/media/ostifede02/F48A91EB8A91AB1E/Users/ostif/Documents/2dr_ws/install/deltarobot/share/deltarobot/hook/pythonpath.sh'
[2.804s] Level 1:colcon.colcon_core.environment:checking '/media/ostifede02/F48A91EB8A91AB1E/Users/ostif/Documents/2dr_ws/install/deltarobot/bin'
[2.805s] Level 1:colcon.colcon_core.environment:create_environment_scripts_only(deltarobot)
[2.819s] INFO:colcon.colcon_core.shell:Creating package script '/media/ostifede02/F48A91EB8A91AB1E/Users/ostif/Documents/2dr_ws/install/deltarobot/share/deltarobot/package.ps1'
[2.819s] INFO:colcon.colcon_core.shell:Creating package descriptor '/media/ostifede02/F48A91EB8A91AB1E/Users/ostif/Documents/2dr_ws/install/deltarobot/share/deltarobot/package.dsv'
[2.820s] INFO:colcon.colcon_core.shell:Creating package script '/media/ostifede02/F48A91EB8A91AB1E/Users/ostif/Documents/2dr_ws/install/deltarobot/share/deltarobot/package.sh'
[2.821s] INFO:colcon.colcon_core.shell:Creating package script '/media/ostifede02/F48A91EB8A91AB1E/Users/ostif/Documents/2dr_ws/install/deltarobot/share/deltarobot/package.bash'
[2.821s] INFO:colcon.colcon_core.shell:Creating package script '/media/ostifede02/F48A91EB8A91AB1E/Users/ostif/Documents/2dr_ws/install/deltarobot/share/deltarobot/package.zsh'
[2.821s] Level 1:colcon.colcon_core.environment:create_file_with_runtime_dependencies(/media/ostifede02/F48A91EB8A91AB1E/Users/ostif/Documents/2dr_ws/install/deltarobot/share/colcon-core/packages/deltarobot)
[2.822s] DEBUG:colcon.colcon_parallel_executor.executor.parallel:closing loop
[2.822s] DEBUG:colcon.colcon_parallel_executor.executor.parallel:loop closed
[2.822s] DEBUG:colcon.colcon_parallel_executor.executor.parallel:run_until_complete finished with '0'
[2.822s] DEBUG:colcon.colcon_core.event_reactor:joining thread
[2.843s] INFO:colcon.colcon_core.plugin_system:Skipping extension 'colcon_notification.desktop_notification.terminal_notifier': Not used on non-Darwin systems
[2.843s] INFO:colcon.colcon_core.plugin_system:Skipping extension 'colcon_notification.desktop_notification.win32': Not used on non-Windows systems
[2.843s] INFO:colcon.colcon_notification.desktop_notification:Sending desktop notification using 'notify2'
[2.849s] DEBUG:colcon.colcon_core.event_reactor:joined thread
[2.863s] INFO:colcon.colcon_core.shell:Creating prefix script '/media/ostifede02/F48A91EB8A91AB1E/Users/ostif/Documents/2dr_ws/install/local_setup.ps1'
[2.864s] INFO:colcon.colcon_core.shell:Creating prefix util module '/media/ostifede02/F48A91EB8A91AB1E/Users/ostif/Documents/2dr_ws/install/_local_setup_util_ps1.py'
[2.865s] INFO:colcon.colcon_core.shell:Creating prefix chain script '/media/ostifede02/F48A91EB8A91AB1E/Users/ostif/Documents/2dr_ws/install/setup.ps1'
[2.880s] INFO:colcon.colcon_core.shell:Creating prefix script '/media/ostifede02/F48A91EB8A91AB1E/Users/ostif/Documents/2dr_ws/install/local_setup.sh'
[2.880s] INFO:colcon.colcon_core.shell:Creating prefix util module '/media/ostifede02/F48A91EB8A91AB1E/Users/ostif/Documents/2dr_ws/install/_local_setup_util_sh.py'
[2.881s] INFO:colcon.colcon_core.shell:Creating prefix chain script '/media/ostifede02/F48A91EB8A91AB1E/Users/ostif/Documents/2dr_ws/install/setup.sh'
[2.895s] INFO:colcon.colcon_core.shell:Creating prefix script '/media/ostifede02/F48A91EB8A91AB1E/Users/ostif/Documents/2dr_ws/install/local_setup.bash'
[2.896s] INFO:colcon.colcon_core.shell:Creating prefix chain script '/media/ostifede02/F48A91EB8A91AB1E/Users/ostif/Documents/2dr_ws/install/setup.bash'
[2.910s] INFO:colcon.colcon_core.shell:Creating prefix script '/media/ostifede02/F48A91EB8A91AB1E/Users/ostif/Documents/2dr_ws/install/local_setup.zsh'
[2.911s] INFO:colcon.colcon_core.shell:Creating prefix chain script '/media/ostifede02/F48A91EB8A91AB1E/Users/ostif/Documents/2dr_ws/install/setup.zsh'
