[1.073s] Invoking command in '/media/ostifede02/F48A91EB8A91AB1E/Users/ostif/Documents/2dr_ws/src/deltarobot': PYTHONPATH=/media/ostifede02/F48A91EB8A91AB1E/Users/ostif/Documents/2dr_ws/build/deltarobot/prefix_override:/media/ostifede02/F48A91EB8A91AB1E/Users/ostif/Documents/2dr_ws/install/deltarobot/lib/python3.10/site-packages:${PYTHONPATH} /usr/bin/python3 setup.py egg_info --egg-base ../../build/deltarobot build --build-base /media/ostifede02/F48A91EB8A91AB1E/Users/ostif/Documents/2dr_ws/build/deltarobot/build install --record /media/ostifede02/F48A91EB8A91AB1E/Users/ostif/Documents/2dr_ws/build/deltarobot/install.log --single-version-externally-managed
[1.408s] running egg_info
[1.409s] writing ../../build/deltarobot/deltarobot.egg-info/PKG-INFO
[1.409s] writing dependency_links to ../../build/deltarobot/deltarobot.egg-info/dependency_links.txt
[1.409s] writing entry points to ../../build/deltarobot/deltarobot.egg-info/entry_points.txt
[1.410s] writing requirements to ../../build/deltarobot/deltarobot.egg-info/requires.txt
[1.410s] writing top-level names to ../../build/deltarobot/deltarobot.egg-info/top_level.txt
[1.413s] reading manifest file '../../build/deltarobot/deltarobot.egg-info/SOURCES.txt'
[1.416s] writing manifest file '../../build/deltarobot/deltarobot.egg-info/SOURCES.txt'
[1.416s] running build
[1.416s] running build_py
[1.419s] running install
[1.419s] running install_lib
[1.426s] running install_data
[1.427s] running install_egg_info
[1.430s] removing '/media/ostifede02/F48A91EB8A91AB1E/Users/ostif/Documents/2dr_ws/install/deltarobot/lib/python3.10/site-packages/deltarobot-0.0.0-py3.10.egg-info' (and everything under it)
[1.432s] Copying ../../build/deltarobot/deltarobot.egg-info to /media/ostifede02/F48A91EB8A91AB1E/Users/ostif/Documents/2dr_ws/install/deltarobot/lib/python3.10/site-packages/deltarobot-0.0.0-py3.10.egg-info
[1.440s] running install_scripts
[1.459s] writing list of installed files to '/media/ostifede02/F48A91EB8A91AB1E/Users/ostif/Documents/2dr_ws/build/deltarobot/install.log'
[1.563s] Invoked command in '/media/ostifede02/F48A91EB8A91AB1E/Users/ostif/Documents/2dr_ws/src/deltarobot' returned '0': PYTHONPATH=/media/ostifede02/F48A91EB8A91AB1E/Users/ostif/Documents/2dr_ws/build/deltarobot/prefix_override:/media/ostifede02/F48A91EB8A91AB1E/Users/ostif/Documents/2dr_ws/install/deltarobot/lib/python3.10/site-packages:${PYTHONPATH} /usr/bin/python3 setup.py egg_info --egg-base ../../build/deltarobot build --build-base /media/ostifede02/F48A91EB8A91AB1E/Users/ostif/Documents/2dr_ws/build/deltarobot/build install --record /media/ostifede02/F48A91EB8A91AB1E/Users/ostif/Documents/2dr_ws/build/deltarobot/install.log --single-version-externally-managed
