[1.018s] Invoking command in '/media/ostifede02/F48A91EB8A91AB1E/Users/ostif/Documents/2dr_ws/src/deltarobot': PYTHONPATH=/media/ostifede02/F48A91EB8A91AB1E/Users/ostif/Documents/2dr_ws/build/deltarobot/prefix_override:/media/ostifede02/F48A91EB8A91AB1E/Users/ostif/Documents/2dr_ws/install/deltarobot/lib/python3.10/site-packages:${PYTHONPATH} /usr/bin/python3 setup.py egg_info --egg-base ../../build/deltarobot build --build-base /media/ostifede02/F48A91EB8A91AB1E/Users/ostif/Documents/2dr_ws/build/deltarobot/build install --record /media/ostifede02/F48A91EB8A91AB1E/Users/ostif/Documents/2dr_ws/build/deltarobot/install.log --single-version-externally-managed
[1.312s] running egg_info
[1.312s] creating ../../build/deltarobot/deltarobot.egg-info
[1.312s] writing ../../build/deltarobot/deltarobot.egg-info/PKG-INFO
[1.313s] writing dependency_links to ../../build/deltarobot/deltarobot.egg-info/dependency_links.txt
[1.313s] writing entry points to ../../build/deltarobot/deltarobot.egg-info/entry_points.txt
[1.313s] writing requirements to ../../build/deltarobot/deltarobot.egg-info/requires.txt
[1.313s] writing top-level names to ../../build/deltarobot/deltarobot.egg-info/top_level.txt
[1.314s] writing manifest file '../../build/deltarobot/deltarobot.egg-info/SOURCES.txt'
[1.316s] reading manifest file '../../build/deltarobot/deltarobot.egg-info/SOURCES.txt'
[1.318s] writing manifest file '../../build/deltarobot/deltarobot.egg-info/SOURCES.txt'
[1.319s] running build
[1.319s] running build_py
[1.319s] creating /media/ostifede02/F48A91EB8A91AB1E/Users/ostif/Documents/2dr_ws/build/deltarobot/build
[1.319s] creating /media/ostifede02/F48A91EB8A91AB1E/Users/ostif/Documents/2dr_ws/build/deltarobot/build/lib
[1.319s] creating /media/ostifede02/F48A91EB8A91AB1E/Users/ostif/Documents/2dr_ws/build/deltarobot/build/lib/deltarobot
[1.320s] copying deltarobot/gepetto_visualizer.py -> /media/ostifede02/F48A91EB8A91AB1E/Users/ostif/Documents/2dr_ws/build/deltarobot/build/lib/deltarobot
[1.320s] copying deltarobot/robot_controller.py -> /media/ostifede02/F48A91EB8A91AB1E/Users/ostif/Documents/2dr_ws/build/deltarobot/build/lib/deltarobot
[1.321s] copying deltarobot/task_handler.py -> /media/ostifede02/F48A91EB8A91AB1E/Users/ostif/Documents/2dr_ws/build/deltarobot/build/lib/deltarobot
[1.322s] copying deltarobot/trajectory_generator.py -> /media/ostifede02/F48A91EB8A91AB1E/Users/ostif/Documents/2dr_ws/build/deltarobot/build/lib/deltarobot
[1.322s] copying deltarobot/user_input_gui.py -> /media/ostifede02/F48A91EB8A91AB1E/Users/ostif/Documents/2dr_ws/build/deltarobot/build/lib/deltarobot
[1.323s] copying deltarobot/__init__.py -> /media/ostifede02/F48A91EB8A91AB1E/Users/ostif/Documents/2dr_ws/build/deltarobot/build/lib/deltarobot
[1.324s] running install
[1.324s] running install_lib
[1.326s] creating /media/ostifede02/F48A91EB8A91AB1E/Users/ostif/Documents/2dr_ws/install/deltarobot/lib/python3.10/site-packages/deltarobot
[1.326s] copying /media/ostifede02/F48A91EB8A91AB1E/Users/ostif/Documents/2dr_ws/build/deltarobot/build/lib/deltarobot/gepetto_visualizer.py -> /media/ostifede02/F48A91EB8A91AB1E/Users/ostif/Documents/2dr_ws/install/deltarobot/lib/python3.10/site-packages/deltarobot
[1.327s] copying /media/ostifede02/F48A91EB8A91AB1E/Users/ostif/Documents/2dr_ws/build/deltarobot/build/lib/deltarobot/robot_controller.py -> /media/ostifede02/F48A91EB8A91AB1E/Users/ostif/Documents/2dr_ws/install/deltarobot/lib/python3.10/site-packages/deltarobot
[1.329s] copying /media/ostifede02/F48A91EB8A91AB1E/Users/ostif/Documents/2dr_ws/build/deltarobot/build/lib/deltarobot/task_handler.py -> /media/ostifede02/F48A91EB8A91AB1E/Users/ostif/Documents/2dr_ws/install/deltarobot/lib/python3.10/site-packages/deltarobot
[1.330s] copying /media/ostifede02/F48A91EB8A91AB1E/Users/ostif/Documents/2dr_ws/build/deltarobot/build/lib/deltarobot/trajectory_generator.py -> /media/ostifede02/F48A91EB8A91AB1E/Users/ostif/Documents/2dr_ws/install/deltarobot/lib/python3.10/site-packages/deltarobot
[1.331s] copying /media/ostifede02/F48A91EB8A91AB1E/Users/ostif/Documents/2dr_ws/build/deltarobot/build/lib/deltarobot/user_input_gui.py -> /media/ostifede02/F48A91EB8A91AB1E/Users/ostif/Documents/2dr_ws/install/deltarobot/lib/python3.10/site-packages/deltarobot
[1.331s] copying /media/ostifede02/F48A91EB8A91AB1E/Users/ostif/Documents/2dr_ws/build/deltarobot/build/lib/deltarobot/__init__.py -> /media/ostifede02/F48A91EB8A91AB1E/Users/ostif/Documents/2dr_ws/install/deltarobot/lib/python3.10/site-packages/deltarobot
[1.333s] byte-compiling /media/ostifede02/F48A91EB8A91AB1E/Users/ostif/Documents/2dr_ws/install/deltarobot/lib/python3.10/site-packages/deltarobot/gepetto_visualizer.py to gepetto_visualizer.cpython-310.pyc
[1.334s] byte-compiling /media/ostifede02/F48A91EB8A91AB1E/Users/ostif/Documents/2dr_ws/install/deltarobot/lib/python3.10/site-packages/deltarobot/robot_controller.py to robot_controller.cpython-310.pyc
[1.335s] byte-compiling /media/ostifede02/F48A91EB8A91AB1E/Users/ostif/Documents/2dr_ws/install/deltarobot/lib/python3.10/site-packages/deltarobot/task_handler.py to task_handler.cpython-310.pyc
[1.336s] byte-compiling /media/ostifede02/F48A91EB8A91AB1E/Users/ostif/Documents/2dr_ws/install/deltarobot/lib/python3.10/site-packages/deltarobot/trajectory_generator.py to trajectory_generator.cpython-310.pyc
[1.338s] byte-compiling /media/ostifede02/F48A91EB8A91AB1E/Users/ostif/Documents/2dr_ws/install/deltarobot/lib/python3.10/site-packages/deltarobot/user_input_gui.py to user_input_gui.cpython-310.pyc
[1.339s] byte-compiling /media/ostifede02/F48A91EB8A91AB1E/Users/ostif/Documents/2dr_ws/install/deltarobot/lib/python3.10/site-packages/deltarobot/__init__.py to __init__.cpython-310.pyc
[1.340s] running install_data
[1.342s] creating /media/ostifede02/F48A91EB8A91AB1E/Users/ostif/Documents/2dr_ws/install/deltarobot/share/ament_index
[1.342s] creating /media/ostifede02/F48A91EB8A91AB1E/Users/ostif/Documents/2dr_ws/install/deltarobot/share/ament_index/resource_index
[1.342s] creating /media/ostifede02/F48A91EB8A91AB1E/Users/ostif/Documents/2dr_ws/install/deltarobot/share/ament_index/resource_index/packages
[1.342s] copying resource/deltarobot -> /media/ostifede02/F48A91EB8A91AB1E/Users/ostif/Documents/2dr_ws/install/deltarobot/share/ament_index/resource_index/packages
[1.343s] copying package.xml -> /media/ostifede02/F48A91EB8A91AB1E/Users/ostif/Documents/2dr_ws/install/deltarobot/share/deltarobot
[1.343s] running install_egg_info
[1.346s] Copying ../../build/deltarobot/deltarobot.egg-info to /media/ostifede02/F48A91EB8A91AB1E/Users/ostif/Documents/2dr_ws/install/deltarobot/lib/python3.10/site-packages/deltarobot-0.0.0-py3.10.egg-info
[1.354s] running install_scripts
[1.381s] writing list of installed files to '/media/ostifede02/F48A91EB8A91AB1E/Users/ostif/Documents/2dr_ws/build/deltarobot/install.log'
[1.401s] Invoked command in '/media/ostifede02/F48A91EB8A91AB1E/Users/ostif/Documents/2dr_ws/src/deltarobot' returned '0': PYTHONPATH=/media/ostifede02/F48A91EB8A91AB1E/Users/ostif/Documents/2dr_ws/build/deltarobot/prefix_override:/media/ostifede02/F48A91EB8A91AB1E/Users/ostif/Documents/2dr_ws/install/deltarobot/lib/python3.10/site-packages:${PYTHONPATH} /usr/bin/python3 setup.py egg_info --egg-base ../../build/deltarobot build --build-base /media/ostifede02/F48A91EB8A91AB1E/Users/ostif/Documents/2dr_ws/build/deltarobot/build install --record /media/ostifede02/F48A91EB8A91AB1E/Users/ostif/Documents/2dr_ws/build/deltarobot/install.log --single-version-externally-managed
