[0.866s] DEBUG:colcon:Command line arguments: ['/usr/bin/colcon', 'build']
[0.866s] DEBUG:colcon:Parsed command line arguments: Namespace(log_base=None, log_level=None, verb_name='build', build_base='build', install_base='install', merge_install=False, symlink_install=False, test_result_base=None, continue_on_error=False, executor='parallel', parallel_workers=8, event_handlers=None, ignore_user_meta=False, metas=['./colcon.meta'], base_paths=['.'], packages_ignore=None, packages_ignore_regex=None, paths=None, packages_up_to=None, packages_up_to_regex=None, packages_above=None, packages_above_and_dependencies=None, packages_above_depth=None, packages_select_by_dep=None, packages_skip_by_dep=None, packages_skip_up_to=None, packages_select_build_failed=False, packages_skip_build_finished=False, packages_select_test_failures=False, packages_skip_test_passed=False, packages_select=None, packages_skip=None, packages_select_regex=None, packages_skip_regex=None, packages_start=None, packages_end=None, allow_overriding=[], cmake_args=None, cmake_target=None, cmake_target_skip_unavailable=False, cmake_clean_cache=False, cmake_clean_first=False, cmake_force_configure=False, ament_cmake_args=None, catkin_cmake_args=None, catkin_skip_building_tests=False, verb_parser=<colcon_defaults.argument_parser.defaults.DefaultArgumentsDecorator object at 0x7f0a4bcba6b0>, verb_extension=<colcon_core.verb.build.BuildVerb object at 0x7f0a4be4b010>, main=<bound method BuildVerb.main of <colcon_core.verb.build.BuildVerb object at 0x7f0a4be4b010>>)
[0.911s] Level 1:colcon.colcon_core.package_discovery:discover_packages(colcon_meta) check parameters
[0.911s] Level 1:colcon.colcon_core.package_discovery:discover_packages(recursive) check parameters
[0.911s] Level 1:colcon.colcon_core.package_discovery:discover_packages(ignore) check parameters
[0.911s] Level 1:colcon.colcon_core.package_discovery:discover_packages(path) check parameters
[0.911s] Level 1:colcon.colcon_core.package_discovery:discover_packages(colcon_meta) discover
[0.912s] Level 1:colcon.colcon_core.package_discovery:discover_packages(recursive) discover
[0.912s] INFO:colcon.colcon_core.package_discovery:Crawling recursively for packages in '/media/ostifede02/F48A91EB8A91AB1E/Users/ostif/Documents/2dr_ws'
[0.912s] Level 1:colcon.colcon_core.package_identification:_identify(.) by extensions ['ignore', 'ignore_ament_install']
[0.912s] Level 1:colcon.colcon_core.package_identification:_identify(.) by extension 'ignore'
[0.912s] Level 1:colcon.colcon_core.package_identification:_identify(.) by extension 'ignore_ament_install'
[0.912s] Level 1:colcon.colcon_core.package_identification:_identify(.) by extensions ['colcon_pkg']
[0.912s] Level 1:colcon.colcon_core.package_identification:_identify(.) by extension 'colcon_pkg'
[0.912s] Level 1:colcon.colcon_core.package_identification:_identify(.) by extensions ['colcon_meta']
[0.912s] Level 1:colcon.colcon_core.package_identification:_identify(.) by extension 'colcon_meta'
[0.912s] Level 1:colcon.colcon_core.package_identification:_identify(.) by extensions ['ros']
[0.912s] Level 1:colcon.colcon_core.package_identification:_identify(.) by extension 'ros'
[0.920s] Level 1:colcon.colcon_core.package_identification:_identify(.) by extensions ['cmake', 'python']
[0.920s] Level 1:colcon.colcon_core.package_identification:_identify(.) by extension 'cmake'
[0.920s] Level 1:colcon.colcon_core.package_identification:_identify(.) by extension 'python'
[0.921s] Level 1:colcon.colcon_core.package_identification:_identify(.) by extensions ['python_setup_py']
[0.921s] Level 1:colcon.colcon_core.package_identification:_identify(.) by extension 'python_setup_py'
[0.921s] Level 1:colcon.colcon_core.package_identification:_identify(build) by extensions ['ignore', 'ignore_ament_install']
[0.921s] Level 1:colcon.colcon_core.package_identification:_identify(build) by extension 'ignore'
[0.921s] Level 1:colcon.colcon_core.package_identification:_identify(build) ignored
[0.921s] Level 1:colcon.colcon_core.package_identification:_identify(docs) by extensions ['ignore', 'ignore_ament_install']
[0.921s] Level 1:colcon.colcon_core.package_identification:_identify(docs) by extension 'ignore'
[0.921s] Level 1:colcon.colcon_core.package_identification:_identify(docs) by extension 'ignore_ament_install'
[0.921s] Level 1:colcon.colcon_core.package_identification:_identify(docs) by extensions ['colcon_pkg']
[0.921s] Level 1:colcon.colcon_core.package_identification:_identify(docs) by extension 'colcon_pkg'
[0.922s] Level 1:colcon.colcon_core.package_identification:_identify(docs) by extensions ['colcon_meta']
[0.922s] Level 1:colcon.colcon_core.package_identification:_identify(docs) by extension 'colcon_meta'
[0.922s] Level 1:colcon.colcon_core.package_identification:_identify(docs) by extensions ['ros']
[0.922s] Level 1:colcon.colcon_core.package_identification:_identify(docs) by extension 'ros'
[0.922s] Level 1:colcon.colcon_core.package_identification:_identify(docs) by extensions ['cmake', 'python']
[0.922s] Level 1:colcon.colcon_core.package_identification:_identify(docs) by extension 'cmake'
[0.922s] Level 1:colcon.colcon_core.package_identification:_identify(docs) by extension 'python'
[0.922s] Level 1:colcon.colcon_core.package_identification:_identify(docs) by extensions ['python_setup_py']
[0.922s] Level 1:colcon.colcon_core.package_identification:_identify(docs) by extension 'python_setup_py'
[0.922s] Level 1:colcon.colcon_core.package_identification:_identify(install) by extensions ['ignore', 'ignore_ament_install']
[0.922s] Level 1:colcon.colcon_core.package_identification:_identify(install) by extension 'ignore'
[0.922s] Level 1:colcon.colcon_core.package_identification:_identify(install) ignored
[0.923s] Level 1:colcon.colcon_core.package_identification:_identify(log) by extensions ['ignore', 'ignore_ament_install']
[0.923s] Level 1:colcon.colcon_core.package_identification:_identify(log) by extension 'ignore'
[0.923s] Level 1:colcon.colcon_core.package_identification:_identify(log) ignored
[0.923s] Level 1:colcon.colcon_core.package_identification:_identify(src) by extensions ['ignore', 'ignore_ament_install']
[0.923s] Level 1:colcon.colcon_core.package_identification:_identify(src) by extension 'ignore'
[0.923s] Level 1:colcon.colcon_core.package_identification:_identify(src) by extension 'ignore_ament_install'
[0.923s] Level 1:colcon.colcon_core.package_identification:_identify(src) by extensions ['colcon_pkg']
[0.923s] Level 1:colcon.colcon_core.package_identification:_identify(src) by extension 'colcon_pkg'
[0.923s] Level 1:colcon.colcon_core.package_identification:_identify(src) by extensions ['colcon_meta']
[0.923s] Level 1:colcon.colcon_core.package_identification:_identify(src) by extension 'colcon_meta'
[0.923s] Level 1:colcon.colcon_core.package_identification:_identify(src) by extensions ['ros']
[0.923s] Level 1:colcon.colcon_core.package_identification:_identify(src) by extension 'ros'
[0.923s] Level 1:colcon.colcon_core.package_identification:_identify(src) by extensions ['cmake', 'python']
[0.923s] Level 1:colcon.colcon_core.package_identification:_identify(src) by extension 'cmake'
[0.923s] Level 1:colcon.colcon_core.package_identification:_identify(src) by extension 'python'
[0.923s] Level 1:colcon.colcon_core.package_identification:_identify(src) by extensions ['python_setup_py']
[0.923s] Level 1:colcon.colcon_core.package_identification:_identify(src) by extension 'python_setup_py'
[0.924s] Level 1:colcon.colcon_core.package_identification:_identify(src/deltarobot) by extensions ['ignore', 'ignore_ament_install']
[0.924s] Level 1:colcon.colcon_core.package_identification:_identify(src/deltarobot) by extension 'ignore'
[0.924s] Level 1:colcon.colcon_core.package_identification:_identify(src/deltarobot) by extension 'ignore_ament_install'
[0.924s] Level 1:colcon.colcon_core.package_identification:_identify(src/deltarobot) by extensions ['colcon_pkg']
[0.924s] Level 1:colcon.colcon_core.package_identification:_identify(src/deltarobot) by extension 'colcon_pkg'
[0.924s] Level 1:colcon.colcon_core.package_identification:_identify(src/deltarobot) by extensions ['colcon_meta']
[0.924s] Level 1:colcon.colcon_core.package_identification:_identify(src/deltarobot) by extension 'colcon_meta'
[0.924s] Level 1:colcon.colcon_core.package_identification:_identify(src/deltarobot) by extensions ['ros']
[0.924s] Level 1:colcon.colcon_core.package_identification:_identify(src/deltarobot) by extension 'ros'
[0.926s] DEBUG:colcon.colcon_core.package_identification:Package 'src/deltarobot' with type 'ros.ament_python' and name 'deltarobot'
[0.927s] Level 1:colcon.colcon_core.package_identification:_identify(src/deltarobot_interfaces) by extensions ['ignore', 'ignore_ament_install']
[0.927s] Level 1:colcon.colcon_core.package_identification:_identify(src/deltarobot_interfaces) by extension 'ignore'
[0.927s] Level 1:colcon.colcon_core.package_identification:_identify(src/deltarobot_interfaces) by extension 'ignore_ament_install'
[0.927s] Level 1:colcon.colcon_core.package_identification:_identify(src/deltarobot_interfaces) by extensions ['colcon_pkg']
[0.927s] Level 1:colcon.colcon_core.package_identification:_identify(src/deltarobot_interfaces) by extension 'colcon_pkg'
[0.927s] Level 1:colcon.colcon_core.package_identification:_identify(src/deltarobot_interfaces) by extensions ['colcon_meta']
[0.927s] Level 1:colcon.colcon_core.package_identification:_identify(src/deltarobot_interfaces) by extension 'colcon_meta'
[0.927s] Level 1:colcon.colcon_core.package_identification:_identify(src/deltarobot_interfaces) by extensions ['ros']
[0.927s] Level 1:colcon.colcon_core.package_identification:_identify(src/deltarobot_interfaces) by extension 'ros'
[0.928s] DEBUG:colcon.colcon_core.package_identification:Package 'src/deltarobot_interfaces' with type 'ros.ament_cmake' and name 'deltarobot_interfaces'
[0.928s] Level 1:colcon.colcon_core.package_discovery:discover_packages(recursive) using defaults
[0.928s] Level 1:colcon.colcon_core.package_discovery:discover_packages(ignore) discover
[0.928s] Level 1:colcon.colcon_core.package_discovery:discover_packages(ignore) using defaults
[0.928s] Level 1:colcon.colcon_core.package_discovery:discover_packages(path) discover
[0.928s] Level 1:colcon.colcon_core.package_discovery:discover_packages(path) using defaults
[1.020s] Level 1:colcon.colcon_core.package_discovery:discover_packages(prefix_path) check parameters
[1.020s] Level 1:colcon.colcon_core.package_discovery:discover_packages(prefix_path) discover
[1.034s] WARNING:colcon.colcon_ros.prefix_path.ament:The path '/home/ostifede02/Documents/2dr_ws/install/deltarobot' in the environment variable AMENT_PREFIX_PATH doesn't exist
[1.034s] WARNING:colcon.colcon_ros.prefix_path.ament:The path '/home/ostifede02/Documents/2dr_ws/install/deltarobot_interfaces' in the environment variable AMENT_PREFIX_PATH doesn't exist
[1.034s] WARNING:colcon.colcon_ros.prefix_path.catkin:The path '/home/ostifede02/Documents/2dr_ws/install/deltarobot_interfaces' in the environment variable CMAKE_PREFIX_PATH doesn't exist
[1.048s] DEBUG:colcon.colcon_installed_package_information.package_discovery:Found 0 installed packages in /home/ostifede02/Documents/2dr_ws/install
[1.062s] DEBUG:colcon.colcon_installed_package_information.package_discovery:Found 270 installed packages in /opt/ros/humble
[1.063s] Level 1:colcon.colcon_core.package_discovery:discover_packages(prefix_path) using defaults
[1.134s] Level 5:colcon.colcon_core.verb:set package 'deltarobot_interfaces' build argument 'cmake_args' from command line to 'None'
[1.134s] Level 5:colcon.colcon_core.verb:set package 'deltarobot_interfaces' build argument 'cmake_target' from command line to 'None'
[1.134s] Level 5:colcon.colcon_core.verb:set package 'deltarobot_interfaces' build argument 'cmake_target_skip_unavailable' from command line to 'False'
[1.134s] Level 5:colcon.colcon_core.verb:set package 'deltarobot_interfaces' build argument 'cmake_clean_cache' from command line to 'False'
[1.134s] Level 5:colcon.colcon_core.verb:set package 'deltarobot_interfaces' build argument 'cmake_clean_first' from command line to 'False'
[1.134s] Level 5:colcon.colcon_core.verb:set package 'deltarobot_interfaces' build argument 'cmake_force_configure' from command line to 'False'
[1.134s] Level 5:colcon.colcon_core.verb:set package 'deltarobot_interfaces' build argument 'ament_cmake_args' from command line to 'None'
[1.134s] Level 5:colcon.colcon_core.verb:set package 'deltarobot_interfaces' build argument 'catkin_cmake_args' from command line to 'None'
[1.134s] Level 5:colcon.colcon_core.verb:set package 'deltarobot_interfaces' build argument 'catkin_skip_building_tests' from command line to 'False'
[1.134s] DEBUG:colcon.colcon_core.verb:Building package 'deltarobot_interfaces' with the following arguments: {'ament_cmake_args': None, 'build_base': '/media/ostifede02/F48A91EB8A91AB1E/Users/ostif/Documents/2dr_ws/build/deltarobot_interfaces', 'catkin_cmake_args': None, 'catkin_skip_building_tests': False, 'cmake_args': None, 'cmake_clean_cache': False, 'cmake_clean_first': False, 'cmake_force_configure': False, 'cmake_target': None, 'cmake_target_skip_unavailable': False, 'install_base': '/media/ostifede02/F48A91EB8A91AB1E/Users/ostif/Documents/2dr_ws/install/deltarobot_interfaces', 'merge_install': False, 'path': '/media/ostifede02/F48A91EB8A91AB1E/Users/ostif/Documents/2dr_ws/src/deltarobot_interfaces', 'symlink_install': False, 'test_result_base': None}
[1.148s] Level 5:colcon.colcon_core.verb:set package 'deltarobot' build argument 'cmake_args' from command line to 'None'
[1.149s] Level 5:colcon.colcon_core.verb:set package 'deltarobot' build argument 'cmake_target' from command line to 'None'
[1.149s] Level 5:colcon.colcon_core.verb:set package 'deltarobot' build argument 'cmake_target_skip_unavailable' from command line to 'False'
[1.149s] Level 5:colcon.colcon_core.verb:set package 'deltarobot' build argument 'cmake_clean_cache' from command line to 'False'
[1.149s] Level 5:colcon.colcon_core.verb:set package 'deltarobot' build argument 'cmake_clean_first' from command line to 'False'
[1.149s] Level 5:colcon.colcon_core.verb:set package 'deltarobot' build argument 'cmake_force_configure' from command line to 'False'
[1.149s] Level 5:colcon.colcon_core.verb:set package 'deltarobot' build argument 'ament_cmake_args' from command line to 'None'
[1.149s] Level 5:colcon.colcon_core.verb:set package 'deltarobot' build argument 'catkin_cmake_args' from command line to 'None'
[1.149s] Level 5:colcon.colcon_core.verb:set package 'deltarobot' build argument 'catkin_skip_building_tests' from command line to 'False'
[1.149s] DEBUG:colcon.colcon_core.verb:Building package 'deltarobot' with the following arguments: {'ament_cmake_args': None, 'build_base': '/media/ostifede02/F48A91EB8A91AB1E/Users/ostif/Documents/2dr_ws/build/deltarobot', 'catkin_cmake_args': None, 'catkin_skip_building_tests': False, 'cmake_args': None, 'cmake_clean_cache': False, 'cmake_clean_first': False, 'cmake_force_configure': False, 'cmake_target': None, 'cmake_target_skip_unavailable': False, 'install_base': '/media/ostifede02/F48A91EB8A91AB1E/Users/ostif/Documents/2dr_ws/install/deltarobot', 'merge_install': False, 'path': '/media/ostifede02/F48A91EB8A91AB1E/Users/ostif/Documents/2dr_ws/src/deltarobot', 'symlink_install': False, 'test_result_base': None}
[1.162s] INFO:colcon.colcon_core.executor:Executing jobs using 'parallel' executor
[1.177s] DEBUG:colcon.colcon_parallel_executor.executor.parallel:run_until_complete
[1.177s] INFO:colcon.colcon_ros.task.ament_cmake.build:Building ROS package in '/media/ostifede02/F48A91EB8A91AB1E/Users/ostif/Documents/2dr_ws/src/deltarobot_interfaces' with build type 'ament_cmake'
[1.177s] INFO:colcon.colcon_cmake.task.cmake.build:Building CMake package in '/media/ostifede02/F48A91EB8A91AB1E/Users/ostif/Documents/2dr_ws/src/deltarobot_interfaces'
[1.192s] INFO:colcon.colcon_core.plugin_system:Skipping extension 'colcon_core.shell.bat': Not used on non-Windows systems
[1.193s] INFO:colcon.colcon_core.shell:Skip shell extension 'powershell' for command environment: Not usable outside of PowerShell
[1.193s] DEBUG:colcon.colcon_core.shell:Skip shell extension 'dsv' for command environment
[1.245s] DEBUG:colcon.colcon_core.event_handler.log_command:Invoking command in '/media/ostifede02/F48A91EB8A91AB1E/Users/ostif/Documents/2dr_ws/build/deltarobot_interfaces': CMAKE_PREFIX_PATH=${CMAKE_PREFIX_PATH}:/home/ostifede02/Documents/2dr_ws/install/deltarobot:/opt/ros/humble /usr/bin/cmake /media/ostifede02/F48A91EB8A91AB1E/Users/ostif/Documents/2dr_ws/src/deltarobot_interfaces -DCMAKE_INSTALL_PREFIX=/media/ostifede02/F48A91EB8A91AB1E/Users/ostif/Documents/2dr_ws/install/deltarobot_interfaces
[3.702s] DEBUG:colcon.colcon_core.event_handler.log_command:Invoked command in '/media/ostifede02/F48A91EB8A91AB1E/Users/ostif/Documents/2dr_ws/build/deltarobot_interfaces' returned '0': CMAKE_PREFIX_PATH=${CMAKE_PREFIX_PATH}:/home/ostifede02/Documents/2dr_ws/install/deltarobot:/opt/ros/humble /usr/bin/cmake /media/ostifede02/F48A91EB8A91AB1E/Users/ostif/Documents/2dr_ws/src/deltarobot_interfaces -DCMAKE_INSTALL_PREFIX=/media/ostifede02/F48A91EB8A91AB1E/Users/ostif/Documents/2dr_ws/install/deltarobot_interfaces
[3.704s] DEBUG:colcon.colcon_core.event_handler.log_command:Invoking command in '/media/ostifede02/F48A91EB8A91AB1E/Users/ostif/Documents/2dr_ws/build/deltarobot_interfaces': CMAKE_PREFIX_PATH=${CMAKE_PREFIX_PATH}:/home/ostifede02/Documents/2dr_ws/install/deltarobot:/opt/ros/humble /usr/bin/cmake --build /media/ostifede02/F48A91EB8A91AB1E/Users/ostif/Documents/2dr_ws/build/deltarobot_interfaces -- -j8 -l8
[6.521s] DEBUG:colcon.colcon_core.event_handler.log_command:Invoked command in '/media/ostifede02/F48A91EB8A91AB1E/Users/ostif/Documents/2dr_ws/build/deltarobot_interfaces' returned '0': CMAKE_PREFIX_PATH=${CMAKE_PREFIX_PATH}:/home/ostifede02/Documents/2dr_ws/install/deltarobot:/opt/ros/humble /usr/bin/cmake --build /media/ostifede02/F48A91EB8A91AB1E/Users/ostif/Documents/2dr_ws/build/deltarobot_interfaces -- -j8 -l8
[6.787s] DEBUG:colcon.colcon_core.event_handler.log_command:Invoking command in '/media/ostifede02/F48A91EB8A91AB1E/Users/ostif/Documents/2dr_ws/build/deltarobot_interfaces': CMAKE_PREFIX_PATH=${CMAKE_PREFIX_PATH}:/home/ostifede02/Documents/2dr_ws/install/deltarobot:/opt/ros/humble /usr/bin/cmake --install /media/ostifede02/F48A91EB8A91AB1E/Users/ostif/Documents/2dr_ws/build/deltarobot_interfaces
[7.127s] Level 1:colcon.colcon_core.environment:create_environment_scripts_only(deltarobot_interfaces)
[7.127s] DEBUG:colcon.colcon_core.event_handler.log_command:Invoked command in '/media/ostifede02/F48A91EB8A91AB1E/Users/ostif/Documents/2dr_ws/build/deltarobot_interfaces' returned '0': CMAKE_PREFIX_PATH=${CMAKE_PREFIX_PATH}:/home/ostifede02/Documents/2dr_ws/install/deltarobot:/opt/ros/humble /usr/bin/cmake --install /media/ostifede02/F48A91EB8A91AB1E/Users/ostif/Documents/2dr_ws/build/deltarobot_interfaces
[7.142s] Level 1:colcon.colcon_core.environment:checking '/media/ostifede02/F48A91EB8A91AB1E/Users/ostif/Documents/2dr_ws/install/deltarobot_interfaces' for CMake module files
[7.146s] Level 1:colcon.colcon_core.environment:checking '/media/ostifede02/F48A91EB8A91AB1E/Users/ostif/Documents/2dr_ws/install/deltarobot_interfaces' for CMake config files
[7.149s] Level 1:colcon.colcon_core.shell:create_environment_hook('deltarobot_interfaces', 'cmake_prefix_path')
[7.163s] INFO:colcon.colcon_core.shell:Creating environment hook '/media/ostifede02/F48A91EB8A91AB1E/Users/ostif/Documents/2dr_ws/install/deltarobot_interfaces/share/deltarobot_interfaces/hook/cmake_prefix_path.ps1'
[7.163s] INFO:colcon.colcon_core.shell:Creating environment descriptor '/media/ostifede02/F48A91EB8A91AB1E/Users/ostif/Documents/2dr_ws/install/deltarobot_interfaces/share/deltarobot_interfaces/hook/cmake_prefix_path.dsv'
[7.164s] INFO:colcon.colcon_core.shell:Creating environment hook '/media/ostifede02/F48A91EB8A91AB1E/Users/ostif/Documents/2dr_ws/install/deltarobot_interfaces/share/deltarobot_interfaces/hook/cmake_prefix_path.sh'
[7.165s] Level 1:colcon.colcon_core.environment:checking '/media/ostifede02/F48A91EB8A91AB1E/Users/ostif/Documents/2dr_ws/install/deltarobot_interfaces/lib'
[7.165s] Level 1:colcon.colcon_core.shell:create_environment_hook('deltarobot_interfaces', 'ld_library_path_lib')
[7.179s] INFO:colcon.colcon_core.shell:Creating environment hook '/media/ostifede02/F48A91EB8A91AB1E/Users/ostif/Documents/2dr_ws/install/deltarobot_interfaces/share/deltarobot_interfaces/hook/ld_library_path_lib.ps1'
[7.179s] INFO:colcon.colcon_core.shell:Creating environment descriptor '/media/ostifede02/F48A91EB8A91AB1E/Users/ostif/Documents/2dr_ws/install/deltarobot_interfaces/share/deltarobot_interfaces/hook/ld_library_path_lib.dsv'
[7.180s] INFO:colcon.colcon_core.shell:Creating environment hook '/media/ostifede02/F48A91EB8A91AB1E/Users/ostif/Documents/2dr_ws/install/deltarobot_interfaces/share/deltarobot_interfaces/hook/ld_library_path_lib.sh'
[7.180s] Level 1:colcon.colcon_core.environment:checking '/media/ostifede02/F48A91EB8A91AB1E/Users/ostif/Documents/2dr_ws/install/deltarobot_interfaces/bin'
[7.181s] Level 1:colcon.colcon_core.environment:checking '/media/ostifede02/F48A91EB8A91AB1E/Users/ostif/Documents/2dr_ws/install/deltarobot_interfaces/lib/pkgconfig/deltarobot_interfaces.pc'
[7.181s] Level 1:colcon.colcon_core.environment:checking '/media/ostifede02/F48A91EB8A91AB1E/Users/ostif/Documents/2dr_ws/install/deltarobot_interfaces/lib/python3.10/site-packages'
[7.181s] Level 1:colcon.colcon_core.environment:checking '/media/ostifede02/F48A91EB8A91AB1E/Users/ostif/Documents/2dr_ws/install/deltarobot_interfaces/bin'
[7.194s] INFO:colcon.colcon_core.shell:Creating package script '/media/ostifede02/F48A91EB8A91AB1E/Users/ostif/Documents/2dr_ws/install/deltarobot_interfaces/share/deltarobot_interfaces/package.ps1'
[7.195s] INFO:colcon.colcon_core.shell:Creating package descriptor '/media/ostifede02/F48A91EB8A91AB1E/Users/ostif/Documents/2dr_ws/install/deltarobot_interfaces/share/deltarobot_interfaces/package.dsv'
[7.196s] INFO:colcon.colcon_core.shell:Creating package script '/media/ostifede02/F48A91EB8A91AB1E/Users/ostif/Documents/2dr_ws/install/deltarobot_interfaces/share/deltarobot_interfaces/package.sh'
[7.197s] INFO:colcon.colcon_core.shell:Creating package script '/media/ostifede02/F48A91EB8A91AB1E/Users/ostif/Documents/2dr_ws/install/deltarobot_interfaces/share/deltarobot_interfaces/package.bash'
[7.197s] INFO:colcon.colcon_core.shell:Creating package script '/media/ostifede02/F48A91EB8A91AB1E/Users/ostif/Documents/2dr_ws/install/deltarobot_interfaces/share/deltarobot_interfaces/package.zsh'
[7.198s] Level 1:colcon.colcon_core.environment:create_file_with_runtime_dependencies(/media/ostifede02/F48A91EB8A91AB1E/Users/ostif/Documents/2dr_ws/install/deltarobot_interfaces/share/colcon-core/packages/deltarobot_interfaces)
[7.512s] Level 1:colcon.colcon_core.environment:create_environment_scripts_only(deltarobot_interfaces)
[7.527s] Level 1:colcon.colcon_core.environment:checking '/media/ostifede02/F48A91EB8A91AB1E/Users/ostif/Documents/2dr_ws/install/deltarobot_interfaces' for CMake module files
[7.530s] Level 1:colcon.colcon_core.environment:checking '/media/ostifede02/F48A91EB8A91AB1E/Users/ostif/Documents/2dr_ws/install/deltarobot_interfaces' for CMake config files
[7.535s] Level 1:colcon.colcon_core.shell:create_environment_hook('deltarobot_interfaces', 'cmake_prefix_path')
[7.548s] INFO:colcon.colcon_core.shell:Creating environment hook '/media/ostifede02/F48A91EB8A91AB1E/Users/ostif/Documents/2dr_ws/install/deltarobot_interfaces/share/deltarobot_interfaces/hook/cmake_prefix_path.ps1'
[7.549s] INFO:colcon.colcon_core.shell:Creating environment descriptor '/media/ostifede02/F48A91EB8A91AB1E/Users/ostif/Documents/2dr_ws/install/deltarobot_interfaces/share/deltarobot_interfaces/hook/cmake_prefix_path.dsv'
[7.549s] INFO:colcon.colcon_core.shell:Creating environment hook '/media/ostifede02/F48A91EB8A91AB1E/Users/ostif/Documents/2dr_ws/install/deltarobot_interfaces/share/deltarobot_interfaces/hook/cmake_prefix_path.sh'
[7.550s] Level 1:colcon.colcon_core.environment:checking '/media/ostifede02/F48A91EB8A91AB1E/Users/ostif/Documents/2dr_ws/install/deltarobot_interfaces/lib'
[7.550s] Level 1:colcon.colcon_core.shell:create_environment_hook('deltarobot_interfaces', 'ld_library_path_lib')
[7.563s] INFO:colcon.colcon_core.shell:Creating environment hook '/media/ostifede02/F48A91EB8A91AB1E/Users/ostif/Documents/2dr_ws/install/deltarobot_interfaces/share/deltarobot_interfaces/hook/ld_library_path_lib.ps1'
[7.564s] INFO:colcon.colcon_core.shell:Creating environment descriptor '/media/ostifede02/F48A91EB8A91AB1E/Users/ostif/Documents/2dr_ws/install/deltarobot_interfaces/share/deltarobot_interfaces/hook/ld_library_path_lib.dsv'
[7.564s] INFO:colcon.colcon_core.shell:Creating environment hook '/media/ostifede02/F48A91EB8A91AB1E/Users/ostif/Documents/2dr_ws/install/deltarobot_interfaces/share/deltarobot_interfaces/hook/ld_library_path_lib.sh'
[7.565s] Level 1:colcon.colcon_core.environment:checking '/media/ostifede02/F48A91EB8A91AB1E/Users/ostif/Documents/2dr_ws/install/deltarobot_interfaces/bin'
[7.565s] Level 1:colcon.colcon_core.environment:checking '/media/ostifede02/F48A91EB8A91AB1E/Users/ostif/Documents/2dr_ws/install/deltarobot_interfaces/lib/pkgconfig/deltarobot_interfaces.pc'
[7.566s] Level 1:colcon.colcon_core.environment:checking '/media/ostifede02/F48A91EB8A91AB1E/Users/ostif/Documents/2dr_ws/install/deltarobot_interfaces/lib/python3.10/site-packages'
[7.566s] Level 1:colcon.colcon_core.environment:checking '/media/ostifede02/F48A91EB8A91AB1E/Users/ostif/Documents/2dr_ws/install/deltarobot_interfaces/bin'
[7.580s] INFO:colcon.colcon_core.shell:Creating package script '/media/ostifede02/F48A91EB8A91AB1E/Users/ostif/Documents/2dr_ws/install/deltarobot_interfaces/share/deltarobot_interfaces/package.ps1'
[7.581s] INFO:colcon.colcon_core.shell:Creating package descriptor '/media/ostifede02/F48A91EB8A91AB1E/Users/ostif/Documents/2dr_ws/install/deltarobot_interfaces/share/deltarobot_interfaces/package.dsv'
[7.581s] INFO:colcon.colcon_core.shell:Creating package script '/media/ostifede02/F48A91EB8A91AB1E/Users/ostif/Documents/2dr_ws/install/deltarobot_interfaces/share/deltarobot_interfaces/package.sh'
[7.582s] INFO:colcon.colcon_core.shell:Creating package script '/media/ostifede02/F48A91EB8A91AB1E/Users/ostif/Documents/2dr_ws/install/deltarobot_interfaces/share/deltarobot_interfaces/package.bash'
[7.582s] INFO:colcon.colcon_core.shell:Creating package script '/media/ostifede02/F48A91EB8A91AB1E/Users/ostif/Documents/2dr_ws/install/deltarobot_interfaces/share/deltarobot_interfaces/package.zsh'
[7.583s] Level 1:colcon.colcon_core.environment:create_file_with_runtime_dependencies(/media/ostifede02/F48A91EB8A91AB1E/Users/ostif/Documents/2dr_ws/install/deltarobot_interfaces/share/colcon-core/packages/deltarobot_interfaces)
[7.583s] INFO:colcon.colcon_ros.task.ament_python.build:Building ROS package in '/media/ostifede02/F48A91EB8A91AB1E/Users/ostif/Documents/2dr_ws/src/deltarobot' with build type 'ament_python'
[7.583s] Level 1:colcon.colcon_core.shell:create_environment_hook('deltarobot', 'ament_prefix_path')
[7.598s] INFO:colcon.colcon_core.shell:Creating environment hook '/media/ostifede02/F48A91EB8A91AB1E/Users/ostif/Documents/2dr_ws/install/deltarobot/share/deltarobot/hook/ament_prefix_path.ps1'
[7.599s] INFO:colcon.colcon_core.shell:Creating environment descriptor '/media/ostifede02/F48A91EB8A91AB1E/Users/ostif/Documents/2dr_ws/install/deltarobot/share/deltarobot/hook/ament_prefix_path.dsv'
[7.600s] INFO:colcon.colcon_core.shell:Creating environment hook '/media/ostifede02/F48A91EB8A91AB1E/Users/ostif/Documents/2dr_ws/install/deltarobot/share/deltarobot/hook/ament_prefix_path.sh'
[7.614s] INFO:colcon.colcon_core.shell:Skip shell extension 'powershell' for command environment: Not usable outside of PowerShell
[7.614s] DEBUG:colcon.colcon_core.shell:Skip shell extension 'dsv' for command environment
[7.927s] INFO:colcon.colcon_core.task.python.build:Building Python package in '/media/ostifede02/F48A91EB8A91AB1E/Users/ostif/Documents/2dr_ws/src/deltarobot'
[7.942s] INFO:colcon.colcon_core.shell:Skip shell extension 'powershell' for command environment: Not usable outside of PowerShell
[7.942s] DEBUG:colcon.colcon_core.shell:Skip shell extension 'dsv' for command environment
[8.414s] DEBUG:colcon.colcon_core.event_handler.log_command:Invoking command in '/media/ostifede02/F48A91EB8A91AB1E/Users/ostif/Documents/2dr_ws/src/deltarobot': AMENT_PREFIX_PATH=/media/ostifede02/F48A91EB8A91AB1E/Users/ostif/Documents/2dr_ws/install/deltarobot_interfaces:${AMENT_PREFIX_PATH} CMAKE_PREFIX_PATH=/media/ostifede02/F48A91EB8A91AB1E/Users/ostif/Documents/2dr_ws/install/deltarobot_interfaces:/home/ostifede02/Documents/2dr_ws/install/deltarobot_interfaces:/opt/openrobots LD_LIBRARY_PATH=/media/ostifede02/F48A91EB8A91AB1E/Users/ostif/Documents/2dr_ws/install/deltarobot_interfaces/lib:/home/ostifede02/Documents/2dr_ws/install/deltarobot_interfaces/lib:/opt/ros/humble/opt/rviz_ogre_vendor/lib:/opt/ros/humble/lib/x86_64-linux-gnu:/opt/ros/humble/lib:/opt/openrobots/lib PYTHONPATH=/media/ostifede02/F48A91EB8A91AB1E/Users/ostif/Documents/2dr_ws/build/deltarobot/prefix_override:/media/ostifede02/F48A91EB8A91AB1E/Users/ostif/Documents/2dr_ws/install/deltarobot/lib/python3.10/site-packages:/media/ostifede02/F48A91EB8A91AB1E/Users/ostif/Documents/2dr_ws/install/deltarobot_interfaces/local/lib/python3.10/dist-packages:${PYTHONPATH} /usr/bin/python3 setup.py egg_info --egg-base ../../build/deltarobot build --build-base /media/ostifede02/F48A91EB8A91AB1E/Users/ostif/Documents/2dr_ws/build/deltarobot/build install --record /media/ostifede02/F48A91EB8A91AB1E/Users/ostif/Documents/2dr_ws/build/deltarobot/install.log --single-version-externally-managed
[8.742s] DEBUG:colcon.colcon_core.event_handler.log_command:Invoked command in '/media/ostifede02/F48A91EB8A91AB1E/Users/ostif/Documents/2dr_ws/src/deltarobot' returned '0': AMENT_PREFIX_PATH=/media/ostifede02/F48A91EB8A91AB1E/Users/ostif/Documents/2dr_ws/install/deltarobot_interfaces:${AMENT_PREFIX_PATH} CMAKE_PREFIX_PATH=/media/ostifede02/F48A91EB8A91AB1E/Users/ostif/Documents/2dr_ws/install/deltarobot_interfaces:/home/ostifede02/Documents/2dr_ws/install/deltarobot_interfaces:/opt/openrobots LD_LIBRARY_PATH=/media/ostifede02/F48A91EB8A91AB1E/Users/ostif/Documents/2dr_ws/install/deltarobot_interfaces/lib:/home/ostifede02/Documents/2dr_ws/install/deltarobot_interfaces/lib:/opt/ros/humble/opt/rviz_ogre_vendor/lib:/opt/ros/humble/lib/x86_64-linux-gnu:/opt/ros/humble/lib:/opt/openrobots/lib PYTHONPATH=/media/ostifede02/F48A91EB8A91AB1E/Users/ostif/Documents/2dr_ws/build/deltarobot/prefix_override:/media/ostifede02/F48A91EB8A91AB1E/Users/ostif/Documents/2dr_ws/install/deltarobot/lib/python3.10/site-packages:/media/ostifede02/F48A91EB8A91AB1E/Users/ostif/Documents/2dr_ws/install/deltarobot_interfaces/local/lib/python3.10/dist-packages:${PYTHONPATH} /usr/bin/python3 setup.py egg_info --egg-base ../../build/deltarobot build --build-base /media/ostifede02/F48A91EB8A91AB1E/Users/ostif/Documents/2dr_ws/build/deltarobot/build install --record /media/ostifede02/F48A91EB8A91AB1E/Users/ostif/Documents/2dr_ws/build/deltarobot/install.log --single-version-externally-managed
[8.756s] Level 1:colcon.colcon_core.environment:checking '/media/ostifede02/F48A91EB8A91AB1E/Users/ostif/Documents/2dr_ws/install/deltarobot' for CMake module files
[8.758s] Level 1:colcon.colcon_core.environment:checking '/media/ostifede02/F48A91EB8A91AB1E/Users/ostif/Documents/2dr_ws/install/deltarobot' for CMake config files
[8.760s] Level 1:colcon.colcon_core.environment:checking '/media/ostifede02/F48A91EB8A91AB1E/Users/ostif/Documents/2dr_ws/install/deltarobot/lib'
[8.760s] Level 1:colcon.colcon_core.environment:checking '/media/ostifede02/F48A91EB8A91AB1E/Users/ostif/Documents/2dr_ws/install/deltarobot/bin'
[8.760s] Level 1:colcon.colcon_core.environment:checking '/media/ostifede02/F48A91EB8A91AB1E/Users/ostif/Documents/2dr_ws/install/deltarobot/lib/pkgconfig/deltarobot.pc'
[8.760s] Level 1:colcon.colcon_core.environment:checking '/media/ostifede02/F48A91EB8A91AB1E/Users/ostif/Documents/2dr_ws/install/deltarobot/lib/python3.10/site-packages'
[8.760s] Level 1:colcon.colcon_core.shell:create_environment_hook('deltarobot', 'pythonpath')
[8.773s] INFO:colcon.colcon_core.shell:Creating environment hook '/media/ostifede02/F48A91EB8A91AB1E/Users/ostif/Documents/2dr_ws/install/deltarobot/share/deltarobot/hook/pythonpath.ps1'
[8.774s] INFO:colcon.colcon_core.shell:Creating environment descriptor '/media/ostifede02/F48A91EB8A91AB1E/Users/ostif/Documents/2dr_ws/install/deltarobot/share/deltarobot/hook/pythonpath.dsv'
[8.775s] INFO:colcon.colcon_core.shell:Creating environment hook '/media/ostifede02/F48A91EB8A91AB1E/Users/ostif/Documents/2dr_ws/install/deltarobot/share/deltarobot/hook/pythonpath.sh'
[8.775s] Level 1:colcon.colcon_core.environment:checking '/media/ostifede02/F48A91EB8A91AB1E/Users/ostif/Documents/2dr_ws/install/deltarobot/bin'
[8.775s] Level 1:colcon.colcon_core.environment:create_environment_scripts_only(deltarobot)
[8.789s] INFO:colcon.colcon_core.shell:Creating package script '/media/ostifede02/F48A91EB8A91AB1E/Users/ostif/Documents/2dr_ws/install/deltarobot/share/deltarobot/package.ps1'
[8.790s] INFO:colcon.colcon_core.shell:Creating package descriptor '/media/ostifede02/F48A91EB8A91AB1E/Users/ostif/Documents/2dr_ws/install/deltarobot/share/deltarobot/package.dsv'
[8.790s] INFO:colcon.colcon_core.shell:Creating package script '/media/ostifede02/F48A91EB8A91AB1E/Users/ostif/Documents/2dr_ws/install/deltarobot/share/deltarobot/package.sh'
[8.791s] INFO:colcon.colcon_core.shell:Creating package script '/media/ostifede02/F48A91EB8A91AB1E/Users/ostif/Documents/2dr_ws/install/deltarobot/share/deltarobot/package.bash'
[8.791s] INFO:colcon.colcon_core.shell:Creating package script '/media/ostifede02/F48A91EB8A91AB1E/Users/ostif/Documents/2dr_ws/install/deltarobot/share/deltarobot/package.zsh'
[8.792s] Level 1:colcon.colcon_core.environment:create_file_with_runtime_dependencies(/media/ostifede02/F48A91EB8A91AB1E/Users/ostif/Documents/2dr_ws/install/deltarobot/share/colcon-core/packages/deltarobot)
[8.792s] DEBUG:colcon.colcon_parallel_executor.executor.parallel:closing loop
[8.792s] DEBUG:colcon.colcon_parallel_executor.executor.parallel:loop closed
[8.792s] DEBUG:colcon.colcon_parallel_executor.executor.parallel:run_until_complete finished with '0'
[8.792s] DEBUG:colcon.colcon_core.event_reactor:joining thread
[8.811s] INFO:colcon.colcon_core.plugin_system:Skipping extension 'colcon_notification.desktop_notification.terminal_notifier': Not used on non-Darwin systems
[8.811s] INFO:colcon.colcon_core.plugin_system:Skipping extension 'colcon_notification.desktop_notification.win32': Not used on non-Windows systems
[8.811s] INFO:colcon.colcon_notification.desktop_notification:Sending desktop notification using 'notify2'
[8.817s] DEBUG:colcon.colcon_core.event_reactor:joined thread
[8.832s] INFO:colcon.colcon_core.shell:Creating prefix script '/media/ostifede02/F48A91EB8A91AB1E/Users/ostif/Documents/2dr_ws/install/local_setup.ps1'
[8.833s] INFO:colcon.colcon_core.shell:Creating prefix util module '/media/ostifede02/F48A91EB8A91AB1E/Users/ostif/Documents/2dr_ws/install/_local_setup_util_ps1.py'
[8.834s] INFO:colcon.colcon_core.shell:Creating prefix chain script '/media/ostifede02/F48A91EB8A91AB1E/Users/ostif/Documents/2dr_ws/install/setup.ps1'
[8.850s] INFO:colcon.colcon_core.shell:Creating prefix script '/media/ostifede02/F48A91EB8A91AB1E/Users/ostif/Documents/2dr_ws/install/local_setup.sh'
[8.851s] INFO:colcon.colcon_core.shell:Creating prefix util module '/media/ostifede02/F48A91EB8A91AB1E/Users/ostif/Documents/2dr_ws/install/_local_setup_util_sh.py'
[8.851s] INFO:colcon.colcon_core.shell:Creating prefix chain script '/media/ostifede02/F48A91EB8A91AB1E/Users/ostif/Documents/2dr_ws/install/setup.sh'
[8.866s] INFO:colcon.colcon_core.shell:Creating prefix script '/media/ostifede02/F48A91EB8A91AB1E/Users/ostif/Documents/2dr_ws/install/local_setup.bash'
[8.867s] INFO:colcon.colcon_core.shell:Creating prefix chain script '/media/ostifede02/F48A91EB8A91AB1E/Users/ostif/Documents/2dr_ws/install/setup.bash'
[8.882s] INFO:colcon.colcon_core.shell:Creating prefix script '/media/ostifede02/F48A91EB8A91AB1E/Users/ostif/Documents/2dr_ws/install/local_setup.zsh'
[8.882s] INFO:colcon.colcon_core.shell:Creating prefix chain script '/media/ostifede02/F48A91EB8A91AB1E/Users/ostif/Documents/2dr_ws/install/setup.zsh'
