[1.168s] DEBUG:colcon:Command line arguments: ['/usr/bin/colcon', 'list', '-p', '--base-paths', '/media/ostifede02/F48A91EB8A91AB1E/Users/ostif/Documents/2dr_ws']
[1.168s] DEBUG:colcon:Parsed command line arguments: Namespace(log_base=None, log_level=None, verb_name='list', build_base='build', ignore_user_meta=False, metas=['./colcon.meta'], base_paths=['/media/ostifede02/F48A91EB8A91AB1E/Users/ostif/Documents/2dr_ws'], packages_ignore=None, packages_ignore_regex=None, paths=None, packages_up_to=None, packages_up_to_regex=None, packages_above=None, packages_above_and_dependencies=None, packages_above_depth=None, packages_select_by_dep=None, packages_skip_by_dep=None, packages_skip_up_to=None, packages_select_build_failed=False, packages_skip_build_finished=False, packages_select_test_failures=False, packages_skip_test_passed=False, packages_select=None, packages_skip=None, packages_select_regex=None, packages_skip_regex=None, packages_start=None, packages_end=None, allow_overriding=[], topological_order=False, names_only=False, paths_only=True, topological_graph=False, topological_graph_dot=False, topological_graph_density=False, topological_graph_legend=False, topological_graph_dot_cluster=False, topological_graph_dot_include_skipped=False, verb_parser=<colcon_defaults.argument_parser.defaults.DefaultArgumentsDecorator object at 0x7fa6f5230eb0>, verb_extension=<colcon_package_information.verb.list.ListVerb object at 0x7fa6f53d6440>, main=<bound method ListVerb.main of <colcon_package_information.verb.list.ListVerb object at 0x7fa6f53d6440>>)
[1.213s] Level 1:colcon.colcon_core.package_discovery:discover_packages(colcon_meta) check parameters
[1.214s] Level 1:colcon.colcon_core.package_discovery:discover_packages(recursive) check parameters
[1.214s] Level 1:colcon.colcon_core.package_discovery:discover_packages(ignore) check parameters
[1.214s] Level 1:colcon.colcon_core.package_discovery:discover_packages(path) check parameters
[1.214s] Level 1:colcon.colcon_core.package_discovery:discover_packages(recursive) discover
[1.214s] INFO:colcon.colcon_core.package_discovery:Crawling recursively for packages in '/media/ostifede02/F48A91EB8A91AB1E/Users/ostif/Documents/2dr_ws'
[1.214s] Level 1:colcon.colcon_core.package_identification:_identify(/media/ostifede02/F48A91EB8A91AB1E/Users/ostif/Documents/2dr_ws) by extensions ['ignore', 'ignore_ament_install']
[1.214s] Level 1:colcon.colcon_core.package_identification:_identify(/media/ostifede02/F48A91EB8A91AB1E/Users/ostif/Documents/2dr_ws) by extension 'ignore'
[1.215s] Level 1:colcon.colcon_core.package_identification:_identify(/media/ostifede02/F48A91EB8A91AB1E/Users/ostif/Documents/2dr_ws) by extension 'ignore_ament_install'
[1.215s] Level 1:colcon.colcon_core.package_identification:_identify(/media/ostifede02/F48A91EB8A91AB1E/Users/ostif/Documents/2dr_ws) by extensions ['colcon_pkg']
[1.215s] Level 1:colcon.colcon_core.package_identification:_identify(/media/ostifede02/F48A91EB8A91AB1E/Users/ostif/Documents/2dr_ws) by extension 'colcon_pkg'
[1.215s] Level 1:colcon.colcon_core.package_identification:_identify(/media/ostifede02/F48A91EB8A91AB1E/Users/ostif/Documents/2dr_ws) by extensions ['colcon_meta']
[1.215s] Level 1:colcon.colcon_core.package_identification:_identify(/media/ostifede02/F48A91EB8A91AB1E/Users/ostif/Documents/2dr_ws) by extension 'colcon_meta'
[1.215s] Level 1:colcon.colcon_core.package_identification:_identify(/media/ostifede02/F48A91EB8A91AB1E/Users/ostif/Documents/2dr_ws) by extensions ['ros']
[1.215s] Level 1:colcon.colcon_core.package_identification:_identify(/media/ostifede02/F48A91EB8A91AB1E/Users/ostif/Documents/2dr_ws) by extension 'ros'
[1.235s] Level 1:colcon.colcon_core.package_identification:_identify(/media/ostifede02/F48A91EB8A91AB1E/Users/ostif/Documents/2dr_ws) by extensions ['cmake', 'python']
[1.235s] Level 1:colcon.colcon_core.package_identification:_identify(/media/ostifede02/F48A91EB8A91AB1E/Users/ostif/Documents/2dr_ws) by extension 'cmake'
[1.235s] Level 1:colcon.colcon_core.package_identification:_identify(/media/ostifede02/F48A91EB8A91AB1E/Users/ostif/Documents/2dr_ws) by extension 'python'
[1.235s] Level 1:colcon.colcon_core.package_identification:_identify(/media/ostifede02/F48A91EB8A91AB1E/Users/ostif/Documents/2dr_ws) by extensions ['python_setup_py']
[1.236s] Level 1:colcon.colcon_core.package_identification:_identify(/media/ostifede02/F48A91EB8A91AB1E/Users/ostif/Documents/2dr_ws) by extension 'python_setup_py'
[1.236s] Level 1:colcon.colcon_core.package_identification:_identify(/media/ostifede02/F48A91EB8A91AB1E/Users/ostif/Documents/2dr_ws/build) by extensions ['ignore', 'ignore_ament_install']
[1.236s] Level 1:colcon.colcon_core.package_identification:_identify(/media/ostifede02/F48A91EB8A91AB1E/Users/ostif/Documents/2dr_ws/build) by extension 'ignore'
[1.236s] Level 1:colcon.colcon_core.package_identification:_identify(/media/ostifede02/F48A91EB8A91AB1E/Users/ostif/Documents/2dr_ws/build) ignored
[1.237s] Level 1:colcon.colcon_core.package_identification:_identify(/media/ostifede02/F48A91EB8A91AB1E/Users/ostif/Documents/2dr_ws/install) by extensions ['ignore', 'ignore_ament_install']
[1.237s] Level 1:colcon.colcon_core.package_identification:_identify(/media/ostifede02/F48A91EB8A91AB1E/Users/ostif/Documents/2dr_ws/install) by extension 'ignore'
[1.237s] Level 1:colcon.colcon_core.package_identification:_identify(/media/ostifede02/F48A91EB8A91AB1E/Users/ostif/Documents/2dr_ws/install) ignored
[1.237s] Level 1:colcon.colcon_core.package_identification:_identify(/media/ostifede02/F48A91EB8A91AB1E/Users/ostif/Documents/2dr_ws/log) by extensions ['ignore', 'ignore_ament_install']
[1.238s] Level 1:colcon.colcon_core.package_identification:_identify(/media/ostifede02/F48A91EB8A91AB1E/Users/ostif/Documents/2dr_ws/log) by extension 'ignore'
[1.238s] Level 1:colcon.colcon_core.package_identification:_identify(/media/ostifede02/F48A91EB8A91AB1E/Users/ostif/Documents/2dr_ws/log) ignored
[1.238s] Level 1:colcon.colcon_core.package_identification:_identify(/media/ostifede02/F48A91EB8A91AB1E/Users/ostif/Documents/2dr_ws/src) by extensions ['ignore', 'ignore_ament_install']
[1.238s] Level 1:colcon.colcon_core.package_identification:_identify(/media/ostifede02/F48A91EB8A91AB1E/Users/ostif/Documents/2dr_ws/src) by extension 'ignore'
[1.238s] Level 1:colcon.colcon_core.package_identification:_identify(/media/ostifede02/F48A91EB8A91AB1E/Users/ostif/Documents/2dr_ws/src) by extension 'ignore_ament_install'
[1.239s] Level 1:colcon.colcon_core.package_identification:_identify(/media/ostifede02/F48A91EB8A91AB1E/Users/ostif/Documents/2dr_ws/src) by extensions ['colcon_pkg']
[1.239s] Level 1:colcon.colcon_core.package_identification:_identify(/media/ostifede02/F48A91EB8A91AB1E/Users/ostif/Documents/2dr_ws/src) by extension 'colcon_pkg'
[1.239s] Level 1:colcon.colcon_core.package_identification:_identify(/media/ostifede02/F48A91EB8A91AB1E/Users/ostif/Documents/2dr_ws/src) by extensions ['colcon_meta']
[1.239s] Level 1:colcon.colcon_core.package_identification:_identify(/media/ostifede02/F48A91EB8A91AB1E/Users/ostif/Documents/2dr_ws/src) by extension 'colcon_meta'
[1.239s] Level 1:colcon.colcon_core.package_identification:_identify(/media/ostifede02/F48A91EB8A91AB1E/Users/ostif/Documents/2dr_ws/src) by extensions ['ros']
[1.239s] Level 1:colcon.colcon_core.package_identification:_identify(/media/ostifede02/F48A91EB8A91AB1E/Users/ostif/Documents/2dr_ws/src) by extension 'ros'
[1.239s] Level 1:colcon.colcon_core.package_identification:_identify(/media/ostifede02/F48A91EB8A91AB1E/Users/ostif/Documents/2dr_ws/src) by extensions ['cmake', 'python']
[1.239s] Level 1:colcon.colcon_core.package_identification:_identify(/media/ostifede02/F48A91EB8A91AB1E/Users/ostif/Documents/2dr_ws/src) by extension 'cmake'
[1.239s] Level 1:colcon.colcon_core.package_identification:_identify(/media/ostifede02/F48A91EB8A91AB1E/Users/ostif/Documents/2dr_ws/src) by extension 'python'
[1.240s] Level 1:colcon.colcon_core.package_identification:_identify(/media/ostifede02/F48A91EB8A91AB1E/Users/ostif/Documents/2dr_ws/src) by extensions ['python_setup_py']
[1.240s] Level 1:colcon.colcon_core.package_identification:_identify(/media/ostifede02/F48A91EB8A91AB1E/Users/ostif/Documents/2dr_ws/src) by extension 'python_setup_py'
[1.240s] Level 1:colcon.colcon_core.package_identification:_identify(/media/ostifede02/F48A91EB8A91AB1E/Users/ostif/Documents/2dr_ws/src/deltarobot) by extensions ['ignore', 'ignore_ament_install']
[1.240s] Level 1:colcon.colcon_core.package_identification:_identify(/media/ostifede02/F48A91EB8A91AB1E/Users/ostif/Documents/2dr_ws/src/deltarobot) by extension 'ignore'
[1.240s] Level 1:colcon.colcon_core.package_identification:_identify(/media/ostifede02/F48A91EB8A91AB1E/Users/ostif/Documents/2dr_ws/src/deltarobot) by extension 'ignore_ament_install'
[1.240s] Level 1:colcon.colcon_core.package_identification:_identify(/media/ostifede02/F48A91EB8A91AB1E/Users/ostif/Documents/2dr_ws/src/deltarobot) by extensions ['colcon_pkg']
[1.240s] Level 1:colcon.colcon_core.package_identification:_identify(/media/ostifede02/F48A91EB8A91AB1E/Users/ostif/Documents/2dr_ws/src/deltarobot) by extension 'colcon_pkg'
[1.241s] Level 1:colcon.colcon_core.package_identification:_identify(/media/ostifede02/F48A91EB8A91AB1E/Users/ostif/Documents/2dr_ws/src/deltarobot) by extensions ['colcon_meta']
[1.241s] Level 1:colcon.colcon_core.package_identification:_identify(/media/ostifede02/F48A91EB8A91AB1E/Users/ostif/Documents/2dr_ws/src/deltarobot) by extension 'colcon_meta'
[1.241s] Level 1:colcon.colcon_core.package_identification:_identify(/media/ostifede02/F48A91EB8A91AB1E/Users/ostif/Documents/2dr_ws/src/deltarobot) by extensions ['ros']
[1.241s] Level 1:colcon.colcon_core.package_identification:_identify(/media/ostifede02/F48A91EB8A91AB1E/Users/ostif/Documents/2dr_ws/src/deltarobot) by extension 'ros'
[1.244s] DEBUG:colcon.colcon_core.package_identification:Package '/media/ostifede02/F48A91EB8A91AB1E/Users/ostif/Documents/2dr_ws/src/deltarobot' with type 'ros.ament_python' and name 'deltarobot'
[1.244s] Level 1:colcon.colcon_core.package_discovery:discover_packages(recursive) using defaults
