[0.869s] DEBUG:colcon:Command line arguments: ['/usr/bin/colcon', 'build', '--packages-up-to', 'micro_ros_agent', '--cmake-args', '-DUAGENT_BUILD_EXECUTABLE=OFF', '-DUAGENT_P2P_PROFILE=OFF', '--no-warn-unused-cli']
[0.869s] DEBUG:colcon:Parsed command line arguments: Namespace(log_base=None, log_level=None, verb_name='build', build_base='build', install_base='install', merge_install=False, symlink_install=False, test_result_base=None, continue_on_error=False, executor='parallel', parallel_workers=8, event_handlers=None, ignore_user_meta=False, metas=['./colcon.meta'], base_paths=['.'], packages_ignore=None, packages_ignore_regex=None, paths=None, packages_up_to=['micro_ros_agent'], packages_up_to_regex=None, packages_above=None, packages_above_and_dependencies=None, packages_above_depth=None, packages_select_by_dep=None, packages_skip_by_dep=None, packages_skip_up_to=None, packages_select_build_failed=False, packages_skip_build_finished=False, packages_select_test_failures=False, packages_skip_test_passed=False, packages_select=None, packages_skip=None, packages_select_regex=None, packages_skip_regex=None, packages_start=None, packages_end=None, allow_overriding=[], cmake_args=['-DUAGENT_BUILD_EXECUTABLE=OFF', '-DUAGENT_P2P_PROFILE=OFF', '--no-warn-unused-cli'], cmake_target=None, cmake_target_skip_unavailable=False, cmake_clean_cache=False, cmake_clean_first=False, cmake_force_configure=False, ament_cmake_args=None, catkin_cmake_args=None, catkin_skip_building_tests=False, verb_parser=<colcon_defaults.argument_parser.defaults.DefaultArgumentsDecorator object at 0x7feaa9fcf220>, verb_extension=<colcon_core.verb.build.BuildVerb object at 0x7feaa9fcf880>, main=<bound method BuildVerb.main of <colcon_core.verb.build.BuildVerb object at 0x7feaa9fcf880>>)
[0.907s] Level 1:colcon.colcon_core.package_discovery:discover_packages(colcon_meta) check parameters
[0.907s] Level 1:colcon.colcon_core.package_discovery:discover_packages(recursive) check parameters
[0.907s] Level 1:colcon.colcon_core.package_discovery:discover_packages(ignore) check parameters
[0.907s] Level 1:colcon.colcon_core.package_discovery:discover_packages(path) check parameters
[0.908s] Level 1:colcon.colcon_core.package_discovery:discover_packages(colcon_meta) discover
[0.908s] Level 1:colcon.colcon_core.package_discovery:discover_packages(recursive) discover
[0.908s] INFO:colcon.colcon_core.package_discovery:Crawling recursively for packages in '/home/ostifede02/dr_ws/src/microros'
[0.908s] Level 1:colcon.colcon_core.package_identification:_identify(.) by extensions ['ignore', 'ignore_ament_install']
[0.908s] Level 1:colcon.colcon_core.package_identification:_identify(.) by extension 'ignore'
[0.908s] Level 1:colcon.colcon_core.package_identification:_identify(.) by extension 'ignore_ament_install'
[0.908s] Level 1:colcon.colcon_core.package_identification:_identify(.) by extensions ['colcon_pkg']
[0.908s] Level 1:colcon.colcon_core.package_identification:_identify(.) by extension 'colcon_pkg'
[0.908s] Level 1:colcon.colcon_core.package_identification:_identify(.) by extensions ['colcon_meta']
[0.908s] Level 1:colcon.colcon_core.package_identification:_identify(.) by extension 'colcon_meta'
[0.908s] Level 1:colcon.colcon_core.package_identification:_identify(.) by extensions ['ros']
[0.908s] Level 1:colcon.colcon_core.package_identification:_identify(.) by extension 'ros'
[0.916s] Level 1:colcon.colcon_core.package_identification:_identify(.) by extensions ['cmake', 'python']
[0.916s] Level 1:colcon.colcon_core.package_identification:_identify(.) by extension 'cmake'
[0.916s] Level 1:colcon.colcon_core.package_identification:_identify(.) by extension 'python'
[0.916s] Level 1:colcon.colcon_core.package_identification:_identify(.) by extensions ['python_setup_py']
[0.916s] Level 1:colcon.colcon_core.package_identification:_identify(.) by extension 'python_setup_py'
[0.916s] Level 1:colcon.colcon_core.package_identification:_identify(build) by extensions ['ignore', 'ignore_ament_install']
[0.916s] Level 1:colcon.colcon_core.package_identification:_identify(build) by extension 'ignore'
[0.916s] Level 1:colcon.colcon_core.package_identification:_identify(build) ignored
[0.917s] Level 1:colcon.colcon_core.package_identification:_identify(install) by extensions ['ignore', 'ignore_ament_install']
[0.917s] Level 1:colcon.colcon_core.package_identification:_identify(install) by extension 'ignore'
[0.917s] Level 1:colcon.colcon_core.package_identification:_identify(install) ignored
[0.917s] Level 1:colcon.colcon_core.package_identification:_identify(log) by extensions ['ignore', 'ignore_ament_install']
[0.917s] Level 1:colcon.colcon_core.package_identification:_identify(log) by extension 'ignore'
[0.917s] Level 1:colcon.colcon_core.package_identification:_identify(log) ignored
[0.917s] Level 1:colcon.colcon_core.package_identification:_identify(src) by extensions ['ignore', 'ignore_ament_install']
[0.917s] Level 1:colcon.colcon_core.package_identification:_identify(src) by extension 'ignore'
[0.917s] Level 1:colcon.colcon_core.package_identification:_identify(src) by extension 'ignore_ament_install'
[0.917s] Level 1:colcon.colcon_core.package_identification:_identify(src) by extensions ['colcon_pkg']
[0.917s] Level 1:colcon.colcon_core.package_identification:_identify(src) by extension 'colcon_pkg'
[0.917s] Level 1:colcon.colcon_core.package_identification:_identify(src) by extensions ['colcon_meta']
[0.917s] Level 1:colcon.colcon_core.package_identification:_identify(src) by extension 'colcon_meta'
[0.917s] Level 1:colcon.colcon_core.package_identification:_identify(src) by extensions ['ros']
[0.917s] Level 1:colcon.colcon_core.package_identification:_identify(src) by extension 'ros'
[0.917s] Level 1:colcon.colcon_core.package_identification:_identify(src) by extensions ['cmake', 'python']
[0.917s] Level 1:colcon.colcon_core.package_identification:_identify(src) by extension 'cmake'
[0.917s] Level 1:colcon.colcon_core.package_identification:_identify(src) by extension 'python'
[0.917s] Level 1:colcon.colcon_core.package_identification:_identify(src) by extensions ['python_setup_py']
[0.917s] Level 1:colcon.colcon_core.package_identification:_identify(src) by extension 'python_setup_py'
[0.917s] Level 1:colcon.colcon_core.package_identification:_identify(src/micro_ros_setup) by extensions ['ignore', 'ignore_ament_install']
[0.917s] Level 1:colcon.colcon_core.package_identification:_identify(src/micro_ros_setup) by extension 'ignore'
[0.918s] Level 1:colcon.colcon_core.package_identification:_identify(src/micro_ros_setup) by extension 'ignore_ament_install'
[0.918s] Level 1:colcon.colcon_core.package_identification:_identify(src/micro_ros_setup) by extensions ['colcon_pkg']
[0.918s] Level 1:colcon.colcon_core.package_identification:_identify(src/micro_ros_setup) by extension 'colcon_pkg'
[0.918s] Level 1:colcon.colcon_core.package_identification:_identify(src/micro_ros_setup) by extensions ['colcon_meta']
[0.918s] Level 1:colcon.colcon_core.package_identification:_identify(src/micro_ros_setup) by extension 'colcon_meta'
[0.918s] Level 1:colcon.colcon_core.package_identification:_identify(src/micro_ros_setup) by extensions ['ros']
[0.918s] Level 1:colcon.colcon_core.package_identification:_identify(src/micro_ros_setup) by extension 'ros'
[0.920s] DEBUG:colcon.colcon_core.package_identification:Package 'src/micro_ros_setup' with type 'ros.ament_cmake' and name 'micro_ros_setup'
[0.920s] Level 1:colcon.colcon_core.package_identification:_identify(src/uros) by extensions ['ignore', 'ignore_ament_install']
[0.920s] Level 1:colcon.colcon_core.package_identification:_identify(src/uros) by extension 'ignore'
[0.920s] Level 1:colcon.colcon_core.package_identification:_identify(src/uros) by extension 'ignore_ament_install'
[0.920s] Level 1:colcon.colcon_core.package_identification:_identify(src/uros) by extensions ['colcon_pkg']
[0.920s] Level 1:colcon.colcon_core.package_identification:_identify(src/uros) by extension 'colcon_pkg'
[0.920s] Level 1:colcon.colcon_core.package_identification:_identify(src/uros) by extensions ['colcon_meta']
[0.920s] Level 1:colcon.colcon_core.package_identification:_identify(src/uros) by extension 'colcon_meta'
[0.920s] Level 1:colcon.colcon_core.package_identification:_identify(src/uros) by extensions ['ros']
[0.920s] Level 1:colcon.colcon_core.package_identification:_identify(src/uros) by extension 'ros'
[0.920s] Level 1:colcon.colcon_core.package_identification:_identify(src/uros) by extensions ['cmake', 'python']
[0.920s] Level 1:colcon.colcon_core.package_identification:_identify(src/uros) by extension 'cmake'
[0.920s] Level 1:colcon.colcon_core.package_identification:_identify(src/uros) by extension 'python'
[0.920s] Level 1:colcon.colcon_core.package_identification:_identify(src/uros) by extensions ['python_setup_py']
[0.920s] Level 1:colcon.colcon_core.package_identification:_identify(src/uros) by extension 'python_setup_py'
[0.921s] Level 1:colcon.colcon_core.package_identification:_identify(src/uros/micro-ROS-Agent) by extensions ['ignore', 'ignore_ament_install']
[0.921s] Level 1:colcon.colcon_core.package_identification:_identify(src/uros/micro-ROS-Agent) by extension 'ignore'
[0.921s] Level 1:colcon.colcon_core.package_identification:_identify(src/uros/micro-ROS-Agent) by extension 'ignore_ament_install'
[0.921s] Level 1:colcon.colcon_core.package_identification:_identify(src/uros/micro-ROS-Agent) by extensions ['colcon_pkg']
[0.921s] Level 1:colcon.colcon_core.package_identification:_identify(src/uros/micro-ROS-Agent) by extension 'colcon_pkg'
[0.921s] Level 1:colcon.colcon_core.package_identification:_identify(src/uros/micro-ROS-Agent) by extensions ['colcon_meta']
[0.921s] Level 1:colcon.colcon_core.package_identification:_identify(src/uros/micro-ROS-Agent) by extension 'colcon_meta'
[0.921s] Level 1:colcon.colcon_core.package_identification:_identify(src/uros/micro-ROS-Agent) by extensions ['ros']
[0.921s] Level 1:colcon.colcon_core.package_identification:_identify(src/uros/micro-ROS-Agent) by extension 'ros'
[0.921s] Level 1:colcon.colcon_core.package_identification:_identify(src/uros/micro-ROS-Agent) by extensions ['cmake', 'python']
[0.921s] Level 1:colcon.colcon_core.package_identification:_identify(src/uros/micro-ROS-Agent) by extension 'cmake'
[0.921s] Level 1:colcon.colcon_core.package_identification:_identify(src/uros/micro-ROS-Agent) by extension 'python'
[0.921s] Level 1:colcon.colcon_core.package_identification:_identify(src/uros/micro-ROS-Agent) by extensions ['python_setup_py']
[0.921s] Level 1:colcon.colcon_core.package_identification:_identify(src/uros/micro-ROS-Agent) by extension 'python_setup_py'
[0.921s] Level 1:colcon.colcon_core.package_identification:_identify(src/uros/micro-ROS-Agent/micro_ros_agent) by extensions ['ignore', 'ignore_ament_install']
[0.921s] Level 1:colcon.colcon_core.package_identification:_identify(src/uros/micro-ROS-Agent/micro_ros_agent) by extension 'ignore'
[0.921s] Level 1:colcon.colcon_core.package_identification:_identify(src/uros/micro-ROS-Agent/micro_ros_agent) by extension 'ignore_ament_install'
[0.921s] Level 1:colcon.colcon_core.package_identification:_identify(src/uros/micro-ROS-Agent/micro_ros_agent) by extensions ['colcon_pkg']
[0.921s] Level 1:colcon.colcon_core.package_identification:_identify(src/uros/micro-ROS-Agent/micro_ros_agent) by extension 'colcon_pkg'
[0.921s] Level 1:colcon.colcon_core.package_identification:_identify(src/uros/micro-ROS-Agent/micro_ros_agent) by extensions ['colcon_meta']
[0.921s] Level 1:colcon.colcon_core.package_identification:_identify(src/uros/micro-ROS-Agent/micro_ros_agent) by extension 'colcon_meta'
[0.921s] Level 1:colcon.colcon_core.package_identification:_identify(src/uros/micro-ROS-Agent/micro_ros_agent) by extensions ['ros']
[0.921s] Level 1:colcon.colcon_core.package_identification:_identify(src/uros/micro-ROS-Agent/micro_ros_agent) by extension 'ros'
[0.922s] DEBUG:colcon.colcon_core.package_identification:Package 'src/uros/micro-ROS-Agent/micro_ros_agent' with type 'ros.ament_cmake' and name 'micro_ros_agent'
[0.922s] Level 1:colcon.colcon_core.package_identification:_identify(src/uros/micro-ROS-Agent/snap) by extensions ['ignore', 'ignore_ament_install']
[0.922s] Level 1:colcon.colcon_core.package_identification:_identify(src/uros/micro-ROS-Agent/snap) by extension 'ignore'
[0.922s] Level 1:colcon.colcon_core.package_identification:_identify(src/uros/micro-ROS-Agent/snap) by extension 'ignore_ament_install'
[0.922s] Level 1:colcon.colcon_core.package_identification:_identify(src/uros/micro-ROS-Agent/snap) by extensions ['colcon_pkg']
[0.922s] Level 1:colcon.colcon_core.package_identification:_identify(src/uros/micro-ROS-Agent/snap) by extension 'colcon_pkg'
[0.922s] Level 1:colcon.colcon_core.package_identification:_identify(src/uros/micro-ROS-Agent/snap) by extensions ['colcon_meta']
[0.922s] Level 1:colcon.colcon_core.package_identification:_identify(src/uros/micro-ROS-Agent/snap) by extension 'colcon_meta'
[0.923s] Level 1:colcon.colcon_core.package_identification:_identify(src/uros/micro-ROS-Agent/snap) by extensions ['ros']
[0.923s] Level 1:colcon.colcon_core.package_identification:_identify(src/uros/micro-ROS-Agent/snap) by extension 'ros'
[0.923s] Level 1:colcon.colcon_core.package_identification:_identify(src/uros/micro-ROS-Agent/snap) by extensions ['cmake', 'python']
[0.923s] Level 1:colcon.colcon_core.package_identification:_identify(src/uros/micro-ROS-Agent/snap) by extension 'cmake'
[0.923s] Level 1:colcon.colcon_core.package_identification:_identify(src/uros/micro-ROS-Agent/snap) by extension 'python'
[0.923s] Level 1:colcon.colcon_core.package_identification:_identify(src/uros/micro-ROS-Agent/snap) by extensions ['python_setup_py']
[0.923s] Level 1:colcon.colcon_core.package_identification:_identify(src/uros/micro-ROS-Agent/snap) by extension 'python_setup_py'
[0.923s] Level 1:colcon.colcon_core.package_identification:_identify(src/uros/micro-ROS-Agent/snap/hooks) by extensions ['ignore', 'ignore_ament_install']
[0.923s] Level 1:colcon.colcon_core.package_identification:_identify(src/uros/micro-ROS-Agent/snap/hooks) by extension 'ignore'
[0.923s] Level 1:colcon.colcon_core.package_identification:_identify(src/uros/micro-ROS-Agent/snap/hooks) by extension 'ignore_ament_install'
[0.923s] Level 1:colcon.colcon_core.package_identification:_identify(src/uros/micro-ROS-Agent/snap/hooks) by extensions ['colcon_pkg']
[0.923s] Level 1:colcon.colcon_core.package_identification:_identify(src/uros/micro-ROS-Agent/snap/hooks) by extension 'colcon_pkg'
[0.923s] Level 1:colcon.colcon_core.package_identification:_identify(src/uros/micro-ROS-Agent/snap/hooks) by extensions ['colcon_meta']
[0.923s] Level 1:colcon.colcon_core.package_identification:_identify(src/uros/micro-ROS-Agent/snap/hooks) by extension 'colcon_meta'
[0.923s] Level 1:colcon.colcon_core.package_identification:_identify(src/uros/micro-ROS-Agent/snap/hooks) by extensions ['ros']
[0.923s] Level 1:colcon.colcon_core.package_identification:_identify(src/uros/micro-ROS-Agent/snap/hooks) by extension 'ros'
[0.923s] Level 1:colcon.colcon_core.package_identification:_identify(src/uros/micro-ROS-Agent/snap/hooks) by extensions ['cmake', 'python']
[0.923s] Level 1:colcon.colcon_core.package_identification:_identify(src/uros/micro-ROS-Agent/snap/hooks) by extension 'cmake'
[0.923s] Level 1:colcon.colcon_core.package_identification:_identify(src/uros/micro-ROS-Agent/snap/hooks) by extension 'python'
[0.923s] Level 1:colcon.colcon_core.package_identification:_identify(src/uros/micro-ROS-Agent/snap/hooks) by extensions ['python_setup_py']
[0.923s] Level 1:colcon.colcon_core.package_identification:_identify(src/uros/micro-ROS-Agent/snap/hooks) by extension 'python_setup_py'
[0.923s] Level 1:colcon.colcon_core.package_identification:_identify(src/uros/micro-ROS-Agent/snap/local) by extensions ['ignore', 'ignore_ament_install']
[0.923s] Level 1:colcon.colcon_core.package_identification:_identify(src/uros/micro-ROS-Agent/snap/local) by extension 'ignore'
[0.923s] Level 1:colcon.colcon_core.package_identification:_identify(src/uros/micro-ROS-Agent/snap/local) by extension 'ignore_ament_install'
[0.923s] Level 1:colcon.colcon_core.package_identification:_identify(src/uros/micro-ROS-Agent/snap/local) by extensions ['colcon_pkg']
[0.924s] Level 1:colcon.colcon_core.package_identification:_identify(src/uros/micro-ROS-Agent/snap/local) by extension 'colcon_pkg'
[0.924s] Level 1:colcon.colcon_core.package_identification:_identify(src/uros/micro-ROS-Agent/snap/local) by extensions ['colcon_meta']
[0.924s] Level 1:colcon.colcon_core.package_identification:_identify(src/uros/micro-ROS-Agent/snap/local) by extension 'colcon_meta'
[0.924s] Level 1:colcon.colcon_core.package_identification:_identify(src/uros/micro-ROS-Agent/snap/local) by extensions ['ros']
[0.924s] Level 1:colcon.colcon_core.package_identification:_identify(src/uros/micro-ROS-Agent/snap/local) by extension 'ros'
[0.924s] Level 1:colcon.colcon_core.package_identification:_identify(src/uros/micro-ROS-Agent/snap/local) by extensions ['cmake', 'python']
[0.924s] Level 1:colcon.colcon_core.package_identification:_identify(src/uros/micro-ROS-Agent/snap/local) by extension 'cmake'
[0.924s] Level 1:colcon.colcon_core.package_identification:_identify(src/uros/micro-ROS-Agent/snap/local) by extension 'python'
[0.924s] Level 1:colcon.colcon_core.package_identification:_identify(src/uros/micro-ROS-Agent/snap/local) by extensions ['python_setup_py']
[0.924s] Level 1:colcon.colcon_core.package_identification:_identify(src/uros/micro-ROS-Agent/snap/local) by extension 'python_setup_py'
[0.924s] Level 1:colcon.colcon_core.package_identification:_identify(src/uros/micro_ros_msgs) by extensions ['ignore', 'ignore_ament_install']
[0.924s] Level 1:colcon.colcon_core.package_identification:_identify(src/uros/micro_ros_msgs) by extension 'ignore'
[0.924s] Level 1:colcon.colcon_core.package_identification:_identify(src/uros/micro_ros_msgs) by extension 'ignore_ament_install'
[0.924s] Level 1:colcon.colcon_core.package_identification:_identify(src/uros/micro_ros_msgs) by extensions ['colcon_pkg']
[0.924s] Level 1:colcon.colcon_core.package_identification:_identify(src/uros/micro_ros_msgs) by extension 'colcon_pkg'
[0.924s] Level 1:colcon.colcon_core.package_identification:_identify(src/uros/micro_ros_msgs) by extensions ['colcon_meta']
[0.924s] Level 1:colcon.colcon_core.package_identification:_identify(src/uros/micro_ros_msgs) by extension 'colcon_meta'
[0.924s] Level 1:colcon.colcon_core.package_identification:_identify(src/uros/micro_ros_msgs) by extensions ['ros']
[0.924s] Level 1:colcon.colcon_core.package_identification:_identify(src/uros/micro_ros_msgs) by extension 'ros'
[0.925s] DEBUG:colcon.colcon_core.package_identification:Package 'src/uros/micro_ros_msgs' with type 'ros.ament_cmake' and name 'micro_ros_msgs'
[0.925s] Level 1:colcon.colcon_core.package_discovery:discover_packages(recursive) using defaults
[0.925s] Level 1:colcon.colcon_core.package_discovery:discover_packages(ignore) discover
[0.925s] Level 1:colcon.colcon_core.package_discovery:discover_packages(ignore) using defaults
[0.925s] Level 1:colcon.colcon_core.package_discovery:discover_packages(path) discover
[0.925s] Level 1:colcon.colcon_core.package_discovery:discover_packages(path) using defaults
[0.979s] INFO:colcon.colcon_core.package_selection:Skipping package 'micro_ros_setup' in 'src/micro_ros_setup'
[1.015s] Level 1:colcon.colcon_core.package_discovery:discover_packages(prefix_path) check parameters
[1.015s] Level 1:colcon.colcon_core.package_discovery:discover_packages(prefix_path) discover
[1.041s] DEBUG:colcon.colcon_installed_package_information.package_discovery:Found 1 installed packages in /home/ostifede02/dr_ws/src/microros/install
[1.055s] DEBUG:colcon.colcon_installed_package_information.package_discovery:Found 3 installed packages in /home/ostifede02/dr_ws/install
[1.070s] DEBUG:colcon.colcon_installed_package_information.package_discovery:Found 271 installed packages in /opt/ros/humble
[1.070s] Level 1:colcon.colcon_core.package_discovery:discover_packages(prefix_path) using defaults
[1.137s] Level 5:colcon.colcon_core.verb:set package 'micro_ros_msgs' build argument 'cmake_args' from command line to '['-DUAGENT_BUILD_EXECUTABLE=OFF', '-DUAGENT_P2P_PROFILE=OFF', '--no-warn-unused-cli']'
[1.138s] Level 5:colcon.colcon_core.verb:set package 'micro_ros_msgs' build argument 'cmake_target' from command line to 'None'
[1.138s] Level 5:colcon.colcon_core.verb:set package 'micro_ros_msgs' build argument 'cmake_target_skip_unavailable' from command line to 'False'
[1.138s] Level 5:colcon.colcon_core.verb:set package 'micro_ros_msgs' build argument 'cmake_clean_cache' from command line to 'False'
[1.138s] Level 5:colcon.colcon_core.verb:set package 'micro_ros_msgs' build argument 'cmake_clean_first' from command line to 'False'
[1.138s] Level 5:colcon.colcon_core.verb:set package 'micro_ros_msgs' build argument 'cmake_force_configure' from command line to 'False'
[1.138s] Level 5:colcon.colcon_core.verb:set package 'micro_ros_msgs' build argument 'ament_cmake_args' from command line to 'None'
[1.138s] Level 5:colcon.colcon_core.verb:set package 'micro_ros_msgs' build argument 'catkin_cmake_args' from command line to 'None'
[1.138s] Level 5:colcon.colcon_core.verb:set package 'micro_ros_msgs' build argument 'catkin_skip_building_tests' from command line to 'False'
[1.138s] DEBUG:colcon.colcon_core.verb:Building package 'micro_ros_msgs' with the following arguments: {'ament_cmake_args': None, 'build_base': '/home/ostifede02/dr_ws/src/microros/build/micro_ros_msgs', 'catkin_cmake_args': None, 'catkin_skip_building_tests': False, 'cmake_args': ['-DUAGENT_BUILD_EXECUTABLE=OFF', '-DUAGENT_P2P_PROFILE=OFF', '--no-warn-unused-cli'], 'cmake_clean_cache': False, 'cmake_clean_first': False, 'cmake_force_configure': False, 'cmake_target': None, 'cmake_target_skip_unavailable': False, 'install_base': '/home/ostifede02/dr_ws/src/microros/install/micro_ros_msgs', 'merge_install': False, 'path': '/home/ostifede02/dr_ws/src/microros/src/uros/micro_ros_msgs', 'symlink_install': False, 'test_result_base': None}
[1.151s] Level 5:colcon.colcon_core.verb:set package 'micro_ros_agent' build argument 'cmake_args' from command line to '['-DUAGENT_BUILD_EXECUTABLE=OFF', '-DUAGENT_P2P_PROFILE=OFF', '--no-warn-unused-cli']'
[1.151s] Level 5:colcon.colcon_core.verb:set package 'micro_ros_agent' build argument 'cmake_target' from command line to 'None'
[1.151s] Level 5:colcon.colcon_core.verb:set package 'micro_ros_agent' build argument 'cmake_target_skip_unavailable' from command line to 'False'
[1.151s] Level 5:colcon.colcon_core.verb:set package 'micro_ros_agent' build argument 'cmake_clean_cache' from command line to 'False'
[1.151s] Level 5:colcon.colcon_core.verb:set package 'micro_ros_agent' build argument 'cmake_clean_first' from command line to 'False'
[1.151s] Level 5:colcon.colcon_core.verb:set package 'micro_ros_agent' build argument 'cmake_force_configure' from command line to 'False'
[1.151s] Level 5:colcon.colcon_core.verb:set package 'micro_ros_agent' build argument 'ament_cmake_args' from command line to 'None'
[1.151s] Level 5:colcon.colcon_core.verb:set package 'micro_ros_agent' build argument 'catkin_cmake_args' from command line to 'None'
[1.151s] Level 5:colcon.colcon_core.verb:set package 'micro_ros_agent' build argument 'catkin_skip_building_tests' from command line to 'False'
[1.151s] DEBUG:colcon.colcon_core.verb:Building package 'micro_ros_agent' with the following arguments: {'ament_cmake_args': None, 'build_base': '/home/ostifede02/dr_ws/src/microros/build/micro_ros_agent', 'catkin_cmake_args': None, 'catkin_skip_building_tests': False, 'cmake_args': ['-DUAGENT_BUILD_EXECUTABLE=OFF', '-DUAGENT_P2P_PROFILE=OFF', '--no-warn-unused-cli'], 'cmake_clean_cache': False, 'cmake_clean_first': False, 'cmake_force_configure': False, 'cmake_target': None, 'cmake_target_skip_unavailable': False, 'install_base': '/home/ostifede02/dr_ws/src/microros/install/micro_ros_agent', 'merge_install': False, 'path': '/home/ostifede02/dr_ws/src/microros/src/uros/micro-ROS-Agent/micro_ros_agent', 'symlink_install': False, 'test_result_base': None}
[1.163s] INFO:colcon.colcon_core.executor:Executing jobs using 'parallel' executor
[1.177s] DEBUG:colcon.colcon_parallel_executor.executor.parallel:run_until_complete
[1.177s] INFO:colcon.colcon_ros.task.ament_cmake.build:Building ROS package in '/home/ostifede02/dr_ws/src/microros/src/uros/micro_ros_msgs' with build type 'ament_cmake'
[1.177s] INFO:colcon.colcon_cmake.task.cmake.build:Building CMake package in '/home/ostifede02/dr_ws/src/microros/src/uros/micro_ros_msgs'
[1.192s] INFO:colcon.colcon_core.plugin_system:Skipping extension 'colcon_core.shell.bat': Not used on non-Windows systems
[1.192s] INFO:colcon.colcon_core.shell:Skip shell extension 'powershell' for command environment: Not usable outside of PowerShell
[1.192s] DEBUG:colcon.colcon_core.shell:Skip shell extension 'dsv' for command environment
[1.254s] DEBUG:colcon.colcon_core.event_handler.log_command:Invoking command in '/home/ostifede02/dr_ws/src/microros/build/micro_ros_msgs': CMAKE_PREFIX_PATH=${CMAKE_PREFIX_PATH}:/home/ostifede02/dr_ws/install/deltarobot:/home/ostifede02/dr_ws/install/deltarobot_description:/opt/ros/humble /usr/bin/cmake /home/ostifede02/dr_ws/src/microros/src/uros/micro_ros_msgs -DUAGENT_BUILD_EXECUTABLE=OFF -DUAGENT_P2P_PROFILE=OFF --no-warn-unused-cli -DCMAKE_INSTALL_PREFIX=/home/ostifede02/dr_ws/src/microros/install/micro_ros_msgs
[2.416s] DEBUG:colcon.colcon_core.event_handler.log_command:Invoked command in '/home/ostifede02/dr_ws/src/microros/build/micro_ros_msgs' returned '0': CMAKE_PREFIX_PATH=${CMAKE_PREFIX_PATH}:/home/ostifede02/dr_ws/install/deltarobot:/home/ostifede02/dr_ws/install/deltarobot_description:/opt/ros/humble /usr/bin/cmake /home/ostifede02/dr_ws/src/microros/src/uros/micro_ros_msgs -DUAGENT_BUILD_EXECUTABLE=OFF -DUAGENT_P2P_PROFILE=OFF --no-warn-unused-cli -DCMAKE_INSTALL_PREFIX=/home/ostifede02/dr_ws/src/microros/install/micro_ros_msgs
[2.418s] DEBUG:colcon.colcon_core.event_handler.log_command:Invoking command in '/home/ostifede02/dr_ws/src/microros/build/micro_ros_msgs': CMAKE_PREFIX_PATH=${CMAKE_PREFIX_PATH}:/home/ostifede02/dr_ws/install/deltarobot:/home/ostifede02/dr_ws/install/deltarobot_description:/opt/ros/humble /usr/bin/cmake --build /home/ostifede02/dr_ws/src/microros/build/micro_ros_msgs -- -j8 -l8
[5.382s] DEBUG:colcon.colcon_core.event_handler.log_command:Invoked command in '/home/ostifede02/dr_ws/src/microros/build/micro_ros_msgs' returned '0': CMAKE_PREFIX_PATH=${CMAKE_PREFIX_PATH}:/home/ostifede02/dr_ws/install/deltarobot:/home/ostifede02/dr_ws/install/deltarobot_description:/opt/ros/humble /usr/bin/cmake --build /home/ostifede02/dr_ws/src/microros/build/micro_ros_msgs -- -j8 -l8
[5.462s] DEBUG:colcon.colcon_core.event_handler.log_command:Invoking command in '/home/ostifede02/dr_ws/src/microros/build/micro_ros_msgs': CMAKE_PREFIX_PATH=${CMAKE_PREFIX_PATH}:/home/ostifede02/dr_ws/install/deltarobot:/home/ostifede02/dr_ws/install/deltarobot_description:/opt/ros/humble /usr/bin/cmake --install /home/ostifede02/dr_ws/src/microros/build/micro_ros_msgs
[5.537s] Level 1:colcon.colcon_core.environment:create_environment_scripts_only(micro_ros_msgs)
[5.538s] DEBUG:colcon.colcon_core.event_handler.log_command:Invoked command in '/home/ostifede02/dr_ws/src/microros/build/micro_ros_msgs' returned '0': CMAKE_PREFIX_PATH=${CMAKE_PREFIX_PATH}:/home/ostifede02/dr_ws/install/deltarobot:/home/ostifede02/dr_ws/install/deltarobot_description:/opt/ros/humble /usr/bin/cmake --install /home/ostifede02/dr_ws/src/microros/build/micro_ros_msgs
[5.568s] Level 1:colcon.colcon_core.environment:checking '/home/ostifede02/dr_ws/src/microros/install/micro_ros_msgs' for CMake module files
[5.569s] Level 1:colcon.colcon_core.environment:checking '/home/ostifede02/dr_ws/src/microros/install/micro_ros_msgs' for CMake config files
[5.570s] Level 1:colcon.colcon_core.shell:create_environment_hook('micro_ros_msgs', 'cmake_prefix_path')
[5.588s] INFO:colcon.colcon_core.shell:Creating environment hook '/home/ostifede02/dr_ws/src/microros/install/micro_ros_msgs/share/micro_ros_msgs/hook/cmake_prefix_path.ps1'
[5.588s] INFO:colcon.colcon_core.shell:Creating environment descriptor '/home/ostifede02/dr_ws/src/microros/install/micro_ros_msgs/share/micro_ros_msgs/hook/cmake_prefix_path.dsv'
[5.589s] INFO:colcon.colcon_core.shell:Creating environment hook '/home/ostifede02/dr_ws/src/microros/install/micro_ros_msgs/share/micro_ros_msgs/hook/cmake_prefix_path.sh'
[5.589s] Level 1:colcon.colcon_core.environment:checking '/home/ostifede02/dr_ws/src/microros/install/micro_ros_msgs/lib'
[5.590s] Level 1:colcon.colcon_core.shell:create_environment_hook('micro_ros_msgs', 'ld_library_path_lib')
[5.606s] INFO:colcon.colcon_core.shell:Creating environment hook '/home/ostifede02/dr_ws/src/microros/install/micro_ros_msgs/share/micro_ros_msgs/hook/ld_library_path_lib.ps1'
[5.606s] INFO:colcon.colcon_core.shell:Creating environment descriptor '/home/ostifede02/dr_ws/src/microros/install/micro_ros_msgs/share/micro_ros_msgs/hook/ld_library_path_lib.dsv'
[5.607s] INFO:colcon.colcon_core.shell:Creating environment hook '/home/ostifede02/dr_ws/src/microros/install/micro_ros_msgs/share/micro_ros_msgs/hook/ld_library_path_lib.sh'
[5.607s] Level 1:colcon.colcon_core.environment:checking '/home/ostifede02/dr_ws/src/microros/install/micro_ros_msgs/bin'
[5.607s] Level 1:colcon.colcon_core.environment:checking '/home/ostifede02/dr_ws/src/microros/install/micro_ros_msgs/lib/pkgconfig/micro_ros_msgs.pc'
[5.607s] Level 1:colcon.colcon_core.environment:checking '/home/ostifede02/dr_ws/src/microros/install/micro_ros_msgs/lib/python3.10/site-packages'
[5.607s] Level 1:colcon.colcon_core.environment:checking '/home/ostifede02/dr_ws/src/microros/install/micro_ros_msgs/bin'
[5.624s] INFO:colcon.colcon_core.shell:Creating package script '/home/ostifede02/dr_ws/src/microros/install/micro_ros_msgs/share/micro_ros_msgs/package.ps1'
[5.624s] INFO:colcon.colcon_core.shell:Creating package descriptor '/home/ostifede02/dr_ws/src/microros/install/micro_ros_msgs/share/micro_ros_msgs/package.dsv'
[5.625s] INFO:colcon.colcon_core.shell:Creating package script '/home/ostifede02/dr_ws/src/microros/install/micro_ros_msgs/share/micro_ros_msgs/package.sh'
[5.626s] INFO:colcon.colcon_core.shell:Creating package script '/home/ostifede02/dr_ws/src/microros/install/micro_ros_msgs/share/micro_ros_msgs/package.bash'
[5.626s] INFO:colcon.colcon_core.shell:Creating package script '/home/ostifede02/dr_ws/src/microros/install/micro_ros_msgs/share/micro_ros_msgs/package.zsh'
[5.627s] Level 1:colcon.colcon_core.environment:create_file_with_runtime_dependencies(/home/ostifede02/dr_ws/src/microros/install/micro_ros_msgs/share/colcon-core/packages/micro_ros_msgs)
[5.723s] Level 1:colcon.colcon_core.environment:create_environment_scripts_only(micro_ros_msgs)
[5.739s] Level 1:colcon.colcon_core.environment:checking '/home/ostifede02/dr_ws/src/microros/install/micro_ros_msgs' for CMake module files
[5.740s] Level 1:colcon.colcon_core.environment:checking '/home/ostifede02/dr_ws/src/microros/install/micro_ros_msgs' for CMake config files
[5.740s] Level 1:colcon.colcon_core.shell:create_environment_hook('micro_ros_msgs', 'cmake_prefix_path')
[5.758s] INFO:colcon.colcon_core.shell:Creating environment hook '/home/ostifede02/dr_ws/src/microros/install/micro_ros_msgs/share/micro_ros_msgs/hook/cmake_prefix_path.ps1'
[5.759s] INFO:colcon.colcon_core.shell:Creating environment descriptor '/home/ostifede02/dr_ws/src/microros/install/micro_ros_msgs/share/micro_ros_msgs/hook/cmake_prefix_path.dsv'
[5.759s] INFO:colcon.colcon_core.shell:Creating environment hook '/home/ostifede02/dr_ws/src/microros/install/micro_ros_msgs/share/micro_ros_msgs/hook/cmake_prefix_path.sh'
[5.759s] Level 1:colcon.colcon_core.environment:checking '/home/ostifede02/dr_ws/src/microros/install/micro_ros_msgs/lib'
[5.759s] Level 1:colcon.colcon_core.shell:create_environment_hook('micro_ros_msgs', 'ld_library_path_lib')
[5.776s] INFO:colcon.colcon_core.shell:Creating environment hook '/home/ostifede02/dr_ws/src/microros/install/micro_ros_msgs/share/micro_ros_msgs/hook/ld_library_path_lib.ps1'
[5.776s] INFO:colcon.colcon_core.shell:Creating environment descriptor '/home/ostifede02/dr_ws/src/microros/install/micro_ros_msgs/share/micro_ros_msgs/hook/ld_library_path_lib.dsv'
[5.777s] INFO:colcon.colcon_core.shell:Creating environment hook '/home/ostifede02/dr_ws/src/microros/install/micro_ros_msgs/share/micro_ros_msgs/hook/ld_library_path_lib.sh'
[5.777s] Level 1:colcon.colcon_core.environment:checking '/home/ostifede02/dr_ws/src/microros/install/micro_ros_msgs/bin'
[5.777s] Level 1:colcon.colcon_core.environment:checking '/home/ostifede02/dr_ws/src/microros/install/micro_ros_msgs/lib/pkgconfig/micro_ros_msgs.pc'
[5.777s] Level 1:colcon.colcon_core.environment:checking '/home/ostifede02/dr_ws/src/microros/install/micro_ros_msgs/lib/python3.10/site-packages'
[5.778s] Level 1:colcon.colcon_core.environment:checking '/home/ostifede02/dr_ws/src/microros/install/micro_ros_msgs/bin'
[5.794s] INFO:colcon.colcon_core.shell:Creating package script '/home/ostifede02/dr_ws/src/microros/install/micro_ros_msgs/share/micro_ros_msgs/package.ps1'
[5.795s] INFO:colcon.colcon_core.shell:Creating package descriptor '/home/ostifede02/dr_ws/src/microros/install/micro_ros_msgs/share/micro_ros_msgs/package.dsv'
[5.795s] INFO:colcon.colcon_core.shell:Creating package script '/home/ostifede02/dr_ws/src/microros/install/micro_ros_msgs/share/micro_ros_msgs/package.sh'
[5.795s] INFO:colcon.colcon_core.shell:Creating package script '/home/ostifede02/dr_ws/src/microros/install/micro_ros_msgs/share/micro_ros_msgs/package.bash'
[5.796s] INFO:colcon.colcon_core.shell:Creating package script '/home/ostifede02/dr_ws/src/microros/install/micro_ros_msgs/share/micro_ros_msgs/package.zsh'
[5.796s] Level 1:colcon.colcon_core.environment:create_file_with_runtime_dependencies(/home/ostifede02/dr_ws/src/microros/install/micro_ros_msgs/share/colcon-core/packages/micro_ros_msgs)
[5.796s] INFO:colcon.colcon_ros.task.ament_cmake.build:Building ROS package in '/home/ostifede02/dr_ws/src/microros/src/uros/micro-ROS-Agent/micro_ros_agent' with build type 'ament_cmake'
[5.796s] INFO:colcon.colcon_cmake.task.cmake.build:Building CMake package in '/home/ostifede02/dr_ws/src/microros/src/uros/micro-ROS-Agent/micro_ros_agent'
[5.814s] INFO:colcon.colcon_core.shell:Skip shell extension 'powershell' for command environment: Not usable outside of PowerShell
[5.814s] DEBUG:colcon.colcon_core.shell:Skip shell extension 'dsv' for command environment
[5.895s] DEBUG:colcon.colcon_core.event_handler.log_command:Invoking command in '/home/ostifede02/dr_ws/src/microros/build/micro_ros_agent': AMENT_PREFIX_PATH=/home/ostifede02/dr_ws/src/microros/install/micro_ros_msgs:${AMENT_PREFIX_PATH} CMAKE_PREFIX_PATH=/home/ostifede02/dr_ws/src/microros/install/micro_ros_msgs:/home/ostifede02/dr_ws/src/microros/install/micro_ros_setup:/home/ostifede02/dr_ws/install/deltarobot_interfaces:/opt/openrobots:/home/ostifede02/dr_ws/install/deltarobot:/home/ostifede02/dr_ws/install/deltarobot_description:/opt/ros/humble LD_LIBRARY_PATH=/home/ostifede02/dr_ws/src/microros/install/micro_ros_msgs/lib:/home/ostifede02/dr_ws/install/deltarobot_interfaces/lib:/opt/ros/humble/opt/rviz_ogre_vendor/lib:/opt/ros/humble/lib/x86_64-linux-gnu:/opt/ros/humble/lib:/opt/openrobots/lib PYTHONPATH=/home/ostifede02/dr_ws/src/microros/install/micro_ros_msgs/local/lib/python3.10/dist-packages:${PYTHONPATH} /usr/bin/cmake /home/ostifede02/dr_ws/src/microros/src/uros/micro-ROS-Agent/micro_ros_agent -DUAGENT_BUILD_EXECUTABLE=OFF -DUAGENT_P2P_PROFILE=OFF --no-warn-unused-cli -DCMAKE_INSTALL_PREFIX=/home/ostifede02/dr_ws/src/microros/install/micro_ros_agent
[6.165s] DEBUG:colcon.colcon_core.event_handler.log_command:Invoked command in '/home/ostifede02/dr_ws/src/microros/build/micro_ros_agent' returned '0': AMENT_PREFIX_PATH=/home/ostifede02/dr_ws/src/microros/install/micro_ros_msgs:${AMENT_PREFIX_PATH} CMAKE_PREFIX_PATH=/home/ostifede02/dr_ws/src/microros/install/micro_ros_msgs:/home/ostifede02/dr_ws/src/microros/install/micro_ros_setup:/home/ostifede02/dr_ws/install/deltarobot_interfaces:/opt/openrobots:/home/ostifede02/dr_ws/install/deltarobot:/home/ostifede02/dr_ws/install/deltarobot_description:/opt/ros/humble LD_LIBRARY_PATH=/home/ostifede02/dr_ws/src/microros/install/micro_ros_msgs/lib:/home/ostifede02/dr_ws/install/deltarobot_interfaces/lib:/opt/ros/humble/opt/rviz_ogre_vendor/lib:/opt/ros/humble/lib/x86_64-linux-gnu:/opt/ros/humble/lib:/opt/openrobots/lib PYTHONPATH=/home/ostifede02/dr_ws/src/microros/install/micro_ros_msgs/local/lib/python3.10/dist-packages:${PYTHONPATH} /usr/bin/cmake /home/ostifede02/dr_ws/src/microros/src/uros/micro-ROS-Agent/micro_ros_agent -DUAGENT_BUILD_EXECUTABLE=OFF -DUAGENT_P2P_PROFILE=OFF --no-warn-unused-cli -DCMAKE_INSTALL_PREFIX=/home/ostifede02/dr_ws/src/microros/install/micro_ros_agent
[6.166s] DEBUG:colcon.colcon_core.event_handler.log_command:Invoking command in '/home/ostifede02/dr_ws/src/microros/build/micro_ros_agent': AMENT_PREFIX_PATH=/home/ostifede02/dr_ws/src/microros/install/micro_ros_msgs:${AMENT_PREFIX_PATH} CMAKE_PREFIX_PATH=/home/ostifede02/dr_ws/src/microros/install/micro_ros_msgs:/home/ostifede02/dr_ws/src/microros/install/micro_ros_setup:/home/ostifede02/dr_ws/install/deltarobot_interfaces:/opt/openrobots:/home/ostifede02/dr_ws/install/deltarobot:/home/ostifede02/dr_ws/install/deltarobot_description:/opt/ros/humble LD_LIBRARY_PATH=/home/ostifede02/dr_ws/src/microros/install/micro_ros_msgs/lib:/home/ostifede02/dr_ws/install/deltarobot_interfaces/lib:/opt/ros/humble/opt/rviz_ogre_vendor/lib:/opt/ros/humble/lib/x86_64-linux-gnu:/opt/ros/humble/lib:/opt/openrobots/lib PYTHONPATH=/home/ostifede02/dr_ws/src/microros/install/micro_ros_msgs/local/lib/python3.10/dist-packages:${PYTHONPATH} /usr/bin/cmake --build /home/ostifede02/dr_ws/src/microros/build/micro_ros_agent -- -j8 -l8
[43.175s] DEBUG:colcon.colcon_core.event_handler.log_command:Invoked command in '/home/ostifede02/dr_ws/src/microros/build/micro_ros_agent' returned '0': AMENT_PREFIX_PATH=/home/ostifede02/dr_ws/src/microros/install/micro_ros_msgs:${AMENT_PREFIX_PATH} CMAKE_PREFIX_PATH=/home/ostifede02/dr_ws/src/microros/install/micro_ros_msgs:/home/ostifede02/dr_ws/src/microros/install/micro_ros_setup:/home/ostifede02/dr_ws/install/deltarobot_interfaces:/opt/openrobots:/home/ostifede02/dr_ws/install/deltarobot:/home/ostifede02/dr_ws/install/deltarobot_description:/opt/ros/humble LD_LIBRARY_PATH=/home/ostifede02/dr_ws/src/microros/install/micro_ros_msgs/lib:/home/ostifede02/dr_ws/install/deltarobot_interfaces/lib:/opt/ros/humble/opt/rviz_ogre_vendor/lib:/opt/ros/humble/lib/x86_64-linux-gnu:/opt/ros/humble/lib:/opt/openrobots/lib PYTHONPATH=/home/ostifede02/dr_ws/src/microros/install/micro_ros_msgs/local/lib/python3.10/dist-packages:${PYTHONPATH} /usr/bin/cmake --build /home/ostifede02/dr_ws/src/microros/build/micro_ros_agent -- -j8 -l8
[43.225s] DEBUG:colcon.colcon_core.event_handler.log_command:Invoking command in '/home/ostifede02/dr_ws/src/microros/build/micro_ros_agent': AMENT_PREFIX_PATH=/home/ostifede02/dr_ws/src/microros/install/micro_ros_msgs:${AMENT_PREFIX_PATH} CMAKE_PREFIX_PATH=/home/ostifede02/dr_ws/src/microros/install/micro_ros_msgs:/home/ostifede02/dr_ws/src/microros/install/micro_ros_setup:/home/ostifede02/dr_ws/install/deltarobot_interfaces:/opt/openrobots:/home/ostifede02/dr_ws/install/deltarobot:/home/ostifede02/dr_ws/install/deltarobot_description:/opt/ros/humble LD_LIBRARY_PATH=/home/ostifede02/dr_ws/src/microros/install/micro_ros_msgs/lib:/home/ostifede02/dr_ws/install/deltarobot_interfaces/lib:/opt/ros/humble/opt/rviz_ogre_vendor/lib:/opt/ros/humble/lib/x86_64-linux-gnu:/opt/ros/humble/lib:/opt/openrobots/lib PYTHONPATH=/home/ostifede02/dr_ws/src/microros/install/micro_ros_msgs/local/lib/python3.10/dist-packages:${PYTHONPATH} /usr/bin/cmake --install /home/ostifede02/dr_ws/src/microros/build/micro_ros_agent
[43.236s] Level 1:colcon.colcon_core.environment:create_environment_scripts_only(micro_ros_agent)
[43.236s] DEBUG:colcon.colcon_core.event_handler.log_command:Invoked command in '/home/ostifede02/dr_ws/src/microros/build/micro_ros_agent' returned '0': AMENT_PREFIX_PATH=/home/ostifede02/dr_ws/src/microros/install/micro_ros_msgs:${AMENT_PREFIX_PATH} CMAKE_PREFIX_PATH=/home/ostifede02/dr_ws/src/microros/install/micro_ros_msgs:/home/ostifede02/dr_ws/src/microros/install/micro_ros_setup:/home/ostifede02/dr_ws/install/deltarobot_interfaces:/opt/openrobots:/home/ostifede02/dr_ws/install/deltarobot:/home/ostifede02/dr_ws/install/deltarobot_description:/opt/ros/humble LD_LIBRARY_PATH=/home/ostifede02/dr_ws/src/microros/install/micro_ros_msgs/lib:/home/ostifede02/dr_ws/install/deltarobot_interfaces/lib:/opt/ros/humble/opt/rviz_ogre_vendor/lib:/opt/ros/humble/lib/x86_64-linux-gnu:/opt/ros/humble/lib:/opt/openrobots/lib PYTHONPATH=/home/ostifede02/dr_ws/src/microros/install/micro_ros_msgs/local/lib/python3.10/dist-packages:${PYTHONPATH} /usr/bin/cmake --install /home/ostifede02/dr_ws/src/microros/build/micro_ros_agent
[43.289s] Level 1:colcon.colcon_core.environment:checking '/home/ostifede02/dr_ws/src/microros/install/micro_ros_agent' for CMake module files
[43.290s] Level 1:colcon.colcon_core.environment:checking '/home/ostifede02/dr_ws/src/microros/install/micro_ros_agent' for CMake config files
[43.290s] Level 1:colcon.colcon_core.shell:create_environment_hook('micro_ros_agent', 'cmake_prefix_path')
[43.303s] INFO:colcon.colcon_core.shell:Creating environment hook '/home/ostifede02/dr_ws/src/microros/install/micro_ros_agent/share/micro_ros_agent/hook/cmake_prefix_path.ps1'
[43.304s] INFO:colcon.colcon_core.shell:Creating environment descriptor '/home/ostifede02/dr_ws/src/microros/install/micro_ros_agent/share/micro_ros_agent/hook/cmake_prefix_path.dsv'
[43.304s] INFO:colcon.colcon_core.shell:Creating environment hook '/home/ostifede02/dr_ws/src/microros/install/micro_ros_agent/share/micro_ros_agent/hook/cmake_prefix_path.sh'
[43.305s] Level 1:colcon.colcon_core.environment:checking '/home/ostifede02/dr_ws/src/microros/install/micro_ros_agent/lib'
[43.305s] Level 1:colcon.colcon_core.shell:create_environment_hook('micro_ros_agent', 'ld_library_path_lib')
[43.318s] INFO:colcon.colcon_core.shell:Creating environment hook '/home/ostifede02/dr_ws/src/microros/install/micro_ros_agent/share/micro_ros_agent/hook/ld_library_path_lib.ps1'
[43.318s] INFO:colcon.colcon_core.shell:Creating environment descriptor '/home/ostifede02/dr_ws/src/microros/install/micro_ros_agent/share/micro_ros_agent/hook/ld_library_path_lib.dsv'
[43.318s] INFO:colcon.colcon_core.shell:Creating environment hook '/home/ostifede02/dr_ws/src/microros/install/micro_ros_agent/share/micro_ros_agent/hook/ld_library_path_lib.sh'
[43.319s] Level 1:colcon.colcon_core.environment:checking '/home/ostifede02/dr_ws/src/microros/install/micro_ros_agent/bin'
[43.319s] Level 1:colcon.colcon_core.environment:checking '/home/ostifede02/dr_ws/src/microros/install/micro_ros_agent/lib/pkgconfig/micro_ros_agent.pc'
[43.319s] Level 1:colcon.colcon_core.environment:checking '/home/ostifede02/dr_ws/src/microros/install/micro_ros_agent/lib/python3.10/site-packages'
[43.319s] Level 1:colcon.colcon_core.environment:checking '/home/ostifede02/dr_ws/src/microros/install/micro_ros_agent/bin'
[43.333s] INFO:colcon.colcon_core.shell:Creating package script '/home/ostifede02/dr_ws/src/microros/install/micro_ros_agent/share/micro_ros_agent/package.ps1'
[43.333s] INFO:colcon.colcon_core.shell:Creating package descriptor '/home/ostifede02/dr_ws/src/microros/install/micro_ros_agent/share/micro_ros_agent/package.dsv'
[43.334s] INFO:colcon.colcon_core.shell:Creating package script '/home/ostifede02/dr_ws/src/microros/install/micro_ros_agent/share/micro_ros_agent/package.sh'
[43.334s] INFO:colcon.colcon_core.shell:Creating package script '/home/ostifede02/dr_ws/src/microros/install/micro_ros_agent/share/micro_ros_agent/package.bash'
[43.335s] INFO:colcon.colcon_core.shell:Creating package script '/home/ostifede02/dr_ws/src/microros/install/micro_ros_agent/share/micro_ros_agent/package.zsh'
[43.335s] Level 1:colcon.colcon_core.environment:create_file_with_runtime_dependencies(/home/ostifede02/dr_ws/src/microros/install/micro_ros_agent/share/colcon-core/packages/micro_ros_agent)
[43.377s] Level 1:colcon.colcon_core.environment:create_environment_scripts_only(micro_ros_agent)
[43.390s] Level 1:colcon.colcon_core.environment:checking '/home/ostifede02/dr_ws/src/microros/install/micro_ros_agent' for CMake module files
[43.391s] Level 1:colcon.colcon_core.environment:checking '/home/ostifede02/dr_ws/src/microros/install/micro_ros_agent' for CMake config files
[43.391s] Level 1:colcon.colcon_core.shell:create_environment_hook('micro_ros_agent', 'cmake_prefix_path')
[43.405s] INFO:colcon.colcon_core.shell:Creating environment hook '/home/ostifede02/dr_ws/src/microros/install/micro_ros_agent/share/micro_ros_agent/hook/cmake_prefix_path.ps1'
[43.405s] INFO:colcon.colcon_core.shell:Creating environment descriptor '/home/ostifede02/dr_ws/src/microros/install/micro_ros_agent/share/micro_ros_agent/hook/cmake_prefix_path.dsv'
[43.406s] INFO:colcon.colcon_core.shell:Creating environment hook '/home/ostifede02/dr_ws/src/microros/install/micro_ros_agent/share/micro_ros_agent/hook/cmake_prefix_path.sh'
[43.406s] Level 1:colcon.colcon_core.environment:checking '/home/ostifede02/dr_ws/src/microros/install/micro_ros_agent/lib'
[43.406s] Level 1:colcon.colcon_core.shell:create_environment_hook('micro_ros_agent', 'ld_library_path_lib')
[43.420s] INFO:colcon.colcon_core.shell:Creating environment hook '/home/ostifede02/dr_ws/src/microros/install/micro_ros_agent/share/micro_ros_agent/hook/ld_library_path_lib.ps1'
[43.421s] INFO:colcon.colcon_core.shell:Creating environment descriptor '/home/ostifede02/dr_ws/src/microros/install/micro_ros_agent/share/micro_ros_agent/hook/ld_library_path_lib.dsv'
[43.421s] INFO:colcon.colcon_core.shell:Creating environment hook '/home/ostifede02/dr_ws/src/microros/install/micro_ros_agent/share/micro_ros_agent/hook/ld_library_path_lib.sh'
[43.421s] Level 1:colcon.colcon_core.environment:checking '/home/ostifede02/dr_ws/src/microros/install/micro_ros_agent/bin'
[43.421s] Level 1:colcon.colcon_core.environment:checking '/home/ostifede02/dr_ws/src/microros/install/micro_ros_agent/lib/pkgconfig/micro_ros_agent.pc'
[43.422s] Level 1:colcon.colcon_core.environment:checking '/home/ostifede02/dr_ws/src/microros/install/micro_ros_agent/lib/python3.10/site-packages'
[43.422s] Level 1:colcon.colcon_core.environment:checking '/home/ostifede02/dr_ws/src/microros/install/micro_ros_agent/bin'
[43.435s] INFO:colcon.colcon_core.shell:Creating package script '/home/ostifede02/dr_ws/src/microros/install/micro_ros_agent/share/micro_ros_agent/package.ps1'
[43.436s] INFO:colcon.colcon_core.shell:Creating package descriptor '/home/ostifede02/dr_ws/src/microros/install/micro_ros_agent/share/micro_ros_agent/package.dsv'
[43.436s] INFO:colcon.colcon_core.shell:Creating package script '/home/ostifede02/dr_ws/src/microros/install/micro_ros_agent/share/micro_ros_agent/package.sh'
[43.436s] INFO:colcon.colcon_core.shell:Creating package script '/home/ostifede02/dr_ws/src/microros/install/micro_ros_agent/share/micro_ros_agent/package.bash'
[43.437s] INFO:colcon.colcon_core.shell:Creating package script '/home/ostifede02/dr_ws/src/microros/install/micro_ros_agent/share/micro_ros_agent/package.zsh'
[43.437s] Level 1:colcon.colcon_core.environment:create_file_with_runtime_dependencies(/home/ostifede02/dr_ws/src/microros/install/micro_ros_agent/share/colcon-core/packages/micro_ros_agent)
[43.437s] DEBUG:colcon.colcon_parallel_executor.executor.parallel:closing loop
[43.438s] DEBUG:colcon.colcon_parallel_executor.executor.parallel:loop closed
[43.438s] DEBUG:colcon.colcon_parallel_executor.executor.parallel:run_until_complete finished with '0'
[43.438s] DEBUG:colcon.colcon_core.event_reactor:joining thread
[43.460s] INFO:colcon.colcon_core.plugin_system:Skipping extension 'colcon_notification.desktop_notification.terminal_notifier': Not used on non-Darwin systems
[43.460s] INFO:colcon.colcon_core.plugin_system:Skipping extension 'colcon_notification.desktop_notification.win32': Not used on non-Windows systems
[43.460s] INFO:colcon.colcon_notification.desktop_notification:Sending desktop notification using 'notify2'
[43.470s] DEBUG:colcon.colcon_core.event_reactor:joined thread
[43.483s] INFO:colcon.colcon_core.shell:Creating prefix script '/home/ostifede02/dr_ws/src/microros/install/local_setup.ps1'
[43.485s] INFO:colcon.colcon_core.shell:Creating prefix util module '/home/ostifede02/dr_ws/src/microros/install/_local_setup_util_ps1.py'
[43.486s] INFO:colcon.colcon_core.shell:Creating prefix chain script '/home/ostifede02/dr_ws/src/microros/install/setup.ps1'
[43.501s] INFO:colcon.colcon_core.shell:Creating prefix script '/home/ostifede02/dr_ws/src/microros/install/local_setup.sh'
[43.502s] INFO:colcon.colcon_core.shell:Creating prefix util module '/home/ostifede02/dr_ws/src/microros/install/_local_setup_util_sh.py'
[43.502s] INFO:colcon.colcon_core.shell:Creating prefix chain script '/home/ostifede02/dr_ws/src/microros/install/setup.sh'
[43.518s] INFO:colcon.colcon_core.shell:Creating prefix script '/home/ostifede02/dr_ws/src/microros/install/local_setup.bash'
[43.518s] INFO:colcon.colcon_core.shell:Creating prefix chain script '/home/ostifede02/dr_ws/src/microros/install/setup.bash'
[43.533s] INFO:colcon.colcon_core.shell:Creating prefix script '/home/ostifede02/dr_ws/src/microros/install/local_setup.zsh'
[43.534s] INFO:colcon.colcon_core.shell:Creating prefix chain script '/home/ostifede02/dr_ws/src/microros/install/setup.zsh'
