-- Found ament_cmake: 1.3.6 (/opt/ros/humble/share/ament_cmake/cmake)
-- Found geometry_msgs: 4.2.3 (/opt/ros/humble/share/geometry_msgs/cmake)
-- Found rosidl_generator_c: 3.1.5 (/opt/ros/humble/share/rosidl_generator_c/cmake)
-- Found rosidl_adapter: 3.1.5 (/opt/ros/humble/share/rosidl_adapter/cmake)
-- Found rosidl_generator_cpp: 3.1.5 (/opt/ros/humble/share/rosidl_generator_cpp/cmake)
-- Using all available rosidl_typesupport_c: rosidl_typesupport_fastrtps_c;rosidl_typesupport_introspection_c
-- Using all available rosidl_typesupport_cpp: rosidl_typesupport_fastrtps_cpp;rosidl_typesupport_introspection_cpp
-- Found ament_cmake_ros: 0.10.0 (/opt/ros/humble/share/ament_cmake_ros/cmake)
-- Using all available rosidl_typesupport_c: rosidl_typesupport_fastrtps_c;rosidl_typesupport_introspection_c
-- Using all available rosidl_typesupport_cpp: rosidl_typesupport_fastrtps_cpp;rosidl_typesupport_introspection_cpp
-- Found ament_lint_auto: 0.12.9 (/opt/ros/humble/share/ament_lint_auto/cmake)
-- Added test 'lint_cmake' to check CMake code style
-- Added test 'xmllint' to check XML markup files
-- Configuring done
-- Generating done
-- Build files have been written to: /media/ostifede02/F48A91EB8A91AB1E/Users/ostif/Documents/2dr_ws/build/deltarobot_interfaces
[  2%] [34m[1mGenerating C code for ROS interfaces[0m
[  5%] [34m[1mGenerating C++ code for ROS interfaces[0m
[  5%] Built target deltarobot_interfaces__cpp
[ 11%] [34m[1mGenerating C++ type support for eProsima Fast-RTPS[0m
[ 11%] [34m[1mGenerating C++ introspection for ROS interfaces[0m
[ 13%] [34m[1mGenerating C++ type support dispatch for ROS interfaces[0m
[ 19%] [32mBuilding C object CMakeFiles/deltarobot_interfaces__rosidl_generator_c.dir/rosidl_generator_c/deltarobot_interfaces/msg/detail/set_point__functions.c.o[0m
[ 19%] [32mBuilding C object CMakeFiles/deltarobot_interfaces__rosidl_generator_c.dir/rosidl_generator_c/deltarobot_interfaces/msg/detail/set_points_vector__functions.c.o[0m
[ 22%] [32mBuilding C object CMakeFiles/deltarobot_interfaces__rosidl_generator_c.dir/rosidl_generator_c/deltarobot_interfaces/msg/detail/trajectory_task__functions.c.o[0m
[ 25%] [32m[1mLinking C shared library libdeltarobot_interfaces__rosidl_generator_c.so[0m
[ 25%] Built target deltarobot_interfaces__rosidl_generator_c
[ 30%] [34m[1mGenerating C type support dispatch for ROS interfaces[0m
[ 30%] [34m[1mGenerating C type support for eProsima Fast-RTPS[0m
[ 33%] [34m[1mGenerating C introspection for ROS interfaces[0m
[ 36%] [32mBuilding CXX object CMakeFiles/deltarobot_interfaces__rosidl_typesupport_cpp.dir/rosidl_typesupport_cpp/deltarobot_interfaces/msg/set_point__type_support.cpp.o[0m
[ 38%] [32mBuilding CXX object CMakeFiles/deltarobot_interfaces__rosidl_typesupport_cpp.dir/rosidl_typesupport_cpp/deltarobot_interfaces/msg/trajectory_task__type_support.cpp.o[0m
[ 41%] [32mBuilding CXX object CMakeFiles/deltarobot_interfaces__rosidl_typesupport_cpp.dir/rosidl_typesupport_cpp/deltarobot_interfaces/msg/set_points_vector__type_support.cpp.o[0m
[ 44%] [32mBuilding CXX object CMakeFiles/deltarobot_interfaces__rosidl_typesupport_introspection_cpp.dir/rosidl_typesupport_introspection_cpp/deltarobot_interfaces/msg/detail/set_point__type_support.cpp.o[0m
[ 47%] [32mBuilding CXX object CMakeFiles/deltarobot_interfaces__rosidl_typesupport_fastrtps_cpp.dir/rosidl_typesupport_fastrtps_cpp/deltarobot_interfaces/msg/detail/dds_fastrtps/set_point__type_support.cpp.o[0m
[ 50%] [32mBuilding CXX object CMakeFiles/deltarobot_interfaces__rosidl_typesupport_c.dir/rosidl_typesupport_c/deltarobot_interfaces/msg/set_point__type_support.cpp.o[0m
[ 52%] [32mBuilding C object CMakeFiles/deltarobot_interfaces__rosidl_typesupport_introspection_c.dir/rosidl_typesupport_introspection_c/deltarobot_interfaces/msg/detail/set_point__type_support.c.o[0m
[ 55%] [32mBuilding CXX object CMakeFiles/deltarobot_interfaces__rosidl_typesupport_c.dir/rosidl_typesupport_c/deltarobot_interfaces/msg/set_points_vector__type_support.cpp.o[0m
[ 58%] [32mBuilding CXX object CMakeFiles/deltarobot_interfaces__rosidl_typesupport_introspection_cpp.dir/rosidl_typesupport_introspection_cpp/deltarobot_interfaces/msg/detail/set_points_vector__type_support.cpp.o[0m
[ 61%] [32mBuilding CXX object CMakeFiles/deltarobot_interfaces__rosidl_typesupport_introspection_cpp.dir/rosidl_typesupport_introspection_cpp/deltarobot_interfaces/msg/detail/trajectory_task__type_support.cpp.o[0m
[ 63%] [32m[1mLinking CXX shared library libdeltarobot_interfaces__rosidl_typesupport_cpp.so[0m
[ 66%] [32mBuilding CXX object CMakeFiles/deltarobot_interfaces__rosidl_typesupport_fastrtps_c.dir/rosidl_typesupport_fastrtps_c/deltarobot_interfaces/msg/detail/set_point__type_support_c.cpp.o[0m
[ 69%] [32mBuilding C object CMakeFiles/deltarobot_interfaces__rosidl_typesupport_introspection_c.dir/rosidl_typesupport_introspection_c/deltarobot_interfaces/msg/detail/set_points_vector__type_support.c.o[0m
[ 72%] [32mBuilding CXX object CMakeFiles/deltarobot_interfaces__rosidl_typesupport_c.dir/rosidl_typesupport_c/deltarobot_interfaces/msg/trajectory_task__type_support.cpp.o[0m
[ 72%] Built target deltarobot_interfaces__rosidl_typesupport_cpp
[ 77%] [32mBuilding CXX object CMakeFiles/deltarobot_interfaces__rosidl_typesupport_fastrtps_cpp.dir/rosidl_typesupport_fastrtps_cpp/deltarobot_interfaces/msg/detail/dds_fastrtps/set_points_vector__type_support.cpp.o[0m
[ 77%] [32mBuilding CXX object CMakeFiles/deltarobot_interfaces__rosidl_typesupport_fastrtps_cpp.dir/rosidl_typesupport_fastrtps_cpp/deltarobot_interfaces/msg/detail/dds_fastrtps/trajectory_task__type_support.cpp.o[0m
[ 80%] [32m[1mLinking CXX shared library libdeltarobot_interfaces__rosidl_typesupport_c.so[0m
[ 83%] [32mBuilding C object CMakeFiles/deltarobot_interfaces__rosidl_typesupport_introspection_c.dir/rosidl_typesupport_introspection_c/deltarobot_interfaces/msg/detail/trajectory_task__type_support.c.o[0m
[ 83%] Built target deltarobot_interfaces__rosidl_typesupport_c
[ 86%] [32mBuilding CXX object CMakeFiles/deltarobot_interfaces__rosidl_typesupport_fastrtps_c.dir/rosidl_typesupport_fastrtps_c/deltarobot_interfaces/msg/detail/set_points_vector__type_support_c.cpp.o[0m
[ 88%] [32mBuilding CXX object CMakeFiles/deltarobot_interfaces__rosidl_typesupport_fastrtps_c.dir/rosidl_typesupport_fastrtps_c/deltarobot_interfaces/msg/detail/trajectory_task__type_support_c.cpp.o[0m
[ 91%] [32m[1mLinking C shared library libdeltarobot_interfaces__rosidl_typesupport_introspection_c.so[0m
[ 91%] Built target deltarobot_interfaces__rosidl_typesupport_introspection_c
[ 94%] [32m[1mLinking CXX shared library libdeltarobot_interfaces__rosidl_typesupport_introspection_cpp.so[0m
[ 94%] Built target deltarobot_interfaces__rosidl_typesupport_introspection_cpp
[ 97%] [32m[1mLinking CXX shared library libdeltarobot_interfaces__rosidl_typesupport_fastrtps_cpp.so[0m
[ 97%] Built target deltarobot_interfaces__rosidl_typesupport_fastrtps_cpp
[100%] [32m[1mLinking CXX shared library libdeltarobot_interfaces__rosidl_typesupport_fastrtps_c.so[0m
[100%] Built target deltarobot_interfaces__rosidl_typesupport_fastrtps_c
[100%] Built target deltarobot_interfaces
-- Install configuration: ""
-- Installing: /media/ostifede02/F48A91EB8A91AB1E/Users/ostif/Documents/2dr_ws/install/deltarobot_interfaces/share/ament_index/resource_index/rosidl_interfaces/deltarobot_interfaces
-- Installing: /media/ostifede02/F48A91EB8A91AB1E/Users/ostif/Documents/2dr_ws/install/deltarobot_interfaces/include/deltarobot_interfaces/deltarobot_interfaces
-- Installing: /media/ostifede02/F48A91EB8A91AB1E/Users/ostif/Documents/2dr_ws/install/deltarobot_interfaces/include/deltarobot_interfaces/deltarobot_interfaces/msg
-- Installing: /media/ostifede02/F48A91EB8A91AB1E/Users/ostif/Documents/2dr_ws/install/deltarobot_interfaces/include/deltarobot_interfaces/deltarobot_interfaces/msg/detail
-- Installing: /media/ostifede02/F48A91EB8A91AB1E/Users/ostif/Documents/2dr_ws/install/deltarobot_interfaces/include/deltarobot_interfaces/deltarobot_interfaces/msg/detail/set_points_vector__functions.c
-- Installing: /media/ostifede02/F48A91EB8A91AB1E/Users/ostif/Documents/2dr_ws/install/deltarobot_interfaces/include/deltarobot_interfaces/deltarobot_interfaces/msg/detail/set_points_vector__functions.h
-- Installing: /media/ostifede02/F48A91EB8A91AB1E/Users/ostif/Documents/2dr_ws/install/deltarobot_interfaces/include/deltarobot_interfaces/deltarobot_interfaces/msg/detail/set_points_vector__struct.h
-- Installing: /media/ostifede02/F48A91EB8A91AB1E/Users/ostif/Documents/2dr_ws/install/deltarobot_interfaces/include/deltarobot_interfaces/deltarobot_interfaces/msg/detail/set_points_vector__type_support.h
-- Installing: /media/ostifede02/F48A91EB8A91AB1E/Users/ostif/Documents/2dr_ws/install/deltarobot_interfaces/include/deltarobot_interfaces/deltarobot_interfaces/msg/detail/set_point__functions.c
-- Installing: /media/ostifede02/F48A91EB8A91AB1E/Users/ostif/Documents/2dr_ws/install/deltarobot_interfaces/include/deltarobot_interfaces/deltarobot_interfaces/msg/detail/set_point__functions.h
-- Installing: /media/ostifede02/F48A91EB8A91AB1E/Users/ostif/Documents/2dr_ws/install/deltarobot_interfaces/include/deltarobot_interfaces/deltarobot_interfaces/msg/detail/set_point__struct.h
-- Installing: /media/ostifede02/F48A91EB8A91AB1E/Users/ostif/Documents/2dr_ws/install/deltarobot_interfaces/include/deltarobot_interfaces/deltarobot_interfaces/msg/detail/set_point__type_support.h
-- Installing: /media/ostifede02/F48A91EB8A91AB1E/Users/ostif/Documents/2dr_ws/install/deltarobot_interfaces/include/deltarobot_interfaces/deltarobot_interfaces/msg/detail/trajectory_task__functions.c
-- Installing: /media/ostifede02/F48A91EB8A91AB1E/Users/ostif/Documents/2dr_ws/install/deltarobot_interfaces/include/deltarobot_interfaces/deltarobot_interfaces/msg/detail/trajectory_task__functions.h
-- Installing: /media/ostifede02/F48A91EB8A91AB1E/Users/ostif/Documents/2dr_ws/install/deltarobot_interfaces/include/deltarobot_interfaces/deltarobot_interfaces/msg/detail/trajectory_task__struct.h
-- Installing: /media/ostifede02/F48A91EB8A91AB1E/Users/ostif/Documents/2dr_ws/install/deltarobot_interfaces/include/deltarobot_interfaces/deltarobot_interfaces/msg/detail/trajectory_task__type_support.h
-- Installing: /media/ostifede02/F48A91EB8A91AB1E/Users/ostif/Documents/2dr_ws/install/deltarobot_interfaces/include/deltarobot_interfaces/deltarobot_interfaces/msg/rosidl_generator_c__visibility_control.h
-- Installing: /media/ostifede02/F48A91EB8A91AB1E/Users/ostif/Documents/2dr_ws/install/deltarobot_interfaces/include/deltarobot_interfaces/deltarobot_interfaces/msg/set_point.h
-- Installing: /media/ostifede02/F48A91EB8A91AB1E/Users/ostif/Documents/2dr_ws/install/deltarobot_interfaces/include/deltarobot_interfaces/deltarobot_interfaces/msg/set_points_vector.h
-- Installing: /media/ostifede02/F48A91EB8A91AB1E/Users/ostif/Documents/2dr_ws/install/deltarobot_interfaces/include/deltarobot_interfaces/deltarobot_interfaces/msg/trajectory_task.h
-- Installing: /media/ostifede02/F48A91EB8A91AB1E/Users/ostif/Documents/2dr_ws/install/deltarobot_interfaces/share/deltarobot_interfaces/environment/library_path.sh
-- Installing: /media/ostifede02/F48A91EB8A91AB1E/Users/ostif/Documents/2dr_ws/install/deltarobot_interfaces/share/deltarobot_interfaces/environment/library_path.dsv
-- Installing: /media/ostifede02/F48A91EB8A91AB1E/Users/ostif/Documents/2dr_ws/install/deltarobot_interfaces/lib/libdeltarobot_interfaces__rosidl_generator_c.so
-- Set runtime path of "/media/ostifede02/F48A91EB8A91AB1E/Users/ostif/Documents/2dr_ws/install/deltarobot_interfaces/lib/libdeltarobot_interfaces__rosidl_generator_c.so" to ""
-- Up-to-date: /media/ostifede02/F48A91EB8A91AB1E/Users/ostif/Documents/2dr_ws/install/deltarobot_interfaces/include/deltarobot_interfaces/deltarobot_interfaces
-- Up-to-date: /media/ostifede02/F48A91EB8A91AB1E/Users/ostif/Documents/2dr_ws/install/deltarobot_interfaces/include/deltarobot_interfaces/deltarobot_interfaces/msg
-- Up-to-date: /media/ostifede02/F48A91EB8A91AB1E/Users/ostif/Documents/2dr_ws/install/deltarobot_interfaces/include/deltarobot_interfaces/deltarobot_interfaces/msg/detail
-- Installing: /media/ostifede02/F48A91EB8A91AB1E/Users/ostif/Documents/2dr_ws/install/deltarobot_interfaces/include/deltarobot_interfaces/deltarobot_interfaces/msg/detail/set_points_vector__rosidl_typesupport_fastrtps_c.h
-- Installing: /media/ostifede02/F48A91EB8A91AB1E/Users/ostif/Documents/2dr_ws/install/deltarobot_interfaces/include/deltarobot_interfaces/deltarobot_interfaces/msg/detail/set_point__rosidl_typesupport_fastrtps_c.h
-- Installing: /media/ostifede02/F48A91EB8A91AB1E/Users/ostif/Documents/2dr_ws/install/deltarobot_interfaces/include/deltarobot_interfaces/deltarobot_interfaces/msg/detail/trajectory_task__rosidl_typesupport_fastrtps_c.h
-- Installing: /media/ostifede02/F48A91EB8A91AB1E/Users/ostif/Documents/2dr_ws/install/deltarobot_interfaces/include/deltarobot_interfaces/deltarobot_interfaces/msg/rosidl_typesupport_fastrtps_c__visibility_control.h
-- Installing: /media/ostifede02/F48A91EB8A91AB1E/Users/ostif/Documents/2dr_ws/install/deltarobot_interfaces/lib/libdeltarobot_interfaces__rosidl_typesupport_fastrtps_c.so
-- Set runtime path of "/media/ostifede02/F48A91EB8A91AB1E/Users/ostif/Documents/2dr_ws/install/deltarobot_interfaces/lib/libdeltarobot_interfaces__rosidl_typesupport_fastrtps_c.so" to ""
-- Up-to-date: /media/ostifede02/F48A91EB8A91AB1E/Users/ostif/Documents/2dr_ws/install/deltarobot_interfaces/include/deltarobot_interfaces/deltarobot_interfaces
-- Up-to-date: /media/ostifede02/F48A91EB8A91AB1E/Users/ostif/Documents/2dr_ws/install/deltarobot_interfaces/include/deltarobot_interfaces/deltarobot_interfaces/msg
-- Up-to-date: /media/ostifede02/F48A91EB8A91AB1E/Users/ostif/Documents/2dr_ws/install/deltarobot_interfaces/include/deltarobot_interfaces/deltarobot_interfaces/msg/detail
-- Installing: /media/ostifede02/F48A91EB8A91AB1E/Users/ostif/Documents/2dr_ws/install/deltarobot_interfaces/include/deltarobot_interfaces/deltarobot_interfaces/msg/detail/set_points_vector__builder.hpp
-- Installing: /media/ostifede02/F48A91EB8A91AB1E/Users/ostif/Documents/2dr_ws/install/deltarobot_interfaces/include/deltarobot_interfaces/deltarobot_interfaces/msg/detail/set_points_vector__struct.hpp
-- Installing: /media/ostifede02/F48A91EB8A91AB1E/Users/ostif/Documents/2dr_ws/install/deltarobot_interfaces/include/deltarobot_interfaces/deltarobot_interfaces/msg/detail/set_points_vector__traits.hpp
-- Installing: /media/ostifede02/F48A91EB8A91AB1E/Users/ostif/Documents/2dr_ws/install/deltarobot_interfaces/include/deltarobot_interfaces/deltarobot_interfaces/msg/detail/set_point__builder.hpp
-- Installing: /media/ostifede02/F48A91EB8A91AB1E/Users/ostif/Documents/2dr_ws/install/deltarobot_interfaces/include/deltarobot_interfaces/deltarobot_interfaces/msg/detail/set_point__struct.hpp
-- Installing: /media/ostifede02/F48A91EB8A91AB1E/Users/ostif/Documents/2dr_ws/install/deltarobot_interfaces/include/deltarobot_interfaces/deltarobot_interfaces/msg/detail/set_point__traits.hpp
-- Installing: /media/ostifede02/F48A91EB8A91AB1E/Users/ostif/Documents/2dr_ws/install/deltarobot_interfaces/include/deltarobot_interfaces/deltarobot_interfaces/msg/detail/trajectory_task__builder.hpp
-- Installing: /media/ostifede02/F48A91EB8A91AB1E/Users/ostif/Documents/2dr_ws/install/deltarobot_interfaces/include/deltarobot_interfaces/deltarobot_interfaces/msg/detail/trajectory_task__struct.hpp
-- Installing: /media/ostifede02/F48A91EB8A91AB1E/Users/ostif/Documents/2dr_ws/install/deltarobot_interfaces/include/deltarobot_interfaces/deltarobot_interfaces/msg/detail/trajectory_task__traits.hpp
-- Installing: /media/ostifede02/F48A91EB8A91AB1E/Users/ostif/Documents/2dr_ws/install/deltarobot_interfaces/include/deltarobot_interfaces/deltarobot_interfaces/msg/set_point.hpp
-- Installing: /media/ostifede02/F48A91EB8A91AB1E/Users/ostif/Documents/2dr_ws/install/deltarobot_interfaces/include/deltarobot_interfaces/deltarobot_interfaces/msg/set_points_vector.hpp
-- Installing: /media/ostifede02/F48A91EB8A91AB1E/Users/ostif/Documents/2dr_ws/install/deltarobot_interfaces/include/deltarobot_interfaces/deltarobot_interfaces/msg/trajectory_task.hpp
-- Up-to-date: /media/ostifede02/F48A91EB8A91AB1E/Users/ostif/Documents/2dr_ws/install/deltarobot_interfaces/include/deltarobot_interfaces/deltarobot_interfaces
-- Up-to-date: /media/ostifede02/F48A91EB8A91AB1E/Users/ostif/Documents/2dr_ws/install/deltarobot_interfaces/include/deltarobot_interfaces/deltarobot_interfaces/msg
-- Up-to-date: /media/ostifede02/F48A91EB8A91AB1E/Users/ostif/Documents/2dr_ws/install/deltarobot_interfaces/include/deltarobot_interfaces/deltarobot_interfaces/msg/detail
-- Installing: /media/ostifede02/F48A91EB8A91AB1E/Users/ostif/Documents/2dr_ws/install/deltarobot_interfaces/include/deltarobot_interfaces/deltarobot_interfaces/msg/detail/dds_fastrtps
-- Installing: /media/ostifede02/F48A91EB8A91AB1E/Users/ostif/Documents/2dr_ws/install/deltarobot_interfaces/include/deltarobot_interfaces/deltarobot_interfaces/msg/detail/set_points_vector__rosidl_typesupport_fastrtps_cpp.hpp
-- Installing: /media/ostifede02/F48A91EB8A91AB1E/Users/ostif/Documents/2dr_ws/install/deltarobot_interfaces/include/deltarobot_interfaces/deltarobot_interfaces/msg/detail/set_point__rosidl_typesupport_fastrtps_cpp.hpp
-- Installing: /media/ostifede02/F48A91EB8A91AB1E/Users/ostif/Documents/2dr_ws/install/deltarobot_interfaces/include/deltarobot_interfaces/deltarobot_interfaces/msg/detail/trajectory_task__rosidl_typesupport_fastrtps_cpp.hpp
-- Installing: /media/ostifede02/F48A91EB8A91AB1E/Users/ostif/Documents/2dr_ws/install/deltarobot_interfaces/include/deltarobot_interfaces/deltarobot_interfaces/msg/rosidl_typesupport_fastrtps_cpp__visibility_control.h
-- Installing: /media/ostifede02/F48A91EB8A91AB1E/Users/ostif/Documents/2dr_ws/install/deltarobot_interfaces/lib/libdeltarobot_interfaces__rosidl_typesupport_fastrtps_cpp.so
-- Set runtime path of "/media/ostifede02/F48A91EB8A91AB1E/Users/ostif/Documents/2dr_ws/install/deltarobot_interfaces/lib/libdeltarobot_interfaces__rosidl_typesupport_fastrtps_cpp.so" to ""
-- Up-to-date: /media/ostifede02/F48A91EB8A91AB1E/Users/ostif/Documents/2dr_ws/install/deltarobot_interfaces/include/deltarobot_interfaces/deltarobot_interfaces
-- Up-to-date: /media/ostifede02/F48A91EB8A91AB1E/Users/ostif/Documents/2dr_ws/install/deltarobot_interfaces/include/deltarobot_interfaces/deltarobot_interfaces/msg
-- Up-to-date: /media/ostifede02/F48A91EB8A91AB1E/Users/ostif/Documents/2dr_ws/install/deltarobot_interfaces/include/deltarobot_interfaces/deltarobot_interfaces/msg/detail
-- Installing: /media/ostifede02/F48A91EB8A91AB1E/Users/ostif/Documents/2dr_ws/install/deltarobot_interfaces/include/deltarobot_interfaces/deltarobot_interfaces/msg/detail/set_points_vector__rosidl_typesupport_introspection_c.h
-- Installing: /media/ostifede02/F48A91EB8A91AB1E/Users/ostif/Documents/2dr_ws/install/deltarobot_interfaces/include/deltarobot_interfaces/deltarobot_interfaces/msg/detail/set_points_vector__type_support.c
-- Installing: /media/ostifede02/F48A91EB8A91AB1E/Users/ostif/Documents/2dr_ws/install/deltarobot_interfaces/include/deltarobot_interfaces/deltarobot_interfaces/msg/detail/set_point__rosidl_typesupport_introspection_c.h
-- Installing: /media/ostifede02/F48A91EB8A91AB1E/Users/ostif/Documents/2dr_ws/install/deltarobot_interfaces/include/deltarobot_interfaces/deltarobot_interfaces/msg/detail/set_point__type_support.c
-- Installing: /media/ostifede02/F48A91EB8A91AB1E/Users/ostif/Documents/2dr_ws/install/deltarobot_interfaces/include/deltarobot_interfaces/deltarobot_interfaces/msg/detail/trajectory_task__rosidl_typesupport_introspection_c.h
-- Installing: /media/ostifede02/F48A91EB8A91AB1E/Users/ostif/Documents/2dr_ws/install/deltarobot_interfaces/include/deltarobot_interfaces/deltarobot_interfaces/msg/detail/trajectory_task__type_support.c
-- Installing: /media/ostifede02/F48A91EB8A91AB1E/Users/ostif/Documents/2dr_ws/install/deltarobot_interfaces/include/deltarobot_interfaces/deltarobot_interfaces/msg/rosidl_typesupport_introspection_c__visibility_control.h
-- Installing: /media/ostifede02/F48A91EB8A91AB1E/Users/ostif/Documents/2dr_ws/install/deltarobot_interfaces/lib/libdeltarobot_interfaces__rosidl_typesupport_introspection_c.so
-- Set runtime path of "/media/ostifede02/F48A91EB8A91AB1E/Users/ostif/Documents/2dr_ws/install/deltarobot_interfaces/lib/libdeltarobot_interfaces__rosidl_typesupport_introspection_c.so" to ""
-- Installing: /media/ostifede02/F48A91EB8A91AB1E/Users/ostif/Documents/2dr_ws/install/deltarobot_interfaces/lib/libdeltarobot_interfaces__rosidl_typesupport_c.so
-- Set runtime path of "/media/ostifede02/F48A91EB8A91AB1E/Users/ostif/Documents/2dr_ws/install/deltarobot_interfaces/lib/libdeltarobot_interfaces__rosidl_typesupport_c.so" to ""
-- Up-to-date: /media/ostifede02/F48A91EB8A91AB1E/Users/ostif/Documents/2dr_ws/install/deltarobot_interfaces/include/deltarobot_interfaces/deltarobot_interfaces
-- Up-to-date: /media/ostifede02/F48A91EB8A91AB1E/Users/ostif/Documents/2dr_ws/install/deltarobot_interfaces/include/deltarobot_interfaces/deltarobot_interfaces/msg
-- Up-to-date: /media/ostifede02/F48A91EB8A91AB1E/Users/ostif/Documents/2dr_ws/install/deltarobot_interfaces/include/deltarobot_interfaces/deltarobot_interfaces/msg/detail
-- Installing: /media/ostifede02/F48A91EB8A91AB1E/Users/ostif/Documents/2dr_ws/install/deltarobot_interfaces/include/deltarobot_interfaces/deltarobot_interfaces/msg/detail/set_points_vector__rosidl_typesupport_introspection_cpp.hpp
-- Installing: /media/ostifede02/F48A91EB8A91AB1E/Users/ostif/Documents/2dr_ws/install/deltarobot_interfaces/include/deltarobot_interfaces/deltarobot_interfaces/msg/detail/set_points_vector__type_support.cpp
-- Installing: /media/ostifede02/F48A91EB8A91AB1E/Users/ostif/Documents/2dr_ws/install/deltarobot_interfaces/include/deltarobot_interfaces/deltarobot_interfaces/msg/detail/set_point__rosidl_typesupport_introspection_cpp.hpp
-- Installing: /media/ostifede02/F48A91EB8A91AB1E/Users/ostif/Documents/2dr_ws/install/deltarobot_interfaces/include/deltarobot_interfaces/deltarobot_interfaces/msg/detail/set_point__type_support.cpp
-- Installing: /media/ostifede02/F48A91EB8A91AB1E/Users/ostif/Documents/2dr_ws/install/deltarobot_interfaces/include/deltarobot_interfaces/deltarobot_interfaces/msg/detail/trajectory_task__rosidl_typesupport_introspection_cpp.hpp
-- Installing: /media/ostifede02/F48A91EB8A91AB1E/Users/ostif/Documents/2dr_ws/install/deltarobot_interfaces/include/deltarobot_interfaces/deltarobot_interfaces/msg/detail/trajectory_task__type_support.cpp
-- Installing: /media/ostifede02/F48A91EB8A91AB1E/Users/ostif/Documents/2dr_ws/install/deltarobot_interfaces/lib/libdeltarobot_interfaces__rosidl_typesupport_introspection_cpp.so
-- Set runtime path of "/media/ostifede02/F48A91EB8A91AB1E/Users/ostif/Documents/2dr_ws/install/deltarobot_interfaces/lib/libdeltarobot_interfaces__rosidl_typesupport_introspection_cpp.so" to ""
-- Installing: /media/ostifede02/F48A91EB8A91AB1E/Users/ostif/Documents/2dr_ws/install/deltarobot_interfaces/lib/libdeltarobot_interfaces__rosidl_typesupport_cpp.so
-- Set runtime path of "/media/ostifede02/F48A91EB8A91AB1E/Users/ostif/Documents/2dr_ws/install/deltarobot_interfaces/lib/libdeltarobot_interfaces__rosidl_typesupport_cpp.so" to ""
-- Installing: /media/ostifede02/F48A91EB8A91AB1E/Users/ostif/Documents/2dr_ws/install/deltarobot_interfaces/share/deltarobot_interfaces/msg/SetPoint.idl
-- Installing: /media/ostifede02/F48A91EB8A91AB1E/Users/ostif/Documents/2dr_ws/install/deltarobot_interfaces/share/deltarobot_interfaces/msg/SetPointsVector.idl
-- Installing: /media/ostifede02/F48A91EB8A91AB1E/Users/ostif/Documents/2dr_ws/install/deltarobot_interfaces/share/deltarobot_interfaces/msg/TrajectoryTask.idl
-- Installing: /media/ostifede02/F48A91EB8A91AB1E/Users/ostif/Documents/2dr_ws/install/deltarobot_interfaces/share/deltarobot_interfaces/msg/SetPoint.msg
-- Installing: /media/ostifede02/F48A91EB8A91AB1E/Users/ostif/Documents/2dr_ws/install/deltarobot_interfaces/share/deltarobot_interfaces/msg/SetPointsVector.msg
-- Installing: /media/ostifede02/F48A91EB8A91AB1E/Users/ostif/Documents/2dr_ws/install/deltarobot_interfaces/share/deltarobot_interfaces/msg/TrajectoryTask.msg
-- Installing: /media/ostifede02/F48A91EB8A91AB1E/Users/ostif/Documents/2dr_ws/install/deltarobot_interfaces/share/ament_index/resource_index/package_run_dependencies/deltarobot_interfaces
-- Up-to-date: /media/ostifede02/F48A91EB8A91AB1E/Users/ostif/Documents/2dr_ws/install/deltarobot_interfaces/share/ament_index/resource_index/parent_prefix_path/deltarobot_interfaces
-- Up-to-date: /media/ostifede02/F48A91EB8A91AB1E/Users/ostif/Documents/2dr_ws/install/deltarobot_interfaces/share/deltarobot_interfaces/environment/ament_prefix_path.sh
-- Installing: /media/ostifede02/F48A91EB8A91AB1E/Users/ostif/Documents/2dr_ws/install/deltarobot_interfaces/share/deltarobot_interfaces/environment/ament_prefix_path.dsv
-- Up-to-date: /media/ostifede02/F48A91EB8A91AB1E/Users/ostif/Documents/2dr_ws/install/deltarobot_interfaces/share/deltarobot_interfaces/environment/path.sh
-- Installing: /media/ostifede02/F48A91EB8A91AB1E/Users/ostif/Documents/2dr_ws/install/deltarobot_interfaces/share/deltarobot_interfaces/environment/path.dsv
-- Up-to-date: /media/ostifede02/F48A91EB8A91AB1E/Users/ostif/Documents/2dr_ws/install/deltarobot_interfaces/share/deltarobot_interfaces/local_setup.bash
-- Installing: /media/ostifede02/F48A91EB8A91AB1E/Users/ostif/Documents/2dr_ws/install/deltarobot_interfaces/share/deltarobot_interfaces/local_setup.sh
-- Up-to-date: /media/ostifede02/F48A91EB8A91AB1E/Users/ostif/Documents/2dr_ws/install/deltarobot_interfaces/share/deltarobot_interfaces/local_setup.zsh
-- Installing: /media/ostifede02/F48A91EB8A91AB1E/Users/ostif/Documents/2dr_ws/install/deltarobot_interfaces/share/deltarobot_interfaces/local_setup.dsv
-- Installing: /media/ostifede02/F48A91EB8A91AB1E/Users/ostif/Documents/2dr_ws/install/deltarobot_interfaces/share/deltarobot_interfaces/package.dsv
-- Up-to-date: /media/ostifede02/F48A91EB8A91AB1E/Users/ostif/Documents/2dr_ws/install/deltarobot_interfaces/share/ament_index/resource_index/packages/deltarobot_interfaces
-- Installing: /media/ostifede02/F48A91EB8A91AB1E/Users/ostif/Documents/2dr_ws/install/deltarobot_interfaces/share/deltarobot_interfaces/cmake/export_deltarobot_interfaces__rosidl_generator_cExport.cmake
-- Installing: /media/ostifede02/F48A91EB8A91AB1E/Users/ostif/Documents/2dr_ws/install/deltarobot_interfaces/share/deltarobot_interfaces/cmake/export_deltarobot_interfaces__rosidl_generator_cExport-noconfig.cmake
-- Installing: /media/ostifede02/F48A91EB8A91AB1E/Users/ostif/Documents/2dr_ws/install/deltarobot_interfaces/share/deltarobot_interfaces/cmake/export_deltarobot_interfaces__rosidl_typesupport_fastrtps_cExport.cmake
-- Installing: /media/ostifede02/F48A91EB8A91AB1E/Users/ostif/Documents/2dr_ws/install/deltarobot_interfaces/share/deltarobot_interfaces/cmake/export_deltarobot_interfaces__rosidl_typesupport_fastrtps_cExport-noconfig.cmake
-- Installing: /media/ostifede02/F48A91EB8A91AB1E/Users/ostif/Documents/2dr_ws/install/deltarobot_interfaces/share/deltarobot_interfaces/cmake/export_deltarobot_interfaces__rosidl_generator_cppExport.cmake
-- Installing: /media/ostifede02/F48A91EB8A91AB1E/Users/ostif/Documents/2dr_ws/install/deltarobot_interfaces/share/deltarobot_interfaces/cmake/export_deltarobot_interfaces__rosidl_typesupport_fastrtps_cppExport.cmake
-- Installing: /media/ostifede02/F48A91EB8A91AB1E/Users/ostif/Documents/2dr_ws/install/deltarobot_interfaces/share/deltarobot_interfaces/cmake/export_deltarobot_interfaces__rosidl_typesupport_fastrtps_cppExport-noconfig.cmake
-- Installing: /media/ostifede02/F48A91EB8A91AB1E/Users/ostif/Documents/2dr_ws/install/deltarobot_interfaces/share/deltarobot_interfaces/cmake/deltarobot_interfaces__rosidl_typesupport_introspection_cExport.cmake
-- Installing: /media/ostifede02/F48A91EB8A91AB1E/Users/ostif/Documents/2dr_ws/install/deltarobot_interfaces/share/deltarobot_interfaces/cmake/deltarobot_interfaces__rosidl_typesupport_introspection_cExport-noconfig.cmake
-- Installing: /media/ostifede02/F48A91EB8A91AB1E/Users/ostif/Documents/2dr_ws/install/deltarobot_interfaces/share/deltarobot_interfaces/cmake/deltarobot_interfaces__rosidl_typesupport_cExport.cmake
-- Installing: /media/ostifede02/F48A91EB8A91AB1E/Users/ostif/Documents/2dr_ws/install/deltarobot_interfaces/share/deltarobot_interfaces/cmake/deltarobot_interfaces__rosidl_typesupport_cExport-noconfig.cmake
-- Installing: /media/ostifede02/F48A91EB8A91AB1E/Users/ostif/Documents/2dr_ws/install/deltarobot_interfaces/share/deltarobot_interfaces/cmake/deltarobot_interfaces__rosidl_typesupport_introspection_cppExport.cmake
-- Installing: /media/ostifede02/F48A91EB8A91AB1E/Users/ostif/Documents/2dr_ws/install/deltarobot_interfaces/share/deltarobot_interfaces/cmake/deltarobot_interfaces__rosidl_typesupport_introspection_cppExport-noconfig.cmake
-- Installing: /media/ostifede02/F48A91EB8A91AB1E/Users/ostif/Documents/2dr_ws/install/deltarobot_interfaces/share/deltarobot_interfaces/cmake/deltarobot_interfaces__rosidl_typesupport_cppExport.cmake
-- Installing: /media/ostifede02/F48A91EB8A91AB1E/Users/ostif/Documents/2dr_ws/install/deltarobot_interfaces/share/deltarobot_interfaces/cmake/deltarobot_interfaces__rosidl_typesupport_cppExport-noconfig.cmake
-- Installing: /media/ostifede02/F48A91EB8A91AB1E/Users/ostif/Documents/2dr_ws/install/deltarobot_interfaces/share/deltarobot_interfaces/cmake/rosidl_cmake-extras.cmake
-- Installing: /media/ostifede02/F48A91EB8A91AB1E/Users/ostif/Documents/2dr_ws/install/deltarobot_interfaces/share/deltarobot_interfaces/cmake/ament_cmake_export_dependencies-extras.cmake
-- Installing: /media/ostifede02/F48A91EB8A91AB1E/Users/ostif/Documents/2dr_ws/install/deltarobot_interfaces/share/deltarobot_interfaces/cmake/ament_cmake_export_include_directories-extras.cmake
-- Installing: /media/ostifede02/F48A91EB8A91AB1E/Users/ostif/Documents/2dr_ws/install/deltarobot_interfaces/share/deltarobot_interfaces/cmake/ament_cmake_export_libraries-extras.cmake
-- Installing: /media/ostifede02/F48A91EB8A91AB1E/Users/ostif/Documents/2dr_ws/install/deltarobot_interfaces/share/deltarobot_interfaces/cmake/ament_cmake_export_targets-extras.cmake
-- Installing: /media/ostifede02/F48A91EB8A91AB1E/Users/ostif/Documents/2dr_ws/install/deltarobot_interfaces/share/deltarobot_interfaces/cmake/rosidl_cmake_export_typesupport_targets-extras.cmake
-- Installing: /media/ostifede02/F48A91EB8A91AB1E/Users/ostif/Documents/2dr_ws/install/deltarobot_interfaces/share/deltarobot_interfaces/cmake/rosidl_cmake_export_typesupport_libraries-extras.cmake
-- Installing: /media/ostifede02/F48A91EB8A91AB1E/Users/ostif/Documents/2dr_ws/install/deltarobot_interfaces/share/deltarobot_interfaces/cmake/deltarobot_interfacesConfig.cmake
-- Up-to-date: /media/ostifede02/F48A91EB8A91AB1E/Users/ostif/Documents/2dr_ws/install/deltarobot_interfaces/share/deltarobot_interfaces/cmake/deltarobot_interfacesConfig-version.cmake
-- Installing: /media/ostifede02/F48A91EB8A91AB1E/Users/ostif/Documents/2dr_ws/install/deltarobot_interfaces/share/deltarobot_interfaces/package.xml
